Calling target program-options parser
[14:54:56.923] [bmv2] [D] [thread 1816] Set default default entry for table 'MyIngress.ipv4_lpm': MyIngress.drop - 
Adding interface s1-eth1 as port 1
[14:54:56.923] [bmv2] [D] [thread 1816] Adding interface s1-eth1 as port 1
Adding interface s1-eth2 as port 2
[14:54:56.957] [bmv2] [D] [thread 1816] Adding interface s1-eth2 as port 2
Adding interface s1-eth3 as port 3
[14:54:56.989] [bmv2] [D] [thread 1816] Adding interface s1-eth3 as port 3
Adding interface s1-eth4 as port 4
[14:54:57.017] [bmv2] [D] [thread 1816] Adding interface s1-eth4 as port 4
Server listening on 0.0.0.0:50051
[14:54:57.060] [bmv2] [I] [thread 1816] Starting Thrift server on port 9090
[14:54:57.060] [bmv2] [I] [thread 1816] Thrift server was started
[14:54:57.062] [bmv2] [D] [thread 1826] [0.0] [cxt 0] Processing packet received on port 1
[14:54:57.062] [bmv2] [D] [thread 1826] [0.0] [cxt 0] Parser 'parser': start
[14:54:57.062] [bmv2] [D] [thread 1826] [0.0] [cxt 0] Parser 'parser' entering state 'start'
[14:54:57.062] [bmv2] [D] [thread 1826] [0.0] [cxt 0] Extracting header 'ethernet'
[14:54:57.062] [bmv2] [D] [thread 1826] [0.0] [cxt 0] Parser state 'start': key is 86dd
[14:54:57.062] [bmv2] [T] [thread 1826] [0.0] [cxt 0] Bytes parsed: 14
[14:54:57.062] [bmv2] [D] [thread 1826] [0.0] [cxt 0] Parser 'parser': end
[14:54:57.062] [bmv2] [D] [thread 1826] [0.0] [cxt 0] Pipeline 'ingress': start
[14:54:57.062] [bmv2] [T] [thread 1826] [0.0] [cxt 0] basic.p4(114) Condition "hdr.ipv4.isValid()" (node_2) is false
[14:54:57.062] [bmv2] [D] [thread 1826] [0.0] [cxt 0] Pipeline 'ingress': end
[14:54:57.062] [bmv2] [D] [thread 1826] [0.0] [cxt 0] Egress port is 0
[14:54:57.062] [bmv2] [D] [thread 1826] [1.0] [cxt 0] Processing packet received on port 1
[14:54:57.062] [bmv2] [D] [thread 1826] [1.0] [cxt 0] Parser 'parser': start
[14:54:57.062] [bmv2] [D] [thread 1826] [1.0] [cxt 0] Parser 'parser' entering state 'start'
[14:54:57.062] [bmv2] [D] [thread 1826] [1.0] [cxt 0] Extracting header 'ethernet'
[14:54:57.062] [bmv2] [D] [thread 1826] [1.0] [cxt 0] Parser state 'start': key is 86dd
[14:54:57.062] [bmv2] [T] [thread 1826] [1.0] [cxt 0] Bytes parsed: 14
[14:54:57.062] [bmv2] [D] [thread 1826] [1.0] [cxt 0] Parser 'parser': end
[14:54:57.062] [bmv2] [D] [thread 1826] [1.0] [cxt 0] Pipeline 'ingress': start
[14:54:57.062] [bmv2] [T] [thread 1826] [1.0] [cxt 0] basic.p4(114) Condition "hdr.ipv4.isValid()" (node_2) is false
[14:54:57.062] [bmv2] [D] [thread 1826] [1.0] [cxt 0] Pipeline 'ingress': end
[14:54:57.062] [bmv2] [D] [thread 1826] [1.0] [cxt 0] Egress port is 0
[14:54:57.062] [bmv2] [D] [thread 1827] [0.0] [cxt 0] Pipeline 'egress': start
[14:54:57.062] [bmv2] [D] [thread 1827] [0.0] [cxt 0] Pipeline 'egress': end
[14:54:57.062] [bmv2] [D] [thread 1827] [0.0] [cxt 0] Deparser 'deparser': start
[14:54:57.062] [bmv2] [T] [thread 1827] [0.0] [cxt 0] Skipping checksum 'cksum' update because condition not met
[14:54:57.062] [bmv2] [D] [thread 1827] [0.0] [cxt 0] Deparsing header 'ethernet'
[14:54:57.062] [bmv2] [D] [thread 1827] [0.0] [cxt 0] Deparser 'deparser': end
[14:54:57.062] [bmv2] [D] [thread 1827] [1.0] [cxt 0] Pipeline 'egress': start
[14:54:57.062] [bmv2] [D] [thread 1827] [1.0] [cxt 0] Pipeline 'egress': end
[14:54:57.062] [bmv2] [D] [thread 1827] [1.0] [cxt 0] Deparser 'deparser': start
[14:54:57.062] [bmv2] [T] [thread 1827] [1.0] [cxt 0] Skipping checksum 'cksum' update because condition not met
[14:54:57.062] [bmv2] [D] [thread 1827] [1.0] [cxt 0] Deparsing header 'ethernet'
[14:54:57.062] [bmv2] [D] [thread 1827] [1.0] [cxt 0] Deparser 'deparser': end
[14:54:57.062] [bmv2] [D] [thread 1831] [0.0] [cxt 0] Transmitting packet of size 90 out of port 0
[14:54:57.062] [bmv2] [D] [thread 1831] [1.0] [cxt 0] Transmitting packet of size 86 out of port 0
[14:54:57.161] [bmv2] [D] [thread 1826] [2.0] [cxt 0] Processing packet received on port 3
[14:54:57.161] [bmv2] [D] [thread 1826] [2.0] [cxt 0] Parser 'parser': start
[14:54:57.161] [bmv2] [D] [thread 1826] [2.0] [cxt 0] Parser 'parser' entering state 'start'
[14:54:57.161] [bmv2] [D] [thread 1826] [2.0] [cxt 0] Extracting header 'ethernet'
[14:54:57.161] [bmv2] [D] [thread 1826] [2.0] [cxt 0] Parser state 'start': key is 86dd
[14:54:57.161] [bmv2] [T] [thread 1826] [2.0] [cxt 0] Bytes parsed: 14
[14:54:57.161] [bmv2] [D] [thread 1826] [2.0] [cxt 0] Parser 'parser': end
[14:54:57.161] [bmv2] [D] [thread 1826] [2.0] [cxt 0] Pipeline 'ingress': start
[14:54:57.161] [bmv2] [T] [thread 1826] [2.0] [cxt 0] basic.p4(114) Condition "hdr.ipv4.isValid()" (node_2) is false
[14:54:57.161] [bmv2] [D] [thread 1826] [2.0] [cxt 0] Pipeline 'ingress': end
[14:54:57.161] [bmv2] [D] [thread 1826] [2.0] [cxt 0] Egress port is 0
[14:54:57.161] [bmv2] [D] [thread 1827] [2.0] [cxt 0] Pipeline 'egress': start
[14:54:57.161] [bmv2] [D] [thread 1827] [2.0] [cxt 0] Pipeline 'egress': end
[14:54:57.161] [bmv2] [D] [thread 1827] [2.0] [cxt 0] Deparser 'deparser': start
[14:54:57.161] [bmv2] [T] [thread 1827] [2.0] [cxt 0] Skipping checksum 'cksum' update because condition not met
[14:54:57.161] [bmv2] [D] [thread 1827] [2.0] [cxt 0] Deparsing header 'ethernet'
[14:54:57.161] [bmv2] [D] [thread 1827] [2.0] [cxt 0] Deparser 'deparser': end
[14:54:57.162] [bmv2] [D] [thread 1831] [2.0] [cxt 0] Transmitting packet of size 90 out of port 0
[14:54:57.385] [bmv2] [D] [thread 1826] [3.0] [cxt 0] Processing packet received on port 3
[14:54:57.385] [bmv2] [D] [thread 1826] [3.0] [cxt 0] Parser 'parser': start
[14:54:57.385] [bmv2] [D] [thread 1826] [3.0] [cxt 0] Parser 'parser' entering state 'start'
[14:54:57.385] [bmv2] [D] [thread 1826] [3.0] [cxt 0] Extracting header 'ethernet'
[14:54:57.385] [bmv2] [D] [thread 1826] [3.0] [cxt 0] Parser state 'start': key is 86dd
[14:54:57.385] [bmv2] [T] [thread 1826] [3.0] [cxt 0] Bytes parsed: 14
[14:54:57.385] [bmv2] [D] [thread 1826] [3.0] [cxt 0] Parser 'parser': end
[14:54:57.385] [bmv2] [D] [thread 1826] [3.0] [cxt 0] Pipeline 'ingress': start
[14:54:57.385] [bmv2] [T] [thread 1826] [3.0] [cxt 0] basic.p4(114) Condition "hdr.ipv4.isValid()" (node_2) is false
[14:54:57.385] [bmv2] [D] [thread 1826] [3.0] [cxt 0] Pipeline 'ingress': end
[14:54:57.385] [bmv2] [D] [thread 1826] [3.0] [cxt 0] Egress port is 0
[14:54:57.385] [bmv2] [D] [thread 1827] [3.0] [cxt 0] Pipeline 'egress': start
[14:54:57.385] [bmv2] [D] [thread 1827] [3.0] [cxt 0] Pipeline 'egress': end
[14:54:57.385] [bmv2] [D] [thread 1827] [3.0] [cxt 0] Deparser 'deparser': start
[14:54:57.385] [bmv2] [T] [thread 1827] [3.0] [cxt 0] Skipping checksum 'cksum' update because condition not met
[14:54:57.385] [bmv2] [D] [thread 1827] [3.0] [cxt 0] Deparsing header 'ethernet'
[14:54:57.385] [bmv2] [D] [thread 1827] [3.0] [cxt 0] Deparser 'deparser': end
[14:54:57.385] [bmv2] [D] [thread 1831] [3.0] [cxt 0] Transmitting packet of size 86 out of port 0
[14:54:57.513] [bmv2] [D] [thread 1826] [4.0] [cxt 0] Processing packet received on port 4
[14:54:57.513] [bmv2] [D] [thread 1826] [4.0] [cxt 0] Parser 'parser': start
[14:54:57.513] [bmv2] [D] [thread 1826] [4.0] [cxt 0] Parser 'parser' entering state 'start'
[14:54:57.513] [bmv2] [D] [thread 1826] [4.0] [cxt 0] Extracting header 'ethernet'
[14:54:57.513] [bmv2] [D] [thread 1826] [4.0] [cxt 0] Parser state 'start': key is 86dd
[14:54:57.513] [bmv2] [T] [thread 1826] [4.0] [cxt 0] Bytes parsed: 14
[14:54:57.513] [bmv2] [D] [thread 1826] [4.0] [cxt 0] Parser 'parser': end
[14:54:57.513] [bmv2] [D] [thread 1826] [4.0] [cxt 0] Pipeline 'ingress': start
[14:54:57.513] [bmv2] [T] [thread 1826] [4.0] [cxt 0] basic.p4(114) Condition "hdr.ipv4.isValid()" (node_2) is false
[14:54:57.513] [bmv2] [D] [thread 1826] [4.0] [cxt 0] Pipeline 'ingress': end
[14:54:57.513] [bmv2] [D] [thread 1826] [4.0] [cxt 0] Egress port is 0
[14:54:57.513] [bmv2] [D] [thread 1827] [4.0] [cxt 0] Pipeline 'egress': start
[14:54:57.513] [bmv2] [D] [thread 1827] [4.0] [cxt 0] Pipeline 'egress': end
[14:54:57.513] [bmv2] [D] [thread 1827] [4.0] [cxt 0] Deparser 'deparser': start
[14:54:57.513] [bmv2] [T] [thread 1827] [4.0] [cxt 0] Skipping checksum 'cksum' update because condition not met
[14:54:57.513] [bmv2] [D] [thread 1827] [4.0] [cxt 0] Deparsing header 'ethernet'
[14:54:57.513] [bmv2] [D] [thread 1827] [4.0] [cxt 0] Deparser 'deparser': end
[14:54:57.513] [bmv2] [D] [thread 1831] [4.0] [cxt 0] Transmitting packet of size 90 out of port 0
[14:54:57.708] [bmv2] [D] [thread 1826] [5.0] [cxt 0] Processing packet received on port 2
[14:54:57.708] [bmv2] [D] [thread 1826] [5.0] [cxt 0] Parser 'parser': start
[14:54:57.708] [bmv2] [D] [thread 1826] [5.0] [cxt 0] Parser 'parser' entering state 'start'
[14:54:57.708] [bmv2] [D] [thread 1826] [5.0] [cxt 0] Extracting header 'ethernet'
[14:54:57.708] [bmv2] [D] [thread 1826] [5.0] [cxt 0] Parser state 'start': key is 86dd
[14:54:57.708] [bmv2] [T] [thread 1826] [5.0] [cxt 0] Bytes parsed: 14
[14:54:57.708] [bmv2] [D] [thread 1826] [5.0] [cxt 0] Parser 'parser': end
[14:54:57.708] [bmv2] [D] [thread 1826] [5.0] [cxt 0] Pipeline 'ingress': start
[14:54:57.708] [bmv2] [T] [thread 1826] [5.0] [cxt 0] basic.p4(114) Condition "hdr.ipv4.isValid()" (node_2) is false
[14:54:57.708] [bmv2] [D] [thread 1826] [5.0] [cxt 0] Pipeline 'ingress': end
[14:54:57.708] [bmv2] [D] [thread 1826] [5.0] [cxt 0] Egress port is 0
[14:54:57.708] [bmv2] [D] [thread 1826] [6.0] [cxt 0] Processing packet received on port 2
[14:54:57.708] [bmv2] [D] [thread 1826] [6.0] [cxt 0] Parser 'parser': start
[14:54:57.708] [bmv2] [D] [thread 1826] [6.0] [cxt 0] Parser 'parser' entering state 'start'
[14:54:57.708] [bmv2] [D] [thread 1826] [6.0] [cxt 0] Extracting header 'ethernet'
[14:54:57.708] [bmv2] [D] [thread 1826] [6.0] [cxt 0] Parser state 'start': key is 86dd
[14:54:57.708] [bmv2] [T] [thread 1826] [6.0] [cxt 0] Bytes parsed: 14
[14:54:57.708] [bmv2] [D] [thread 1826] [6.0] [cxt 0] Parser 'parser': end
[14:54:57.708] [bmv2] [D] [thread 1826] [6.0] [cxt 0] Pipeline 'ingress': start
[14:54:57.708] [bmv2] [T] [thread 1826] [6.0] [cxt 0] basic.p4(114) Condition "hdr.ipv4.isValid()" (node_2) is false
[14:54:57.708] [bmv2] [D] [thread 1826] [6.0] [cxt 0] Pipeline 'ingress': end
[14:54:57.708] [bmv2] [D] [thread 1826] [6.0] [cxt 0] Egress port is 0
[14:54:57.708] [bmv2] [D] [thread 1827] [5.0] [cxt 0] Pipeline 'egress': start
[14:54:57.708] [bmv2] [D] [thread 1827] [5.0] [cxt 0] Pipeline 'egress': end
[14:54:57.708] [bmv2] [D] [thread 1827] [5.0] [cxt 0] Deparser 'deparser': start
[14:54:57.708] [bmv2] [T] [thread 1827] [5.0] [cxt 0] Skipping checksum 'cksum' update because condition not met
[14:54:57.708] [bmv2] [D] [thread 1827] [5.0] [cxt 0] Deparsing header 'ethernet'
[14:54:57.708] [bmv2] [D] [thread 1827] [5.0] [cxt 0] Deparser 'deparser': end
[14:54:57.708] [bmv2] [D] [thread 1827] [6.0] [cxt 0] Pipeline 'egress': start
[14:54:57.708] [bmv2] [D] [thread 1827] [6.0] [cxt 0] Pipeline 'egress': end
[14:54:57.708] [bmv2] [D] [thread 1827] [6.0] [cxt 0] Deparser 'deparser': start
[14:54:57.708] [bmv2] [T] [thread 1827] [6.0] [cxt 0] Skipping checksum 'cksum' update because condition not met
[14:54:57.708] [bmv2] [D] [thread 1827] [6.0] [cxt 0] Deparsing header 'ethernet'
[14:54:57.708] [bmv2] [D] [thread 1827] [6.0] [cxt 0] Deparser 'deparser': end
[14:54:57.708] [bmv2] [D] [thread 1831] [5.0] [cxt 0] Transmitting packet of size 90 out of port 0
[14:54:57.708] [bmv2] [D] [thread 1831] [6.0] [cxt 0] Transmitting packet of size 70 out of port 0
[14:54:57.769] [bmv2] [D] [thread 1826] [7.0] [cxt 0] Processing packet received on port 2
[14:54:57.769] [bmv2] [D] [thread 1826] [7.0] [cxt 0] Parser 'parser': start
[14:54:57.769] [bmv2] [D] [thread 1826] [7.0] [cxt 0] Parser 'parser' entering state 'start'
[14:54:57.769] [bmv2] [D] [thread 1826] [7.0] [cxt 0] Extracting header 'ethernet'
[14:54:57.769] [bmv2] [D] [thread 1826] [7.0] [cxt 0] Parser state 'start': key is 86dd
[14:54:57.769] [bmv2] [T] [thread 1826] [7.0] [cxt 0] Bytes parsed: 14
[14:54:57.769] [bmv2] [D] [thread 1826] [7.0] [cxt 0] Parser 'parser': end
[14:54:57.769] [bmv2] [D] [thread 1826] [7.0] [cxt 0] Pipeline 'ingress': start
[14:54:57.769] [bmv2] [T] [thread 1826] [7.0] [cxt 0] basic.p4(114) Condition "hdr.ipv4.isValid()" (node_2) is false
[14:54:57.769] [bmv2] [D] [thread 1826] [7.0] [cxt 0] Pipeline 'ingress': end
[14:54:57.769] [bmv2] [D] [thread 1826] [7.0] [cxt 0] Egress port is 0
[14:54:57.769] [bmv2] [D] [thread 1827] [7.0] [cxt 0] Pipeline 'egress': start
[14:54:57.769] [bmv2] [D] [thread 1827] [7.0] [cxt 0] Pipeline 'egress': end
[14:54:57.769] [bmv2] [D] [thread 1827] [7.0] [cxt 0] Deparser 'deparser': start
[14:54:57.769] [bmv2] [T] [thread 1827] [7.0] [cxt 0] Skipping checksum 'cksum' update because condition not met
[14:54:57.769] [bmv2] [D] [thread 1827] [7.0] [cxt 0] Deparsing header 'ethernet'
[14:54:57.769] [bmv2] [D] [thread 1827] [7.0] [cxt 0] Deparser 'deparser': end
[14:54:57.769] [bmv2] [D] [thread 1831] [7.0] [cxt 0] Transmitting packet of size 90 out of port 0
[14:54:57.934] [bmv2] [D] [thread 1826] [8.0] [cxt 0] Processing packet received on port 3
[14:54:57.934] [bmv2] [D] [thread 1826] [8.0] [cxt 0] Parser 'parser': start
[14:54:57.934] [bmv2] [D] [thread 1826] [8.0] [cxt 0] Parser 'parser' entering state 'start'
[14:54:57.934] [bmv2] [D] [thread 1826] [8.0] [cxt 0] Extracting header 'ethernet'
[14:54:57.934] [bmv2] [D] [thread 1826] [8.0] [cxt 0] Parser state 'start': key is 86dd
[14:54:57.934] [bmv2] [T] [thread 1826] [8.0] [cxt 0] Bytes parsed: 14
[14:54:57.934] [bmv2] [D] [thread 1826] [8.0] [cxt 0] Parser 'parser': end
[14:54:57.934] [bmv2] [D] [thread 1826] [8.0] [cxt 0] Pipeline 'ingress': start
[14:54:57.934] [bmv2] [T] [thread 1826] [8.0] [cxt 0] basic.p4(114) Condition "hdr.ipv4.isValid()" (node_2) is false
[14:54:57.934] [bmv2] [D] [thread 1826] [8.0] [cxt 0] Pipeline 'ingress': end
[14:54:57.934] [bmv2] [D] [thread 1826] [8.0] [cxt 0] Egress port is 0
[14:54:57.934] [bmv2] [D] [thread 1826] [9.0] [cxt 0] Processing packet received on port 4
[14:54:57.934] [bmv2] [D] [thread 1826] [9.0] [cxt 0] Parser 'parser': start
[14:54:57.934] [bmv2] [D] [thread 1826] [9.0] [cxt 0] Parser 'parser' entering state 'start'
[14:54:57.934] [bmv2] [D] [thread 1826] [9.0] [cxt 0] Extracting header 'ethernet'
[14:54:57.934] [bmv2] [D] [thread 1826] [9.0] [cxt 0] Parser state 'start': key is 86dd
[14:54:57.934] [bmv2] [T] [thread 1826] [9.0] [cxt 0] Bytes parsed: 14
[14:54:57.934] [bmv2] [D] [thread 1826] [9.0] [cxt 0] Parser 'parser': end
[14:54:57.934] [bmv2] [D] [thread 1826] [9.0] [cxt 0] Pipeline 'ingress': start
[14:54:57.934] [bmv2] [T] [thread 1826] [9.0] [cxt 0] basic.p4(114) Condition "hdr.ipv4.isValid()" (node_2) is false
[14:54:57.934] [bmv2] [D] [thread 1826] [9.0] [cxt 0] Pipeline 'ingress': end
[14:54:57.934] [bmv2] [D] [thread 1826] [9.0] [cxt 0] Egress port is 0
[14:54:57.934] [bmv2] [D] [thread 1826] [10.0] [cxt 0] Processing packet received on port 3
[14:54:57.934] [bmv2] [D] [thread 1826] [10.0] [cxt 0] Parser 'parser': start
[14:54:57.934] [bmv2] [D] [thread 1826] [10.0] [cxt 0] Parser 'parser' entering state 'start'
[14:54:57.934] [bmv2] [D] [thread 1826] [10.0] [cxt 0] Extracting header 'ethernet'
[14:54:57.934] [bmv2] [D] [thread 1826] [10.0] [cxt 0] Parser state 'start': key is 86dd
[14:54:57.934] [bmv2] [T] [thread 1826] [10.0] [cxt 0] Bytes parsed: 14
[14:54:57.934] [bmv2] [D] [thread 1826] [10.0] [cxt 0] Parser 'parser': end
[14:54:57.934] [bmv2] [D] [thread 1826] [10.0] [cxt 0] Pipeline 'ingress': start
[14:54:57.934] [bmv2] [T] [thread 1826] [10.0] [cxt 0] basic.p4(114) Condition "hdr.ipv4.isValid()" (node_2) is false
[14:54:57.934] [bmv2] [D] [thread 1826] [10.0] [cxt 0] Pipeline 'ingress': end
[14:54:57.934] [bmv2] [D] [thread 1826] [10.0] [cxt 0] Egress port is 0
[14:54:57.934] [bmv2] [D] [thread 1826] [11.0] [cxt 0] Processing packet received on port 4
[14:54:57.934] [bmv2] [D] [thread 1826] [11.0] [cxt 0] Parser 'parser': start
[14:54:57.934] [bmv2] [D] [thread 1826] [11.0] [cxt 0] Parser 'parser' entering state 'start'
[14:54:57.934] [bmv2] [D] [thread 1826] [11.0] [cxt 0] Extracting header 'ethernet'
[14:54:57.934] [bmv2] [D] [thread 1826] [11.0] [cxt 0] Parser state 'start': key is 86dd
[14:54:57.934] [bmv2] [T] [thread 1826] [11.0] [cxt 0] Bytes parsed: 14
[14:54:57.934] [bmv2] [D] [thread 1826] [11.0] [cxt 0] Parser 'parser': end
[14:54:57.934] [bmv2] [D] [thread 1826] [11.0] [cxt 0] Pipeline 'ingress': start
[14:54:57.934] [bmv2] [T] [thread 1826] [11.0] [cxt 0] basic.p4(114) Condition "hdr.ipv4.isValid()" (node_2) is false
[14:54:57.934] [bmv2] [D] [thread 1826] [11.0] [cxt 0] Pipeline 'ingress': end
[14:54:57.934] [bmv2] [D] [thread 1826] [11.0] [cxt 0] Egress port is 0
[14:54:57.934] [bmv2] [D] [thread 1827] [8.0] [cxt 0] Pipeline 'egress': start
[14:54:57.934] [bmv2] [D] [thread 1827] [8.0] [cxt 0] Pipeline 'egress': end
[14:54:57.934] [bmv2] [D] [thread 1827] [8.0] [cxt 0] Deparser 'deparser': start
[14:54:57.934] [bmv2] [T] [thread 1827] [8.0] [cxt 0] Skipping checksum 'cksum' update because condition not met
[14:54:57.934] [bmv2] [D] [thread 1827] [8.0] [cxt 0] Deparsing header 'ethernet'
[14:54:57.934] [bmv2] [D] [thread 1827] [8.0] [cxt 0] Deparser 'deparser': end
[14:54:57.934] [bmv2] [D] [thread 1827] [9.0] [cxt 0] Pipeline 'egress': start
[14:54:57.934] [bmv2] [D] [thread 1827] [9.0] [cxt 0] Pipeline 'egress': end
[14:54:57.934] [bmv2] [D] [thread 1827] [9.0] [cxt 0] Deparser 'deparser': start
[14:54:57.934] [bmv2] [T] [thread 1827] [9.0] [cxt 0] Skipping checksum 'cksum' update because condition not met
[14:54:57.934] [bmv2] [D] [thread 1827] [9.0] [cxt 0] Deparsing header 'ethernet'
[14:54:57.934] [bmv2] [D] [thread 1827] [9.0] [cxt 0] Deparser 'deparser': end
[14:54:57.934] [bmv2] [D] [thread 1827] [10.0] [cxt 0] Pipeline 'egress': start
[14:54:57.934] [bmv2] [D] [thread 1827] [10.0] [cxt 0] Pipeline 'egress': end
[14:54:57.934] [bmv2] [D] [thread 1827] [10.0] [cxt 0] Deparser 'deparser': start
[14:54:57.934] [bmv2] [T] [thread 1827] [10.0] [cxt 0] Skipping checksum 'cksum' update because condition not met
[14:54:57.934] [bmv2] [D] [thread 1827] [10.0] [cxt 0] Deparsing header 'ethernet'
[14:54:57.934] [bmv2] [D] [thread 1827] [10.0] [cxt 0] Deparser 'deparser': end
[14:54:57.934] [bmv2] [D] [thread 1827] [11.0] [cxt 0] Pipeline 'egress': start
[14:54:57.934] [bmv2] [D] [thread 1827] [11.0] [cxt 0] Pipeline 'egress': end
[14:54:57.934] [bmv2] [D] [thread 1827] [11.0] [cxt 0] Deparser 'deparser': start
[14:54:57.934] [bmv2] [T] [thread 1827] [11.0] [cxt 0] Skipping checksum 'cksum' update because condition not met
[14:54:57.934] [bmv2] [D] [thread 1827] [11.0] [cxt 0] Deparsing header 'ethernet'
[14:54:57.934] [bmv2] [D] [thread 1827] [11.0] [cxt 0] Deparser 'deparser': end
[14:54:57.934] [bmv2] [D] [thread 1831] [8.0] [cxt 0] Transmitting packet of size 90 out of port 0
[14:54:57.934] [bmv2] [D] [thread 1831] [9.0] [cxt 0] Transmitting packet of size 90 out of port 0
[14:54:57.934] [bmv2] [D] [thread 1831] [10.0] [cxt 0] Transmitting packet of size 70 out of port 0
[14:54:57.934] [bmv2] [D] [thread 1831] [11.0] [cxt 0] Transmitting packet of size 70 out of port 0
[14:54:57.961] [bmv2] [D] [thread 1826] [12.0] [cxt 0] Processing packet received on port 4
[14:54:57.961] [bmv2] [D] [thread 1826] [12.0] [cxt 0] Parser 'parser': start
[14:54:57.961] [bmv2] [D] [thread 1826] [12.0] [cxt 0] Parser 'parser' entering state 'start'
[14:54:57.961] [bmv2] [D] [thread 1826] [12.0] [cxt 0] Extracting header 'ethernet'
[14:54:57.961] [bmv2] [D] [thread 1826] [12.0] [cxt 0] Parser state 'start': key is 86dd
[14:54:57.961] [bmv2] [T] [thread 1826] [12.0] [cxt 0] Bytes parsed: 14
[14:54:57.961] [bmv2] [D] [thread 1826] [12.0] [cxt 0] Parser 'parser': end
[14:54:57.961] [bmv2] [D] [thread 1826] [12.0] [cxt 0] Pipeline 'ingress': start
[14:54:57.961] [bmv2] [T] [thread 1826] [12.0] [cxt 0] basic.p4(114) Condition "hdr.ipv4.isValid()" (node_2) is false
[14:54:57.961] [bmv2] [D] [thread 1826] [12.0] [cxt 0] Pipeline 'ingress': end
[14:54:57.961] [bmv2] [D] [thread 1826] [12.0] [cxt 0] Egress port is 0
[14:54:57.961] [bmv2] [D] [thread 1826] [13.0] [cxt 0] Processing packet received on port 4
[14:54:57.961] [bmv2] [D] [thread 1826] [13.0] [cxt 0] Parser 'parser': start
[14:54:57.961] [bmv2] [D] [thread 1826] [13.0] [cxt 0] Parser 'parser' entering state 'start'
[14:54:57.961] [bmv2] [D] [thread 1826] [13.0] [cxt 0] Extracting header 'ethernet'
[14:54:57.961] [bmv2] [D] [thread 1826] [13.0] [cxt 0] Parser state 'start': key is 86dd
[14:54:57.961] [bmv2] [T] [thread 1826] [13.0] [cxt 0] Bytes parsed: 14
[14:54:57.961] [bmv2] [D] [thread 1826] [13.0] [cxt 0] Parser 'parser': end
[14:54:57.961] [bmv2] [D] [thread 1826] [13.0] [cxt 0] Pipeline 'ingress': start
[14:54:57.961] [bmv2] [T] [thread 1826] [13.0] [cxt 0] basic.p4(114) Condition "hdr.ipv4.isValid()" (node_2) is false
[14:54:57.961] [bmv2] [D] [thread 1826] [13.0] [cxt 0] Pipeline 'ingress': end
[14:54:57.961] [bmv2] [D] [thread 1826] [13.0] [cxt 0] Egress port is 0
[14:54:57.961] [bmv2] [D] [thread 1827] [12.0] [cxt 0] Pipeline 'egress': start
[14:54:57.961] [bmv2] [D] [thread 1827] [12.0] [cxt 0] Pipeline 'egress': end
[14:54:57.961] [bmv2] [D] [thread 1827] [12.0] [cxt 0] Deparser 'deparser': start
[14:54:57.961] [bmv2] [T] [thread 1827] [12.0] [cxt 0] Skipping checksum 'cksum' update because condition not met
[14:54:57.961] [bmv2] [D] [thread 1827] [12.0] [cxt 0] Deparsing header 'ethernet'
[14:54:57.961] [bmv2] [D] [thread 1827] [12.0] [cxt 0] Deparser 'deparser': end
[14:54:57.961] [bmv2] [D] [thread 1827] [13.0] [cxt 0] Pipeline 'egress': start
[14:54:57.961] [bmv2] [D] [thread 1827] [13.0] [cxt 0] Pipeline 'egress': end
[14:54:57.961] [bmv2] [D] [thread 1827] [13.0] [cxt 0] Deparser 'deparser': start
[14:54:57.961] [bmv2] [T] [thread 1827] [13.0] [cxt 0] Skipping checksum 'cksum' update because condition not met
[14:54:57.961] [bmv2] [D] [thread 1827] [13.0] [cxt 0] Deparsing header 'ethernet'
[14:54:57.961] [bmv2] [D] [thread 1827] [13.0] [cxt 0] Deparser 'deparser': end
[14:54:57.961] [bmv2] [D] [thread 1831] [12.0] [cxt 0] Transmitting packet of size 90 out of port 0
[14:54:57.961] [bmv2] [D] [thread 1831] [13.0] [cxt 0] Transmitting packet of size 70 out of port 0
[14:54:58.057] [bmv2] [D] [thread 1826] [14.0] [cxt 0] Processing packet received on port 1
[14:54:58.057] [bmv2] [D] [thread 1826] [14.0] [cxt 0] Parser 'parser': start
[14:54:58.057] [bmv2] [D] [thread 1826] [14.0] [cxt 0] Parser 'parser' entering state 'start'
[14:54:58.057] [bmv2] [D] [thread 1826] [14.0] [cxt 0] Extracting header 'ethernet'
[14:54:58.057] [bmv2] [D] [thread 1826] [14.0] [cxt 0] Parser state 'start': key is 86dd
[14:54:58.057] [bmv2] [T] [thread 1826] [14.0] [cxt 0] Bytes parsed: 14
[14:54:58.057] [bmv2] [D] [thread 1826] [14.0] [cxt 0] Parser 'parser': end
[14:54:58.057] [bmv2] [D] [thread 1826] [14.0] [cxt 0] Pipeline 'ingress': start
[14:54:58.057] [bmv2] [T] [thread 1826] [14.0] [cxt 0] basic.p4(114) Condition "hdr.ipv4.isValid()" (node_2) is false
[14:54:58.057] [bmv2] [D] [thread 1826] [14.0] [cxt 0] Pipeline 'ingress': end
[14:54:58.057] [bmv2] [D] [thread 1826] [14.0] [cxt 0] Egress port is 0
[14:54:58.057] [bmv2] [D] [thread 1826] [15.0] [cxt 0] Processing packet received on port 2
[14:54:58.057] [bmv2] [D] [thread 1826] [15.0] [cxt 0] Parser 'parser': start
[14:54:58.057] [bmv2] [D] [thread 1826] [15.0] [cxt 0] Parser 'parser' entering state 'start'
[14:54:58.057] [bmv2] [D] [thread 1826] [15.0] [cxt 0] Extracting header 'ethernet'
[14:54:58.057] [bmv2] [D] [thread 1826] [15.0] [cxt 0] Parser state 'start': key is 86dd
[14:54:58.057] [bmv2] [T] [thread 1826] [15.0] [cxt 0] Bytes parsed: 14
[14:54:58.057] [bmv2] [D] [thread 1826] [15.0] [cxt 0] Parser 'parser': end
[14:54:58.057] [bmv2] [D] [thread 1826] [15.0] [cxt 0] Pipeline 'ingress': start
[14:54:58.057] [bmv2] [T] [thread 1826] [15.0] [cxt 0] basic.p4(114) Condition "hdr.ipv4.isValid()" (node_2) is false
[14:54:58.057] [bmv2] [D] [thread 1826] [15.0] [cxt 0] Pipeline 'ingress': end
[14:54:58.057] [bmv2] [D] [thread 1826] [15.0] [cxt 0] Egress port is 0
[14:54:58.057] [bmv2] [D] [thread 1826] [16.0] [cxt 0] Processing packet received on port 1
[14:54:58.057] [bmv2] [D] [thread 1826] [16.0] [cxt 0] Parser 'parser': start
[14:54:58.057] [bmv2] [D] [thread 1826] [16.0] [cxt 0] Parser 'parser' entering state 'start'
[14:54:58.057] [bmv2] [D] [thread 1826] [16.0] [cxt 0] Extracting header 'ethernet'
[14:54:58.057] [bmv2] [D] [thread 1826] [16.0] [cxt 0] Parser state 'start': key is 86dd
[14:54:58.057] [bmv2] [T] [thread 1826] [16.0] [cxt 0] Bytes parsed: 14
[14:54:58.057] [bmv2] [D] [thread 1826] [16.0] [cxt 0] Parser 'parser': end
[14:54:58.057] [bmv2] [D] [thread 1826] [16.0] [cxt 0] Pipeline 'ingress': start
[14:54:58.057] [bmv2] [T] [thread 1826] [16.0] [cxt 0] basic.p4(114) Condition "hdr.ipv4.isValid()" (node_2) is false
[14:54:58.057] [bmv2] [D] [thread 1826] [16.0] [cxt 0] Pipeline 'ingress': end
[14:54:58.057] [bmv2] [D] [thread 1826] [16.0] [cxt 0] Egress port is 0
[14:54:58.057] [bmv2] [D] [thread 1827] [14.0] [cxt 0] Pipeline 'egress': start
[14:54:58.057] [bmv2] [D] [thread 1827] [14.0] [cxt 0] Pipeline 'egress': end
[14:54:58.057] [bmv2] [D] [thread 1827] [14.0] [cxt 0] Deparser 'deparser': start
[14:54:58.057] [bmv2] [T] [thread 1827] [14.0] [cxt 0] Skipping checksum 'cksum' update because condition not met
[14:54:58.057] [bmv2] [D] [thread 1827] [14.0] [cxt 0] Deparsing header 'ethernet'
[14:54:58.057] [bmv2] [D] [thread 1827] [14.0] [cxt 0] Deparser 'deparser': end
[14:54:58.057] [bmv2] [D] [thread 1827] [15.0] [cxt 0] Pipeline 'egress': start
[14:54:58.057] [bmv2] [D] [thread 1827] [15.0] [cxt 0] Pipeline 'egress': end
[14:54:58.057] [bmv2] [D] [thread 1827] [15.0] [cxt 0] Deparser 'deparser': start
[14:54:58.057] [bmv2] [T] [thread 1827] [15.0] [cxt 0] Skipping checksum 'cksum' update because condition not met
[14:54:58.057] [bmv2] [D] [thread 1827] [15.0] [cxt 0] Deparsing header 'ethernet'
[14:54:58.057] [bmv2] [D] [thread 1827] [15.0] [cxt 0] Deparser 'deparser': end
[14:54:58.057] [bmv2] [D] [thread 1827] [16.0] [cxt 0] Pipeline 'egress': start
[14:54:58.057] [bmv2] [D] [thread 1827] [16.0] [cxt 0] Pipeline 'egress': end
[14:54:58.057] [bmv2] [D] [thread 1827] [16.0] [cxt 0] Deparser 'deparser': start
[14:54:58.057] [bmv2] [T] [thread 1827] [16.0] [cxt 0] Skipping checksum 'cksum' update because condition not met
[14:54:58.057] [bmv2] [D] [thread 1827] [16.0] [cxt 0] Deparsing header 'ethernet'
[14:54:58.057] [bmv2] [D] [thread 1827] [16.0] [cxt 0] Deparser 'deparser': end
[14:54:58.057] [bmv2] [D] [thread 1831] [14.0] [cxt 0] Transmitting packet of size 90 out of port 0
[14:54:58.057] [bmv2] [D] [thread 1831] [15.0] [cxt 0] Transmitting packet of size 90 out of port 0
[14:54:58.057] [bmv2] [D] [thread 1831] [16.0] [cxt 0] Transmitting packet of size 70 out of port 0
[14:54:58.410] [bmv2] [D] [thread 1826] [17.0] [cxt 0] Processing packet received on port 3
[14:54:58.410] [bmv2] [D] [thread 1826] [17.0] [cxt 0] Parser 'parser': start
[14:54:58.410] [bmv2] [D] [thread 1826] [17.0] [cxt 0] Parser 'parser' entering state 'start'
[14:54:58.410] [bmv2] [D] [thread 1826] [17.0] [cxt 0] Extracting header 'ethernet'
[14:54:58.410] [bmv2] [D] [thread 1826] [17.0] [cxt 0] Parser state 'start': key is 86dd
[14:54:58.410] [bmv2] [T] [thread 1826] [17.0] [cxt 0] Bytes parsed: 14
[14:54:58.410] [bmv2] [D] [thread 1826] [17.0] [cxt 0] Parser 'parser': end
[14:54:58.410] [bmv2] [D] [thread 1826] [17.0] [cxt 0] Pipeline 'ingress': start
[14:54:58.410] [bmv2] [T] [thread 1826] [17.0] [cxt 0] basic.p4(114) Condition "hdr.ipv4.isValid()" (node_2) is false
[14:54:58.410] [bmv2] [D] [thread 1826] [17.0] [cxt 0] Pipeline 'ingress': end
[14:54:58.410] [bmv2] [D] [thread 1826] [17.0] [cxt 0] Egress port is 0
[14:54:58.410] [bmv2] [D] [thread 1826] [18.0] [cxt 0] Processing packet received on port 3
[14:54:58.410] [bmv2] [D] [thread 1826] [18.0] [cxt 0] Parser 'parser': start
[14:54:58.410] [bmv2] [D] [thread 1826] [18.0] [cxt 0] Parser 'parser' entering state 'start'
[14:54:58.410] [bmv2] [D] [thread 1826] [18.0] [cxt 0] Extracting header 'ethernet'
[14:54:58.410] [bmv2] [D] [thread 1827] [17.0] [cxt 0] Pipeline 'egress': start
[14:54:58.410] [bmv2] [D] [thread 1827] [17.0] [cxt 0] Pipeline 'egress': end
[14:54:58.410] [bmv2] [D] [thread 1827] [17.0] [cxt 0] Deparser 'deparser': start
[14:54:58.410] [bmv2] [T] [thread 1827] [17.0] [cxt 0] Skipping checksum 'cksum' update because condition not met
[14:54:58.410] [bmv2] [D] [thread 1827] [17.0] [cxt 0] Deparsing header 'ethernet'
[14:54:58.410] [bmv2] [D] [thread 1827] [17.0] [cxt 0] Deparser 'deparser': end
[14:54:58.410] [bmv2] [D] [thread 1826] [18.0] [cxt 0] Parser state 'start': key is 86dd
[14:54:58.410] [bmv2] [D] [thread 1831] [17.0] [cxt 0] Transmitting packet of size 90 out of port 0
[14:54:58.410] [bmv2] [T] [thread 1826] [18.0] [cxt 0] Bytes parsed: 14
[14:54:58.410] [bmv2] [D] [thread 1826] [18.0] [cxt 0] Parser 'parser': end
[14:54:58.410] [bmv2] [D] [thread 1826] [18.0] [cxt 0] Pipeline 'ingress': start
[14:54:58.410] [bmv2] [T] [thread 1826] [18.0] [cxt 0] basic.p4(114) Condition "hdr.ipv4.isValid()" (node_2) is false
[14:54:58.410] [bmv2] [D] [thread 1826] [18.0] [cxt 0] Pipeline 'ingress': end
[14:54:58.410] [bmv2] [D] [thread 1826] [18.0] [cxt 0] Egress port is 0
[14:54:58.410] [bmv2] [D] [thread 1827] [18.0] [cxt 0] Pipeline 'egress': start
[14:54:58.410] [bmv2] [D] [thread 1827] [18.0] [cxt 0] Pipeline 'egress': end
[14:54:58.410] [bmv2] [D] [thread 1827] [18.0] [cxt 0] Deparser 'deparser': start
[14:54:58.410] [bmv2] [T] [thread 1827] [18.0] [cxt 0] Skipping checksum 'cksum' update because condition not met
[14:54:58.410] [bmv2] [D] [thread 1827] [18.0] [cxt 0] Deparsing header 'ethernet'
[14:54:58.410] [bmv2] [D] [thread 1827] [18.0] [cxt 0] Deparser 'deparser': end
[14:54:58.410] [bmv2] [D] [thread 1831] [18.0] [cxt 0] Transmitting packet of size 70 out of port 0
[14:54:58.473] [bmv2] [D] [thread 1826] [19.0] [cxt 0] Processing packet received on port 3
[14:54:58.473] [bmv2] [D] [thread 1826] [19.0] [cxt 0] Parser 'parser': start
[14:54:58.473] [bmv2] [D] [thread 1826] [19.0] [cxt 0] Parser 'parser' entering state 'start'
[14:54:58.473] [bmv2] [D] [thread 1826] [19.0] [cxt 0] Extracting header 'ethernet'
[14:54:58.473] [bmv2] [D] [thread 1826] [19.0] [cxt 0] Parser state 'start': key is 86dd
[14:54:58.473] [bmv2] [T] [thread 1826] [19.0] [cxt 0] Bytes parsed: 14
[14:54:58.473] [bmv2] [D] [thread 1826] [19.0] [cxt 0] Parser 'parser': end
[14:54:58.473] [bmv2] [D] [thread 1826] [19.0] [cxt 0] Pipeline 'ingress': start
[14:54:58.473] [bmv2] [T] [thread 1826] [19.0] [cxt 0] basic.p4(114) Condition "hdr.ipv4.isValid()" (node_2) is false
[14:54:58.473] [bmv2] [D] [thread 1826] [19.0] [cxt 0] Pipeline 'ingress': end
[14:54:58.473] [bmv2] [D] [thread 1826] [19.0] [cxt 0] Egress port is 0
[14:54:58.473] [bmv2] [D] [thread 1827] [19.0] [cxt 0] Pipeline 'egress': start
[14:54:58.473] [bmv2] [D] [thread 1827] [19.0] [cxt 0] Pipeline 'egress': end
[14:54:58.473] [bmv2] [D] [thread 1827] [19.0] [cxt 0] Deparser 'deparser': start
[14:54:58.473] [bmv2] [T] [thread 1827] [19.0] [cxt 0] Skipping checksum 'cksum' update because condition not met
[14:54:58.473] [bmv2] [D] [thread 1827] [19.0] [cxt 0] Deparsing header 'ethernet'
[14:54:58.473] [bmv2] [D] [thread 1827] [19.0] [cxt 0] Deparser 'deparser': end
[14:54:58.473] [bmv2] [D] [thread 1831] [19.0] [cxt 0] Transmitting packet of size 90 out of port 0
[14:54:58.537] [bmv2] [D] [thread 1826] [20.0] [cxt 0] Processing packet received on port 4
[14:54:58.537] [bmv2] [D] [thread 1826] [20.0] [cxt 0] Parser 'parser': start
[14:54:58.537] [bmv2] [D] [thread 1826] [20.0] [cxt 0] Parser 'parser' entering state 'start'
[14:54:58.537] [bmv2] [D] [thread 1826] [20.0] [cxt 0] Extracting header 'ethernet'
[14:54:58.537] [bmv2] [D] [thread 1826] [20.0] [cxt 0] Parser state 'start': key is 86dd
[14:54:58.537] [bmv2] [T] [thread 1826] [20.0] [cxt 0] Bytes parsed: 14
[14:54:58.537] [bmv2] [D] [thread 1826] [20.0] [cxt 0] Parser 'parser': end
[14:54:58.537] [bmv2] [D] [thread 1826] [20.0] [cxt 0] Pipeline 'ingress': start
[14:54:58.537] [bmv2] [T] [thread 1826] [20.0] [cxt 0] basic.p4(114) Condition "hdr.ipv4.isValid()" (node_2) is false
[14:54:58.537] [bmv2] [D] [thread 1826] [20.0] [cxt 0] Pipeline 'ingress': end
[14:54:58.537] [bmv2] [D] [thread 1826] [20.0] [cxt 0] Egress port is 0
[14:54:58.537] [bmv2] [D] [thread 1827] [20.0] [cxt 0] Pipeline 'egress': start
[14:54:58.537] [bmv2] [D] [thread 1827] [20.0] [cxt 0] Pipeline 'egress': end
[14:54:58.537] [bmv2] [D] [thread 1827] [20.0] [cxt 0] Deparser 'deparser': start
[14:54:58.537] [bmv2] [T] [thread 1827] [20.0] [cxt 0] Skipping checksum 'cksum' update because condition not met
[14:54:58.537] [bmv2] [D] [thread 1827] [20.0] [cxt 0] Deparsing header 'ethernet'
[14:54:58.537] [bmv2] [D] [thread 1827] [20.0] [cxt 0] Deparser 'deparser': end
[14:54:58.537] [bmv2] [D] [thread 1831] [20.0] [cxt 0] Transmitting packet of size 90 out of port 0
[14:54:58.697] [bmv2] [D] [thread 1826] [21.0] [cxt 0] Processing packet received on port 4
[14:54:58.697] [bmv2] [D] [thread 1826] [21.0] [cxt 0] Parser 'parser': start
[14:54:58.697] [bmv2] [D] [thread 1826] [21.0] [cxt 0] Parser 'parser' entering state 'start'
[14:54:58.697] [bmv2] [D] [thread 1826] [21.0] [cxt 0] Extracting header 'ethernet'
[14:54:58.697] [bmv2] [D] [thread 1826] [21.0] [cxt 0] Parser state 'start': key is 86dd
[14:54:58.697] [bmv2] [T] [thread 1826] [21.0] [cxt 0] Bytes parsed: 14
[14:54:58.697] [bmv2] [D] [thread 1826] [21.0] [cxt 0] Parser 'parser': end
[14:54:58.697] [bmv2] [D] [thread 1826] [21.0] [cxt 0] Pipeline 'ingress': start
[14:54:58.697] [bmv2] [T] [thread 1826] [21.0] [cxt 0] basic.p4(114) Condition "hdr.ipv4.isValid()" (node_2) is false
[14:54:58.697] [bmv2] [D] [thread 1826] [21.0] [cxt 0] Pipeline 'ingress': end
[14:54:58.697] [bmv2] [D] [thread 1826] [21.0] [cxt 0] Egress port is 0
[14:54:58.697] [bmv2] [D] [thread 1827] [21.0] [cxt 0] Pipeline 'egress': start
[14:54:58.697] [bmv2] [D] [thread 1827] [21.0] [cxt 0] Pipeline 'egress': end
[14:54:58.697] [bmv2] [D] [thread 1827] [21.0] [cxt 0] Deparser 'deparser': start
[14:54:58.697] [bmv2] [T] [thread 1827] [21.0] [cxt 0] Skipping checksum 'cksum' update because condition not met
[14:54:58.697] [bmv2] [D] [thread 1827] [21.0] [cxt 0] Deparsing header 'ethernet'
[14:54:58.697] [bmv2] [D] [thread 1827] [21.0] [cxt 0] Deparser 'deparser': end
[14:54:58.697] [bmv2] [D] [thread 1831] [21.0] [cxt 0] Transmitting packet of size 90 out of port 0
[14:54:58.985] [bmv2] [D] [thread 1826] [22.0] [cxt 0] Processing packet received on port 1
[14:54:58.985] [bmv2] [D] [thread 1826] [22.0] [cxt 0] Parser 'parser': start
[14:54:58.985] [bmv2] [D] [thread 1826] [22.0] [cxt 0] Parser 'parser' entering state 'start'
[14:54:58.985] [bmv2] [D] [thread 1826] [22.0] [cxt 0] Extracting header 'ethernet'
[14:54:58.985] [bmv2] [D] [thread 1826] [22.0] [cxt 0] Parser state 'start': key is 86dd
[14:54:58.985] [bmv2] [T] [thread 1826] [22.0] [cxt 0] Bytes parsed: 14
[14:54:58.985] [bmv2] [D] [thread 1826] [22.0] [cxt 0] Parser 'parser': end
[14:54:58.985] [bmv2] [D] [thread 1826] [22.0] [cxt 0] Pipeline 'ingress': start
[14:54:58.985] [bmv2] [T] [thread 1826] [22.0] [cxt 0] basic.p4(114) Condition "hdr.ipv4.isValid()" (node_2) is false
[14:54:58.985] [bmv2] [D] [thread 1826] [22.0] [cxt 0] Pipeline 'ingress': end
[14:54:58.985] [bmv2] [D] [thread 1826] [22.0] [cxt 0] Egress port is 0
[14:54:58.985] [bmv2] [D] [thread 1827] [22.0] [cxt 0] Pipeline 'egress': start
[14:54:58.985] [bmv2] [D] [thread 1827] [22.0] [cxt 0] Pipeline 'egress': end
[14:54:58.985] [bmv2] [D] [thread 1827] [22.0] [cxt 0] Deparser 'deparser': start
[14:54:58.985] [bmv2] [T] [thread 1827] [22.0] [cxt 0] Skipping checksum 'cksum' update because condition not met
[14:54:58.985] [bmv2] [D] [thread 1827] [22.0] [cxt 0] Deparsing header 'ethernet'
[14:54:58.985] [bmv2] [D] [thread 1827] [22.0] [cxt 0] Deparser 'deparser': end
[14:54:58.986] [bmv2] [D] [thread 1831] [22.0] [cxt 0] Transmitting packet of size 90 out of port 0
[14:54:59.273] [bmv2] [D] [thread 1826] [23.0] [cxt 0] Processing packet received on port 3
[14:54:59.273] [bmv2] [D] [thread 1826] [23.0] [cxt 0] Parser 'parser': start
[14:54:59.273] [bmv2] [D] [thread 1826] [23.0] [cxt 0] Parser 'parser' entering state 'start'
[14:54:59.273] [bmv2] [D] [thread 1826] [23.0] [cxt 0] Extracting header 'ethernet'
[14:54:59.273] [bmv2] [D] [thread 1826] [23.0] [cxt 0] Parser state 'start': key is 86dd
[14:54:59.273] [bmv2] [T] [thread 1826] [23.0] [cxt 0] Bytes parsed: 14
[14:54:59.273] [bmv2] [D] [thread 1826] [23.0] [cxt 0] Parser 'parser': end
[14:54:59.273] [bmv2] [D] [thread 1826] [23.0] [cxt 0] Pipeline 'ingress': start
[14:54:59.273] [bmv2] [T] [thread 1826] [23.0] [cxt 0] basic.p4(114) Condition "hdr.ipv4.isValid()" (node_2) is false
[14:54:59.273] [bmv2] [D] [thread 1826] [23.0] [cxt 0] Pipeline 'ingress': end
[14:54:59.273] [bmv2] [D] [thread 1826] [23.0] [cxt 0] Egress port is 0
[14:54:59.273] [bmv2] [D] [thread 1827] [23.0] [cxt 0] Pipeline 'egress': start
[14:54:59.273] [bmv2] [D] [thread 1827] [23.0] [cxt 0] Pipeline 'egress': end
[14:54:59.273] [bmv2] [D] [thread 1827] [23.0] [cxt 0] Deparser 'deparser': start
[14:54:59.273] [bmv2] [T] [thread 1827] [23.0] [cxt 0] Skipping checksum 'cksum' update because condition not met
[14:54:59.273] [bmv2] [D] [thread 1827] [23.0] [cxt 0] Deparsing header 'ethernet'
[14:54:59.273] [bmv2] [D] [thread 1827] [23.0] [cxt 0] Deparser 'deparser': end
[14:54:59.273] [bmv2] [D] [thread 1831] [23.0] [cxt 0] Transmitting packet of size 90 out of port 0
[14:54:59.924] [bmv2] [W] [thread 1900] [P4Runtime] p4::tmp::P4DeviceConfig is deprecated
[14:54:59.925] [bmv2] [D] [thread 1900] Set default default entry for table 'MyIngress.ipv4_lpm': MyIngress.drop - 
[14:54:59.926] [bmv2] [D] [thread 1900] simple_switch target has been notified of a config swap
[14:54:59.927] [bmv2] [D] [thread 1901] Set default entry for table 'MyIngress.ipv4_lpm': MyIngress.drop - 
[14:54:59.928] [bmv2] [D] [thread 1900] Entry 0 added to table 'MyIngress.ipv4_lpm'
[14:54:59.928] [bmv2] [D] [thread 1900] Dumping entry 0
Match key:
* hdr.ipv4.dstAddr    : LPM       0a000101/32
Action entry: MyIngress.ipv4_forward - 80000000111,1,

[14:54:59.928] [bmv2] [D] [thread 1901] Entry 1 added to table 'MyIngress.ipv4_lpm'
[14:54:59.928] [bmv2] [D] [thread 1901] Dumping entry 1
Match key:
* hdr.ipv4.dstAddr    : LPM       0a000202/32
Action entry: MyIngress.ipv4_forward - 80000000222,2,

[14:54:59.929] [bmv2] [D] [thread 1900] Entry 2 added to table 'MyIngress.ipv4_lpm'
[14:54:59.929] [bmv2] [D] [thread 1900] Dumping entry 2
Match key:
* hdr.ipv4.dstAddr    : LPM       0a000303/32
Action entry: MyIngress.ipv4_forward - 80000000300,3,

[14:54:59.929] [bmv2] [D] [thread 1901] Entry 3 added to table 'MyIngress.ipv4_lpm'
[14:54:59.929] [bmv2] [D] [thread 1901] Dumping entry 3
Match key:
* hdr.ipv4.dstAddr    : LPM       0a000404/32
Action entry: MyIngress.ipv4_forward - 80000000400,4,

[14:55:01.833] [bmv2] [D] [thread 1826] [24.0] [cxt 0] Processing packet received on port 4
[14:55:01.833] [bmv2] [D] [thread 1826] [24.0] [cxt 0] Parser 'parser': start
[14:55:01.833] [bmv2] [D] [thread 1826] [24.0] [cxt 0] Parser 'parser' entering state 'start'
[14:55:01.833] [bmv2] [D] [thread 1826] [24.0] [cxt 0] Extracting header 'ethernet'
[14:55:01.833] [bmv2] [D] [thread 1826] [24.0] [cxt 0] Parser state 'start': key is 86dd
[14:55:01.833] [bmv2] [T] [thread 1826] [24.0] [cxt 0] Bytes parsed: 14
[14:55:01.833] [bmv2] [D] [thread 1826] [24.0] [cxt 0] Parser 'parser': end
[14:55:01.833] [bmv2] [D] [thread 1826] [24.0] [cxt 0] Pipeline 'ingress': start
[14:55:01.833] [bmv2] [T] [thread 1826] [24.0] [cxt 0] basic.p4(114) Condition "hdr.ipv4.isValid()" (node_2) is false
[14:55:01.833] [bmv2] [D] [thread 1826] [24.0] [cxt 0] Pipeline 'ingress': end
[14:55:01.833] [bmv2] [D] [thread 1826] [24.0] [cxt 0] Egress port is 0
[14:55:01.833] [bmv2] [D] [thread 1827] [24.0] [cxt 0] Pipeline 'egress': start
[14:55:01.833] [bmv2] [D] [thread 1827] [24.0] [cxt 0] Pipeline 'egress': end
[14:55:01.833] [bmv2] [D] [thread 1827] [24.0] [cxt 0] Deparser 'deparser': start
[14:55:01.833] [bmv2] [T] [thread 1827] [24.0] [cxt 0] Skipping checksum 'cksum' update because condition not met
[14:55:01.833] [bmv2] [D] [thread 1827] [24.0] [cxt 0] Deparsing header 'ethernet'
[14:55:01.833] [bmv2] [D] [thread 1827] [24.0] [cxt 0] Deparser 'deparser': end
[14:55:01.833] [bmv2] [D] [thread 1831] [24.0] [cxt 0] Transmitting packet of size 70 out of port 0
[14:55:02.089] [bmv2] [D] [thread 1826] [25.0] [cxt 0] Processing packet received on port 1
[14:55:02.089] [bmv2] [D] [thread 1826] [25.0] [cxt 0] Parser 'parser': start
[14:55:02.089] [bmv2] [D] [thread 1826] [25.0] [cxt 0] Parser 'parser' entering state 'start'
[14:55:02.089] [bmv2] [D] [thread 1826] [25.0] [cxt 0] Extracting header 'ethernet'
[14:55:02.089] [bmv2] [D] [thread 1826] [25.0] [cxt 0] Parser state 'start': key is 86dd
[14:55:02.089] [bmv2] [T] [thread 1826] [25.0] [cxt 0] Bytes parsed: 14
[14:55:02.089] [bmv2] [D] [thread 1826] [25.0] [cxt 0] Parser 'parser': end
[14:55:02.089] [bmv2] [D] [thread 1826] [25.0] [cxt 0] Pipeline 'ingress': start
[14:55:02.089] [bmv2] [T] [thread 1826] [25.0] [cxt 0] basic.p4(114) Condition "hdr.ipv4.isValid()" (node_2) is false
[14:55:02.089] [bmv2] [D] [thread 1826] [25.0] [cxt 0] Pipeline 'ingress': end
[14:55:02.089] [bmv2] [D] [thread 1826] [25.0] [cxt 0] Egress port is 0
[14:55:02.089] [bmv2] [D] [thread 1826] [26.0] [cxt 0] Processing packet received on port 2
[14:55:02.089] [bmv2] [D] [thread 1826] [26.0] [cxt 0] Parser 'parser': start
[14:55:02.089] [bmv2] [D] [thread 1826] [26.0] [cxt 0] Parser 'parser' entering state 'start'
[14:55:02.089] [bmv2] [D] [thread 1826] [26.0] [cxt 0] Extracting header 'ethernet'
[14:55:02.089] [bmv2] [D] [thread 1826] [26.0] [cxt 0] Parser state 'start': key is 86dd
[14:55:02.089] [bmv2] [T] [thread 1826] [26.0] [cxt 0] Bytes parsed: 14
[14:55:02.089] [bmv2] [D] [thread 1826] [26.0] [cxt 0] Parser 'parser': end
[14:55:02.089] [bmv2] [D] [thread 1826] [26.0] [cxt 0] Pipeline 'ingress': start
[14:55:02.089] [bmv2] [T] [thread 1826] [26.0] [cxt 0] basic.p4(114) Condition "hdr.ipv4.isValid()" (node_2) is false
[14:55:02.089] [bmv2] [D] [thread 1826] [26.0] [cxt 0] Pipeline 'ingress': end
[14:55:02.089] [bmv2] [D] [thread 1826] [26.0] [cxt 0] Egress port is 0
[14:55:02.089] [bmv2] [D] [thread 1827] [25.0] [cxt 0] Pipeline 'egress': start
[14:55:02.089] [bmv2] [D] [thread 1827] [25.0] [cxt 0] Pipeline 'egress': end
[14:55:02.089] [bmv2] [D] [thread 1827] [25.0] [cxt 0] Deparser 'deparser': start
[14:55:02.089] [bmv2] [T] [thread 1827] [25.0] [cxt 0] Skipping checksum 'cksum' update because condition not met
[14:55:02.089] [bmv2] [D] [thread 1827] [25.0] [cxt 0] Deparsing header 'ethernet'
[14:55:02.089] [bmv2] [D] [thread 1827] [25.0] [cxt 0] Deparser 'deparser': end
[14:55:02.089] [bmv2] [D] [thread 1827] [26.0] [cxt 0] Pipeline 'egress': start
[14:55:02.089] [bmv2] [D] [thread 1827] [26.0] [cxt 0] Pipeline 'egress': end
[14:55:02.089] [bmv2] [D] [thread 1827] [26.0] [cxt 0] Deparser 'deparser': start
[14:55:02.089] [bmv2] [T] [thread 1827] [26.0] [cxt 0] Skipping checksum 'cksum' update because condition not met
[14:55:02.089] [bmv2] [D] [thread 1827] [26.0] [cxt 0] Deparsing header 'ethernet'
[14:55:02.089] [bmv2] [D] [thread 1827] [26.0] [cxt 0] Deparser 'deparser': end
[14:55:02.089] [bmv2] [D] [thread 1831] [25.0] [cxt 0] Transmitting packet of size 70 out of port 0
[14:55:02.089] [bmv2] [D] [thread 1831] [26.0] [cxt 0] Transmitting packet of size 70 out of port 0
[14:55:02.345] [bmv2] [D] [thread 1826] [27.0] [cxt 0] Processing packet received on port 3
[14:55:02.345] [bmv2] [D] [thread 1826] [27.0] [cxt 0] Parser 'parser': start
[14:55:02.345] [bmv2] [D] [thread 1826] [27.0] [cxt 0] Parser 'parser' entering state 'start'
[14:55:02.345] [bmv2] [D] [thread 1826] [27.0] [cxt 0] Extracting header 'ethernet'
[14:55:02.345] [bmv2] [D] [thread 1826] [27.0] [cxt 0] Parser state 'start': key is 86dd
[14:55:02.345] [bmv2] [T] [thread 1826] [27.0] [cxt 0] Bytes parsed: 14
[14:55:02.345] [bmv2] [D] [thread 1826] [27.0] [cxt 0] Parser 'parser': end
[14:55:02.345] [bmv2] [D] [thread 1826] [27.0] [cxt 0] Pipeline 'ingress': start
[14:55:02.345] [bmv2] [T] [thread 1826] [27.0] [cxt 0] basic.p4(114) Condition "hdr.ipv4.isValid()" (node_2) is false
[14:55:02.345] [bmv2] [D] [thread 1826] [27.0] [cxt 0] Pipeline 'ingress': end
[14:55:02.345] [bmv2] [D] [thread 1826] [27.0] [cxt 0] Egress port is 0
[14:55:02.345] [bmv2] [D] [thread 1826] [28.0] [cxt 0] Processing packet received on port 3
[14:55:02.345] [bmv2] [D] [thread 1826] [28.0] [cxt 0] Parser 'parser': start
[14:55:02.345] [bmv2] [D] [thread 1826] [28.0] [cxt 0] Parser 'parser' entering state 'start'
[14:55:02.345] [bmv2] [D] [thread 1826] [28.0] [cxt 0] Extracting header 'ethernet'
[14:55:02.345] [bmv2] [D] [thread 1826] [28.0] [cxt 0] Parser state 'start': key is 86dd
[14:55:02.345] [bmv2] [T] [thread 1826] [28.0] [cxt 0] Bytes parsed: 14
[14:55:02.345] [bmv2] [D] [thread 1826] [28.0] [cxt 0] Parser 'parser': end
[14:55:02.345] [bmv2] [D] [thread 1826] [28.0] [cxt 0] Pipeline 'ingress': start
[14:55:02.345] [bmv2] [T] [thread 1826] [28.0] [cxt 0] basic.p4(114) Condition "hdr.ipv4.isValid()" (node_2) is false
[14:55:02.345] [bmv2] [D] [thread 1826] [28.0] [cxt 0] Pipeline 'ingress': end
[14:55:02.345] [bmv2] [D] [thread 1826] [28.0] [cxt 0] Egress port is 0
[14:55:02.345] [bmv2] [D] [thread 1826] [29.0] [cxt 0] Processing packet received on port 4
[14:55:02.345] [bmv2] [D] [thread 1826] [29.0] [cxt 0] Parser 'parser': start
[14:55:02.345] [bmv2] [D] [thread 1826] [29.0] [cxt 0] Parser 'parser' entering state 'start'
[14:55:02.345] [bmv2] [D] [thread 1826] [29.0] [cxt 0] Extracting header 'ethernet'
[14:55:02.345] [bmv2] [D] [thread 1826] [29.0] [cxt 0] Parser state 'start': key is 86dd
[14:55:02.345] [bmv2] [T] [thread 1826] [29.0] [cxt 0] Bytes parsed: 14
[14:55:02.345] [bmv2] [D] [thread 1826] [29.0] [cxt 0] Parser 'parser': end
[14:55:02.345] [bmv2] [D] [thread 1826] [29.0] [cxt 0] Pipeline 'ingress': start
[14:55:02.345] [bmv2] [T] [thread 1826] [29.0] [cxt 0] basic.p4(114) Condition "hdr.ipv4.isValid()" (node_2) is false
[14:55:02.345] [bmv2] [D] [thread 1826] [29.0] [cxt 0] Pipeline 'ingress': end
[14:55:02.345] [bmv2] [D] [thread 1826] [29.0] [cxt 0] Egress port is 0
[14:55:02.345] [bmv2] [D] [thread 1827] [27.0] [cxt 0] Pipeline 'egress': start
[14:55:02.345] [bmv2] [D] [thread 1827] [27.0] [cxt 0] Pipeline 'egress': end
[14:55:02.345] [bmv2] [D] [thread 1827] [27.0] [cxt 0] Deparser 'deparser': start
[14:55:02.345] [bmv2] [T] [thread 1827] [27.0] [cxt 0] Skipping checksum 'cksum' update because condition not met
[14:55:02.345] [bmv2] [D] [thread 1827] [27.0] [cxt 0] Deparsing header 'ethernet'
[14:55:02.345] [bmv2] [D] [thread 1827] [27.0] [cxt 0] Deparser 'deparser': end
[14:55:02.345] [bmv2] [D] [thread 1827] [28.0] [cxt 0] Pipeline 'egress': start
[14:55:02.345] [bmv2] [D] [thread 1827] [28.0] [cxt 0] Pipeline 'egress': end
[14:55:02.345] [bmv2] [D] [thread 1827] [28.0] [cxt 0] Deparser 'deparser': start
[14:55:02.345] [bmv2] [T] [thread 1827] [28.0] [cxt 0] Skipping checksum 'cksum' update because condition not met
[14:55:02.345] [bmv2] [D] [thread 1827] [28.0] [cxt 0] Deparsing header 'ethernet'
[14:55:02.345] [bmv2] [D] [thread 1827] [28.0] [cxt 0] Deparser 'deparser': end
[14:55:02.345] [bmv2] [D] [thread 1827] [29.0] [cxt 0] Pipeline 'egress': start
[14:55:02.345] [bmv2] [D] [thread 1827] [29.0] [cxt 0] Pipeline 'egress': end
[14:55:02.345] [bmv2] [D] [thread 1827] [29.0] [cxt 0] Deparser 'deparser': start
[14:55:02.345] [bmv2] [T] [thread 1827] [29.0] [cxt 0] Skipping checksum 'cksum' update because condition not met
[14:55:02.345] [bmv2] [D] [thread 1827] [29.0] [cxt 0] Deparsing header 'ethernet'
[14:55:02.345] [bmv2] [D] [thread 1827] [29.0] [cxt 0] Deparser 'deparser': end
[14:55:02.345] [bmv2] [D] [thread 1831] [27.0] [cxt 0] Transmitting packet of size 70 out of port 0
[14:55:02.345] [bmv2] [D] [thread 1831] [28.0] [cxt 0] Transmitting packet of size 70 out of port 0
[14:55:02.345] [bmv2] [D] [thread 1831] [29.0] [cxt 0] Transmitting packet of size 70 out of port 0
[14:55:09.257] [bmv2] [D] [thread 1826] [30.0] [cxt 0] Processing packet received on port 4
[14:55:09.257] [bmv2] [D] [thread 1826] [30.0] [cxt 0] Parser 'parser': start
[14:55:09.257] [bmv2] [D] [thread 1826] [30.0] [cxt 0] Parser 'parser' entering state 'start'
[14:55:09.257] [bmv2] [D] [thread 1826] [30.0] [cxt 0] Extracting header 'ethernet'
[14:55:09.257] [bmv2] [D] [thread 1826] [30.0] [cxt 0] Parser state 'start': key is 86dd
[14:55:09.257] [bmv2] [T] [thread 1826] [30.0] [cxt 0] Bytes parsed: 14
[14:55:09.257] [bmv2] [D] [thread 1826] [30.0] [cxt 0] Parser 'parser': end
[14:55:09.257] [bmv2] [D] [thread 1826] [30.0] [cxt 0] Pipeline 'ingress': start
[14:55:09.257] [bmv2] [T] [thread 1826] [30.0] [cxt 0] basic.p4(114) Condition "hdr.ipv4.isValid()" (node_2) is false
[14:55:09.257] [bmv2] [D] [thread 1826] [30.0] [cxt 0] Pipeline 'ingress': end
[14:55:09.257] [bmv2] [D] [thread 1826] [30.0] [cxt 0] Egress port is 0
[14:55:09.257] [bmv2] [D] [thread 1827] [30.0] [cxt 0] Pipeline 'egress': start
[14:55:09.257] [bmv2] [D] [thread 1827] [30.0] [cxt 0] Pipeline 'egress': end
[14:55:09.257] [bmv2] [D] [thread 1827] [30.0] [cxt 0] Deparser 'deparser': start
[14:55:09.257] [bmv2] [T] [thread 1827] [30.0] [cxt 0] Skipping checksum 'cksum' update because condition not met
[14:55:09.257] [bmv2] [D] [thread 1827] [30.0] [cxt 0] Deparsing header 'ethernet'
[14:55:09.257] [bmv2] [D] [thread 1827] [30.0] [cxt 0] Deparser 'deparser': end
[14:55:09.257] [bmv2] [D] [thread 1831] [30.0] [cxt 0] Transmitting packet of size 70 out of port 0
[14:55:09.513] [bmv2] [D] [thread 1826] [31.0] [cxt 0] Processing packet received on port 1
[14:55:09.513] [bmv2] [D] [thread 1826] [31.0] [cxt 0] Parser 'parser': start
[14:55:09.513] [bmv2] [D] [thread 1826] [31.0] [cxt 0] Parser 'parser' entering state 'start'
[14:55:09.513] [bmv2] [D] [thread 1826] [31.0] [cxt 0] Extracting header 'ethernet'
[14:55:09.513] [bmv2] [D] [thread 1826] [31.0] [cxt 0] Parser state 'start': key is 86dd
[14:55:09.513] [bmv2] [T] [thread 1826] [31.0] [cxt 0] Bytes parsed: 14
[14:55:09.513] [bmv2] [D] [thread 1826] [31.0] [cxt 0] Parser 'parser': end
[14:55:09.513] [bmv2] [D] [thread 1826] [31.0] [cxt 0] Pipeline 'ingress': start
[14:55:09.513] [bmv2] [T] [thread 1826] [31.0] [cxt 0] basic.p4(114) Condition "hdr.ipv4.isValid()" (node_2) is false
[14:55:09.513] [bmv2] [D] [thread 1826] [31.0] [cxt 0] Pipeline 'ingress': end
[14:55:09.513] [bmv2] [D] [thread 1826] [31.0] [cxt 0] Egress port is 0
[14:55:09.514] [bmv2] [D] [thread 1827] [31.0] [cxt 0] Pipeline 'egress': start
[14:55:09.514] [bmv2] [D] [thread 1827] [31.0] [cxt 0] Pipeline 'egress': end
[14:55:09.514] [bmv2] [D] [thread 1827] [31.0] [cxt 0] Deparser 'deparser': start
[14:55:09.514] [bmv2] [T] [thread 1827] [31.0] [cxt 0] Skipping checksum 'cksum' update because condition not met
[14:55:09.514] [bmv2] [D] [thread 1827] [31.0] [cxt 0] Deparsing header 'ethernet'
[14:55:09.514] [bmv2] [D] [thread 1827] [31.0] [cxt 0] Deparser 'deparser': end
[14:55:09.514] [bmv2] [D] [thread 1831] [31.0] [cxt 0] Transmitting packet of size 70 out of port 0
[14:55:10.025] [bmv2] [D] [thread 1826] [32.0] [cxt 0] Processing packet received on port 3
[14:55:10.025] [bmv2] [D] [thread 1826] [32.0] [cxt 0] Parser 'parser': start
[14:55:10.025] [bmv2] [D] [thread 1826] [32.0] [cxt 0] Parser 'parser' entering state 'start'
[14:55:10.025] [bmv2] [D] [thread 1826] [32.0] [cxt 0] Extracting header 'ethernet'
[14:55:10.025] [bmv2] [D] [thread 1826] [32.0] [cxt 0] Parser state 'start': key is 86dd
[14:55:10.025] [bmv2] [T] [thread 1826] [32.0] [cxt 0] Bytes parsed: 14
[14:55:10.025] [bmv2] [D] [thread 1826] [32.0] [cxt 0] Parser 'parser': end
[14:55:10.025] [bmv2] [D] [thread 1826] [32.0] [cxt 0] Pipeline 'ingress': start
[14:55:10.025] [bmv2] [T] [thread 1826] [32.0] [cxt 0] basic.p4(114) Condition "hdr.ipv4.isValid()" (node_2) is false
[14:55:10.025] [bmv2] [D] [thread 1826] [32.0] [cxt 0] Pipeline 'ingress': end
[14:55:10.025] [bmv2] [D] [thread 1826] [32.0] [cxt 0] Egress port is 0
[14:55:10.025] [bmv2] [D] [thread 1827] [32.0] [cxt 0] Pipeline 'egress': start
[14:55:10.025] [bmv2] [D] [thread 1827] [32.0] [cxt 0] Pipeline 'egress': end
[14:55:10.025] [bmv2] [D] [thread 1827] [32.0] [cxt 0] Deparser 'deparser': start
[14:55:10.025] [bmv2] [T] [thread 1827] [32.0] [cxt 0] Skipping checksum 'cksum' update because condition not met
[14:55:10.025] [bmv2] [D] [thread 1827] [32.0] [cxt 0] Deparsing header 'ethernet'
[14:55:10.025] [bmv2] [D] [thread 1827] [32.0] [cxt 0] Deparser 'deparser': end
[14:55:10.025] [bmv2] [D] [thread 1831] [32.0] [cxt 0] Transmitting packet of size 70 out of port 0
[14:55:10.281] [bmv2] [D] [thread 1826] [33.0] [cxt 0] Processing packet received on port 4
[14:55:10.281] [bmv2] [D] [thread 1826] [33.0] [cxt 0] Parser 'parser': start
[14:55:10.281] [bmv2] [D] [thread 1826] [33.0] [cxt 0] Parser 'parser' entering state 'start'
[14:55:10.281] [bmv2] [D] [thread 1826] [33.0] [cxt 0] Extracting header 'ethernet'
[14:55:10.281] [bmv2] [D] [thread 1826] [33.0] [cxt 0] Parser state 'start': key is 86dd
[14:55:10.281] [bmv2] [T] [thread 1826] [33.0] [cxt 0] Bytes parsed: 14
[14:55:10.281] [bmv2] [D] [thread 1826] [33.0] [cxt 0] Parser 'parser': end
[14:55:10.281] [bmv2] [D] [thread 1826] [33.0] [cxt 0] Pipeline 'ingress': start
[14:55:10.281] [bmv2] [T] [thread 1826] [33.0] [cxt 0] basic.p4(114) Condition "hdr.ipv4.isValid()" (node_2) is false
[14:55:10.281] [bmv2] [D] [thread 1826] [33.0] [cxt 0] Pipeline 'ingress': end
[14:55:10.281] [bmv2] [D] [thread 1826] [33.0] [cxt 0] Egress port is 0
[14:55:10.281] [bmv2] [D] [thread 1827] [33.0] [cxt 0] Pipeline 'egress': start
[14:55:10.281] [bmv2] [D] [thread 1827] [33.0] [cxt 0] Pipeline 'egress': end
[14:55:10.281] [bmv2] [D] [thread 1827] [33.0] [cxt 0] Deparser 'deparser': start
[14:55:10.281] [bmv2] [T] [thread 1827] [33.0] [cxt 0] Skipping checksum 'cksum' update because condition not met
[14:55:10.281] [bmv2] [D] [thread 1827] [33.0] [cxt 0] Deparsing header 'ethernet'
[14:55:10.281] [bmv2] [D] [thread 1827] [33.0] [cxt 0] Deparser 'deparser': end
[14:55:10.281] [bmv2] [D] [thread 1831] [33.0] [cxt 0] Transmitting packet of size 70 out of port 0
[14:55:10.793] [bmv2] [D] [thread 1826] [34.0] [cxt 0] Processing packet received on port 2
[14:55:10.793] [bmv2] [D] [thread 1826] [34.0] [cxt 0] Parser 'parser': start
[14:55:10.793] [bmv2] [D] [thread 1826] [34.0] [cxt 0] Parser 'parser' entering state 'start'
[14:55:10.793] [bmv2] [D] [thread 1826] [34.0] [cxt 0] Extracting header 'ethernet'
[14:55:10.793] [bmv2] [D] [thread 1826] [34.0] [cxt 0] Parser state 'start': key is 86dd
[14:55:10.793] [bmv2] [T] [thread 1826] [34.0] [cxt 0] Bytes parsed: 14
[14:55:10.793] [bmv2] [D] [thread 1826] [34.0] [cxt 0] Parser 'parser': end
[14:55:10.793] [bmv2] [D] [thread 1826] [34.0] [cxt 0] Pipeline 'ingress': start
[14:55:10.793] [bmv2] [T] [thread 1826] [34.0] [cxt 0] basic.p4(114) Condition "hdr.ipv4.isValid()" (node_2) is false
[14:55:10.793] [bmv2] [D] [thread 1826] [34.0] [cxt 0] Pipeline 'ingress': end
[14:55:10.793] [bmv2] [D] [thread 1826] [34.0] [cxt 0] Egress port is 0
[14:55:10.793] [bmv2] [D] [thread 1826] [35.0] [cxt 0] Processing packet received on port 3
[14:55:10.793] [bmv2] [D] [thread 1826] [35.0] [cxt 0] Parser 'parser': start
[14:55:10.793] [bmv2] [D] [thread 1826] [35.0] [cxt 0] Parser 'parser' entering state 'start'
[14:55:10.793] [bmv2] [D] [thread 1826] [35.0] [cxt 0] Extracting header 'ethernet'
[14:55:10.793] [bmv2] [D] [thread 1826] [35.0] [cxt 0] Parser state 'start': key is 86dd
[14:55:10.793] [bmv2] [T] [thread 1826] [35.0] [cxt 0] Bytes parsed: 14
[14:55:10.793] [bmv2] [D] [thread 1826] [35.0] [cxt 0] Parser 'parser': end
[14:55:10.793] [bmv2] [D] [thread 1826] [35.0] [cxt 0] Pipeline 'ingress': start
[14:55:10.793] [bmv2] [T] [thread 1826] [35.0] [cxt 0] basic.p4(114) Condition "hdr.ipv4.isValid()" (node_2) is false
[14:55:10.793] [bmv2] [D] [thread 1826] [35.0] [cxt 0] Pipeline 'ingress': end
[14:55:10.793] [bmv2] [D] [thread 1826] [35.0] [cxt 0] Egress port is 0
[14:55:10.793] [bmv2] [D] [thread 1827] [34.0] [cxt 0] Pipeline 'egress': start
[14:55:10.793] [bmv2] [D] [thread 1827] [34.0] [cxt 0] Pipeline 'egress': end
[14:55:10.793] [bmv2] [D] [thread 1827] [34.0] [cxt 0] Deparser 'deparser': start
[14:55:10.793] [bmv2] [T] [thread 1827] [34.0] [cxt 0] Skipping checksum 'cksum' update because condition not met
[14:55:10.793] [bmv2] [D] [thread 1827] [34.0] [cxt 0] Deparsing header 'ethernet'
[14:55:10.793] [bmv2] [D] [thread 1827] [34.0] [cxt 0] Deparser 'deparser': end
[14:55:10.793] [bmv2] [D] [thread 1827] [35.0] [cxt 0] Pipeline 'egress': start
[14:55:10.793] [bmv2] [D] [thread 1827] [35.0] [cxt 0] Pipeline 'egress': end
[14:55:10.793] [bmv2] [D] [thread 1827] [35.0] [cxt 0] Deparser 'deparser': start
[14:55:10.793] [bmv2] [T] [thread 1827] [35.0] [cxt 0] Skipping checksum 'cksum' update because condition not met
[14:55:10.793] [bmv2] [D] [thread 1827] [35.0] [cxt 0] Deparsing header 'ethernet'
[14:55:10.793] [bmv2] [D] [thread 1827] [35.0] [cxt 0] Deparser 'deparser': end
[14:55:10.793] [bmv2] [D] [thread 1831] [34.0] [cxt 0] Transmitting packet of size 70 out of port 0
[14:55:10.793] [bmv2] [D] [thread 1831] [35.0] [cxt 0] Transmitting packet of size 70 out of port 0
[14:55:14.308] [bmv2] [D] [thread 1826] [36.0] [cxt 0] Processing packet received on port 1
[14:55:14.308] [bmv2] [D] [thread 1826] [36.0] [cxt 0] Parser 'parser': start
[14:55:14.308] [bmv2] [D] [thread 1826] [36.0] [cxt 0] Parser 'parser' entering state 'start'
[14:55:14.308] [bmv2] [D] [thread 1826] [36.0] [cxt 0] Extracting header 'ethernet'
[14:55:14.309] [bmv2] [D] [thread 1826] [36.0] [cxt 0] Parser state 'start': key is 0800
[14:55:14.309] [bmv2] [T] [thread 1826] [36.0] [cxt 0] Bytes parsed: 14
[14:55:14.309] [bmv2] [D] [thread 1826] [36.0] [cxt 0] Parser 'parser' entering state 'parse_ipv4'
[14:55:14.309] [bmv2] [D] [thread 1826] [36.0] [cxt 0] Extracting header 'ipv4'
[14:55:14.309] [bmv2] [D] [thread 1826] [36.0] [cxt 0] Parser state 'parse_ipv4' has no switch, going to default next state
[14:55:14.309] [bmv2] [T] [thread 1826] [36.0] [cxt 0] Bytes parsed: 34
[14:55:14.309] [bmv2] [D] [thread 1826] [36.0] [cxt 0] Parser 'parser': end
[14:55:14.309] [bmv2] [D] [thread 1826] [36.0] [cxt 0] Pipeline 'ingress': start
[14:55:14.309] [bmv2] [T] [thread 1826] [36.0] [cxt 0] basic.p4(114) Condition "hdr.ipv4.isValid()" (node_2) is true
[14:55:14.309] [bmv2] [T] [thread 1826] [36.0] [cxt 0] Applying table 'MyIngress.ipv4_lpm'
[14:55:14.309] [bmv2] [D] [thread 1826] [36.0] [cxt 0] Looking up key:
* hdr.ipv4.dstAddr    : 0a000202

[14:55:14.309] [bmv2] [D] [thread 1826] [36.0] [cxt 0] Table 'MyIngress.ipv4_lpm': hit with handle 1
[14:55:14.309] [bmv2] [D] [thread 1826] [36.0] [cxt 0] Dumping entry 1
Match key:
* hdr.ipv4.dstAddr    : LPM       0a000202/32
Action entry: MyIngress.ipv4_forward - 80000000222,2,

[14:55:14.309] [bmv2] [D] [thread 1826] [36.0] [cxt 0] Action entry is MyIngress.ipv4_forward - 80000000222,2,
[14:55:14.309] [bmv2] [T] [thread 1826] [36.0] [cxt 0] Action MyIngress.ipv4_forward
[14:55:14.309] [bmv2] [T] [thread 1826] [36.0] [cxt 0] basic.p4(94) Primitive standard_metadata.egress_spec = port
[14:55:14.309] [bmv2] [T] [thread 1826] [36.0] [cxt 0] basic.p4(95) Primitive hdr.ethernet.srcAddr = hdr.ethernet.dstAddr
[14:55:14.309] [bmv2] [T] [thread 1826] [36.0] [cxt 0] basic.p4(96) Primitive hdr.ethernet.dstAddr = dstAddr
[14:55:14.309] [bmv2] [T] [thread 1826] [36.0] [cxt 0] basic.p4(97) Primitive hdr.ipv4.ttl = hdr.ipv4.ttl - 1
[14:55:14.309] [bmv2] [D] [thread 1826] [36.0] [cxt 0] Pipeline 'ingress': end
[14:55:14.309] [bmv2] [D] [thread 1826] [36.0] [cxt 0] Egress port is 2
[14:55:14.309] [bmv2] [D] [thread 1829] [36.0] [cxt 0] Pipeline 'egress': start
[14:55:14.309] [bmv2] [D] [thread 1829] [36.0] [cxt 0] Pipeline 'egress': end
[14:55:14.309] [bmv2] [D] [thread 1829] [36.0] [cxt 0] Deparser 'deparser': start
[14:55:14.309] [bmv2] [D] [thread 1829] [36.0] [cxt 0] Updating checksum 'cksum'
[14:55:14.309] [bmv2] [D] [thread 1829] [36.0] [cxt 0] Deparsing header 'ethernet'
[14:55:14.309] [bmv2] [D] [thread 1829] [36.0] [cxt 0] Deparsing header 'ipv4'
[14:55:14.309] [bmv2] [D] [thread 1829] [36.0] [cxt 0] Deparser 'deparser': end
[14:55:14.309] [bmv2] [D] [thread 1831] [36.0] [cxt 0] Transmitting packet of size 98 out of port 2
[14:55:14.309] [bmv2] [D] [thread 1826] [37.0] [cxt 0] Processing packet received on port 2
[14:55:14.309] [bmv2] [D] [thread 1826] [37.0] [cxt 0] Parser 'parser': start
[14:55:14.309] [bmv2] [D] [thread 1826] [37.0] [cxt 0] Parser 'parser' entering state 'start'
[14:55:14.309] [bmv2] [D] [thread 1826] [37.0] [cxt 0] Extracting header 'ethernet'
[14:55:14.309] [bmv2] [D] [thread 1826] [37.0] [cxt 0] Parser state 'start': key is 0800
[14:55:14.309] [bmv2] [T] [thread 1826] [37.0] [cxt 0] Bytes parsed: 14
[14:55:14.309] [bmv2] [D] [thread 1826] [37.0] [cxt 0] Parser 'parser' entering state 'parse_ipv4'
[14:55:14.309] [bmv2] [D] [thread 1826] [37.0] [cxt 0] Extracting header 'ipv4'
[14:55:14.309] [bmv2] [D] [thread 1826] [37.0] [cxt 0] Parser state 'parse_ipv4' has no switch, going to default next state
[14:55:14.309] [bmv2] [T] [thread 1826] [37.0] [cxt 0] Bytes parsed: 34
[14:55:14.309] [bmv2] [D] [thread 1826] [37.0] [cxt 0] Parser 'parser': end
[14:55:14.309] [bmv2] [D] [thread 1826] [37.0] [cxt 0] Pipeline 'ingress': start
[14:55:14.309] [bmv2] [T] [thread 1826] [37.0] [cxt 0] basic.p4(114) Condition "hdr.ipv4.isValid()" (node_2) is true
[14:55:14.309] [bmv2] [T] [thread 1826] [37.0] [cxt 0] Applying table 'MyIngress.ipv4_lpm'
[14:55:14.309] [bmv2] [D] [thread 1826] [37.0] [cxt 0] Looking up key:
* hdr.ipv4.dstAddr    : 0a000101

[14:55:14.309] [bmv2] [D] [thread 1826] [37.0] [cxt 0] Table 'MyIngress.ipv4_lpm': hit with handle 0
[14:55:14.309] [bmv2] [D] [thread 1826] [37.0] [cxt 0] Dumping entry 0
Match key:
* hdr.ipv4.dstAddr    : LPM       0a000101/32
Action entry: MyIngress.ipv4_forward - 80000000111,1,

[14:55:14.309] [bmv2] [D] [thread 1826] [37.0] [cxt 0] Action entry is MyIngress.ipv4_forward - 80000000111,1,
[14:55:14.309] [bmv2] [T] [thread 1826] [37.0] [cxt 0] Action MyIngress.ipv4_forward
[14:55:14.309] [bmv2] [T] [thread 1826] [37.0] [cxt 0] basic.p4(94) Primitive standard_metadata.egress_spec = port
[14:55:14.309] [bmv2] [T] [thread 1826] [37.0] [cxt 0] basic.p4(95) Primitive hdr.ethernet.srcAddr = hdr.ethernet.dstAddr
[14:55:14.309] [bmv2] [T] [thread 1826] [37.0] [cxt 0] basic.p4(96) Primitive hdr.ethernet.dstAddr = dstAddr
[14:55:14.309] [bmv2] [T] [thread 1826] [37.0] [cxt 0] basic.p4(97) Primitive hdr.ipv4.ttl = hdr.ipv4.ttl - 1
[14:55:14.309] [bmv2] [D] [thread 1826] [37.0] [cxt 0] Pipeline 'ingress': end
[14:55:14.309] [bmv2] [D] [thread 1826] [37.0] [cxt 0] Egress port is 1
[14:55:14.309] [bmv2] [D] [thread 1828] [37.0] [cxt 0] Pipeline 'egress': start
[14:55:14.309] [bmv2] [D] [thread 1828] [37.0] [cxt 0] Pipeline 'egress': end
[14:55:14.309] [bmv2] [D] [thread 1828] [37.0] [cxt 0] Deparser 'deparser': start
[14:55:14.309] [bmv2] [D] [thread 1828] [37.0] [cxt 0] Updating checksum 'cksum'
[14:55:14.309] [bmv2] [D] [thread 1828] [37.0] [cxt 0] Deparsing header 'ethernet'
[14:55:14.309] [bmv2] [D] [thread 1828] [37.0] [cxt 0] Deparsing header 'ipv4'
[14:55:14.309] [bmv2] [D] [thread 1828] [37.0] [cxt 0] Deparser 'deparser': end
[14:55:14.309] [bmv2] [D] [thread 1831] [37.0] [cxt 0] Transmitting packet of size 98 out of port 1
[14:55:15.310] [bmv2] [D] [thread 1826] [38.0] [cxt 0] Processing packet received on port 1
[14:55:15.310] [bmv2] [D] [thread 1826] [38.0] [cxt 0] Parser 'parser': start
[14:55:15.310] [bmv2] [D] [thread 1826] [38.0] [cxt 0] Parser 'parser' entering state 'start'
[14:55:15.310] [bmv2] [D] [thread 1826] [38.0] [cxt 0] Extracting header 'ethernet'
[14:55:15.310] [bmv2] [D] [thread 1826] [38.0] [cxt 0] Parser state 'start': key is 0800
[14:55:15.310] [bmv2] [T] [thread 1826] [38.0] [cxt 0] Bytes parsed: 14
[14:55:15.310] [bmv2] [D] [thread 1826] [38.0] [cxt 0] Parser 'parser' entering state 'parse_ipv4'
[14:55:15.310] [bmv2] [D] [thread 1826] [38.0] [cxt 0] Extracting header 'ipv4'
[14:55:15.310] [bmv2] [D] [thread 1826] [38.0] [cxt 0] Parser state 'parse_ipv4' has no switch, going to default next state
[14:55:15.310] [bmv2] [T] [thread 1826] [38.0] [cxt 0] Bytes parsed: 34
[14:55:15.310] [bmv2] [D] [thread 1826] [38.0] [cxt 0] Parser 'parser': end
[14:55:15.310] [bmv2] [D] [thread 1826] [38.0] [cxt 0] Pipeline 'ingress': start
[14:55:15.310] [bmv2] [T] [thread 1826] [38.0] [cxt 0] basic.p4(114) Condition "hdr.ipv4.isValid()" (node_2) is true
[14:55:15.310] [bmv2] [T] [thread 1826] [38.0] [cxt 0] Applying table 'MyIngress.ipv4_lpm'
[14:55:15.310] [bmv2] [D] [thread 1826] [38.0] [cxt 0] Looking up key:
* hdr.ipv4.dstAddr    : 0a000202

[14:55:15.310] [bmv2] [D] [thread 1826] [38.0] [cxt 0] Table 'MyIngress.ipv4_lpm': hit with handle 1
[14:55:15.310] [bmv2] [D] [thread 1826] [38.0] [cxt 0] Dumping entry 1
Match key:
* hdr.ipv4.dstAddr    : LPM       0a000202/32
Action entry: MyIngress.ipv4_forward - 80000000222,2,

[14:55:15.310] [bmv2] [D] [thread 1826] [38.0] [cxt 0] Action entry is MyIngress.ipv4_forward - 80000000222,2,
[14:55:15.310] [bmv2] [T] [thread 1826] [38.0] [cxt 0] Action MyIngress.ipv4_forward
[14:55:15.310] [bmv2] [T] [thread 1826] [38.0] [cxt 0] basic.p4(94) Primitive standard_metadata.egress_spec = port
[14:55:15.310] [bmv2] [T] [thread 1826] [38.0] [cxt 0] basic.p4(95) Primitive hdr.ethernet.srcAddr = hdr.ethernet.dstAddr
[14:55:15.310] [bmv2] [T] [thread 1826] [38.0] [cxt 0] basic.p4(96) Primitive hdr.ethernet.dstAddr = dstAddr
[14:55:15.310] [bmv2] [T] [thread 1826] [38.0] [cxt 0] basic.p4(97) Primitive hdr.ipv4.ttl = hdr.ipv4.ttl - 1
[14:55:15.310] [bmv2] [D] [thread 1826] [38.0] [cxt 0] Pipeline 'ingress': end
[14:55:15.310] [bmv2] [D] [thread 1826] [38.0] [cxt 0] Egress port is 2
[14:55:15.310] [bmv2] [D] [thread 1829] [38.0] [cxt 0] Pipeline 'egress': start
[14:55:15.310] [bmv2] [D] [thread 1829] [38.0] [cxt 0] Pipeline 'egress': end
[14:55:15.310] [bmv2] [D] [thread 1829] [38.0] [cxt 0] Deparser 'deparser': start
[14:55:15.310] [bmv2] [D] [thread 1829] [38.0] [cxt 0] Updating checksum 'cksum'
[14:55:15.310] [bmv2] [D] [thread 1829] [38.0] [cxt 0] Deparsing header 'ethernet'
[14:55:15.310] [bmv2] [D] [thread 1829] [38.0] [cxt 0] Deparsing header 'ipv4'
[14:55:15.310] [bmv2] [D] [thread 1829] [38.0] [cxt 0] Deparser 'deparser': end
[14:55:15.310] [bmv2] [D] [thread 1831] [38.0] [cxt 0] Transmitting packet of size 98 out of port 2
[14:55:15.310] [bmv2] [D] [thread 1826] [39.0] [cxt 0] Processing packet received on port 2
[14:55:15.310] [bmv2] [D] [thread 1826] [39.0] [cxt 0] Parser 'parser': start
[14:55:15.310] [bmv2] [D] [thread 1826] [39.0] [cxt 0] Parser 'parser' entering state 'start'
[14:55:15.310] [bmv2] [D] [thread 1826] [39.0] [cxt 0] Extracting header 'ethernet'
[14:55:15.310] [bmv2] [D] [thread 1826] [39.0] [cxt 0] Parser state 'start': key is 0800
[14:55:15.310] [bmv2] [T] [thread 1826] [39.0] [cxt 0] Bytes parsed: 14
[14:55:15.310] [bmv2] [D] [thread 1826] [39.0] [cxt 0] Parser 'parser' entering state 'parse_ipv4'
[14:55:15.310] [bmv2] [D] [thread 1826] [39.0] [cxt 0] Extracting header 'ipv4'
[14:55:15.310] [bmv2] [D] [thread 1826] [39.0] [cxt 0] Parser state 'parse_ipv4' has no switch, going to default next state
[14:55:15.310] [bmv2] [T] [thread 1826] [39.0] [cxt 0] Bytes parsed: 34
[14:55:15.310] [bmv2] [D] [thread 1826] [39.0] [cxt 0] Parser 'parser': end
[14:55:15.310] [bmv2] [D] [thread 1826] [39.0] [cxt 0] Pipeline 'ingress': start
[14:55:15.310] [bmv2] [T] [thread 1826] [39.0] [cxt 0] basic.p4(114) Condition "hdr.ipv4.isValid()" (node_2) is true
[14:55:15.310] [bmv2] [T] [thread 1826] [39.0] [cxt 0] Applying table 'MyIngress.ipv4_lpm'
[14:55:15.310] [bmv2] [D] [thread 1826] [39.0] [cxt 0] Looking up key:
* hdr.ipv4.dstAddr    : 0a000101

[14:55:15.310] [bmv2] [D] [thread 1826] [39.0] [cxt 0] Table 'MyIngress.ipv4_lpm': hit with handle 0
[14:55:15.310] [bmv2] [D] [thread 1826] [39.0] [cxt 0] Dumping entry 0
Match key:
* hdr.ipv4.dstAddr    : LPM       0a000101/32
Action entry: MyIngress.ipv4_forward - 80000000111,1,

[14:55:15.310] [bmv2] [D] [thread 1826] [39.0] [cxt 0] Action entry is MyIngress.ipv4_forward - 80000000111,1,
[14:55:15.310] [bmv2] [T] [thread 1826] [39.0] [cxt 0] Action MyIngress.ipv4_forward
[14:55:15.310] [bmv2] [T] [thread 1826] [39.0] [cxt 0] basic.p4(94) Primitive standard_metadata.egress_spec = port
[14:55:15.310] [bmv2] [T] [thread 1826] [39.0] [cxt 0] basic.p4(95) Primitive hdr.ethernet.srcAddr = hdr.ethernet.dstAddr
[14:55:15.310] [bmv2] [T] [thread 1826] [39.0] [cxt 0] basic.p4(96) Primitive hdr.ethernet.dstAddr = dstAddr
[14:55:15.310] [bmv2] [T] [thread 1826] [39.0] [cxt 0] basic.p4(97) Primitive hdr.ipv4.ttl = hdr.ipv4.ttl - 1
[14:55:15.310] [bmv2] [D] [thread 1826] [39.0] [cxt 0] Pipeline 'ingress': end
[14:55:15.310] [bmv2] [D] [thread 1826] [39.0] [cxt 0] Egress port is 1
[14:55:15.310] [bmv2] [D] [thread 1828] [39.0] [cxt 0] Pipeline 'egress': start
[14:55:15.310] [bmv2] [D] [thread 1828] [39.0] [cxt 0] Pipeline 'egress': end
[14:55:15.310] [bmv2] [D] [thread 1828] [39.0] [cxt 0] Deparser 'deparser': start
[14:55:15.310] [bmv2] [D] [thread 1828] [39.0] [cxt 0] Updating checksum 'cksum'
[14:55:15.310] [bmv2] [D] [thread 1828] [39.0] [cxt 0] Deparsing header 'ethernet'
[14:55:15.310] [bmv2] [D] [thread 1828] [39.0] [cxt 0] Deparsing header 'ipv4'
[14:55:15.310] [bmv2] [D] [thread 1828] [39.0] [cxt 0] Deparser 'deparser': end
[14:55:15.310] [bmv2] [D] [thread 1831] [39.0] [cxt 0] Transmitting packet of size 98 out of port 1
[14:55:16.329] [bmv2] [D] [thread 1826] [40.0] [cxt 0] Processing packet received on port 1
[14:55:16.329] [bmv2] [D] [thread 1826] [40.0] [cxt 0] Parser 'parser': start
[14:55:16.329] [bmv2] [D] [thread 1826] [40.0] [cxt 0] Parser 'parser' entering state 'start'
[14:55:16.329] [bmv2] [D] [thread 1826] [40.0] [cxt 0] Extracting header 'ethernet'
[14:55:16.329] [bmv2] [D] [thread 1826] [40.0] [cxt 0] Parser state 'start': key is 0800
[14:55:16.329] [bmv2] [T] [thread 1826] [40.0] [cxt 0] Bytes parsed: 14
[14:55:16.329] [bmv2] [D] [thread 1826] [40.0] [cxt 0] Parser 'parser' entering state 'parse_ipv4'
[14:55:16.329] [bmv2] [D] [thread 1826] [40.0] [cxt 0] Extracting header 'ipv4'
[14:55:16.329] [bmv2] [D] [thread 1826] [40.0] [cxt 0] Parser state 'parse_ipv4' has no switch, going to default next state
[14:55:16.329] [bmv2] [T] [thread 1826] [40.0] [cxt 0] Bytes parsed: 34
[14:55:16.329] [bmv2] [D] [thread 1826] [40.0] [cxt 0] Parser 'parser': end
[14:55:16.329] [bmv2] [D] [thread 1826] [40.0] [cxt 0] Pipeline 'ingress': start
[14:55:16.329] [bmv2] [T] [thread 1826] [40.0] [cxt 0] basic.p4(114) Condition "hdr.ipv4.isValid()" (node_2) is true
[14:55:16.329] [bmv2] [T] [thread 1826] [40.0] [cxt 0] Applying table 'MyIngress.ipv4_lpm'
[14:55:16.329] [bmv2] [D] [thread 1826] [40.0] [cxt 0] Looking up key:
* hdr.ipv4.dstAddr    : 0a000202

[14:55:16.329] [bmv2] [D] [thread 1826] [40.0] [cxt 0] Table 'MyIngress.ipv4_lpm': hit with handle 1
[14:55:16.329] [bmv2] [D] [thread 1826] [40.0] [cxt 0] Dumping entry 1
Match key:
* hdr.ipv4.dstAddr    : LPM       0a000202/32
Action entry: MyIngress.ipv4_forward - 80000000222,2,

[14:55:16.329] [bmv2] [D] [thread 1826] [40.0] [cxt 0] Action entry is MyIngress.ipv4_forward - 80000000222,2,
[14:55:16.329] [bmv2] [T] [thread 1826] [40.0] [cxt 0] Action MyIngress.ipv4_forward
[14:55:16.329] [bmv2] [T] [thread 1826] [40.0] [cxt 0] basic.p4(94) Primitive standard_metadata.egress_spec = port
[14:55:16.329] [bmv2] [T] [thread 1826] [40.0] [cxt 0] basic.p4(95) Primitive hdr.ethernet.srcAddr = hdr.ethernet.dstAddr
[14:55:16.329] [bmv2] [T] [thread 1826] [40.0] [cxt 0] basic.p4(96) Primitive hdr.ethernet.dstAddr = dstAddr
[14:55:16.329] [bmv2] [T] [thread 1826] [40.0] [cxt 0] basic.p4(97) Primitive hdr.ipv4.ttl = hdr.ipv4.ttl - 1
[14:55:16.329] [bmv2] [D] [thread 1826] [40.0] [cxt 0] Pipeline 'ingress': end
[14:55:16.329] [bmv2] [D] [thread 1826] [40.0] [cxt 0] Egress port is 2
[14:55:16.329] [bmv2] [D] [thread 1829] [40.0] [cxt 0] Pipeline 'egress': start
[14:55:16.329] [bmv2] [D] [thread 1829] [40.0] [cxt 0] Pipeline 'egress': end
[14:55:16.329] [bmv2] [D] [thread 1829] [40.0] [cxt 0] Deparser 'deparser': start
[14:55:16.329] [bmv2] [D] [thread 1829] [40.0] [cxt 0] Updating checksum 'cksum'
[14:55:16.329] [bmv2] [D] [thread 1829] [40.0] [cxt 0] Deparsing header 'ethernet'
[14:55:16.329] [bmv2] [D] [thread 1829] [40.0] [cxt 0] Deparsing header 'ipv4'
[14:55:16.329] [bmv2] [D] [thread 1829] [40.0] [cxt 0] Deparser 'deparser': end
[14:55:16.329] [bmv2] [D] [thread 1831] [40.0] [cxt 0] Transmitting packet of size 98 out of port 2
[14:55:16.330] [bmv2] [D] [thread 1826] [41.0] [cxt 0] Processing packet received on port 2
[14:55:16.330] [bmv2] [D] [thread 1826] [41.0] [cxt 0] Parser 'parser': start
[14:55:16.330] [bmv2] [D] [thread 1826] [41.0] [cxt 0] Parser 'parser' entering state 'start'
[14:55:16.330] [bmv2] [D] [thread 1826] [41.0] [cxt 0] Extracting header 'ethernet'
[14:55:16.330] [bmv2] [D] [thread 1826] [41.0] [cxt 0] Parser state 'start': key is 0800
[14:55:16.330] [bmv2] [T] [thread 1826] [41.0] [cxt 0] Bytes parsed: 14
[14:55:16.330] [bmv2] [D] [thread 1826] [41.0] [cxt 0] Parser 'parser' entering state 'parse_ipv4'
[14:55:16.330] [bmv2] [D] [thread 1826] [41.0] [cxt 0] Extracting header 'ipv4'
[14:55:16.330] [bmv2] [D] [thread 1826] [41.0] [cxt 0] Parser state 'parse_ipv4' has no switch, going to default next state
[14:55:16.330] [bmv2] [T] [thread 1826] [41.0] [cxt 0] Bytes parsed: 34
[14:55:16.330] [bmv2] [D] [thread 1826] [41.0] [cxt 0] Parser 'parser': end
[14:55:16.330] [bmv2] [D] [thread 1826] [41.0] [cxt 0] Pipeline 'ingress': start
[14:55:16.330] [bmv2] [T] [thread 1826] [41.0] [cxt 0] basic.p4(114) Condition "hdr.ipv4.isValid()" (node_2) is true
[14:55:16.330] [bmv2] [T] [thread 1826] [41.0] [cxt 0] Applying table 'MyIngress.ipv4_lpm'
[14:55:16.330] [bmv2] [D] [thread 1826] [41.0] [cxt 0] Looking up key:
* hdr.ipv4.dstAddr    : 0a000101

[14:55:16.330] [bmv2] [D] [thread 1826] [41.0] [cxt 0] Table 'MyIngress.ipv4_lpm': hit with handle 0
[14:55:16.330] [bmv2] [D] [thread 1826] [41.0] [cxt 0] Dumping entry 0
Match key:
* hdr.ipv4.dstAddr    : LPM       0a000101/32
Action entry: MyIngress.ipv4_forward - 80000000111,1,

[14:55:16.330] [bmv2] [D] [thread 1826] [41.0] [cxt 0] Action entry is MyIngress.ipv4_forward - 80000000111,1,
[14:55:16.330] [bmv2] [T] [thread 1826] [41.0] [cxt 0] Action MyIngress.ipv4_forward
[14:55:16.330] [bmv2] [T] [thread 1826] [41.0] [cxt 0] basic.p4(94) Primitive standard_metadata.egress_spec = port
[14:55:16.330] [bmv2] [T] [thread 1826] [41.0] [cxt 0] basic.p4(95) Primitive hdr.ethernet.srcAddr = hdr.ethernet.dstAddr
[14:55:16.330] [bmv2] [T] [thread 1826] [41.0] [cxt 0] basic.p4(96) Primitive hdr.ethernet.dstAddr = dstAddr
[14:55:16.330] [bmv2] [T] [thread 1826] [41.0] [cxt 0] basic.p4(97) Primitive hdr.ipv4.ttl = hdr.ipv4.ttl - 1
[14:55:16.330] [bmv2] [D] [thread 1826] [41.0] [cxt 0] Pipeline 'ingress': end
[14:55:16.330] [bmv2] [D] [thread 1826] [41.0] [cxt 0] Egress port is 1
[14:55:16.330] [bmv2] [D] [thread 1828] [41.0] [cxt 0] Pipeline 'egress': start
[14:55:16.330] [bmv2] [D] [thread 1828] [41.0] [cxt 0] Pipeline 'egress': end
[14:55:16.330] [bmv2] [D] [thread 1828] [41.0] [cxt 0] Deparser 'deparser': start
[14:55:16.330] [bmv2] [D] [thread 1828] [41.0] [cxt 0] Updating checksum 'cksum'
[14:55:16.330] [bmv2] [D] [thread 1828] [41.0] [cxt 0] Deparsing header 'ethernet'
[14:55:16.330] [bmv2] [D] [thread 1828] [41.0] [cxt 0] Deparsing header 'ipv4'
[14:55:16.330] [bmv2] [D] [thread 1828] [41.0] [cxt 0] Deparser 'deparser': end
[14:55:16.330] [bmv2] [D] [thread 1831] [41.0] [cxt 0] Transmitting packet of size 98 out of port 1
[14:55:17.330] [bmv2] [D] [thread 1826] [42.0] [cxt 0] Processing packet received on port 1
[14:55:17.330] [bmv2] [D] [thread 1826] [42.0] [cxt 0] Parser 'parser': start
[14:55:17.330] [bmv2] [D] [thread 1826] [42.0] [cxt 0] Parser 'parser' entering state 'start'
[14:55:17.330] [bmv2] [D] [thread 1826] [42.0] [cxt 0] Extracting header 'ethernet'
[14:55:17.330] [bmv2] [D] [thread 1826] [42.0] [cxt 0] Parser state 'start': key is 0800
[14:55:17.330] [bmv2] [T] [thread 1826] [42.0] [cxt 0] Bytes parsed: 14
[14:55:17.330] [bmv2] [D] [thread 1826] [42.0] [cxt 0] Parser 'parser' entering state 'parse_ipv4'
[14:55:17.330] [bmv2] [D] [thread 1826] [42.0] [cxt 0] Extracting header 'ipv4'
[14:55:17.330] [bmv2] [D] [thread 1826] [42.0] [cxt 0] Parser state 'parse_ipv4' has no switch, going to default next state
[14:55:17.330] [bmv2] [T] [thread 1826] [42.0] [cxt 0] Bytes parsed: 34
[14:55:17.330] [bmv2] [D] [thread 1826] [42.0] [cxt 0] Parser 'parser': end
[14:55:17.330] [bmv2] [D] [thread 1826] [42.0] [cxt 0] Pipeline 'ingress': start
[14:55:17.330] [bmv2] [T] [thread 1826] [42.0] [cxt 0] basic.p4(114) Condition "hdr.ipv4.isValid()" (node_2) is true
[14:55:17.330] [bmv2] [T] [thread 1826] [42.0] [cxt 0] Applying table 'MyIngress.ipv4_lpm'
[14:55:17.330] [bmv2] [D] [thread 1826] [42.0] [cxt 0] Looking up key:
* hdr.ipv4.dstAddr    : 0a000202

[14:55:17.330] [bmv2] [D] [thread 1826] [42.0] [cxt 0] Table 'MyIngress.ipv4_lpm': hit with handle 1
[14:55:17.330] [bmv2] [D] [thread 1826] [42.0] [cxt 0] Dumping entry 1
Match key:
* hdr.ipv4.dstAddr    : LPM       0a000202/32
Action entry: MyIngress.ipv4_forward - 80000000222,2,

[14:55:17.330] [bmv2] [D] [thread 1826] [42.0] [cxt 0] Action entry is MyIngress.ipv4_forward - 80000000222,2,
[14:55:17.330] [bmv2] [T] [thread 1826] [42.0] [cxt 0] Action MyIngress.ipv4_forward
[14:55:17.330] [bmv2] [T] [thread 1826] [42.0] [cxt 0] basic.p4(94) Primitive standard_metadata.egress_spec = port
[14:55:17.330] [bmv2] [T] [thread 1826] [42.0] [cxt 0] basic.p4(95) Primitive hdr.ethernet.srcAddr = hdr.ethernet.dstAddr
[14:55:17.330] [bmv2] [T] [thread 1826] [42.0] [cxt 0] basic.p4(96) Primitive hdr.ethernet.dstAddr = dstAddr
[14:55:17.330] [bmv2] [T] [thread 1826] [42.0] [cxt 0] basic.p4(97) Primitive hdr.ipv4.ttl = hdr.ipv4.ttl - 1
[14:55:17.330] [bmv2] [D] [thread 1826] [42.0] [cxt 0] Pipeline 'ingress': end
[14:55:17.330] [bmv2] [D] [thread 1826] [42.0] [cxt 0] Egress port is 2
[14:55:17.330] [bmv2] [D] [thread 1829] [42.0] [cxt 0] Pipeline 'egress': start
[14:55:17.330] [bmv2] [D] [thread 1829] [42.0] [cxt 0] Pipeline 'egress': end
[14:55:17.330] [bmv2] [D] [thread 1829] [42.0] [cxt 0] Deparser 'deparser': start
[14:55:17.330] [bmv2] [D] [thread 1829] [42.0] [cxt 0] Updating checksum 'cksum'
[14:55:17.330] [bmv2] [D] [thread 1829] [42.0] [cxt 0] Deparsing header 'ethernet'
[14:55:17.330] [bmv2] [D] [thread 1829] [42.0] [cxt 0] Deparsing header 'ipv4'
[14:55:17.330] [bmv2] [D] [thread 1829] [42.0] [cxt 0] Deparser 'deparser': end
[14:55:17.330] [bmv2] [D] [thread 1831] [42.0] [cxt 0] Transmitting packet of size 98 out of port 2
[14:55:17.330] [bmv2] [D] [thread 1826] [43.0] [cxt 0] Processing packet received on port 2
[14:55:17.330] [bmv2] [D] [thread 1826] [43.0] [cxt 0] Parser 'parser': start
[14:55:17.330] [bmv2] [D] [thread 1826] [43.0] [cxt 0] Parser 'parser' entering state 'start'
[14:55:17.330] [bmv2] [D] [thread 1826] [43.0] [cxt 0] Extracting header 'ethernet'
[14:55:17.330] [bmv2] [D] [thread 1826] [43.0] [cxt 0] Parser state 'start': key is 0800
[14:55:17.330] [bmv2] [T] [thread 1826] [43.0] [cxt 0] Bytes parsed: 14
[14:55:17.330] [bmv2] [D] [thread 1826] [43.0] [cxt 0] Parser 'parser' entering state 'parse_ipv4'
[14:55:17.330] [bmv2] [D] [thread 1826] [43.0] [cxt 0] Extracting header 'ipv4'
[14:55:17.330] [bmv2] [D] [thread 1826] [43.0] [cxt 0] Parser state 'parse_ipv4' has no switch, going to default next state
[14:55:17.330] [bmv2] [T] [thread 1826] [43.0] [cxt 0] Bytes parsed: 34
[14:55:17.330] [bmv2] [D] [thread 1826] [43.0] [cxt 0] Parser 'parser': end
[14:55:17.330] [bmv2] [D] [thread 1826] [43.0] [cxt 0] Pipeline 'ingress': start
[14:55:17.330] [bmv2] [T] [thread 1826] [43.0] [cxt 0] basic.p4(114) Condition "hdr.ipv4.isValid()" (node_2) is true
[14:55:17.330] [bmv2] [T] [thread 1826] [43.0] [cxt 0] Applying table 'MyIngress.ipv4_lpm'
[14:55:17.330] [bmv2] [D] [thread 1826] [43.0] [cxt 0] Looking up key:
* hdr.ipv4.dstAddr    : 0a000101

[14:55:17.330] [bmv2] [D] [thread 1826] [43.0] [cxt 0] Table 'MyIngress.ipv4_lpm': hit with handle 0
[14:55:17.330] [bmv2] [D] [thread 1826] [43.0] [cxt 0] Dumping entry 0
Match key:
* hdr.ipv4.dstAddr    : LPM       0a000101/32
Action entry: MyIngress.ipv4_forward - 80000000111,1,

[14:55:17.330] [bmv2] [D] [thread 1826] [43.0] [cxt 0] Action entry is MyIngress.ipv4_forward - 80000000111,1,
[14:55:17.330] [bmv2] [T] [thread 1826] [43.0] [cxt 0] Action MyIngress.ipv4_forward
[14:55:17.330] [bmv2] [T] [thread 1826] [43.0] [cxt 0] basic.p4(94) Primitive standard_metadata.egress_spec = port
[14:55:17.330] [bmv2] [T] [thread 1826] [43.0] [cxt 0] basic.p4(95) Primitive hdr.ethernet.srcAddr = hdr.ethernet.dstAddr
[14:55:17.330] [bmv2] [T] [thread 1826] [43.0] [cxt 0] basic.p4(96) Primitive hdr.ethernet.dstAddr = dstAddr
[14:55:17.330] [bmv2] [T] [thread 1826] [43.0] [cxt 0] basic.p4(97) Primitive hdr.ipv4.ttl = hdr.ipv4.ttl - 1
[14:55:17.330] [bmv2] [D] [thread 1826] [43.0] [cxt 0] Pipeline 'ingress': end
[14:55:17.330] [bmv2] [D] [thread 1826] [43.0] [cxt 0] Egress port is 1
[14:55:17.330] [bmv2] [D] [thread 1828] [43.0] [cxt 0] Pipeline 'egress': start
[14:55:17.330] [bmv2] [D] [thread 1828] [43.0] [cxt 0] Pipeline 'egress': end
[14:55:17.330] [bmv2] [D] [thread 1828] [43.0] [cxt 0] Deparser 'deparser': start
[14:55:17.330] [bmv2] [D] [thread 1828] [43.0] [cxt 0] Updating checksum 'cksum'
[14:55:17.330] [bmv2] [D] [thread 1828] [43.0] [cxt 0] Deparsing header 'ethernet'
[14:55:17.330] [bmv2] [D] [thread 1828] [43.0] [cxt 0] Deparsing header 'ipv4'
[14:55:17.330] [bmv2] [D] [thread 1828] [43.0] [cxt 0] Deparser 'deparser': end
[14:55:17.330] [bmv2] [D] [thread 1831] [43.0] [cxt 0] Transmitting packet of size 98 out of port 1
[14:55:18.345] [bmv2] [D] [thread 1826] [44.0] [cxt 0] Processing packet received on port 1
[14:55:18.345] [bmv2] [D] [thread 1826] [44.0] [cxt 0] Parser 'parser': start
[14:55:18.345] [bmv2] [D] [thread 1826] [44.0] [cxt 0] Parser 'parser' entering state 'start'
[14:55:18.345] [bmv2] [D] [thread 1826] [44.0] [cxt 0] Extracting header 'ethernet'
[14:55:18.345] [bmv2] [D] [thread 1826] [44.0] [cxt 0] Parser state 'start': key is 0800
[14:55:18.345] [bmv2] [T] [thread 1826] [44.0] [cxt 0] Bytes parsed: 14
[14:55:18.345] [bmv2] [D] [thread 1826] [44.0] [cxt 0] Parser 'parser' entering state 'parse_ipv4'
[14:55:18.345] [bmv2] [D] [thread 1826] [44.0] [cxt 0] Extracting header 'ipv4'
[14:55:18.345] [bmv2] [D] [thread 1826] [44.0] [cxt 0] Parser state 'parse_ipv4' has no switch, going to default next state
[14:55:18.345] [bmv2] [T] [thread 1826] [44.0] [cxt 0] Bytes parsed: 34
[14:55:18.345] [bmv2] [D] [thread 1826] [44.0] [cxt 0] Parser 'parser': end
[14:55:18.345] [bmv2] [D] [thread 1826] [44.0] [cxt 0] Pipeline 'ingress': start
[14:55:18.345] [bmv2] [T] [thread 1826] [44.0] [cxt 0] basic.p4(114) Condition "hdr.ipv4.isValid()" (node_2) is true
[14:55:18.345] [bmv2] [T] [thread 1826] [44.0] [cxt 0] Applying table 'MyIngress.ipv4_lpm'
[14:55:18.345] [bmv2] [D] [thread 1826] [44.0] [cxt 0] Looking up key:
* hdr.ipv4.dstAddr    : 0a000202

[14:55:18.345] [bmv2] [D] [thread 1826] [44.0] [cxt 0] Table 'MyIngress.ipv4_lpm': hit with handle 1
[14:55:18.345] [bmv2] [D] [thread 1826] [44.0] [cxt 0] Dumping entry 1
Match key:
* hdr.ipv4.dstAddr    : LPM       0a000202/32
Action entry: MyIngress.ipv4_forward - 80000000222,2,

[14:55:18.345] [bmv2] [D] [thread 1826] [44.0] [cxt 0] Action entry is MyIngress.ipv4_forward - 80000000222,2,
[14:55:18.345] [bmv2] [T] [thread 1826] [44.0] [cxt 0] Action MyIngress.ipv4_forward
[14:55:18.345] [bmv2] [T] [thread 1826] [44.0] [cxt 0] basic.p4(94) Primitive standard_metadata.egress_spec = port
[14:55:18.345] [bmv2] [T] [thread 1826] [44.0] [cxt 0] basic.p4(95) Primitive hdr.ethernet.srcAddr = hdr.ethernet.dstAddr
[14:55:18.345] [bmv2] [T] [thread 1826] [44.0] [cxt 0] basic.p4(96) Primitive hdr.ethernet.dstAddr = dstAddr
[14:55:18.345] [bmv2] [T] [thread 1826] [44.0] [cxt 0] basic.p4(97) Primitive hdr.ipv4.ttl = hdr.ipv4.ttl - 1
[14:55:18.345] [bmv2] [D] [thread 1826] [44.0] [cxt 0] Pipeline 'ingress': end
[14:55:18.345] [bmv2] [D] [thread 1826] [44.0] [cxt 0] Egress port is 2
[14:55:18.345] [bmv2] [D] [thread 1829] [44.0] [cxt 0] Pipeline 'egress': start
[14:55:18.345] [bmv2] [D] [thread 1829] [44.0] [cxt 0] Pipeline 'egress': end
[14:55:18.345] [bmv2] [D] [thread 1829] [44.0] [cxt 0] Deparser 'deparser': start
[14:55:18.345] [bmv2] [D] [thread 1829] [44.0] [cxt 0] Updating checksum 'cksum'
[14:55:18.345] [bmv2] [D] [thread 1829] [44.0] [cxt 0] Deparsing header 'ethernet'
[14:55:18.345] [bmv2] [D] [thread 1829] [44.0] [cxt 0] Deparsing header 'ipv4'
[14:55:18.345] [bmv2] [D] [thread 1829] [44.0] [cxt 0] Deparser 'deparser': end
[14:55:18.345] [bmv2] [D] [thread 1831] [44.0] [cxt 0] Transmitting packet of size 98 out of port 2
[14:55:18.346] [bmv2] [D] [thread 1826] [45.0] [cxt 0] Processing packet received on port 2
[14:55:18.346] [bmv2] [D] [thread 1826] [45.0] [cxt 0] Parser 'parser': start
[14:55:18.346] [bmv2] [D] [thread 1826] [45.0] [cxt 0] Parser 'parser' entering state 'start'
[14:55:18.346] [bmv2] [D] [thread 1826] [45.0] [cxt 0] Extracting header 'ethernet'
[14:55:18.346] [bmv2] [D] [thread 1826] [45.0] [cxt 0] Parser state 'start': key is 0800
[14:55:18.346] [bmv2] [T] [thread 1826] [45.0] [cxt 0] Bytes parsed: 14
[14:55:18.346] [bmv2] [D] [thread 1826] [45.0] [cxt 0] Parser 'parser' entering state 'parse_ipv4'
[14:55:18.346] [bmv2] [D] [thread 1826] [45.0] [cxt 0] Extracting header 'ipv4'
[14:55:18.346] [bmv2] [D] [thread 1826] [45.0] [cxt 0] Parser state 'parse_ipv4' has no switch, going to default next state
[14:55:18.346] [bmv2] [T] [thread 1826] [45.0] [cxt 0] Bytes parsed: 34
[14:55:18.346] [bmv2] [D] [thread 1826] [45.0] [cxt 0] Parser 'parser': end
[14:55:18.346] [bmv2] [D] [thread 1826] [45.0] [cxt 0] Pipeline 'ingress': start
[14:55:18.346] [bmv2] [T] [thread 1826] [45.0] [cxt 0] basic.p4(114) Condition "hdr.ipv4.isValid()" (node_2) is true
[14:55:18.346] [bmv2] [T] [thread 1826] [45.0] [cxt 0] Applying table 'MyIngress.ipv4_lpm'
[14:55:18.346] [bmv2] [D] [thread 1826] [45.0] [cxt 0] Looking up key:
* hdr.ipv4.dstAddr    : 0a000101

[14:55:18.346] [bmv2] [D] [thread 1826] [45.0] [cxt 0] Table 'MyIngress.ipv4_lpm': hit with handle 0
[14:55:18.346] [bmv2] [D] [thread 1826] [45.0] [cxt 0] Dumping entry 0
Match key:
* hdr.ipv4.dstAddr    : LPM       0a000101/32
Action entry: MyIngress.ipv4_forward - 80000000111,1,

[14:55:18.346] [bmv2] [D] [thread 1826] [45.0] [cxt 0] Action entry is MyIngress.ipv4_forward - 80000000111,1,
[14:55:18.346] [bmv2] [T] [thread 1826] [45.0] [cxt 0] Action MyIngress.ipv4_forward
[14:55:18.346] [bmv2] [T] [thread 1826] [45.0] [cxt 0] basic.p4(94) Primitive standard_metadata.egress_spec = port
[14:55:18.346] [bmv2] [T] [thread 1826] [45.0] [cxt 0] basic.p4(95) Primitive hdr.ethernet.srcAddr = hdr.ethernet.dstAddr
[14:55:18.346] [bmv2] [T] [thread 1826] [45.0] [cxt 0] basic.p4(96) Primitive hdr.ethernet.dstAddr = dstAddr
[14:55:18.346] [bmv2] [T] [thread 1826] [45.0] [cxt 0] basic.p4(97) Primitive hdr.ipv4.ttl = hdr.ipv4.ttl - 1
[14:55:18.346] [bmv2] [D] [thread 1826] [45.0] [cxt 0] Pipeline 'ingress': end
[14:55:18.346] [bmv2] [D] [thread 1826] [45.0] [cxt 0] Egress port is 1
[14:55:18.346] [bmv2] [D] [thread 1828] [45.0] [cxt 0] Pipeline 'egress': start
[14:55:18.346] [bmv2] [D] [thread 1828] [45.0] [cxt 0] Pipeline 'egress': end
[14:55:18.346] [bmv2] [D] [thread 1828] [45.0] [cxt 0] Deparser 'deparser': start
[14:55:18.346] [bmv2] [D] [thread 1828] [45.0] [cxt 0] Updating checksum 'cksum'
[14:55:18.346] [bmv2] [D] [thread 1828] [45.0] [cxt 0] Deparsing header 'ethernet'
[14:55:18.346] [bmv2] [D] [thread 1828] [45.0] [cxt 0] Deparsing header 'ipv4'
[14:55:18.346] [bmv2] [D] [thread 1828] [45.0] [cxt 0] Deparser 'deparser': end
[14:55:18.346] [bmv2] [D] [thread 1831] [45.0] [cxt 0] Transmitting packet of size 98 out of port 1
