Calling target program-options parser
[14:54:57.343] [bmv2] [D] [thread 1833] Set default default entry for table 'MyIngress.ipv4_lpm': MyIngress.drop - 
Adding interface s2-eth1 as port 1
[14:54:57.344] [bmv2] [D] [thread 1833] Adding interface s2-eth1 as port 1
Adding interface s2-eth2 as port 2
[14:54:57.385] [bmv2] [D] [thread 1833] Adding interface s2-eth2 as port 2
Adding interface s2-eth3 as port 3
[14:54:57.425] [bmv2] [D] [thread 1833] Adding interface s2-eth3 as port 3
Adding interface s2-eth4 as port 4
[14:54:57.465] [bmv2] [D] [thread 1833] Adding interface s2-eth4 as port 4
Server listening on 0.0.0.0:50052
[14:54:57.501] [bmv2] [I] [thread 1833] Starting Thrift server on port 9091
[14:54:57.501] [bmv2] [I] [thread 1833] Thrift server was started
[14:54:57.502] [bmv2] [D] [thread 1843] [0.0] [cxt 0] Processing packet received on port 1
[14:54:57.502] [bmv2] [D] [thread 1843] [0.0] [cxt 0] Parser 'parser': start
[14:54:57.502] [bmv2] [D] [thread 1843] [0.0] [cxt 0] Parser 'parser' entering state 'start'
[14:54:57.502] [bmv2] [D] [thread 1843] [0.0] [cxt 0] Extracting header 'ethernet'
[14:54:57.502] [bmv2] [D] [thread 1843] [0.0] [cxt 0] Parser state 'start': key is 86dd
[14:54:57.502] [bmv2] [T] [thread 1843] [0.0] [cxt 0] Bytes parsed: 14
[14:54:57.502] [bmv2] [D] [thread 1843] [0.0] [cxt 0] Parser 'parser': end
[14:54:57.502] [bmv2] [D] [thread 1843] [0.0] [cxt 0] Pipeline 'ingress': start
[14:54:57.502] [bmv2] [T] [thread 1843] [0.0] [cxt 0] basic.p4(114) Condition "hdr.ipv4.isValid()" (node_2) is false
[14:54:57.502] [bmv2] [D] [thread 1843] [0.0] [cxt 0] Pipeline 'ingress': end
[14:54:57.502] [bmv2] [D] [thread 1843] [0.0] [cxt 0] Egress port is 0
[14:54:57.502] [bmv2] [D] [thread 1844] [0.0] [cxt 0] Pipeline 'egress': start
[14:54:57.502] [bmv2] [D] [thread 1844] [0.0] [cxt 0] Pipeline 'egress': end
[14:54:57.502] [bmv2] [D] [thread 1844] [0.0] [cxt 0] Deparser 'deparser': start
[14:54:57.502] [bmv2] [T] [thread 1844] [0.0] [cxt 0] Skipping checksum 'cksum' update because condition not met
[14:54:57.502] [bmv2] [D] [thread 1844] [0.0] [cxt 0] Deparsing header 'ethernet'
[14:54:57.502] [bmv2] [D] [thread 1844] [0.0] [cxt 0] Deparser 'deparser': end
[14:54:57.502] [bmv2] [D] [thread 1848] [0.0] [cxt 0] Transmitting packet of size 90 out of port 0
[14:54:57.513] [bmv2] [D] [thread 1843] [1.0] [cxt 0] Processing packet received on port 4
[14:54:57.513] [bmv2] [D] [thread 1843] [1.0] [cxt 0] Parser 'parser': start
[14:54:57.513] [bmv2] [D] [thread 1843] [1.0] [cxt 0] Parser 'parser' entering state 'start'
[14:54:57.513] [bmv2] [D] [thread 1843] [1.0] [cxt 0] Extracting header 'ethernet'
[14:54:57.513] [bmv2] [D] [thread 1843] [1.0] [cxt 0] Parser state 'start': key is 86dd
[14:54:57.513] [bmv2] [T] [thread 1843] [1.0] [cxt 0] Bytes parsed: 14
[14:54:57.513] [bmv2] [D] [thread 1843] [1.0] [cxt 0] Parser 'parser': end
[14:54:57.513] [bmv2] [D] [thread 1843] [1.0] [cxt 0] Pipeline 'ingress': start
[14:54:57.513] [bmv2] [T] [thread 1843] [1.0] [cxt 0] basic.p4(114) Condition "hdr.ipv4.isValid()" (node_2) is false
[14:54:57.513] [bmv2] [D] [thread 1843] [1.0] [cxt 0] Pipeline 'ingress': end
[14:54:57.513] [bmv2] [D] [thread 1843] [1.0] [cxt 0] Egress port is 0
[14:54:57.513] [bmv2] [D] [thread 1844] [1.0] [cxt 0] Pipeline 'egress': start
[14:54:57.513] [bmv2] [D] [thread 1844] [1.0] [cxt 0] Pipeline 'egress': end
[14:54:57.513] [bmv2] [D] [thread 1844] [1.0] [cxt 0] Deparser 'deparser': start
[14:54:57.513] [bmv2] [T] [thread 1844] [1.0] [cxt 0] Skipping checksum 'cksum' update because condition not met
[14:54:57.513] [bmv2] [D] [thread 1844] [1.0] [cxt 0] Deparsing header 'ethernet'
[14:54:57.513] [bmv2] [D] [thread 1844] [1.0] [cxt 0] Deparser 'deparser': end
[14:54:57.513] [bmv2] [D] [thread 1848] [1.0] [cxt 0] Transmitting packet of size 90 out of port 0
[14:54:57.517] [bmv2] [D] [thread 1843] [2.0] [cxt 0] Processing packet received on port 3
[14:54:57.517] [bmv2] [D] [thread 1843] [2.0] [cxt 0] Parser 'parser': start
[14:54:57.517] [bmv2] [D] [thread 1843] [2.0] [cxt 0] Parser 'parser' entering state 'start'
[14:54:57.517] [bmv2] [D] [thread 1843] [2.0] [cxt 0] Extracting header 'ethernet'
[14:54:57.517] [bmv2] [D] [thread 1843] [2.0] [cxt 0] Parser state 'start': key is 86dd
[14:54:57.517] [bmv2] [T] [thread 1843] [2.0] [cxt 0] Bytes parsed: 14
[14:54:57.517] [bmv2] [D] [thread 1843] [2.0] [cxt 0] Parser 'parser': end
[14:54:57.517] [bmv2] [D] [thread 1843] [2.0] [cxt 0] Pipeline 'ingress': start
[14:54:57.517] [bmv2] [T] [thread 1843] [2.0] [cxt 0] basic.p4(114) Condition "hdr.ipv4.isValid()" (node_2) is false
[14:54:57.517] [bmv2] [D] [thread 1843] [2.0] [cxt 0] Pipeline 'ingress': end
[14:54:57.517] [bmv2] [D] [thread 1843] [2.0] [cxt 0] Egress port is 0
[14:54:57.517] [bmv2] [D] [thread 1844] [2.0] [cxt 0] Pipeline 'egress': start
[14:54:57.517] [bmv2] [D] [thread 1844] [2.0] [cxt 0] Pipeline 'egress': end
[14:54:57.517] [bmv2] [D] [thread 1844] [2.0] [cxt 0] Deparser 'deparser': start
[14:54:57.517] [bmv2] [T] [thread 1844] [2.0] [cxt 0] Skipping checksum 'cksum' update because condition not met
[14:54:57.517] [bmv2] [D] [thread 1844] [2.0] [cxt 0] Deparsing header 'ethernet'
[14:54:57.517] [bmv2] [D] [thread 1844] [2.0] [cxt 0] Deparser 'deparser': end
[14:54:57.517] [bmv2] [D] [thread 1848] [2.0] [cxt 0] Transmitting packet of size 86 out of port 0
[14:54:57.641] [bmv2] [D] [thread 1843] [3.0] [cxt 0] Processing packet received on port 2
[14:54:57.641] [bmv2] [D] [thread 1843] [3.0] [cxt 0] Parser 'parser': start
[14:54:57.641] [bmv2] [D] [thread 1843] [3.0] [cxt 0] Parser 'parser' entering state 'start'
[14:54:57.641] [bmv2] [D] [thread 1843] [3.0] [cxt 0] Extracting header 'ethernet'
[14:54:57.641] [bmv2] [D] [thread 1843] [3.0] [cxt 0] Parser state 'start': key is 86dd
[14:54:57.641] [bmv2] [T] [thread 1843] [3.0] [cxt 0] Bytes parsed: 14
[14:54:57.641] [bmv2] [D] [thread 1843] [3.0] [cxt 0] Parser 'parser': end
[14:54:57.641] [bmv2] [D] [thread 1843] [3.0] [cxt 0] Pipeline 'ingress': start
[14:54:57.641] [bmv2] [T] [thread 1843] [3.0] [cxt 0] basic.p4(114) Condition "hdr.ipv4.isValid()" (node_2) is false
[14:54:57.641] [bmv2] [D] [thread 1843] [3.0] [cxt 0] Pipeline 'ingress': end
[14:54:57.641] [bmv2] [D] [thread 1843] [3.0] [cxt 0] Egress port is 0
[14:54:57.641] [bmv2] [D] [thread 1843] [4.0] [cxt 0] Processing packet received on port 2
[14:54:57.641] [bmv2] [D] [thread 1843] [4.0] [cxt 0] Parser 'parser': start
[14:54:57.641] [bmv2] [D] [thread 1843] [4.0] [cxt 0] Parser 'parser' entering state 'start'
[14:54:57.641] [bmv2] [D] [thread 1843] [4.0] [cxt 0] Extracting header 'ethernet'
[14:54:57.641] [bmv2] [D] [thread 1843] [4.0] [cxt 0] Parser state 'start': key is 86dd
[14:54:57.641] [bmv2] [T] [thread 1843] [4.0] [cxt 0] Bytes parsed: 14
[14:54:57.641] [bmv2] [D] [thread 1843] [4.0] [cxt 0] Parser 'parser': end
[14:54:57.641] [bmv2] [D] [thread 1843] [4.0] [cxt 0] Pipeline 'ingress': start
[14:54:57.641] [bmv2] [T] [thread 1843] [4.0] [cxt 0] basic.p4(114) Condition "hdr.ipv4.isValid()" (node_2) is false
[14:54:57.641] [bmv2] [D] [thread 1843] [4.0] [cxt 0] Pipeline 'ingress': end
[14:54:57.641] [bmv2] [D] [thread 1843] [4.0] [cxt 0] Egress port is 0
[14:54:57.641] [bmv2] [D] [thread 1844] [3.0] [cxt 0] Pipeline 'egress': start
[14:54:57.641] [bmv2] [D] [thread 1844] [3.0] [cxt 0] Pipeline 'egress': end
[14:54:57.641] [bmv2] [D] [thread 1844] [3.0] [cxt 0] Deparser 'deparser': start
[14:54:57.641] [bmv2] [T] [thread 1844] [3.0] [cxt 0] Skipping checksum 'cksum' update because condition not met
[14:54:57.641] [bmv2] [D] [thread 1844] [3.0] [cxt 0] Deparsing header 'ethernet'
[14:54:57.641] [bmv2] [D] [thread 1844] [3.0] [cxt 0] Deparser 'deparser': end
[14:54:57.641] [bmv2] [D] [thread 1844] [4.0] [cxt 0] Pipeline 'egress': start
[14:54:57.641] [bmv2] [D] [thread 1844] [4.0] [cxt 0] Pipeline 'egress': end
[14:54:57.641] [bmv2] [D] [thread 1844] [4.0] [cxt 0] Deparser 'deparser': start
[14:54:57.641] [bmv2] [T] [thread 1844] [4.0] [cxt 0] Skipping checksum 'cksum' update because condition not met
[14:54:57.641] [bmv2] [D] [thread 1844] [4.0] [cxt 0] Deparsing header 'ethernet'
[14:54:57.641] [bmv2] [D] [thread 1844] [4.0] [cxt 0] Deparser 'deparser': end
[14:54:57.641] [bmv2] [D] [thread 1848] [3.0] [cxt 0] Transmitting packet of size 90 out of port 0
[14:54:57.641] [bmv2] [D] [thread 1848] [4.0] [cxt 0] Transmitting packet of size 86 out of port 0
[14:54:57.707] [bmv2] [D] [thread 1843] [5.0] [cxt 0] Processing packet received on port 3
[14:54:57.707] [bmv2] [D] [thread 1843] [5.0] [cxt 0] Parser 'parser': start
[14:54:57.707] [bmv2] [D] [thread 1843] [5.0] [cxt 0] Parser 'parser' entering state 'start'
[14:54:57.707] [bmv2] [D] [thread 1843] [5.0] [cxt 0] Extracting header 'ethernet'
[14:54:57.707] [bmv2] [D] [thread 1843] [5.0] [cxt 0] Parser state 'start': key is 86dd
[14:54:57.707] [bmv2] [T] [thread 1843] [5.0] [cxt 0] Bytes parsed: 14
[14:54:57.707] [bmv2] [D] [thread 1843] [5.0] [cxt 0] Parser 'parser': end
[14:54:57.707] [bmv2] [D] [thread 1843] [5.0] [cxt 0] Pipeline 'ingress': start
[14:54:57.707] [bmv2] [T] [thread 1843] [5.0] [cxt 0] basic.p4(114) Condition "hdr.ipv4.isValid()" (node_2) is false
[14:54:57.707] [bmv2] [D] [thread 1843] [5.0] [cxt 0] Pipeline 'ingress': end
[14:54:57.707] [bmv2] [D] [thread 1843] [5.0] [cxt 0] Egress port is 0
[14:54:57.707] [bmv2] [D] [thread 1844] [5.0] [cxt 0] Pipeline 'egress': start
[14:54:57.707] [bmv2] [D] [thread 1844] [5.0] [cxt 0] Pipeline 'egress': end
[14:54:57.707] [bmv2] [D] [thread 1844] [5.0] [cxt 0] Deparser 'deparser': start
[14:54:57.707] [bmv2] [T] [thread 1844] [5.0] [cxt 0] Skipping checksum 'cksum' update because condition not met
[14:54:57.707] [bmv2] [D] [thread 1844] [5.0] [cxt 0] Deparsing header 'ethernet'
[14:54:57.707] [bmv2] [D] [thread 1844] [5.0] [cxt 0] Deparser 'deparser': end
[14:54:57.707] [bmv2] [D] [thread 1848] [5.0] [cxt 0] Transmitting packet of size 90 out of port 0
[14:54:58.122] [bmv2] [D] [thread 1843] [6.0] [cxt 0] Processing packet received on port 4
[14:54:58.122] [bmv2] [D] [thread 1843] [6.0] [cxt 0] Parser 'parser': start
[14:54:58.122] [bmv2] [D] [thread 1843] [6.0] [cxt 0] Parser 'parser' entering state 'start'
[14:54:58.122] [bmv2] [D] [thread 1843] [6.0] [cxt 0] Extracting header 'ethernet'
[14:54:58.122] [bmv2] [D] [thread 1843] [6.0] [cxt 0] Parser state 'start': key is 86dd
[14:54:58.122] [bmv2] [T] [thread 1843] [6.0] [cxt 0] Bytes parsed: 14
[14:54:58.122] [bmv2] [D] [thread 1843] [6.0] [cxt 0] Parser 'parser': end
[14:54:58.122] [bmv2] [D] [thread 1843] [6.0] [cxt 0] Pipeline 'ingress': start
[14:54:58.122] [bmv2] [T] [thread 1843] [6.0] [cxt 0] basic.p4(114) Condition "hdr.ipv4.isValid()" (node_2) is false
[14:54:58.122] [bmv2] [D] [thread 1843] [6.0] [cxt 0] Pipeline 'ingress': end
[14:54:58.122] [bmv2] [D] [thread 1843] [6.0] [cxt 0] Egress port is 0
[14:54:58.122] [bmv2] [D] [thread 1843] [7.0] [cxt 0] Processing packet received on port 4
[14:54:58.122] [bmv2] [D] [thread 1843] [7.0] [cxt 0] Parser 'parser': start
[14:54:58.122] [bmv2] [D] [thread 1843] [7.0] [cxt 0] Parser 'parser' entering state 'start'
[14:54:58.122] [bmv2] [D] [thread 1843] [7.0] [cxt 0] Extracting header 'ethernet'
[14:54:58.122] [bmv2] [D] [thread 1843] [7.0] [cxt 0] Parser state 'start': key is 86dd
[14:54:58.122] [bmv2] [T] [thread 1843] [7.0] [cxt 0] Bytes parsed: 14
[14:54:58.122] [bmv2] [D] [thread 1843] [7.0] [cxt 0] Parser 'parser': end
[14:54:58.122] [bmv2] [D] [thread 1843] [7.0] [cxt 0] Pipeline 'ingress': start
[14:54:58.122] [bmv2] [T] [thread 1843] [7.0] [cxt 0] basic.p4(114) Condition "hdr.ipv4.isValid()" (node_2) is false
[14:54:58.122] [bmv2] [D] [thread 1843] [7.0] [cxt 0] Pipeline 'ingress': end
[14:54:58.122] [bmv2] [D] [thread 1843] [7.0] [cxt 0] Egress port is 0
[14:54:58.122] [bmv2] [D] [thread 1844] [6.0] [cxt 0] Pipeline 'egress': start
[14:54:58.122] [bmv2] [D] [thread 1844] [6.0] [cxt 0] Pipeline 'egress': end
[14:54:58.122] [bmv2] [D] [thread 1844] [6.0] [cxt 0] Deparser 'deparser': start
[14:54:58.122] [bmv2] [T] [thread 1844] [6.0] [cxt 0] Skipping checksum 'cksum' update because condition not met
[14:54:58.122] [bmv2] [D] [thread 1844] [6.0] [cxt 0] Deparsing header 'ethernet'
[14:54:58.122] [bmv2] [D] [thread 1844] [6.0] [cxt 0] Deparser 'deparser': end
[14:54:58.122] [bmv2] [D] [thread 1844] [7.0] [cxt 0] Pipeline 'egress': start
[14:54:58.122] [bmv2] [D] [thread 1844] [7.0] [cxt 0] Pipeline 'egress': end
[14:54:58.122] [bmv2] [D] [thread 1844] [7.0] [cxt 0] Deparser 'deparser': start
[14:54:58.122] [bmv2] [T] [thread 1844] [7.0] [cxt 0] Skipping checksum 'cksum' update because condition not met
[14:54:58.122] [bmv2] [D] [thread 1844] [7.0] [cxt 0] Deparsing header 'ethernet'
[14:54:58.122] [bmv2] [D] [thread 1844] [7.0] [cxt 0] Deparser 'deparser': end
[14:54:58.122] [bmv2] [D] [thread 1848] [6.0] [cxt 0] Transmitting packet of size 90 out of port 0
[14:54:58.122] [bmv2] [D] [thread 1848] [7.0] [cxt 0] Transmitting packet of size 70 out of port 0
[14:54:58.153] [bmv2] [D] [thread 1843] [8.0] [cxt 0] Processing packet received on port 4
[14:54:58.153] [bmv2] [D] [thread 1843] [8.0] [cxt 0] Parser 'parser': start
[14:54:58.153] [bmv2] [D] [thread 1843] [8.0] [cxt 0] Parser 'parser' entering state 'start'
[14:54:58.153] [bmv2] [D] [thread 1843] [8.0] [cxt 0] Extracting header 'ethernet'
[14:54:58.153] [bmv2] [D] [thread 1843] [8.0] [cxt 0] Parser state 'start': key is 86dd
[14:54:58.153] [bmv2] [T] [thread 1843] [8.0] [cxt 0] Bytes parsed: 14
[14:54:58.153] [bmv2] [D] [thread 1843] [8.0] [cxt 0] Parser 'parser': end
[14:54:58.153] [bmv2] [D] [thread 1843] [8.0] [cxt 0] Pipeline 'ingress': start
[14:54:58.153] [bmv2] [T] [thread 1843] [8.0] [cxt 0] basic.p4(114) Condition "hdr.ipv4.isValid()" (node_2) is false
[14:54:58.153] [bmv2] [D] [thread 1843] [8.0] [cxt 0] Pipeline 'ingress': end
[14:54:58.153] [bmv2] [D] [thread 1843] [8.0] [cxt 0] Egress port is 0
[14:54:58.153] [bmv2] [D] [thread 1843] [9.0] [cxt 0] Processing packet received on port 4
[14:54:58.153] [bmv2] [D] [thread 1843] [9.0] [cxt 0] Parser 'parser': start
[14:54:58.153] [bmv2] [D] [thread 1843] [9.0] [cxt 0] Parser 'parser' entering state 'start'
[14:54:58.153] [bmv2] [D] [thread 1843] [9.0] [cxt 0] Extracting header 'ethernet'
[14:54:58.153] [bmv2] [D] [thread 1843] [9.0] [cxt 0] Parser state 'start': key is 86dd
[14:54:58.153] [bmv2] [T] [thread 1843] [9.0] [cxt 0] Bytes parsed: 14
[14:54:58.153] [bmv2] [D] [thread 1843] [9.0] [cxt 0] Parser 'parser': end
[14:54:58.153] [bmv2] [D] [thread 1843] [9.0] [cxt 0] Pipeline 'ingress': start
[14:54:58.153] [bmv2] [T] [thread 1843] [9.0] [cxt 0] basic.p4(114) Condition "hdr.ipv4.isValid()" (node_2) is false
[14:54:58.153] [bmv2] [D] [thread 1843] [9.0] [cxt 0] Pipeline 'ingress': end
[14:54:58.153] [bmv2] [D] [thread 1843] [9.0] [cxt 0] Egress port is 0
[14:54:58.153] [bmv2] [D] [thread 1844] [8.0] [cxt 0] Pipeline 'egress': start
[14:54:58.153] [bmv2] [D] [thread 1844] [8.0] [cxt 0] Pipeline 'egress': end
[14:54:58.153] [bmv2] [D] [thread 1844] [8.0] [cxt 0] Deparser 'deparser': start
[14:54:58.153] [bmv2] [T] [thread 1844] [8.0] [cxt 0] Skipping checksum 'cksum' update because condition not met
[14:54:58.153] [bmv2] [D] [thread 1844] [8.0] [cxt 0] Deparsing header 'ethernet'
[14:54:58.153] [bmv2] [D] [thread 1844] [8.0] [cxt 0] Deparser 'deparser': end
[14:54:58.153] [bmv2] [D] [thread 1844] [9.0] [cxt 0] Pipeline 'egress': start
[14:54:58.153] [bmv2] [D] [thread 1844] [9.0] [cxt 0] Pipeline 'egress': end
[14:54:58.153] [bmv2] [D] [thread 1844] [9.0] [cxt 0] Deparser 'deparser': start
[14:54:58.153] [bmv2] [T] [thread 1844] [9.0] [cxt 0] Skipping checksum 'cksum' update because condition not met
[14:54:58.153] [bmv2] [D] [thread 1844] [9.0] [cxt 0] Deparsing header 'ethernet'
[14:54:58.153] [bmv2] [D] [thread 1844] [9.0] [cxt 0] Deparser 'deparser': end
[14:54:58.153] [bmv2] [D] [thread 1848] [8.0] [cxt 0] Transmitting packet of size 90 out of port 0
[14:54:58.153] [bmv2] [D] [thread 1848] [9.0] [cxt 0] Transmitting packet of size 70 out of port 0
[14:54:58.314] [bmv2] [D] [thread 1843] [10.0] [cxt 0] Processing packet received on port 1
[14:54:58.314] [bmv2] [D] [thread 1843] [10.0] [cxt 0] Parser 'parser': start
[14:54:58.314] [bmv2] [D] [thread 1843] [10.0] [cxt 0] Parser 'parser' entering state 'start'
[14:54:58.314] [bmv2] [D] [thread 1843] [10.0] [cxt 0] Extracting header 'ethernet'
[14:54:58.314] [bmv2] [D] [thread 1843] [10.0] [cxt 0] Parser state 'start': key is 86dd
[14:54:58.314] [bmv2] [T] [thread 1843] [10.0] [cxt 0] Bytes parsed: 14
[14:54:58.314] [bmv2] [D] [thread 1843] [10.0] [cxt 0] Parser 'parser': end
[14:54:58.314] [bmv2] [D] [thread 1843] [10.0] [cxt 0] Pipeline 'ingress': start
[14:54:58.314] [bmv2] [T] [thread 1843] [10.0] [cxt 0] basic.p4(114) Condition "hdr.ipv4.isValid()" (node_2) is false
[14:54:58.314] [bmv2] [D] [thread 1843] [10.0] [cxt 0] Pipeline 'ingress': end
[14:54:58.314] [bmv2] [D] [thread 1843] [10.0] [cxt 0] Egress port is 0
[14:54:58.314] [bmv2] [D] [thread 1843] [11.0] [cxt 0] Processing packet received on port 1
[14:54:58.314] [bmv2] [D] [thread 1843] [11.0] [cxt 0] Parser 'parser': start
[14:54:58.314] [bmv2] [D] [thread 1843] [11.0] [cxt 0] Parser 'parser' entering state 'start'
[14:54:58.314] [bmv2] [D] [thread 1843] [11.0] [cxt 0] Extracting header 'ethernet'
[14:54:58.314] [bmv2] [D] [thread 1843] [11.0] [cxt 0] Parser state 'start': key is 86dd
[14:54:58.314] [bmv2] [T] [thread 1843] [11.0] [cxt 0] Bytes parsed: 14
[14:54:58.314] [bmv2] [D] [thread 1843] [11.0] [cxt 0] Parser 'parser': end
[14:54:58.314] [bmv2] [D] [thread 1843] [11.0] [cxt 0] Pipeline 'ingress': start
[14:54:58.314] [bmv2] [T] [thread 1843] [11.0] [cxt 0] basic.p4(114) Condition "hdr.ipv4.isValid()" (node_2) is false
[14:54:58.314] [bmv2] [D] [thread 1843] [11.0] [cxt 0] Pipeline 'ingress': end
[14:54:58.314] [bmv2] [D] [thread 1843] [11.0] [cxt 0] Egress port is 0
[14:54:58.314] [bmv2] [D] [thread 1844] [10.0] [cxt 0] Pipeline 'egress': start
[14:54:58.314] [bmv2] [D] [thread 1844] [10.0] [cxt 0] Pipeline 'egress': end
[14:54:58.314] [bmv2] [D] [thread 1844] [10.0] [cxt 0] Deparser 'deparser': start
[14:54:58.314] [bmv2] [T] [thread 1844] [10.0] [cxt 0] Skipping checksum 'cksum' update because condition not met
[14:54:58.314] [bmv2] [D] [thread 1844] [10.0] [cxt 0] Deparsing header 'ethernet'
[14:54:58.314] [bmv2] [D] [thread 1844] [10.0] [cxt 0] Deparser 'deparser': end
[14:54:58.314] [bmv2] [D] [thread 1844] [11.0] [cxt 0] Pipeline 'egress': start
[14:54:58.314] [bmv2] [D] [thread 1844] [11.0] [cxt 0] Pipeline 'egress': end
[14:54:58.314] [bmv2] [D] [thread 1844] [11.0] [cxt 0] Deparser 'deparser': start
[14:54:58.314] [bmv2] [T] [thread 1844] [11.0] [cxt 0] Skipping checksum 'cksum' update because condition not met
[14:54:58.314] [bmv2] [D] [thread 1844] [11.0] [cxt 0] Deparsing header 'ethernet'
[14:54:58.314] [bmv2] [D] [thread 1844] [11.0] [cxt 0] Deparser 'deparser': end
[14:54:58.314] [bmv2] [D] [thread 1848] [10.0] [cxt 0] Transmitting packet of size 90 out of port 0
[14:54:58.314] [bmv2] [D] [thread 1848] [11.0] [cxt 0] Transmitting packet of size 70 out of port 0
[14:54:58.441] [bmv2] [D] [thread 1843] [12.0] [cxt 0] Processing packet received on port 3
[14:54:58.441] [bmv2] [D] [thread 1843] [12.0] [cxt 0] Parser 'parser': start
[14:54:58.441] [bmv2] [D] [thread 1843] [12.0] [cxt 0] Parser 'parser' entering state 'start'
[14:54:58.441] [bmv2] [D] [thread 1843] [12.0] [cxt 0] Extracting header 'ethernet'
[14:54:58.441] [bmv2] [D] [thread 1843] [12.0] [cxt 0] Parser state 'start': key is 86dd
[14:54:58.441] [bmv2] [T] [thread 1843] [12.0] [cxt 0] Bytes parsed: 14
[14:54:58.441] [bmv2] [D] [thread 1843] [12.0] [cxt 0] Parser 'parser': end
[14:54:58.441] [bmv2] [D] [thread 1843] [12.0] [cxt 0] Pipeline 'ingress': start
[14:54:58.441] [bmv2] [T] [thread 1843] [12.0] [cxt 0] basic.p4(114) Condition "hdr.ipv4.isValid()" (node_2) is false
[14:54:58.441] [bmv2] [D] [thread 1843] [12.0] [cxt 0] Pipeline 'ingress': end
[14:54:58.441] [bmv2] [D] [thread 1843] [12.0] [cxt 0] Egress port is 0
[14:54:58.441] [bmv2] [D] [thread 1843] [13.0] [cxt 0] Processing packet received on port 3
[14:54:58.441] [bmv2] [D] [thread 1843] [13.0] [cxt 0] Parser 'parser': start
[14:54:58.441] [bmv2] [D] [thread 1843] [13.0] [cxt 0] Parser 'parser' entering state 'start'
[14:54:58.441] [bmv2] [D] [thread 1843] [13.0] [cxt 0] Extracting header 'ethernet'
[14:54:58.441] [bmv2] [D] [thread 1843] [13.0] [cxt 0] Parser state 'start': key is 86dd
[14:54:58.441] [bmv2] [T] [thread 1843] [13.0] [cxt 0] Bytes parsed: 14
[14:54:58.441] [bmv2] [D] [thread 1843] [13.0] [cxt 0] Parser 'parser': end
[14:54:58.441] [bmv2] [D] [thread 1843] [13.0] [cxt 0] Pipeline 'ingress': start
[14:54:58.441] [bmv2] [T] [thread 1843] [13.0] [cxt 0] basic.p4(114) Condition "hdr.ipv4.isValid()" (node_2) is false
[14:54:58.441] [bmv2] [D] [thread 1843] [13.0] [cxt 0] Pipeline 'ingress': end
[14:54:58.441] [bmv2] [D] [thread 1843] [13.0] [cxt 0] Egress port is 0
[14:54:58.441] [bmv2] [D] [thread 1844] [12.0] [cxt 0] Pipeline 'egress': start
[14:54:58.441] [bmv2] [D] [thread 1844] [12.0] [cxt 0] Pipeline 'egress': end
[14:54:58.441] [bmv2] [D] [thread 1844] [12.0] [cxt 0] Deparser 'deparser': start
[14:54:58.441] [bmv2] [T] [thread 1844] [12.0] [cxt 0] Skipping checksum 'cksum' update because condition not met
[14:54:58.441] [bmv2] [D] [thread 1844] [12.0] [cxt 0] Deparsing header 'ethernet'
[14:54:58.441] [bmv2] [D] [thread 1844] [12.0] [cxt 0] Deparser 'deparser': end
[14:54:58.441] [bmv2] [D] [thread 1844] [13.0] [cxt 0] Pipeline 'egress': start
[14:54:58.441] [bmv2] [D] [thread 1844] [13.0] [cxt 0] Pipeline 'egress': end
[14:54:58.441] [bmv2] [D] [thread 1844] [13.0] [cxt 0] Deparser 'deparser': start
[14:54:58.441] [bmv2] [T] [thread 1844] [13.0] [cxt 0] Skipping checksum 'cksum' update because condition not met
[14:54:58.441] [bmv2] [D] [thread 1844] [13.0] [cxt 0] Deparsing header 'ethernet'
[14:54:58.441] [bmv2] [D] [thread 1844] [13.0] [cxt 0] Deparser 'deparser': end
[14:54:58.441] [bmv2] [D] [thread 1848] [12.0] [cxt 0] Transmitting packet of size 90 out of port 0
[14:54:58.441] [bmv2] [D] [thread 1848] [13.0] [cxt 0] Transmitting packet of size 70 out of port 0
[14:54:58.538] [bmv2] [D] [thread 1843] [14.0] [cxt 0] Processing packet received on port 3
[14:54:58.538] [bmv2] [D] [thread 1843] [14.0] [cxt 0] Parser 'parser': start
[14:54:58.538] [bmv2] [D] [thread 1843] [14.0] [cxt 0] Parser 'parser' entering state 'start'
[14:54:58.538] [bmv2] [D] [thread 1843] [14.0] [cxt 0] Extracting header 'ethernet'
[14:54:58.538] [bmv2] [D] [thread 1843] [14.0] [cxt 0] Parser state 'start': key is 86dd
[14:54:58.538] [bmv2] [T] [thread 1843] [14.0] [cxt 0] Bytes parsed: 14
[14:54:58.538] [bmv2] [D] [thread 1843] [14.0] [cxt 0] Parser 'parser': end
[14:54:58.538] [bmv2] [D] [thread 1843] [14.0] [cxt 0] Pipeline 'ingress': start
[14:54:58.538] [bmv2] [T] [thread 1843] [14.0] [cxt 0] basic.p4(114) Condition "hdr.ipv4.isValid()" (node_2) is false
[14:54:58.538] [bmv2] [D] [thread 1843] [14.0] [cxt 0] Pipeline 'ingress': end
[14:54:58.538] [bmv2] [D] [thread 1843] [14.0] [cxt 0] Egress port is 0
[14:54:58.538] [bmv2] [D] [thread 1843] [15.0] [cxt 0] Processing packet received on port 3
[14:54:58.538] [bmv2] [D] [thread 1843] [15.0] [cxt 0] Parser 'parser': start
[14:54:58.538] [bmv2] [D] [thread 1843] [15.0] [cxt 0] Parser 'parser' entering state 'start'
[14:54:58.538] [bmv2] [D] [thread 1843] [15.0] [cxt 0] Extracting header 'ethernet'
[14:54:58.538] [bmv2] [D] [thread 1843] [15.0] [cxt 0] Parser state 'start': key is 86dd
[14:54:58.538] [bmv2] [T] [thread 1843] [15.0] [cxt 0] Bytes parsed: 14
[14:54:58.538] [bmv2] [D] [thread 1843] [15.0] [cxt 0] Parser 'parser': end
[14:54:58.538] [bmv2] [D] [thread 1843] [15.0] [cxt 0] Pipeline 'ingress': start
[14:54:58.538] [bmv2] [T] [thread 1843] [15.0] [cxt 0] basic.p4(114) Condition "hdr.ipv4.isValid()" (node_2) is false
[14:54:58.538] [bmv2] [D] [thread 1843] [15.0] [cxt 0] Pipeline 'ingress': end
[14:54:58.538] [bmv2] [D] [thread 1843] [15.0] [cxt 0] Egress port is 0
[14:54:58.538] [bmv2] [D] [thread 1844] [14.0] [cxt 0] Pipeline 'egress': start
[14:54:58.538] [bmv2] [D] [thread 1844] [14.0] [cxt 0] Pipeline 'egress': end
[14:54:58.538] [bmv2] [D] [thread 1844] [14.0] [cxt 0] Deparser 'deparser': start
[14:54:58.538] [bmv2] [T] [thread 1844] [14.0] [cxt 0] Skipping checksum 'cksum' update because condition not met
[14:54:58.538] [bmv2] [D] [thread 1844] [14.0] [cxt 0] Deparsing header 'ethernet'
[14:54:58.538] [bmv2] [D] [thread 1844] [14.0] [cxt 0] Deparser 'deparser': end
[14:54:58.538] [bmv2] [D] [thread 1844] [15.0] [cxt 0] Pipeline 'egress': start
[14:54:58.538] [bmv2] [D] [thread 1844] [15.0] [cxt 0] Pipeline 'egress': end
[14:54:58.538] [bmv2] [D] [thread 1844] [15.0] [cxt 0] Deparser 'deparser': start
[14:54:58.538] [bmv2] [T] [thread 1844] [15.0] [cxt 0] Skipping checksum 'cksum' update because condition not met
[14:54:58.538] [bmv2] [D] [thread 1844] [15.0] [cxt 0] Deparsing header 'ethernet'
[14:54:58.538] [bmv2] [D] [thread 1844] [15.0] [cxt 0] Deparser 'deparser': end
[14:54:58.538] [bmv2] [D] [thread 1848] [14.0] [cxt 0] Transmitting packet of size 90 out of port 0
[14:54:58.538] [bmv2] [D] [thread 1848] [15.0] [cxt 0] Transmitting packet of size 70 out of port 0
[14:54:58.589] [bmv2] [D] [thread 1843] [16.0] [cxt 0] Processing packet received on port 3
[14:54:58.589] [bmv2] [D] [thread 1843] [16.0] [cxt 0] Parser 'parser': start
[14:54:58.589] [bmv2] [D] [thread 1843] [16.0] [cxt 0] Parser 'parser' entering state 'start'
[14:54:58.589] [bmv2] [D] [thread 1843] [16.0] [cxt 0] Extracting header 'ethernet'
[14:54:58.589] [bmv2] [D] [thread 1843] [16.0] [cxt 0] Parser state 'start': key is 86dd
[14:54:58.589] [bmv2] [T] [thread 1843] [16.0] [cxt 0] Bytes parsed: 14
[14:54:58.589] [bmv2] [D] [thread 1843] [16.0] [cxt 0] Parser 'parser': end
[14:54:58.589] [bmv2] [D] [thread 1843] [16.0] [cxt 0] Pipeline 'ingress': start
[14:54:58.589] [bmv2] [T] [thread 1843] [16.0] [cxt 0] basic.p4(114) Condition "hdr.ipv4.isValid()" (node_2) is false
[14:54:58.589] [bmv2] [D] [thread 1843] [16.0] [cxt 0] Pipeline 'ingress': end
[14:54:58.589] [bmv2] [D] [thread 1843] [16.0] [cxt 0] Egress port is 0
[14:54:58.589] [bmv2] [D] [thread 1844] [16.0] [cxt 0] Pipeline 'egress': start
[14:54:58.589] [bmv2] [D] [thread 1844] [16.0] [cxt 0] Pipeline 'egress': end
[14:54:58.589] [bmv2] [D] [thread 1844] [16.0] [cxt 0] Deparser 'deparser': start
[14:54:58.589] [bmv2] [T] [thread 1844] [16.0] [cxt 0] Skipping checksum 'cksum' update because condition not met
[14:54:58.589] [bmv2] [D] [thread 1844] [16.0] [cxt 0] Deparsing header 'ethernet'
[14:54:58.589] [bmv2] [D] [thread 1844] [16.0] [cxt 0] Deparser 'deparser': end
[14:54:58.589] [bmv2] [D] [thread 1848] [16.0] [cxt 0] Transmitting packet of size 90 out of port 0
[14:54:58.601] [bmv2] [D] [thread 1843] [17.0] [cxt 0] Processing packet received on port 1
[14:54:58.601] [bmv2] [D] [thread 1843] [17.0] [cxt 0] Parser 'parser': start
[14:54:58.601] [bmv2] [D] [thread 1843] [17.0] [cxt 0] Parser 'parser' entering state 'start'
[14:54:58.601] [bmv2] [D] [thread 1843] [17.0] [cxt 0] Extracting header 'ethernet'
[14:54:58.601] [bmv2] [D] [thread 1843] [17.0] [cxt 0] Parser state 'start': key is 86dd
[14:54:58.601] [bmv2] [T] [thread 1843] [17.0] [cxt 0] Bytes parsed: 14
[14:54:58.601] [bmv2] [D] [thread 1843] [17.0] [cxt 0] Parser 'parser': end
[14:54:58.601] [bmv2] [D] [thread 1843] [17.0] [cxt 0] Pipeline 'ingress': start
[14:54:58.601] [bmv2] [T] [thread 1843] [17.0] [cxt 0] basic.p4(114) Condition "hdr.ipv4.isValid()" (node_2) is false
[14:54:58.601] [bmv2] [D] [thread 1843] [17.0] [cxt 0] Pipeline 'ingress': end
[14:54:58.601] [bmv2] [D] [thread 1843] [17.0] [cxt 0] Egress port is 0
[14:54:58.601] [bmv2] [D] [thread 1844] [17.0] [cxt 0] Pipeline 'egress': start
[14:54:58.601] [bmv2] [D] [thread 1844] [17.0] [cxt 0] Pipeline 'egress': end
[14:54:58.601] [bmv2] [D] [thread 1844] [17.0] [cxt 0] Deparser 'deparser': start
[14:54:58.601] [bmv2] [T] [thread 1844] [17.0] [cxt 0] Skipping checksum 'cksum' update because condition not met
[14:54:58.601] [bmv2] [D] [thread 1844] [17.0] [cxt 0] Deparsing header 'ethernet'
[14:54:58.601] [bmv2] [D] [thread 1844] [17.0] [cxt 0] Deparser 'deparser': end
[14:54:58.601] [bmv2] [D] [thread 1848] [17.0] [cxt 0] Transmitting packet of size 90 out of port 0
[14:54:58.625] [bmv2] [D] [thread 1843] [18.0] [cxt 0] Processing packet received on port 3
[14:54:58.625] [bmv2] [D] [thread 1843] [18.0] [cxt 0] Parser 'parser': start
[14:54:58.625] [bmv2] [D] [thread 1843] [18.0] [cxt 0] Parser 'parser' entering state 'start'
[14:54:58.625] [bmv2] [D] [thread 1843] [18.0] [cxt 0] Extracting header 'ethernet'
[14:54:58.625] [bmv2] [D] [thread 1843] [18.0] [cxt 0] Parser state 'start': key is 86dd
[14:54:58.625] [bmv2] [T] [thread 1843] [18.0] [cxt 0] Bytes parsed: 14
[14:54:58.625] [bmv2] [D] [thread 1843] [18.0] [cxt 0] Parser 'parser': end
[14:54:58.625] [bmv2] [D] [thread 1843] [18.0] [cxt 0] Pipeline 'ingress': start
[14:54:58.625] [bmv2] [T] [thread 1843] [18.0] [cxt 0] basic.p4(114) Condition "hdr.ipv4.isValid()" (node_2) is false
[14:54:58.625] [bmv2] [D] [thread 1843] [18.0] [cxt 0] Pipeline 'ingress': end
[14:54:58.625] [bmv2] [D] [thread 1843] [18.0] [cxt 0] Egress port is 0
[14:54:58.625] [bmv2] [D] [thread 1844] [18.0] [cxt 0] Pipeline 'egress': start
[14:54:58.625] [bmv2] [D] [thread 1844] [18.0] [cxt 0] Pipeline 'egress': end
[14:54:58.625] [bmv2] [D] [thread 1844] [18.0] [cxt 0] Deparser 'deparser': start
[14:54:58.625] [bmv2] [T] [thread 1844] [18.0] [cxt 0] Skipping checksum 'cksum' update because condition not met
[14:54:58.625] [bmv2] [D] [thread 1844] [18.0] [cxt 0] Deparsing header 'ethernet'
[14:54:58.625] [bmv2] [D] [thread 1844] [18.0] [cxt 0] Deparser 'deparser': end
[14:54:58.625] [bmv2] [D] [thread 1848] [18.0] [cxt 0] Transmitting packet of size 90 out of port 0
[14:54:58.665] [bmv2] [D] [thread 1843] [19.0] [cxt 0] Processing packet received on port 2
[14:54:58.665] [bmv2] [D] [thread 1843] [19.0] [cxt 0] Parser 'parser': start
[14:54:58.665] [bmv2] [D] [thread 1843] [19.0] [cxt 0] Parser 'parser' entering state 'start'
[14:54:58.665] [bmv2] [D] [thread 1843] [19.0] [cxt 0] Extracting header 'ethernet'
[14:54:58.665] [bmv2] [D] [thread 1843] [19.0] [cxt 0] Parser state 'start': key is 86dd
[14:54:58.666] [bmv2] [T] [thread 1843] [19.0] [cxt 0] Bytes parsed: 14
[14:54:58.666] [bmv2] [D] [thread 1843] [19.0] [cxt 0] Parser 'parser': end
[14:54:58.666] [bmv2] [D] [thread 1843] [19.0] [cxt 0] Pipeline 'ingress': start
[14:54:58.666] [bmv2] [T] [thread 1843] [19.0] [cxt 0] basic.p4(114) Condition "hdr.ipv4.isValid()" (node_2) is false
[14:54:58.666] [bmv2] [D] [thread 1843] [19.0] [cxt 0] Pipeline 'ingress': end
[14:54:58.666] [bmv2] [D] [thread 1843] [19.0] [cxt 0] Egress port is 0
[14:54:58.666] [bmv2] [D] [thread 1843] [20.0] [cxt 0] Processing packet received on port 2
[14:54:58.666] [bmv2] [D] [thread 1843] [20.0] [cxt 0] Parser 'parser': start
[14:54:58.666] [bmv2] [D] [thread 1843] [20.0] [cxt 0] Parser 'parser' entering state 'start'
[14:54:58.666] [bmv2] [D] [thread 1843] [20.0] [cxt 0] Extracting header 'ethernet'
[14:54:58.666] [bmv2] [D] [thread 1843] [20.0] [cxt 0] Parser state 'start': key is 86dd
[14:54:58.666] [bmv2] [T] [thread 1843] [20.0] [cxt 0] Bytes parsed: 14
[14:54:58.666] [bmv2] [D] [thread 1843] [20.0] [cxt 0] Parser 'parser': end
[14:54:58.666] [bmv2] [D] [thread 1843] [20.0] [cxt 0] Pipeline 'ingress': start
[14:54:58.666] [bmv2] [T] [thread 1843] [20.0] [cxt 0] basic.p4(114) Condition "hdr.ipv4.isValid()" (node_2) is false
[14:54:58.666] [bmv2] [D] [thread 1843] [20.0] [cxt 0] Pipeline 'ingress': end
[14:54:58.666] [bmv2] [D] [thread 1843] [20.0] [cxt 0] Egress port is 0
[14:54:58.666] [bmv2] [D] [thread 1844] [19.0] [cxt 0] Pipeline 'egress': start
[14:54:58.666] [bmv2] [D] [thread 1844] [19.0] [cxt 0] Pipeline 'egress': end
[14:54:58.666] [bmv2] [D] [thread 1844] [19.0] [cxt 0] Deparser 'deparser': start
[14:54:58.666] [bmv2] [T] [thread 1844] [19.0] [cxt 0] Skipping checksum 'cksum' update because condition not met
[14:54:58.666] [bmv2] [D] [thread 1844] [19.0] [cxt 0] Deparsing header 'ethernet'
[14:54:58.666] [bmv2] [D] [thread 1844] [19.0] [cxt 0] Deparser 'deparser': end
[14:54:58.666] [bmv2] [D] [thread 1844] [20.0] [cxt 0] Pipeline 'egress': start
[14:54:58.666] [bmv2] [D] [thread 1844] [20.0] [cxt 0] Pipeline 'egress': end
[14:54:58.666] [bmv2] [D] [thread 1844] [20.0] [cxt 0] Deparser 'deparser': start
[14:54:58.666] [bmv2] [T] [thread 1844] [20.0] [cxt 0] Skipping checksum 'cksum' update because condition not met
[14:54:58.666] [bmv2] [D] [thread 1844] [20.0] [cxt 0] Deparsing header 'ethernet'
[14:54:58.666] [bmv2] [D] [thread 1844] [20.0] [cxt 0] Deparser 'deparser': end
[14:54:58.666] [bmv2] [D] [thread 1848] [19.0] [cxt 0] Transmitting packet of size 90 out of port 0
[14:54:58.666] [bmv2] [D] [thread 1848] [20.0] [cxt 0] Transmitting packet of size 70 out of port 0
[14:54:58.669] [bmv2] [D] [thread 1843] [21.0] [cxt 0] Processing packet received on port 4
[14:54:58.669] [bmv2] [D] [thread 1843] [21.0] [cxt 0] Parser 'parser': start
[14:54:58.669] [bmv2] [D] [thread 1843] [21.0] [cxt 0] Parser 'parser' entering state 'start'
[14:54:58.669] [bmv2] [D] [thread 1843] [21.0] [cxt 0] Extracting header 'ethernet'
[14:54:58.669] [bmv2] [D] [thread 1843] [21.0] [cxt 0] Parser state 'start': key is 86dd
[14:54:58.669] [bmv2] [T] [thread 1843] [21.0] [cxt 0] Bytes parsed: 14
[14:54:58.669] [bmv2] [D] [thread 1843] [21.0] [cxt 0] Parser 'parser': end
[14:54:58.669] [bmv2] [D] [thread 1843] [21.0] [cxt 0] Pipeline 'ingress': start
[14:54:58.669] [bmv2] [T] [thread 1843] [21.0] [cxt 0] basic.p4(114) Condition "hdr.ipv4.isValid()" (node_2) is false
[14:54:58.669] [bmv2] [D] [thread 1843] [21.0] [cxt 0] Pipeline 'ingress': end
[14:54:58.669] [bmv2] [D] [thread 1843] [21.0] [cxt 0] Egress port is 0
[14:54:58.669] [bmv2] [D] [thread 1844] [21.0] [cxt 0] Pipeline 'egress': start
[14:54:58.669] [bmv2] [D] [thread 1844] [21.0] [cxt 0] Pipeline 'egress': end
[14:54:58.669] [bmv2] [D] [thread 1844] [21.0] [cxt 0] Deparser 'deparser': start
[14:54:58.669] [bmv2] [T] [thread 1844] [21.0] [cxt 0] Skipping checksum 'cksum' update because condition not met
[14:54:58.669] [bmv2] [D] [thread 1844] [21.0] [cxt 0] Deparsing header 'ethernet'
[14:54:58.669] [bmv2] [D] [thread 1844] [21.0] [cxt 0] Deparser 'deparser': end
[14:54:58.669] [bmv2] [D] [thread 1848] [21.0] [cxt 0] Transmitting packet of size 90 out of port 0
[14:54:58.733] [bmv2] [D] [thread 1843] [22.0] [cxt 0] Processing packet received on port 4
[14:54:58.733] [bmv2] [D] [thread 1843] [22.0] [cxt 0] Parser 'parser': start
[14:54:58.733] [bmv2] [D] [thread 1843] [22.0] [cxt 0] Parser 'parser' entering state 'start'
[14:54:58.733] [bmv2] [D] [thread 1843] [22.0] [cxt 0] Extracting header 'ethernet'
[14:54:58.733] [bmv2] [D] [thread 1843] [22.0] [cxt 0] Parser state 'start': key is 86dd
[14:54:58.733] [bmv2] [T] [thread 1843] [22.0] [cxt 0] Bytes parsed: 14
[14:54:58.733] [bmv2] [D] [thread 1843] [22.0] [cxt 0] Parser 'parser': end
[14:54:58.733] [bmv2] [D] [thread 1843] [22.0] [cxt 0] Pipeline 'ingress': start
[14:54:58.733] [bmv2] [T] [thread 1843] [22.0] [cxt 0] basic.p4(114) Condition "hdr.ipv4.isValid()" (node_2) is false
[14:54:58.733] [bmv2] [D] [thread 1843] [22.0] [cxt 0] Pipeline 'ingress': end
[14:54:58.733] [bmv2] [D] [thread 1843] [22.0] [cxt 0] Egress port is 0
[14:54:58.733] [bmv2] [D] [thread 1844] [22.0] [cxt 0] Pipeline 'egress': start
[14:54:58.733] [bmv2] [D] [thread 1844] [22.0] [cxt 0] Pipeline 'egress': end
[14:54:58.733] [bmv2] [D] [thread 1844] [22.0] [cxt 0] Deparser 'deparser': start
[14:54:58.733] [bmv2] [T] [thread 1844] [22.0] [cxt 0] Skipping checksum 'cksum' update because condition not met
[14:54:58.733] [bmv2] [D] [thread 1844] [22.0] [cxt 0] Deparsing header 'ethernet'
[14:54:58.733] [bmv2] [D] [thread 1844] [22.0] [cxt 0] Deparser 'deparser': end
[14:54:58.733] [bmv2] [D] [thread 1848] [22.0] [cxt 0] Transmitting packet of size 90 out of port 0
[14:54:59.689] [bmv2] [D] [thread 1843] [23.0] [cxt 0] Processing packet received on port 2
[14:54:59.689] [bmv2] [D] [thread 1843] [23.0] [cxt 0] Parser 'parser': start
[14:54:59.689] [bmv2] [D] [thread 1843] [23.0] [cxt 0] Parser 'parser' entering state 'start'
[14:54:59.689] [bmv2] [D] [thread 1843] [23.0] [cxt 0] Extracting header 'ethernet'
[14:54:59.689] [bmv2] [D] [thread 1843] [23.0] [cxt 0] Parser state 'start': key is 86dd
[14:54:59.689] [bmv2] [T] [thread 1843] [23.0] [cxt 0] Bytes parsed: 14
[14:54:59.689] [bmv2] [D] [thread 1843] [23.0] [cxt 0] Parser 'parser': end
[14:54:59.689] [bmv2] [D] [thread 1843] [23.0] [cxt 0] Pipeline 'ingress': start
[14:54:59.689] [bmv2] [T] [thread 1843] [23.0] [cxt 0] basic.p4(114) Condition "hdr.ipv4.isValid()" (node_2) is false
[14:54:59.689] [bmv2] [D] [thread 1843] [23.0] [cxt 0] Pipeline 'ingress': end
[14:54:59.689] [bmv2] [D] [thread 1843] [23.0] [cxt 0] Egress port is 0
[14:54:59.690] [bmv2] [D] [thread 1844] [23.0] [cxt 0] Pipeline 'egress': start
[14:54:59.690] [bmv2] [D] [thread 1844] [23.0] [cxt 0] Pipeline 'egress': end
[14:54:59.690] [bmv2] [D] [thread 1844] [23.0] [cxt 0] Deparser 'deparser': start
[14:54:59.690] [bmv2] [T] [thread 1844] [23.0] [cxt 0] Skipping checksum 'cksum' update because condition not met
[14:54:59.690] [bmv2] [D] [thread 1844] [23.0] [cxt 0] Deparsing header 'ethernet'
[14:54:59.690] [bmv2] [D] [thread 1844] [23.0] [cxt 0] Deparser 'deparser': end
[14:54:59.690] [bmv2] [D] [thread 1848] [23.0] [cxt 0] Transmitting packet of size 90 out of port 0
[14:54:59.936] [bmv2] [W] [thread 1908] [P4Runtime] p4::tmp::P4DeviceConfig is deprecated
[14:54:59.937] [bmv2] [D] [thread 1908] Set default default entry for table 'MyIngress.ipv4_lpm': MyIngress.drop - 
[14:54:59.938] [bmv2] [D] [thread 1908] simple_switch target has been notified of a config swap
[14:54:59.938] [bmv2] [D] [thread 1909] Set default entry for table 'MyIngress.ipv4_lpm': MyIngress.drop - 
[14:54:59.939] [bmv2] [D] [thread 1908] Entry 0 added to table 'MyIngress.ipv4_lpm'
[14:54:59.939] [bmv2] [D] [thread 1908] Dumping entry 0
Match key:
* hdr.ipv4.dstAddr    : LPM       0a000101/32
Action entry: MyIngress.ipv4_forward - 80000000300,4,

[14:54:59.939] [bmv2] [D] [thread 1909] Entry 1 added to table 'MyIngress.ipv4_lpm'
[14:54:59.939] [bmv2] [D] [thread 1909] Dumping entry 1
Match key:
* hdr.ipv4.dstAddr    : LPM       0a000202/32
Action entry: MyIngress.ipv4_forward - 80000000400,3,

[14:54:59.940] [bmv2] [D] [thread 1908] Entry 2 added to table 'MyIngress.ipv4_lpm'
[14:54:59.940] [bmv2] [D] [thread 1908] Dumping entry 2
Match key:
* hdr.ipv4.dstAddr    : LPM       0a000303/32
Action entry: MyIngress.ipv4_forward - 80000000333,1,

[14:54:59.940] [bmv2] [D] [thread 1909] Entry 3 added to table 'MyIngress.ipv4_lpm'
[14:54:59.940] [bmv2] [D] [thread 1909] Dumping entry 3
Match key:
* hdr.ipv4.dstAddr    : LPM       0a000404/32
Action entry: MyIngress.ipv4_forward - 80000000444,2,

[14:55:02.089] [bmv2] [D] [thread 1843] [24.0] [cxt 0] Processing packet received on port 4
[14:55:02.089] [bmv2] [D] [thread 1843] [24.0] [cxt 0] Parser 'parser': start
[14:55:02.089] [bmv2] [D] [thread 1843] [24.0] [cxt 0] Parser 'parser' entering state 'start'
[14:55:02.089] [bmv2] [D] [thread 1843] [24.0] [cxt 0] Extracting header 'ethernet'
[14:55:02.089] [bmv2] [D] [thread 1843] [24.0] [cxt 0] Parser state 'start': key is 86dd
[14:55:02.089] [bmv2] [T] [thread 1843] [24.0] [cxt 0] Bytes parsed: 14
[14:55:02.089] [bmv2] [D] [thread 1843] [24.0] [cxt 0] Parser 'parser': end
[14:55:02.089] [bmv2] [D] [thread 1843] [24.0] [cxt 0] Pipeline 'ingress': start
[14:55:02.089] [bmv2] [T] [thread 1843] [24.0] [cxt 0] basic.p4(114) Condition "hdr.ipv4.isValid()" (node_2) is false
[14:55:02.089] [bmv2] [D] [thread 1843] [24.0] [cxt 0] Pipeline 'ingress': end
[14:55:02.089] [bmv2] [D] [thread 1843] [24.0] [cxt 0] Egress port is 0
[14:55:02.089] [bmv2] [D] [thread 1844] [24.0] [cxt 0] Pipeline 'egress': start
[14:55:02.089] [bmv2] [D] [thread 1844] [24.0] [cxt 0] Pipeline 'egress': end
[14:55:02.089] [bmv2] [D] [thread 1844] [24.0] [cxt 0] Deparser 'deparser': start
[14:55:02.089] [bmv2] [T] [thread 1844] [24.0] [cxt 0] Skipping checksum 'cksum' update because condition not met
[14:55:02.089] [bmv2] [D] [thread 1844] [24.0] [cxt 0] Deparsing header 'ethernet'
[14:55:02.089] [bmv2] [D] [thread 1844] [24.0] [cxt 0] Deparser 'deparser': end
[14:55:02.089] [bmv2] [D] [thread 1848] [24.0] [cxt 0] Transmitting packet of size 70 out of port 0
[14:55:02.345] [bmv2] [D] [thread 1843] [25.0] [cxt 0] Processing packet received on port 1
[14:55:02.345] [bmv2] [D] [thread 1843] [25.0] [cxt 0] Parser 'parser': start
[14:55:02.345] [bmv2] [D] [thread 1843] [25.0] [cxt 0] Parser 'parser' entering state 'start'
[14:55:02.345] [bmv2] [D] [thread 1843] [25.0] [cxt 0] Extracting header 'ethernet'
[14:55:02.345] [bmv2] [D] [thread 1843] [25.0] [cxt 0] Parser state 'start': key is 86dd
[14:55:02.345] [bmv2] [T] [thread 1843] [25.0] [cxt 0] Bytes parsed: 14
[14:55:02.345] [bmv2] [D] [thread 1843] [25.0] [cxt 0] Parser 'parser': end
[14:55:02.345] [bmv2] [D] [thread 1843] [25.0] [cxt 0] Pipeline 'ingress': start
[14:55:02.345] [bmv2] [T] [thread 1843] [25.0] [cxt 0] basic.p4(114) Condition "hdr.ipv4.isValid()" (node_2) is false
[14:55:02.345] [bmv2] [D] [thread 1843] [25.0] [cxt 0] Pipeline 'ingress': end
[14:55:02.345] [bmv2] [D] [thread 1843] [25.0] [cxt 0] Egress port is 0
[14:55:02.345] [bmv2] [D] [thread 1843] [26.0] [cxt 0] Processing packet received on port 2
[14:55:02.345] [bmv2] [D] [thread 1843] [26.0] [cxt 0] Parser 'parser': start
[14:55:02.345] [bmv2] [D] [thread 1843] [26.0] [cxt 0] Parser 'parser' entering state 'start'
[14:55:02.345] [bmv2] [D] [thread 1843] [26.0] [cxt 0] Extracting header 'ethernet'
[14:55:02.345] [bmv2] [D] [thread 1843] [26.0] [cxt 0] Parser state 'start': key is 86dd
[14:55:02.345] [bmv2] [T] [thread 1843] [26.0] [cxt 0] Bytes parsed: 14
[14:55:02.345] [bmv2] [D] [thread 1843] [26.0] [cxt 0] Parser 'parser': end
[14:55:02.345] [bmv2] [D] [thread 1843] [26.0] [cxt 0] Pipeline 'ingress': start
[14:55:02.345] [bmv2] [T] [thread 1843] [26.0] [cxt 0] basic.p4(114) Condition "hdr.ipv4.isValid()" (node_2) is false
[14:55:02.345] [bmv2] [D] [thread 1843] [26.0] [cxt 0] Pipeline 'ingress': end
[14:55:02.345] [bmv2] [D] [thread 1843] [26.0] [cxt 0] Egress port is 0
[14:55:02.345] [bmv2] [D] [thread 1843] [27.0] [cxt 0] Processing packet received on port 4
[14:55:02.345] [bmv2] [D] [thread 1843] [27.0] [cxt 0] Parser 'parser': start
[14:55:02.345] [bmv2] [D] [thread 1843] [27.0] [cxt 0] Parser 'parser' entering state 'start'
[14:55:02.345] [bmv2] [D] [thread 1843] [27.0] [cxt 0] Extracting header 'ethernet'
[14:55:02.345] [bmv2] [D] [thread 1843] [27.0] [cxt 0] Parser state 'start': key is 86dd
[14:55:02.345] [bmv2] [T] [thread 1843] [27.0] [cxt 0] Bytes parsed: 14
[14:55:02.345] [bmv2] [D] [thread 1843] [27.0] [cxt 0] Parser 'parser': end
[14:55:02.345] [bmv2] [D] [thread 1843] [27.0] [cxt 0] Pipeline 'ingress': start
[14:55:02.345] [bmv2] [T] [thread 1843] [27.0] [cxt 0] basic.p4(114) Condition "hdr.ipv4.isValid()" (node_2) is false
[14:55:02.345] [bmv2] [D] [thread 1843] [27.0] [cxt 0] Pipeline 'ingress': end
[14:55:02.345] [bmv2] [D] [thread 1843] [27.0] [cxt 0] Egress port is 0
[14:55:02.345] [bmv2] [D] [thread 1844] [25.0] [cxt 0] Pipeline 'egress': start
[14:55:02.345] [bmv2] [D] [thread 1844] [25.0] [cxt 0] Pipeline 'egress': end
[14:55:02.345] [bmv2] [D] [thread 1844] [25.0] [cxt 0] Deparser 'deparser': start
[14:55:02.345] [bmv2] [T] [thread 1844] [25.0] [cxt 0] Skipping checksum 'cksum' update because condition not met
[14:55:02.345] [bmv2] [D] [thread 1844] [25.0] [cxt 0] Deparsing header 'ethernet'
[14:55:02.345] [bmv2] [D] [thread 1844] [25.0] [cxt 0] Deparser 'deparser': end
[14:55:02.345] [bmv2] [D] [thread 1844] [26.0] [cxt 0] Pipeline 'egress': start
[14:55:02.345] [bmv2] [D] [thread 1844] [26.0] [cxt 0] Pipeline 'egress': end
[14:55:02.345] [bmv2] [D] [thread 1844] [26.0] [cxt 0] Deparser 'deparser': start
[14:55:02.345] [bmv2] [T] [thread 1844] [26.0] [cxt 0] Skipping checksum 'cksum' update because condition not met
[14:55:02.345] [bmv2] [D] [thread 1844] [26.0] [cxt 0] Deparsing header 'ethernet'
[14:55:02.345] [bmv2] [D] [thread 1844] [26.0] [cxt 0] Deparser 'deparser': end
[14:55:02.345] [bmv2] [D] [thread 1844] [27.0] [cxt 0] Pipeline 'egress': start
[14:55:02.345] [bmv2] [D] [thread 1844] [27.0] [cxt 0] Pipeline 'egress': end
[14:55:02.345] [bmv2] [D] [thread 1844] [27.0] [cxt 0] Deparser 'deparser': start
[14:55:02.345] [bmv2] [T] [thread 1844] [27.0] [cxt 0] Skipping checksum 'cksum' update because condition not met
[14:55:02.345] [bmv2] [D] [thread 1844] [27.0] [cxt 0] Deparsing header 'ethernet'
[14:55:02.345] [bmv2] [D] [thread 1844] [27.0] [cxt 0] Deparser 'deparser': end
[14:55:02.345] [bmv2] [D] [thread 1848] [25.0] [cxt 0] Transmitting packet of size 70 out of port 0
[14:55:02.345] [bmv2] [D] [thread 1848] [26.0] [cxt 0] Transmitting packet of size 70 out of port 0
[14:55:02.345] [bmv2] [D] [thread 1848] [27.0] [cxt 0] Transmitting packet of size 70 out of port 0
[14:55:02.857] [bmv2] [D] [thread 1843] [28.0] [cxt 0] Processing packet received on port 3
[14:55:02.857] [bmv2] [D] [thread 1843] [28.0] [cxt 0] Parser 'parser': start
[14:55:02.857] [bmv2] [D] [thread 1843] [28.0] [cxt 0] Parser 'parser' entering state 'start'
[14:55:02.857] [bmv2] [D] [thread 1843] [28.0] [cxt 0] Extracting header 'ethernet'
[14:55:02.857] [bmv2] [D] [thread 1843] [28.0] [cxt 0] Parser state 'start': key is 86dd
[14:55:02.857] [bmv2] [T] [thread 1843] [28.0] [cxt 0] Bytes parsed: 14
[14:55:02.857] [bmv2] [D] [thread 1843] [28.0] [cxt 0] Parser 'parser': end
[14:55:02.857] [bmv2] [D] [thread 1843] [28.0] [cxt 0] Pipeline 'ingress': start
[14:55:02.857] [bmv2] [T] [thread 1843] [28.0] [cxt 0] basic.p4(114) Condition "hdr.ipv4.isValid()" (node_2) is false
[14:55:02.857] [bmv2] [D] [thread 1843] [28.0] [cxt 0] Pipeline 'ingress': end
[14:55:02.857] [bmv2] [D] [thread 1843] [28.0] [cxt 0] Egress port is 0
[14:55:02.857] [bmv2] [D] [thread 1843] [29.0] [cxt 0] Processing packet received on port 3
[14:55:02.857] [bmv2] [D] [thread 1843] [29.0] [cxt 0] Parser 'parser': start
[14:55:02.857] [bmv2] [D] [thread 1843] [29.0] [cxt 0] Parser 'parser' entering state 'start'
[14:55:02.857] [bmv2] [D] [thread 1843] [29.0] [cxt 0] Extracting header 'ethernet'
[14:55:02.857] [bmv2] [D] [thread 1843] [29.0] [cxt 0] Parser state 'start': key is 86dd
[14:55:02.857] [bmv2] [T] [thread 1843] [29.0] [cxt 0] Bytes parsed: 14
[14:55:02.857] [bmv2] [D] [thread 1843] [29.0] [cxt 0] Parser 'parser': end
[14:55:02.857] [bmv2] [D] [thread 1843] [29.0] [cxt 0] Pipeline 'ingress': start
[14:55:02.857] [bmv2] [T] [thread 1843] [29.0] [cxt 0] basic.p4(114) Condition "hdr.ipv4.isValid()" (node_2) is false
[14:55:02.857] [bmv2] [D] [thread 1843] [29.0] [cxt 0] Pipeline 'ingress': end
[14:55:02.857] [bmv2] [D] [thread 1843] [29.0] [cxt 0] Egress port is 0
[14:55:02.857] [bmv2] [D] [thread 1844] [28.0] [cxt 0] Pipeline 'egress': start
[14:55:02.857] [bmv2] [D] [thread 1844] [28.0] [cxt 0] Pipeline 'egress': end
[14:55:02.857] [bmv2] [D] [thread 1844] [28.0] [cxt 0] Deparser 'deparser': start
[14:55:02.857] [bmv2] [T] [thread 1844] [28.0] [cxt 0] Skipping checksum 'cksum' update because condition not met
[14:55:02.857] [bmv2] [D] [thread 1844] [28.0] [cxt 0] Deparsing header 'ethernet'
[14:55:02.857] [bmv2] [D] [thread 1844] [28.0] [cxt 0] Deparser 'deparser': end
[14:55:02.857] [bmv2] [D] [thread 1844] [29.0] [cxt 0] Pipeline 'egress': start
[14:55:02.857] [bmv2] [D] [thread 1844] [29.0] [cxt 0] Pipeline 'egress': end
[14:55:02.857] [bmv2] [D] [thread 1844] [29.0] [cxt 0] Deparser 'deparser': start
[14:55:02.857] [bmv2] [T] [thread 1844] [29.0] [cxt 0] Skipping checksum 'cksum' update because condition not met
[14:55:02.857] [bmv2] [D] [thread 1844] [29.0] [cxt 0] Deparsing header 'ethernet'
[14:55:02.857] [bmv2] [D] [thread 1844] [29.0] [cxt 0] Deparser 'deparser': end
[14:55:02.857] [bmv2] [D] [thread 1848] [28.0] [cxt 0] Transmitting packet of size 70 out of port 0
[14:55:02.857] [bmv2] [D] [thread 1848] [29.0] [cxt 0] Transmitting packet of size 70 out of port 0
[14:55:09.514] [bmv2] [D] [thread 1843] [30.0] [cxt 0] Processing packet received on port 2
[14:55:09.514] [bmv2] [D] [thread 1843] [30.0] [cxt 0] Parser 'parser': start
[14:55:09.514] [bmv2] [D] [thread 1843] [30.0] [cxt 0] Parser 'parser' entering state 'start'
[14:55:09.514] [bmv2] [D] [thread 1843] [30.0] [cxt 0] Extracting header 'ethernet'
[14:55:09.514] [bmv2] [D] [thread 1843] [30.0] [cxt 0] Parser state 'start': key is 86dd
[14:55:09.514] [bmv2] [T] [thread 1843] [30.0] [cxt 0] Bytes parsed: 14
[14:55:09.514] [bmv2] [D] [thread 1843] [30.0] [cxt 0] Parser 'parser': end
[14:55:09.514] [bmv2] [D] [thread 1843] [30.0] [cxt 0] Pipeline 'ingress': start
[14:55:09.514] [bmv2] [T] [thread 1843] [30.0] [cxt 0] basic.p4(114) Condition "hdr.ipv4.isValid()" (node_2) is false
[14:55:09.514] [bmv2] [D] [thread 1843] [30.0] [cxt 0] Pipeline 'ingress': end
[14:55:09.514] [bmv2] [D] [thread 1843] [30.0] [cxt 0] Egress port is 0
[14:55:09.514] [bmv2] [D] [thread 1844] [30.0] [cxt 0] Pipeline 'egress': start
[14:55:09.514] [bmv2] [D] [thread 1844] [30.0] [cxt 0] Pipeline 'egress': end
[14:55:09.514] [bmv2] [D] [thread 1844] [30.0] [cxt 0] Deparser 'deparser': start
[14:55:09.514] [bmv2] [T] [thread 1844] [30.0] [cxt 0] Skipping checksum 'cksum' update because condition not met
[14:55:09.514] [bmv2] [D] [thread 1844] [30.0] [cxt 0] Deparsing header 'ethernet'
[14:55:09.514] [bmv2] [D] [thread 1844] [30.0] [cxt 0] Deparser 'deparser': end
[14:55:09.514] [bmv2] [D] [thread 1848] [30.0] [cxt 0] Transmitting packet of size 70 out of port 0
[14:55:10.281] [bmv2] [D] [thread 1843] [31.0] [cxt 0] Processing packet received on port 4
[14:55:10.281] [bmv2] [D] [thread 1843] [31.0] [cxt 0] Parser 'parser': start
[14:55:10.281] [bmv2] [D] [thread 1843] [31.0] [cxt 0] Parser 'parser' entering state 'start'
[14:55:10.281] [bmv2] [D] [thread 1843] [31.0] [cxt 0] Extracting header 'ethernet'
[14:55:10.281] [bmv2] [D] [thread 1843] [31.0] [cxt 0] Parser state 'start': key is 86dd
[14:55:10.281] [bmv2] [T] [thread 1843] [31.0] [cxt 0] Bytes parsed: 14
[14:55:10.281] [bmv2] [D] [thread 1843] [31.0] [cxt 0] Parser 'parser': end
[14:55:10.281] [bmv2] [D] [thread 1843] [31.0] [cxt 0] Pipeline 'ingress': start
[14:55:10.281] [bmv2] [T] [thread 1843] [31.0] [cxt 0] basic.p4(114) Condition "hdr.ipv4.isValid()" (node_2) is false
[14:55:10.281] [bmv2] [D] [thread 1843] [31.0] [cxt 0] Pipeline 'ingress': end
[14:55:10.281] [bmv2] [D] [thread 1843] [31.0] [cxt 0] Egress port is 0
[14:55:10.281] [bmv2] [D] [thread 1844] [31.0] [cxt 0] Pipeline 'egress': start
[14:55:10.281] [bmv2] [D] [thread 1844] [31.0] [cxt 0] Pipeline 'egress': end
[14:55:10.281] [bmv2] [D] [thread 1844] [31.0] [cxt 0] Deparser 'deparser': start
[14:55:10.281] [bmv2] [T] [thread 1844] [31.0] [cxt 0] Skipping checksum 'cksum' update because condition not met
[14:55:10.281] [bmv2] [D] [thread 1844] [31.0] [cxt 0] Deparsing header 'ethernet'
[14:55:10.281] [bmv2] [D] [thread 1844] [31.0] [cxt 0] Deparser 'deparser': end
[14:55:10.281] [bmv2] [D] [thread 1848] [31.0] [cxt 0] Transmitting packet of size 70 out of port 0
[14:55:10.537] [bmv2] [D] [thread 1843] [32.0] [cxt 0] Processing packet received on port 1
[14:55:10.537] [bmv2] [D] [thread 1843] [32.0] [cxt 0] Parser 'parser': start
[14:55:10.537] [bmv2] [D] [thread 1843] [32.0] [cxt 0] Parser 'parser' entering state 'start'
[14:55:10.537] [bmv2] [D] [thread 1843] [32.0] [cxt 0] Extracting header 'ethernet'
[14:55:10.537] [bmv2] [D] [thread 1843] [32.0] [cxt 0] Parser state 'start': key is 86dd
[14:55:10.537] [bmv2] [T] [thread 1843] [32.0] [cxt 0] Bytes parsed: 14
[14:55:10.537] [bmv2] [D] [thread 1843] [32.0] [cxt 0] Parser 'parser': end
[14:55:10.537] [bmv2] [D] [thread 1843] [32.0] [cxt 0] Pipeline 'ingress': start
[14:55:10.537] [bmv2] [T] [thread 1843] [32.0] [cxt 0] basic.p4(114) Condition "hdr.ipv4.isValid()" (node_2) is false
[14:55:10.537] [bmv2] [D] [thread 1843] [32.0] [cxt 0] Pipeline 'ingress': end
[14:55:10.537] [bmv2] [D] [thread 1843] [32.0] [cxt 0] Egress port is 0
[14:55:10.537] [bmv2] [D] [thread 1844] [32.0] [cxt 0] Pipeline 'egress': start
[14:55:10.537] [bmv2] [D] [thread 1844] [32.0] [cxt 0] Pipeline 'egress': end
[14:55:10.537] [bmv2] [D] [thread 1844] [32.0] [cxt 0] Deparser 'deparser': start
[14:55:10.537] [bmv2] [T] [thread 1844] [32.0] [cxt 0] Skipping checksum 'cksum' update because condition not met
[14:55:10.537] [bmv2] [D] [thread 1844] [32.0] [cxt 0] Deparsing header 'ethernet'
[14:55:10.537] [bmv2] [D] [thread 1844] [32.0] [cxt 0] Deparser 'deparser': end
[14:55:10.538] [bmv2] [D] [thread 1848] [32.0] [cxt 0] Transmitting packet of size 70 out of port 0
[14:55:10.793] [bmv2] [D] [thread 1843] [33.0] [cxt 0] Processing packet received on port 4
[14:55:10.793] [bmv2] [D] [thread 1843] [33.0] [cxt 0] Parser 'parser': start
[14:55:10.793] [bmv2] [D] [thread 1843] [33.0] [cxt 0] Parser 'parser' entering state 'start'
[14:55:10.793] [bmv2] [D] [thread 1843] [33.0] [cxt 0] Extracting header 'ethernet'
[14:55:10.793] [bmv2] [D] [thread 1843] [33.0] [cxt 0] Parser state 'start': key is 86dd
[14:55:10.793] [bmv2] [T] [thread 1843] [33.0] [cxt 0] Bytes parsed: 14
[14:55:10.793] [bmv2] [D] [thread 1843] [33.0] [cxt 0] Parser 'parser': end
[14:55:10.793] [bmv2] [D] [thread 1843] [33.0] [cxt 0] Pipeline 'ingress': start
[14:55:10.793] [bmv2] [T] [thread 1843] [33.0] [cxt 0] basic.p4(114) Condition "hdr.ipv4.isValid()" (node_2) is false
[14:55:10.793] [bmv2] [D] [thread 1843] [33.0] [cxt 0] Pipeline 'ingress': end
[14:55:10.793] [bmv2] [D] [thread 1843] [33.0] [cxt 0] Egress port is 0
[14:55:10.794] [bmv2] [D] [thread 1844] [33.0] [cxt 0] Pipeline 'egress': start
[14:55:10.794] [bmv2] [D] [thread 1844] [33.0] [cxt 0] Pipeline 'egress': end
[14:55:10.794] [bmv2] [D] [thread 1844] [33.0] [cxt 0] Deparser 'deparser': start
[14:55:10.794] [bmv2] [T] [thread 1844] [33.0] [cxt 0] Skipping checksum 'cksum' update because condition not met
[14:55:10.794] [bmv2] [D] [thread 1844] [33.0] [cxt 0] Deparsing header 'ethernet'
[14:55:10.794] [bmv2] [D] [thread 1844] [33.0] [cxt 0] Deparser 'deparser': end
[14:55:10.794] [bmv2] [D] [thread 1848] [33.0] [cxt 0] Transmitting packet of size 70 out of port 0
[14:55:11.305] [bmv2] [D] [thread 1843] [34.0] [cxt 0] Processing packet received on port 3
[14:55:11.305] [bmv2] [D] [thread 1843] [34.0] [cxt 0] Parser 'parser': start
[14:55:11.305] [bmv2] [D] [thread 1843] [34.0] [cxt 0] Parser 'parser' entering state 'start'
[14:55:11.305] [bmv2] [D] [thread 1843] [34.0] [cxt 0] Extracting header 'ethernet'
[14:55:11.305] [bmv2] [D] [thread 1843] [34.0] [cxt 0] Parser state 'start': key is 86dd
[14:55:11.305] [bmv2] [T] [thread 1843] [34.0] [cxt 0] Bytes parsed: 14
[14:55:11.305] [bmv2] [D] [thread 1843] [34.0] [cxt 0] Parser 'parser': end
[14:55:11.305] [bmv2] [D] [thread 1843] [34.0] [cxt 0] Pipeline 'ingress': start
[14:55:11.305] [bmv2] [T] [thread 1843] [34.0] [cxt 0] basic.p4(114) Condition "hdr.ipv4.isValid()" (node_2) is false
[14:55:11.305] [bmv2] [D] [thread 1843] [34.0] [cxt 0] Pipeline 'ingress': end
[14:55:11.305] [bmv2] [D] [thread 1843] [34.0] [cxt 0] Egress port is 0
[14:55:11.306] [bmv2] [D] [thread 1844] [34.0] [cxt 0] Pipeline 'egress': start
[14:55:11.306] [bmv2] [D] [thread 1844] [34.0] [cxt 0] Pipeline 'egress': end
[14:55:11.306] [bmv2] [D] [thread 1844] [34.0] [cxt 0] Deparser 'deparser': start
[14:55:11.306] [bmv2] [T] [thread 1844] [34.0] [cxt 0] Skipping checksum 'cksum' update because condition not met
[14:55:11.306] [bmv2] [D] [thread 1844] [34.0] [cxt 0] Deparsing header 'ethernet'
[14:55:11.306] [bmv2] [D] [thread 1844] [34.0] [cxt 0] Deparser 'deparser': end
[14:55:11.306] [bmv2] [D] [thread 1848] [34.0] [cxt 0] Transmitting packet of size 70 out of port 0
[14:55:11.817] [bmv2] [D] [thread 1843] [35.0] [cxt 0] Processing packet received on port 3
[14:55:11.817] [bmv2] [D] [thread 1843] [35.0] [cxt 0] Parser 'parser': start
[14:55:11.817] [bmv2] [D] [thread 1843] [35.0] [cxt 0] Parser 'parser' entering state 'start'
[14:55:11.817] [bmv2] [D] [thread 1843] [35.0] [cxt 0] Extracting header 'ethernet'
[14:55:11.817] [bmv2] [D] [thread 1843] [35.0] [cxt 0] Parser state 'start': key is 86dd
[14:55:11.817] [bmv2] [T] [thread 1843] [35.0] [cxt 0] Bytes parsed: 14
[14:55:11.817] [bmv2] [D] [thread 1843] [35.0] [cxt 0] Parser 'parser': end
[14:55:11.817] [bmv2] [D] [thread 1843] [35.0] [cxt 0] Pipeline 'ingress': start
[14:55:11.817] [bmv2] [T] [thread 1843] [35.0] [cxt 0] basic.p4(114) Condition "hdr.ipv4.isValid()" (node_2) is false
[14:55:11.817] [bmv2] [D] [thread 1843] [35.0] [cxt 0] Pipeline 'ingress': end
[14:55:11.817] [bmv2] [D] [thread 1843] [35.0] [cxt 0] Egress port is 0
[14:55:11.817] [bmv2] [D] [thread 1844] [35.0] [cxt 0] Pipeline 'egress': start
[14:55:11.817] [bmv2] [D] [thread 1844] [35.0] [cxt 0] Pipeline 'egress': end
[14:55:11.817] [bmv2] [D] [thread 1844] [35.0] [cxt 0] Deparser 'deparser': start
[14:55:11.817] [bmv2] [T] [thread 1844] [35.0] [cxt 0] Skipping checksum 'cksum' update because condition not met
[14:55:11.817] [bmv2] [D] [thread 1844] [35.0] [cxt 0] Deparsing header 'ethernet'
[14:55:11.817] [bmv2] [D] [thread 1844] [35.0] [cxt 0] Deparser 'deparser': end
[14:55:11.818] [bmv2] [D] [thread 1848] [35.0] [cxt 0] Transmitting packet of size 70 out of port 0
open: No such file or directory
open: No such file or directory
open: No such file or directory
open: No such file or directory
