Calling target program-options parser
[14:54:57.854] [bmv2] [D] [thread 1851] Set default default entry for table 'MyIngress.ipv4_lpm': MyIngress.drop - 
Adding interface s3-eth1 as port 1
[14:54:57.854] [bmv2] [D] [thread 1851] Adding interface s3-eth1 as port 1
Adding interface s3-eth2 as port 2
[14:54:57.897] [bmv2] [D] [thread 1851] Adding interface s3-eth2 as port 2
Server listening on 0.0.0.0:50053
[14:54:57.937] [bmv2] [I] [thread 1851] Starting Thrift server on port 9092
[14:54:57.937] [bmv2] [I] [thread 1851] Thrift server was started
[14:54:57.938] [bmv2] [D] [thread 1861] [0.0] [cxt 0] Processing packet received on port 1
[14:54:57.938] [bmv2] [D] [thread 1861] [0.0] [cxt 0] Parser 'parser': start
[14:54:57.938] [bmv2] [D] [thread 1861] [0.0] [cxt 0] Parser 'parser' entering state 'start'
[14:54:57.938] [bmv2] [D] [thread 1861] [0.0] [cxt 0] Extracting header 'ethernet'
[14:54:57.938] [bmv2] [D] [thread 1861] [0.0] [cxt 0] Parser state 'start': key is 86dd
[14:54:57.938] [bmv2] [T] [thread 1861] [0.0] [cxt 0] Bytes parsed: 14
[14:54:57.938] [bmv2] [D] [thread 1861] [0.0] [cxt 0] Parser 'parser': end
[14:54:57.938] [bmv2] [D] [thread 1861] [0.0] [cxt 0] Pipeline 'ingress': start
[14:54:57.938] [bmv2] [T] [thread 1861] [0.0] [cxt 0] basic.p4(114) Condition "hdr.ipv4.isValid()" (node_2) is false
[14:54:57.938] [bmv2] [D] [thread 1861] [0.0] [cxt 0] Pipeline 'ingress': end
[14:54:57.938] [bmv2] [D] [thread 1861] [0.0] [cxt 0] Egress port is 0
[14:54:57.938] [bmv2] [D] [thread 1861] [1.0] [cxt 0] Processing packet received on port 1
[14:54:57.938] [bmv2] [D] [thread 1861] [1.0] [cxt 0] Parser 'parser': start
[14:54:57.938] [bmv2] [D] [thread 1861] [1.0] [cxt 0] Parser 'parser' entering state 'start'
[14:54:57.938] [bmv2] [D] [thread 1861] [1.0] [cxt 0] Extracting header 'ethernet'
[14:54:57.938] [bmv2] [D] [thread 1861] [1.0] [cxt 0] Parser state 'start': key is 86dd
[14:54:57.938] [bmv2] [T] [thread 1861] [1.0] [cxt 0] Bytes parsed: 14
[14:54:57.938] [bmv2] [D] [thread 1861] [1.0] [cxt 0] Parser 'parser': end
[14:54:57.938] [bmv2] [D] [thread 1861] [1.0] [cxt 0] Pipeline 'ingress': start
[14:54:57.938] [bmv2] [T] [thread 1861] [1.0] [cxt 0] basic.p4(114) Condition "hdr.ipv4.isValid()" (node_2) is false
[14:54:57.938] [bmv2] [D] [thread 1861] [1.0] [cxt 0] Pipeline 'ingress': end
[14:54:57.938] [bmv2] [D] [thread 1861] [1.0] [cxt 0] Egress port is 0
[14:54:57.938] [bmv2] [D] [thread 1862] [0.0] [cxt 0] Pipeline 'egress': start
[14:54:57.938] [bmv2] [D] [thread 1862] [0.0] [cxt 0] Pipeline 'egress': end
[14:54:57.938] [bmv2] [D] [thread 1862] [0.0] [cxt 0] Deparser 'deparser': start
[14:54:57.938] [bmv2] [T] [thread 1862] [0.0] [cxt 0] Skipping checksum 'cksum' update because condition not met
[14:54:57.938] [bmv2] [D] [thread 1862] [0.0] [cxt 0] Deparsing header 'ethernet'
[14:54:57.938] [bmv2] [D] [thread 1862] [0.0] [cxt 0] Deparser 'deparser': end
[14:54:57.938] [bmv2] [D] [thread 1862] [1.0] [cxt 0] Pipeline 'egress': start
[14:54:57.938] [bmv2] [D] [thread 1862] [1.0] [cxt 0] Pipeline 'egress': end
[14:54:57.938] [bmv2] [D] [thread 1862] [1.0] [cxt 0] Deparser 'deparser': start
[14:54:57.938] [bmv2] [T] [thread 1862] [1.0] [cxt 0] Skipping checksum 'cksum' update because condition not met
[14:54:57.938] [bmv2] [D] [thread 1862] [1.0] [cxt 0] Deparsing header 'ethernet'
[14:54:57.938] [bmv2] [D] [thread 1862] [1.0] [cxt 0] Deparser 'deparser': end
[14:54:57.938] [bmv2] [D] [thread 1866] [0.0] [cxt 0] Transmitting packet of size 90 out of port 0
[14:54:57.938] [bmv2] [D] [thread 1866] [1.0] [cxt 0] Transmitting packet of size 70 out of port 0
[14:54:58.122] [bmv2] [D] [thread 1861] [2.0] [cxt 0] Processing packet received on port 2
[14:54:58.122] [bmv2] [D] [thread 1861] [2.0] [cxt 0] Parser 'parser': start
[14:54:58.122] [bmv2] [D] [thread 1861] [2.0] [cxt 0] Parser 'parser' entering state 'start'
[14:54:58.122] [bmv2] [D] [thread 1861] [2.0] [cxt 0] Extracting header 'ethernet'
[14:54:58.122] [bmv2] [D] [thread 1861] [2.0] [cxt 0] Parser state 'start': key is 86dd
[14:54:58.122] [bmv2] [T] [thread 1861] [2.0] [cxt 0] Bytes parsed: 14
[14:54:58.122] [bmv2] [D] [thread 1861] [2.0] [cxt 0] Parser 'parser': end
[14:54:58.122] [bmv2] [D] [thread 1861] [2.0] [cxt 0] Pipeline 'ingress': start
[14:54:58.122] [bmv2] [T] [thread 1861] [2.0] [cxt 0] basic.p4(114) Condition "hdr.ipv4.isValid()" (node_2) is false
[14:54:58.122] [bmv2] [D] [thread 1861] [2.0] [cxt 0] Pipeline 'ingress': end
[14:54:58.122] [bmv2] [D] [thread 1861] [2.0] [cxt 0] Egress port is 0
[14:54:58.122] [bmv2] [D] [thread 1861] [3.0] [cxt 0] Processing packet received on port 2
[14:54:58.122] [bmv2] [D] [thread 1861] [3.0] [cxt 0] Parser 'parser': start
[14:54:58.122] [bmv2] [D] [thread 1861] [3.0] [cxt 0] Parser 'parser' entering state 'start'
[14:54:58.122] [bmv2] [D] [thread 1861] [3.0] [cxt 0] Extracting header 'ethernet'
[14:54:58.122] [bmv2] [D] [thread 1861] [3.0] [cxt 0] Parser state 'start': key is 86dd
[14:54:58.122] [bmv2] [T] [thread 1861] [3.0] [cxt 0] Bytes parsed: 14
[14:54:58.122] [bmv2] [D] [thread 1861] [3.0] [cxt 0] Parser 'parser': end
[14:54:58.122] [bmv2] [D] [thread 1861] [3.0] [cxt 0] Pipeline 'ingress': start
[14:54:58.122] [bmv2] [T] [thread 1861] [3.0] [cxt 0] basic.p4(114) Condition "hdr.ipv4.isValid()" (node_2) is false
[14:54:58.122] [bmv2] [D] [thread 1861] [3.0] [cxt 0] Pipeline 'ingress': end
[14:54:58.122] [bmv2] [D] [thread 1861] [3.0] [cxt 0] Egress port is 0
[14:54:58.122] [bmv2] [D] [thread 1862] [2.0] [cxt 0] Pipeline 'egress': start
[14:54:58.122] [bmv2] [D] [thread 1862] [2.0] [cxt 0] Pipeline 'egress': end
[14:54:58.122] [bmv2] [D] [thread 1862] [2.0] [cxt 0] Deparser 'deparser': start
[14:54:58.122] [bmv2] [T] [thread 1862] [2.0] [cxt 0] Skipping checksum 'cksum' update because condition not met
[14:54:58.122] [bmv2] [D] [thread 1862] [2.0] [cxt 0] Deparsing header 'ethernet'
[14:54:58.122] [bmv2] [D] [thread 1862] [2.0] [cxt 0] Deparser 'deparser': end
[14:54:58.122] [bmv2] [D] [thread 1862] [3.0] [cxt 0] Pipeline 'egress': start
[14:54:58.122] [bmv2] [D] [thread 1862] [3.0] [cxt 0] Pipeline 'egress': end
[14:54:58.122] [bmv2] [D] [thread 1862] [3.0] [cxt 0] Deparser 'deparser': start
[14:54:58.122] [bmv2] [T] [thread 1862] [3.0] [cxt 0] Skipping checksum 'cksum' update because condition not met
[14:54:58.122] [bmv2] [D] [thread 1862] [3.0] [cxt 0] Deparsing header 'ethernet'
[14:54:58.122] [bmv2] [D] [thread 1862] [3.0] [cxt 0] Deparser 'deparser': end
[14:54:58.122] [bmv2] [D] [thread 1866] [2.0] [cxt 0] Transmitting packet of size 90 out of port 0
[14:54:58.122] [bmv2] [D] [thread 1866] [3.0] [cxt 0] Transmitting packet of size 70 out of port 0
[14:54:58.153] [bmv2] [D] [thread 1861] [4.0] [cxt 0] Processing packet received on port 2
[14:54:58.153] [bmv2] [D] [thread 1861] [4.0] [cxt 0] Parser 'parser': start
[14:54:58.153] [bmv2] [D] [thread 1861] [4.0] [cxt 0] Parser 'parser' entering state 'start'
[14:54:58.153] [bmv2] [D] [thread 1861] [4.0] [cxt 0] Extracting header 'ethernet'
[14:54:58.153] [bmv2] [D] [thread 1861] [4.0] [cxt 0] Parser state 'start': key is 86dd
[14:54:58.153] [bmv2] [T] [thread 1861] [4.0] [cxt 0] Bytes parsed: 14
[14:54:58.153] [bmv2] [D] [thread 1861] [4.0] [cxt 0] Parser 'parser': end
[14:54:58.153] [bmv2] [D] [thread 1861] [4.0] [cxt 0] Pipeline 'ingress': start
[14:54:58.153] [bmv2] [T] [thread 1861] [4.0] [cxt 0] basic.p4(114) Condition "hdr.ipv4.isValid()" (node_2) is false
[14:54:58.153] [bmv2] [D] [thread 1861] [4.0] [cxt 0] Pipeline 'ingress': end
[14:54:58.153] [bmv2] [D] [thread 1861] [4.0] [cxt 0] Egress port is 0
[14:54:58.153] [bmv2] [D] [thread 1861] [5.0] [cxt 0] Processing packet received on port 2
[14:54:58.153] [bmv2] [D] [thread 1861] [5.0] [cxt 0] Parser 'parser': start
[14:54:58.153] [bmv2] [D] [thread 1861] [5.0] [cxt 0] Parser 'parser' entering state 'start'
[14:54:58.153] [bmv2] [D] [thread 1861] [5.0] [cxt 0] Extracting header 'ethernet'
[14:54:58.153] [bmv2] [D] [thread 1861] [5.0] [cxt 0] Parser state 'start': key is 86dd
[14:54:58.153] [bmv2] [T] [thread 1861] [5.0] [cxt 0] Bytes parsed: 14
[14:54:58.153] [bmv2] [D] [thread 1861] [5.0] [cxt 0] Parser 'parser': end
[14:54:58.153] [bmv2] [D] [thread 1861] [5.0] [cxt 0] Pipeline 'ingress': start
[14:54:58.153] [bmv2] [T] [thread 1861] [5.0] [cxt 0] basic.p4(114) Condition "hdr.ipv4.isValid()" (node_2) is false
[14:54:58.153] [bmv2] [D] [thread 1861] [5.0] [cxt 0] Pipeline 'ingress': end
[14:54:58.153] [bmv2] [D] [thread 1861] [5.0] [cxt 0] Egress port is 0
[14:54:58.153] [bmv2] [D] [thread 1862] [4.0] [cxt 0] Pipeline 'egress': start
[14:54:58.153] [bmv2] [D] [thread 1862] [4.0] [cxt 0] Pipeline 'egress': end
[14:54:58.153] [bmv2] [D] [thread 1862] [4.0] [cxt 0] Deparser 'deparser': start
[14:54:58.153] [bmv2] [T] [thread 1862] [4.0] [cxt 0] Skipping checksum 'cksum' update because condition not met
[14:54:58.153] [bmv2] [D] [thread 1862] [4.0] [cxt 0] Deparsing header 'ethernet'
[14:54:58.153] [bmv2] [D] [thread 1862] [4.0] [cxt 0] Deparser 'deparser': end
[14:54:58.153] [bmv2] [D] [thread 1862] [5.0] [cxt 0] Pipeline 'egress': start
[14:54:58.153] [bmv2] [D] [thread 1862] [5.0] [cxt 0] Pipeline 'egress': end
[14:54:58.153] [bmv2] [D] [thread 1862] [5.0] [cxt 0] Deparser 'deparser': start
[14:54:58.153] [bmv2] [T] [thread 1862] [5.0] [cxt 0] Skipping checksum 'cksum' update because condition not met
[14:54:58.153] [bmv2] [D] [thread 1862] [5.0] [cxt 0] Deparsing header 'ethernet'
[14:54:58.153] [bmv2] [D] [thread 1862] [5.0] [cxt 0] Deparser 'deparser': end
[14:54:58.153] [bmv2] [D] [thread 1866] [4.0] [cxt 0] Transmitting packet of size 90 out of port 0
[14:54:58.153] [bmv2] [D] [thread 1866] [5.0] [cxt 0] Transmitting packet of size 70 out of port 0
[14:54:58.410] [bmv2] [D] [thread 1861] [6.0] [cxt 0] Processing packet received on port 1
[14:54:58.410] [bmv2] [D] [thread 1861] [6.0] [cxt 0] Parser 'parser': start
[14:54:58.410] [bmv2] [D] [thread 1861] [6.0] [cxt 0] Parser 'parser' entering state 'start'
[14:54:58.410] [bmv2] [D] [thread 1861] [6.0] [cxt 0] Extracting header 'ethernet'
[14:54:58.410] [bmv2] [D] [thread 1861] [6.0] [cxt 0] Parser state 'start': key is 86dd
[14:54:58.410] [bmv2] [T] [thread 1861] [6.0] [cxt 0] Bytes parsed: 14
[14:54:58.410] [bmv2] [D] [thread 1861] [6.0] [cxt 0] Parser 'parser': end
[14:54:58.410] [bmv2] [D] [thread 1861] [6.0] [cxt 0] Pipeline 'ingress': start
[14:54:58.410] [bmv2] [T] [thread 1861] [6.0] [cxt 0] basic.p4(114) Condition "hdr.ipv4.isValid()" (node_2) is false
[14:54:58.410] [bmv2] [D] [thread 1861] [6.0] [cxt 0] Pipeline 'ingress': end
[14:54:58.410] [bmv2] [D] [thread 1861] [6.0] [cxt 0] Egress port is 0
[14:54:58.410] [bmv2] [D] [thread 1861] [7.0] [cxt 0] Processing packet received on port 1
[14:54:58.410] [bmv2] [D] [thread 1861] [7.0] [cxt 0] Parser 'parser': start
[14:54:58.410] [bmv2] [D] [thread 1861] [7.0] [cxt 0] Parser 'parser' entering state 'start'
[14:54:58.410] [bmv2] [D] [thread 1861] [7.0] [cxt 0] Extracting header 'ethernet'
[14:54:58.410] [bmv2] [D] [thread 1861] [7.0] [cxt 0] Parser state 'start': key is 86dd
[14:54:58.410] [bmv2] [T] [thread 1861] [7.0] [cxt 0] Bytes parsed: 14
[14:54:58.410] [bmv2] [D] [thread 1861] [7.0] [cxt 0] Parser 'parser': end
[14:54:58.410] [bmv2] [D] [thread 1861] [7.0] [cxt 0] Pipeline 'ingress': start
[14:54:58.410] [bmv2] [T] [thread 1861] [7.0] [cxt 0] basic.p4(114) Condition "hdr.ipv4.isValid()" (node_2) is false
[14:54:58.410] [bmv2] [D] [thread 1861] [7.0] [cxt 0] Pipeline 'ingress': end
[14:54:58.410] [bmv2] [D] [thread 1861] [7.0] [cxt 0] Egress port is 0
[14:54:58.410] [bmv2] [D] [thread 1862] [6.0] [cxt 0] Pipeline 'egress': start
[14:54:58.410] [bmv2] [D] [thread 1862] [6.0] [cxt 0] Pipeline 'egress': end
[14:54:58.410] [bmv2] [D] [thread 1862] [6.0] [cxt 0] Deparser 'deparser': start
[14:54:58.410] [bmv2] [T] [thread 1862] [6.0] [cxt 0] Skipping checksum 'cksum' update because condition not met
[14:54:58.410] [bmv2] [D] [thread 1862] [6.0] [cxt 0] Deparsing header 'ethernet'
[14:54:58.410] [bmv2] [D] [thread 1862] [6.0] [cxt 0] Deparser 'deparser': end
[14:54:58.410] [bmv2] [D] [thread 1862] [7.0] [cxt 0] Pipeline 'egress': start
[14:54:58.410] [bmv2] [D] [thread 1862] [7.0] [cxt 0] Pipeline 'egress': end
[14:54:58.410] [bmv2] [D] [thread 1862] [7.0] [cxt 0] Deparser 'deparser': start
[14:54:58.410] [bmv2] [T] [thread 1862] [7.0] [cxt 0] Skipping checksum 'cksum' update because condition not met
[14:54:58.410] [bmv2] [D] [thread 1862] [7.0] [cxt 0] Deparsing header 'ethernet'
[14:54:58.410] [bmv2] [D] [thread 1862] [7.0] [cxt 0] Deparser 'deparser': end
[14:54:58.410] [bmv2] [D] [thread 1866] [6.0] [cxt 0] Transmitting packet of size 90 out of port 0
[14:54:58.410] [bmv2] [D] [thread 1866] [7.0] [cxt 0] Transmitting packet of size 70 out of port 0
[14:54:58.473] [bmv2] [D] [thread 1861] [8.0] [cxt 0] Processing packet received on port 1
[14:54:58.473] [bmv2] [D] [thread 1861] [8.0] [cxt 0] Parser 'parser': start
[14:54:58.473] [bmv2] [D] [thread 1861] [8.0] [cxt 0] Parser 'parser' entering state 'start'
[14:54:58.473] [bmv2] [D] [thread 1861] [8.0] [cxt 0] Extracting header 'ethernet'
[14:54:58.473] [bmv2] [D] [thread 1861] [8.0] [cxt 0] Parser state 'start': key is 86dd
[14:54:58.473] [bmv2] [T] [thread 1861] [8.0] [cxt 0] Bytes parsed: 14
[14:54:58.473] [bmv2] [D] [thread 1861] [8.0] [cxt 0] Parser 'parser': end
[14:54:58.473] [bmv2] [D] [thread 1861] [8.0] [cxt 0] Pipeline 'ingress': start
[14:54:58.473] [bmv2] [T] [thread 1861] [8.0] [cxt 0] basic.p4(114) Condition "hdr.ipv4.isValid()" (node_2) is false
[14:54:58.473] [bmv2] [D] [thread 1861] [8.0] [cxt 0] Pipeline 'ingress': end
[14:54:58.473] [bmv2] [D] [thread 1861] [8.0] [cxt 0] Egress port is 0
[14:54:58.473] [bmv2] [D] [thread 1862] [8.0] [cxt 0] Pipeline 'egress': start
[14:54:58.473] [bmv2] [D] [thread 1862] [8.0] [cxt 0] Pipeline 'egress': end
[14:54:58.473] [bmv2] [D] [thread 1862] [8.0] [cxt 0] Deparser 'deparser': start
[14:54:58.473] [bmv2] [T] [thread 1862] [8.0] [cxt 0] Skipping checksum 'cksum' update because condition not met
[14:54:58.473] [bmv2] [D] [thread 1862] [8.0] [cxt 0] Deparsing header 'ethernet'
[14:54:58.473] [bmv2] [D] [thread 1862] [8.0] [cxt 0] Deparser 'deparser': end
[14:54:58.473] [bmv2] [D] [thread 1866] [8.0] [cxt 0] Transmitting packet of size 90 out of port 0
[14:54:58.669] [bmv2] [D] [thread 1861] [9.0] [cxt 0] Processing packet received on port 2
[14:54:58.669] [bmv2] [D] [thread 1861] [9.0] [cxt 0] Parser 'parser': start
[14:54:58.669] [bmv2] [D] [thread 1861] [9.0] [cxt 0] Parser 'parser' entering state 'start'
[14:54:58.669] [bmv2] [D] [thread 1861] [9.0] [cxt 0] Extracting header 'ethernet'
[14:54:58.669] [bmv2] [D] [thread 1861] [9.0] [cxt 0] Parser state 'start': key is 86dd
[14:54:58.669] [bmv2] [T] [thread 1861] [9.0] [cxt 0] Bytes parsed: 14
[14:54:58.669] [bmv2] [D] [thread 1861] [9.0] [cxt 0] Parser 'parser': end
[14:54:58.669] [bmv2] [D] [thread 1861] [9.0] [cxt 0] Pipeline 'ingress': start
[14:54:58.669] [bmv2] [T] [thread 1861] [9.0] [cxt 0] basic.p4(114) Condition "hdr.ipv4.isValid()" (node_2) is false
[14:54:58.669] [bmv2] [D] [thread 1861] [9.0] [cxt 0] Pipeline 'ingress': end
[14:54:58.669] [bmv2] [D] [thread 1861] [9.0] [cxt 0] Egress port is 0
[14:54:58.669] [bmv2] [D] [thread 1862] [9.0] [cxt 0] Pipeline 'egress': start
[14:54:58.669] [bmv2] [D] [thread 1862] [9.0] [cxt 0] Pipeline 'egress': end
[14:54:58.669] [bmv2] [D] [thread 1862] [9.0] [cxt 0] Deparser 'deparser': start
[14:54:58.669] [bmv2] [T] [thread 1862] [9.0] [cxt 0] Skipping checksum 'cksum' update because condition not met
[14:54:58.669] [bmv2] [D] [thread 1862] [9.0] [cxt 0] Deparsing header 'ethernet'
[14:54:58.669] [bmv2] [D] [thread 1862] [9.0] [cxt 0] Deparser 'deparser': end
[14:54:58.669] [bmv2] [D] [thread 1866] [9.0] [cxt 0] Transmitting packet of size 90 out of port 0
[14:54:58.733] [bmv2] [D] [thread 1861] [10.0] [cxt 0] Processing packet received on port 2
[14:54:58.733] [bmv2] [D] [thread 1861] [10.0] [cxt 0] Parser 'parser': start
[14:54:58.733] [bmv2] [D] [thread 1861] [10.0] [cxt 0] Parser 'parser' entering state 'start'
[14:54:58.733] [bmv2] [D] [thread 1861] [10.0] [cxt 0] Extracting header 'ethernet'
[14:54:58.733] [bmv2] [D] [thread 1861] [10.0] [cxt 0] Parser state 'start': key is 86dd
[14:54:58.733] [bmv2] [T] [thread 1861] [10.0] [cxt 0] Bytes parsed: 14
[14:54:58.733] [bmv2] [D] [thread 1861] [10.0] [cxt 0] Parser 'parser': end
[14:54:58.733] [bmv2] [D] [thread 1861] [10.0] [cxt 0] Pipeline 'ingress': start
[14:54:58.733] [bmv2] [T] [thread 1861] [10.0] [cxt 0] basic.p4(114) Condition "hdr.ipv4.isValid()" (node_2) is false
[14:54:58.733] [bmv2] [D] [thread 1861] [10.0] [cxt 0] Pipeline 'ingress': end
[14:54:58.733] [bmv2] [D] [thread 1861] [10.0] [cxt 0] Egress port is 0
[14:54:58.733] [bmv2] [D] [thread 1862] [10.0] [cxt 0] Pipeline 'egress': start
[14:54:58.733] [bmv2] [D] [thread 1862] [10.0] [cxt 0] Pipeline 'egress': end
[14:54:58.733] [bmv2] [D] [thread 1862] [10.0] [cxt 0] Deparser 'deparser': start
[14:54:58.733] [bmv2] [T] [thread 1862] [10.0] [cxt 0] Skipping checksum 'cksum' update because condition not met
[14:54:58.733] [bmv2] [D] [thread 1862] [10.0] [cxt 0] Deparsing header 'ethernet'
[14:54:58.733] [bmv2] [D] [thread 1862] [10.0] [cxt 0] Deparser 'deparser': end
[14:54:58.733] [bmv2] [D] [thread 1866] [10.0] [cxt 0] Transmitting packet of size 90 out of port 0
[14:54:59.273] [bmv2] [D] [thread 1861] [11.0] [cxt 0] Processing packet received on port 1
[14:54:59.273] [bmv2] [D] [thread 1861] [11.0] [cxt 0] Parser 'parser': start
[14:54:59.273] [bmv2] [D] [thread 1861] [11.0] [cxt 0] Parser 'parser' entering state 'start'
[14:54:59.273] [bmv2] [D] [thread 1861] [11.0] [cxt 0] Extracting header 'ethernet'
[14:54:59.273] [bmv2] [D] [thread 1861] [11.0] [cxt 0] Parser state 'start': key is 86dd
[14:54:59.273] [bmv2] [T] [thread 1861] [11.0] [cxt 0] Bytes parsed: 14
[14:54:59.273] [bmv2] [D] [thread 1861] [11.0] [cxt 0] Parser 'parser': end
[14:54:59.273] [bmv2] [D] [thread 1861] [11.0] [cxt 0] Pipeline 'ingress': start
[14:54:59.273] [bmv2] [T] [thread 1861] [11.0] [cxt 0] basic.p4(114) Condition "hdr.ipv4.isValid()" (node_2) is false
[14:54:59.273] [bmv2] [D] [thread 1861] [11.0] [cxt 0] Pipeline 'ingress': end
[14:54:59.273] [bmv2] [D] [thread 1861] [11.0] [cxt 0] Egress port is 0
[14:54:59.273] [bmv2] [D] [thread 1862] [11.0] [cxt 0] Pipeline 'egress': start
[14:54:59.273] [bmv2] [D] [thread 1862] [11.0] [cxt 0] Pipeline 'egress': end
[14:54:59.273] [bmv2] [D] [thread 1862] [11.0] [cxt 0] Deparser 'deparser': start
[14:54:59.273] [bmv2] [T] [thread 1862] [11.0] [cxt 0] Skipping checksum 'cksum' update because condition not met
[14:54:59.273] [bmv2] [D] [thread 1862] [11.0] [cxt 0] Deparsing header 'ethernet'
[14:54:59.273] [bmv2] [D] [thread 1862] [11.0] [cxt 0] Deparser 'deparser': end
[14:54:59.273] [bmv2] [D] [thread 1866] [11.0] [cxt 0] Transmitting packet of size 90 out of port 0
[14:54:59.945] [bmv2] [W] [thread 1916] [P4Runtime] p4::tmp::P4DeviceConfig is deprecated
[14:54:59.947] [bmv2] [D] [thread 1916] Set default default entry for table 'MyIngress.ipv4_lpm': MyIngress.drop - 
[14:54:59.947] [bmv2] [D] [thread 1916] simple_switch target has been notified of a config swap
[14:54:59.948] [bmv2] [D] [thread 1917] Set default entry for table 'MyIngress.ipv4_lpm': MyIngress.drop - 
[14:54:59.948] [bmv2] [D] [thread 1916] Entry 0 added to table 'MyIngress.ipv4_lpm'
[14:54:59.948] [bmv2] [D] [thread 1916] Dumping entry 0
Match key:
* hdr.ipv4.dstAddr    : LPM       0a000101/32
Action entry: MyIngress.ipv4_forward - 80000000100,1,

[14:54:59.949] [bmv2] [D] [thread 1917] Entry 1 added to table 'MyIngress.ipv4_lpm'
[14:54:59.949] [bmv2] [D] [thread 1917] Dumping entry 1
Match key:
* hdr.ipv4.dstAddr    : LPM       0a000202/32
Action entry: MyIngress.ipv4_forward - 80000000100,1,

[14:54:59.949] [bmv2] [D] [thread 1916] Entry 2 added to table 'MyIngress.ipv4_lpm'
[14:54:59.949] [bmv2] [D] [thread 1916] Dumping entry 2
Match key:
* hdr.ipv4.dstAddr    : LPM       0a000303/32
Action entry: MyIngress.ipv4_forward - 80000000200,2,

[14:54:59.950] [bmv2] [D] [thread 1917] Entry 3 added to table 'MyIngress.ipv4_lpm'
[14:54:59.950] [bmv2] [D] [thread 1917] Dumping entry 3
Match key:
* hdr.ipv4.dstAddr    : LPM       0a000404/32
Action entry: MyIngress.ipv4_forward - 80000000200,2,

[14:55:02.089] [bmv2] [D] [thread 1861] [12.0] [cxt 0] Processing packet received on port 2
[14:55:02.089] [bmv2] [D] [thread 1861] [12.0] [cxt 0] Parser 'parser': start
[14:55:02.089] [bmv2] [D] [thread 1861] [12.0] [cxt 0] Parser 'parser' entering state 'start'
[14:55:02.089] [bmv2] [D] [thread 1861] [12.0] [cxt 0] Extracting header 'ethernet'
[14:55:02.089] [bmv2] [D] [thread 1861] [12.0] [cxt 0] Parser state 'start': key is 86dd
[14:55:02.089] [bmv2] [T] [thread 1861] [12.0] [cxt 0] Bytes parsed: 14
[14:55:02.089] [bmv2] [D] [thread 1861] [12.0] [cxt 0] Parser 'parser': end
[14:55:02.089] [bmv2] [D] [thread 1861] [12.0] [cxt 0] Pipeline 'ingress': start
[14:55:02.089] [bmv2] [T] [thread 1861] [12.0] [cxt 0] basic.p4(114) Condition "hdr.ipv4.isValid()" (node_2) is false
[14:55:02.089] [bmv2] [D] [thread 1861] [12.0] [cxt 0] Pipeline 'ingress': end
[14:55:02.089] [bmv2] [D] [thread 1861] [12.0] [cxt 0] Egress port is 0
[14:55:02.089] [bmv2] [D] [thread 1862] [12.0] [cxt 0] Pipeline 'egress': start
[14:55:02.089] [bmv2] [D] [thread 1862] [12.0] [cxt 0] Pipeline 'egress': end
[14:55:02.089] [bmv2] [D] [thread 1862] [12.0] [cxt 0] Deparser 'deparser': start
[14:55:02.089] [bmv2] [T] [thread 1862] [12.0] [cxt 0] Skipping checksum 'cksum' update because condition not met
[14:55:02.089] [bmv2] [D] [thread 1862] [12.0] [cxt 0] Deparsing header 'ethernet'
[14:55:02.089] [bmv2] [D] [thread 1862] [12.0] [cxt 0] Deparser 'deparser': end
[14:55:02.089] [bmv2] [D] [thread 1866] [12.0] [cxt 0] Transmitting packet of size 70 out of port 0
[14:55:02.345] [bmv2] [D] [thread 1861] [13.0] [cxt 0] Processing packet received on port 1
[14:55:02.345] [bmv2] [D] [thread 1861] [13.0] [cxt 0] Parser 'parser': start
[14:55:02.345] [bmv2] [D] [thread 1861] [13.0] [cxt 0] Parser 'parser' entering state 'start'
[14:55:02.345] [bmv2] [D] [thread 1861] [13.0] [cxt 0] Extracting header 'ethernet'
[14:55:02.345] [bmv2] [D] [thread 1861] [13.0] [cxt 0] Parser state 'start': key is 86dd
[14:55:02.345] [bmv2] [T] [thread 1861] [13.0] [cxt 0] Bytes parsed: 14
[14:55:02.345] [bmv2] [D] [thread 1861] [13.0] [cxt 0] Parser 'parser': end
[14:55:02.345] [bmv2] [D] [thread 1861] [13.0] [cxt 0] Pipeline 'ingress': start
[14:55:02.345] [bmv2] [T] [thread 1861] [13.0] [cxt 0] basic.p4(114) Condition "hdr.ipv4.isValid()" (node_2) is false
[14:55:02.345] [bmv2] [D] [thread 1861] [13.0] [cxt 0] Pipeline 'ingress': end
[14:55:02.345] [bmv2] [D] [thread 1861] [13.0] [cxt 0] Egress port is 0
[14:55:02.345] [bmv2] [D] [thread 1861] [14.0] [cxt 0] Processing packet received on port 2
[14:55:02.345] [bmv2] [D] [thread 1861] [14.0] [cxt 0] Parser 'parser': start
[14:55:02.345] [bmv2] [D] [thread 1861] [14.0] [cxt 0] Parser 'parser' entering state 'start'
[14:55:02.345] [bmv2] [D] [thread 1861] [14.0] [cxt 0] Extracting header 'ethernet'
[14:55:02.345] [bmv2] [D] [thread 1861] [14.0] [cxt 0] Parser state 'start': key is 86dd
[14:55:02.345] [bmv2] [T] [thread 1861] [14.0] [cxt 0] Bytes parsed: 14
[14:55:02.345] [bmv2] [D] [thread 1861] [14.0] [cxt 0] Parser 'parser': end
[14:55:02.345] [bmv2] [D] [thread 1861] [14.0] [cxt 0] Pipeline 'ingress': start
[14:55:02.345] [bmv2] [T] [thread 1861] [14.0] [cxt 0] basic.p4(114) Condition "hdr.ipv4.isValid()" (node_2) is false
[14:55:02.345] [bmv2] [D] [thread 1861] [14.0] [cxt 0] Pipeline 'ingress': end
[14:55:02.345] [bmv2] [D] [thread 1861] [14.0] [cxt 0] Egress port is 0
[14:55:02.345] [bmv2] [D] [thread 1861] [15.0] [cxt 0] Processing packet received on port 1
[14:55:02.345] [bmv2] [D] [thread 1861] [15.0] [cxt 0] Parser 'parser': start
[14:55:02.345] [bmv2] [D] [thread 1861] [15.0] [cxt 0] Parser 'parser' entering state 'start'
[14:55:02.345] [bmv2] [D] [thread 1861] [15.0] [cxt 0] Extracting header 'ethernet'
[14:55:02.345] [bmv2] [D] [thread 1861] [15.0] [cxt 0] Parser state 'start': key is 86dd
[14:55:02.345] [bmv2] [T] [thread 1861] [15.0] [cxt 0] Bytes parsed: 14
[14:55:02.345] [bmv2] [D] [thread 1861] [15.0] [cxt 0] Parser 'parser': end
[14:55:02.345] [bmv2] [D] [thread 1861] [15.0] [cxt 0] Pipeline 'ingress': start
[14:55:02.345] [bmv2] [D] [thread 1862] [13.0] [cxt 0] Pipeline 'egress': start
[14:55:02.345] [bmv2] [D] [thread 1862] [13.0] [cxt 0] Pipeline 'egress': end
[14:55:02.345] [bmv2] [D] [thread 1862] [13.0] [cxt 0] Deparser 'deparser': start
[14:55:02.345] [bmv2] [T] [thread 1862] [13.0] [cxt 0] Skipping checksum 'cksum' update because condition not met
[14:55:02.345] [bmv2] [D] [thread 1862] [13.0] [cxt 0] Deparsing header 'ethernet'
[14:55:02.345] [bmv2] [D] [thread 1862] [13.0] [cxt 0] Deparser 'deparser': end
[14:55:02.345] [bmv2] [T] [thread 1861] [15.0] [cxt 0] basic.p4(114) Condition "hdr.ipv4.isValid()" (node_2) is false
[14:55:02.345] [bmv2] [D] [thread 1861] [15.0] [cxt 0] Pipeline 'ingress': end
[14:55:02.345] [bmv2] [D] [thread 1861] [15.0] [cxt 0] Egress port is 0
[14:55:02.345] [bmv2] [D] [thread 1862] [14.0] [cxt 0] Pipeline 'egress': start
[14:55:02.345] [bmv2] [D] [thread 1862] [14.0] [cxt 0] Pipeline 'egress': end
[14:55:02.345] [bmv2] [D] [thread 1862] [14.0] [cxt 0] Deparser 'deparser': start
[14:55:02.345] [bmv2] [T] [thread 1862] [14.0] [cxt 0] Skipping checksum 'cksum' update because condition not met
[14:55:02.345] [bmv2] [D] [thread 1862] [14.0] [cxt 0] Deparsing header 'ethernet'
[14:55:02.345] [bmv2] [D] [thread 1862] [14.0] [cxt 0] Deparser 'deparser': end
[14:55:02.345] [bmv2] [D] [thread 1862] [15.0] [cxt 0] Pipeline 'egress': start
[14:55:02.345] [bmv2] [D] [thread 1862] [15.0] [cxt 0] Pipeline 'egress': end
[14:55:02.345] [bmv2] [D] [thread 1862] [15.0] [cxt 0] Deparser 'deparser': start
[14:55:02.345] [bmv2] [T] [thread 1862] [15.0] [cxt 0] Skipping checksum 'cksum' update because condition not met
[14:55:02.345] [bmv2] [D] [thread 1862] [15.0] [cxt 0] Deparsing header 'ethernet'
[14:55:02.345] [bmv2] [D] [thread 1862] [15.0] [cxt 0] Deparser 'deparser': end
[14:55:02.345] [bmv2] [D] [thread 1866] [13.0] [cxt 0] Transmitting packet of size 70 out of port 0
[14:55:02.345] [bmv2] [D] [thread 1866] [14.0] [cxt 0] Transmitting packet of size 70 out of port 0
[14:55:02.345] [bmv2] [D] [thread 1866] [15.0] [cxt 0] Transmitting packet of size 70 out of port 0
[14:55:10.025] [bmv2] [D] [thread 1861] [16.0] [cxt 0] Processing packet received on port 1
[14:55:10.025] [bmv2] [D] [thread 1861] [16.0] [cxt 0] Parser 'parser': start
[14:55:10.025] [bmv2] [D] [thread 1861] [16.0] [cxt 0] Parser 'parser' entering state 'start'
[14:55:10.025] [bmv2] [D] [thread 1861] [16.0] [cxt 0] Extracting header 'ethernet'
[14:55:10.025] [bmv2] [D] [thread 1861] [16.0] [cxt 0] Parser state 'start': key is 86dd
[14:55:10.025] [bmv2] [T] [thread 1861] [16.0] [cxt 0] Bytes parsed: 14
[14:55:10.025] [bmv2] [D] [thread 1861] [16.0] [cxt 0] Parser 'parser': end
[14:55:10.025] [bmv2] [D] [thread 1861] [16.0] [cxt 0] Pipeline 'ingress': start
[14:55:10.025] [bmv2] [T] [thread 1861] [16.0] [cxt 0] basic.p4(114) Condition "hdr.ipv4.isValid()" (node_2) is false
[14:55:10.025] [bmv2] [D] [thread 1861] [16.0] [cxt 0] Pipeline 'ingress': end
[14:55:10.025] [bmv2] [D] [thread 1861] [16.0] [cxt 0] Egress port is 0
[14:55:10.025] [bmv2] [D] [thread 1862] [16.0] [cxt 0] Pipeline 'egress': start
[14:55:10.025] [bmv2] [D] [thread 1862] [16.0] [cxt 0] Pipeline 'egress': end
[14:55:10.025] [bmv2] [D] [thread 1862] [16.0] [cxt 0] Deparser 'deparser': start
[14:55:10.025] [bmv2] [T] [thread 1862] [16.0] [cxt 0] Skipping checksum 'cksum' update because condition not met
[14:55:10.025] [bmv2] [D] [thread 1862] [16.0] [cxt 0] Deparsing header 'ethernet'
[14:55:10.025] [bmv2] [D] [thread 1862] [16.0] [cxt 0] Deparser 'deparser': end
[14:55:10.025] [bmv2] [D] [thread 1866] [16.0] [cxt 0] Transmitting packet of size 70 out of port 0
[14:55:10.281] [bmv2] [D] [thread 1861] [17.0] [cxt 0] Processing packet received on port 2
[14:55:10.281] [bmv2] [D] [thread 1861] [17.0] [cxt 0] Parser 'parser': start
[14:55:10.281] [bmv2] [D] [thread 1861] [17.0] [cxt 0] Parser 'parser' entering state 'start'
[14:55:10.281] [bmv2] [D] [thread 1861] [17.0] [cxt 0] Extracting header 'ethernet'
[14:55:10.281] [bmv2] [D] [thread 1861] [17.0] [cxt 0] Parser state 'start': key is 86dd
[14:55:10.281] [bmv2] [T] [thread 1861] [17.0] [cxt 0] Bytes parsed: 14
[14:55:10.281] [bmv2] [D] [thread 1861] [17.0] [cxt 0] Parser 'parser': end
[14:55:10.281] [bmv2] [D] [thread 1861] [17.0] [cxt 0] Pipeline 'ingress': start
[14:55:10.281] [bmv2] [T] [thread 1861] [17.0] [cxt 0] basic.p4(114) Condition "hdr.ipv4.isValid()" (node_2) is false
[14:55:10.281] [bmv2] [D] [thread 1861] [17.0] [cxt 0] Pipeline 'ingress': end
[14:55:10.281] [bmv2] [D] [thread 1861] [17.0] [cxt 0] Egress port is 0
[14:55:10.281] [bmv2] [D] [thread 1862] [17.0] [cxt 0] Pipeline 'egress': start
[14:55:10.281] [bmv2] [D] [thread 1862] [17.0] [cxt 0] Pipeline 'egress': end
[14:55:10.281] [bmv2] [D] [thread 1862] [17.0] [cxt 0] Deparser 'deparser': start
[14:55:10.281] [bmv2] [T] [thread 1862] [17.0] [cxt 0] Skipping checksum 'cksum' update because condition not met
[14:55:10.281] [bmv2] [D] [thread 1862] [17.0] [cxt 0] Deparsing header 'ethernet'
[14:55:10.281] [bmv2] [D] [thread 1862] [17.0] [cxt 0] Deparser 'deparser': end
[14:55:10.281] [bmv2] [D] [thread 1866] [17.0] [cxt 0] Transmitting packet of size 70 out of port 0
[14:55:10.793] [bmv2] [D] [thread 1861] [18.0] [cxt 0] Processing packet received on port 1
[14:55:10.793] [bmv2] [D] [thread 1861] [18.0] [cxt 0] Parser 'parser': start
[14:55:10.793] [bmv2] [D] [thread 1861] [18.0] [cxt 0] Parser 'parser' entering state 'start'
[14:55:10.793] [bmv2] [D] [thread 1861] [18.0] [cxt 0] Extracting header 'ethernet'
[14:55:10.793] [bmv2] [D] [thread 1861] [18.0] [cxt 0] Parser state 'start': key is 86dd
[14:55:10.793] [bmv2] [T] [thread 1861] [18.0] [cxt 0] Bytes parsed: 14
[14:55:10.793] [bmv2] [D] [thread 1861] [18.0] [cxt 0] Parser 'parser': end
[14:55:10.793] [bmv2] [D] [thread 1861] [18.0] [cxt 0] Pipeline 'ingress': start
[14:55:10.793] [bmv2] [T] [thread 1861] [18.0] [cxt 0] basic.p4(114) Condition "hdr.ipv4.isValid()" (node_2) is false
[14:55:10.793] [bmv2] [D] [thread 1861] [18.0] [cxt 0] Pipeline 'ingress': end
[14:55:10.793] [bmv2] [D] [thread 1861] [18.0] [cxt 0] Egress port is 0
[14:55:10.793] [bmv2] [D] [thread 1861] [19.0] [cxt 0] Processing packet received on port 2
[14:55:10.793] [bmv2] [D] [thread 1861] [19.0] [cxt 0] Parser 'parser': start
[14:55:10.793] [bmv2] [D] [thread 1861] [19.0] [cxt 0] Parser 'parser' entering state 'start'
[14:55:10.793] [bmv2] [D] [thread 1861] [19.0] [cxt 0] Extracting header 'ethernet'
[14:55:10.793] [bmv2] [D] [thread 1861] [19.0] [cxt 0] Parser state 'start': key is 86dd
[14:55:10.793] [bmv2] [T] [thread 1861] [19.0] [cxt 0] Bytes parsed: 14
[14:55:10.793] [bmv2] [D] [thread 1861] [19.0] [cxt 0] Parser 'parser': end
[14:55:10.793] [bmv2] [D] [thread 1861] [19.0] [cxt 0] Pipeline 'ingress': start
[14:55:10.793] [bmv2] [T] [thread 1861] [19.0] [cxt 0] basic.p4(114) Condition "hdr.ipv4.isValid()" (node_2) is false
[14:55:10.793] [bmv2] [D] [thread 1861] [19.0] [cxt 0] Pipeline 'ingress': end
[14:55:10.793] [bmv2] [D] [thread 1861] [19.0] [cxt 0] Egress port is 0
[14:55:10.793] [bmv2] [D] [thread 1862] [18.0] [cxt 0] Pipeline 'egress': start
[14:55:10.793] [bmv2] [D] [thread 1862] [18.0] [cxt 0] Pipeline 'egress': end
[14:55:10.793] [bmv2] [D] [thread 1862] [18.0] [cxt 0] Deparser 'deparser': start
[14:55:10.793] [bmv2] [T] [thread 1862] [18.0] [cxt 0] Skipping checksum 'cksum' update because condition not met
[14:55:10.793] [bmv2] [D] [thread 1862] [18.0] [cxt 0] Deparsing header 'ethernet'
[14:55:10.793] [bmv2] [D] [thread 1862] [18.0] [cxt 0] Deparser 'deparser': end
[14:55:10.793] [bmv2] [D] [thread 1862] [19.0] [cxt 0] Pipeline 'egress': start
[14:55:10.793] [bmv2] [D] [thread 1862] [19.0] [cxt 0] Pipeline 'egress': end
[14:55:10.793] [bmv2] [D] [thread 1862] [19.0] [cxt 0] Deparser 'deparser': start
[14:55:10.793] [bmv2] [T] [thread 1862] [19.0] [cxt 0] Skipping checksum 'cksum' update because condition not met
[14:55:10.793] [bmv2] [D] [thread 1862] [19.0] [cxt 0] Deparsing header 'ethernet'
[14:55:10.793] [bmv2] [D] [thread 1862] [19.0] [cxt 0] Deparser 'deparser': end
[14:55:10.793] [bmv2] [D] [thread 1866] [18.0] [cxt 0] Transmitting packet of size 70 out of port 0
[14:55:10.793] [bmv2] [D] [thread 1866] [19.0] [cxt 0] Transmitting packet of size 70 out of port 0
open: No such file or directory
open: No such file or directory
