Calling target program-options parser
[15:14:10.451] [bmv2] [D] [thread 3485] Set default default entry for table 'tbl_srcRoute_finish': MyIngress.srcRoute_finish - 
[15:14:10.451] [bmv2] [D] [thread 3485] Set default default entry for table 'tbl_srcRoute_nhop': MyIngress.srcRoute_nhop - 
[15:14:10.451] [bmv2] [D] [thread 3485] Set default default entry for table 'tbl_update_ttl': MyIngress.update_ttl - 
[15:14:10.451] [bmv2] [D] [thread 3485] Set default default entry for table 'tbl_drop': MyIngress.drop - 
Adding interface s1-eth1 as port 1
[15:14:10.451] [bmv2] [D] [thread 3485] Adding interface s1-eth1 as port 1
Adding interface s1-eth2 as port 2
[15:14:10.484] [bmv2] [D] [thread 3485] Adding interface s1-eth2 as port 2
Adding interface s1-eth3 as port 3
[15:14:10.517] [bmv2] [D] [thread 3485] Adding interface s1-eth3 as port 3
Server listening on 0.0.0.0:50051
[15:14:10.550] [bmv2] [I] [thread 3485] Starting Thrift server on port 9090
[15:14:10.550] [bmv2] [I] [thread 3485] Thrift server was started
[15:14:10.793] [bmv2] [D] [thread 3495] [0.0] [cxt 0] Processing packet received on port 3
[15:14:10.793] [bmv2] [D] [thread 3495] [0.0] [cxt 0] Parser 'parser': start
[15:14:10.793] [bmv2] [D] [thread 3495] [0.0] [cxt 0] Parser 'parser' entering state 'start'
[15:14:10.793] [bmv2] [D] [thread 3495] [0.0] [cxt 0] Extracting header 'ethernet'
[15:14:10.793] [bmv2] [D] [thread 3495] [0.0] [cxt 0] Parser state 'start': key is 86dd
[15:14:10.793] [bmv2] [T] [thread 3495] [0.0] [cxt 0] Bytes parsed: 14
[15:14:10.793] [bmv2] [D] [thread 3495] [0.0] [cxt 0] Parser 'parser': end
[15:14:10.793] [bmv2] [D] [thread 3495] [0.0] [cxt 0] Pipeline 'ingress': start
[15:14:10.793] [bmv2] [T] [thread 3495] [0.0] [cxt 0] source_routing.p4(126) Condition "hdr.srcRoutes[0].isValid()" (node_2) is false
[15:14:10.793] [bmv2] [T] [thread 3495] [0.0] [cxt 0] Applying table 'tbl_drop'
[15:14:10.793] [bmv2] [D] [thread 3495] [0.0] [cxt 0] Looking up key:

[15:14:10.793] [bmv2] [D] [thread 3495] [0.0] [cxt 0] Table 'tbl_drop': miss
[15:14:10.793] [bmv2] [D] [thread 3495] [0.0] [cxt 0] Action entry is MyIngress.drop - 
[15:14:10.793] [bmv2] [T] [thread 3495] [0.0] [cxt 0] Action MyIngress.drop
[15:14:10.793] [bmv2] [T] [thread 3495] [0.0] [cxt 0] source_routing.p4(109) Primitive mark_to_drop(standard_metadata)
[15:14:10.793] [bmv2] [D] [thread 3495] [0.0] [cxt 0] Pipeline 'ingress': end
[15:14:10.793] [bmv2] [D] [thread 3495] [0.0] [cxt 0] Egress port is 511
[15:14:10.793] [bmv2] [D] [thread 3495] [0.0] [cxt 0] Dropping packet at the end of ingress
[15:14:10.889] [bmv2] [D] [thread 3495] [1.0] [cxt 0] Processing packet received on port 2
[15:14:10.889] [bmv2] [D] [thread 3495] [1.0] [cxt 0] Parser 'parser': start
[15:14:10.889] [bmv2] [D] [thread 3495] [1.0] [cxt 0] Parser 'parser' entering state 'start'
[15:14:10.889] [bmv2] [D] [thread 3495] [1.0] [cxt 0] Extracting header 'ethernet'
[15:14:10.889] [bmv2] [D] [thread 3495] [1.0] [cxt 0] Parser state 'start': key is 86dd
[15:14:10.889] [bmv2] [T] [thread 3495] [1.0] [cxt 0] Bytes parsed: 14
[15:14:10.889] [bmv2] [D] [thread 3495] [1.0] [cxt 0] Parser 'parser': end
[15:14:10.889] [bmv2] [D] [thread 3495] [1.0] [cxt 0] Pipeline 'ingress': start
[15:14:10.889] [bmv2] [T] [thread 3495] [1.0] [cxt 0] source_routing.p4(126) Condition "hdr.srcRoutes[0].isValid()" (node_2) is false
[15:14:10.889] [bmv2] [T] [thread 3495] [1.0] [cxt 0] Applying table 'tbl_drop'
[15:14:10.889] [bmv2] [D] [thread 3495] [1.0] [cxt 0] Looking up key:

[15:14:10.889] [bmv2] [D] [thread 3495] [1.0] [cxt 0] Table 'tbl_drop': miss
[15:14:10.889] [bmv2] [D] [thread 3495] [1.0] [cxt 0] Action entry is MyIngress.drop - 
[15:14:10.889] [bmv2] [T] [thread 3495] [1.0] [cxt 0] Action MyIngress.drop
[15:14:10.889] [bmv2] [T] [thread 3495] [1.0] [cxt 0] source_routing.p4(109) Primitive mark_to_drop(standard_metadata)
[15:14:10.889] [bmv2] [D] [thread 3495] [1.0] [cxt 0] Pipeline 'ingress': end
[15:14:10.889] [bmv2] [D] [thread 3495] [1.0] [cxt 0] Egress port is 511
[15:14:10.889] [bmv2] [D] [thread 3495] [1.0] [cxt 0] Dropping packet at the end of ingress
[15:14:10.921] [bmv2] [D] [thread 3495] [2.0] [cxt 0] Processing packet received on port 1
[15:14:10.921] [bmv2] [D] [thread 3495] [2.0] [cxt 0] Parser 'parser': start
[15:14:10.921] [bmv2] [D] [thread 3495] [2.0] [cxt 0] Parser 'parser' entering state 'start'
[15:14:10.921] [bmv2] [D] [thread 3495] [2.0] [cxt 0] Extracting header 'ethernet'
[15:14:10.921] [bmv2] [D] [thread 3495] [2.0] [cxt 0] Parser state 'start': key is 86dd
[15:14:10.921] [bmv2] [T] [thread 3495] [2.0] [cxt 0] Bytes parsed: 14
[15:14:10.921] [bmv2] [D] [thread 3495] [2.0] [cxt 0] Parser 'parser': end
[15:14:10.921] [bmv2] [D] [thread 3495] [2.0] [cxt 0] Pipeline 'ingress': start
[15:14:10.921] [bmv2] [T] [thread 3495] [2.0] [cxt 0] source_routing.p4(126) Condition "hdr.srcRoutes[0].isValid()" (node_2) is false
[15:14:10.921] [bmv2] [T] [thread 3495] [2.0] [cxt 0] Applying table 'tbl_drop'
[15:14:10.921] [bmv2] [D] [thread 3495] [2.0] [cxt 0] Looking up key:

[15:14:10.921] [bmv2] [D] [thread 3495] [2.0] [cxt 0] Table 'tbl_drop': miss
[15:14:10.921] [bmv2] [D] [thread 3495] [2.0] [cxt 0] Action entry is MyIngress.drop - 
[15:14:10.921] [bmv2] [T] [thread 3495] [2.0] [cxt 0] Action MyIngress.drop
[15:14:10.921] [bmv2] [T] [thread 3495] [2.0] [cxt 0] source_routing.p4(109) Primitive mark_to_drop(standard_metadata)
[15:14:10.921] [bmv2] [D] [thread 3495] [2.0] [cxt 0] Pipeline 'ingress': end
[15:14:10.921] [bmv2] [D] [thread 3495] [2.0] [cxt 0] Egress port is 511
[15:14:10.921] [bmv2] [D] [thread 3495] [2.0] [cxt 0] Dropping packet at the end of ingress
[15:14:11.113] [bmv2] [D] [thread 3495] [3.0] [cxt 0] Processing packet received on port 2
[15:14:11.113] [bmv2] [D] [thread 3495] [3.0] [cxt 0] Parser 'parser': start
[15:14:11.113] [bmv2] [D] [thread 3495] [3.0] [cxt 0] Parser 'parser' entering state 'start'
[15:14:11.113] [bmv2] [D] [thread 3495] [3.0] [cxt 0] Extracting header 'ethernet'
[15:14:11.113] [bmv2] [D] [thread 3495] [3.0] [cxt 0] Parser state 'start': key is 86dd
[15:14:11.113] [bmv2] [T] [thread 3495] [3.0] [cxt 0] Bytes parsed: 14
[15:14:11.113] [bmv2] [D] [thread 3495] [3.0] [cxt 0] Parser 'parser': end
[15:14:11.113] [bmv2] [D] [thread 3495] [3.0] [cxt 0] Pipeline 'ingress': start
[15:14:11.113] [bmv2] [T] [thread 3495] [3.0] [cxt 0] source_routing.p4(126) Condition "hdr.srcRoutes[0].isValid()" (node_2) is false
[15:14:11.113] [bmv2] [T] [thread 3495] [3.0] [cxt 0] Applying table 'tbl_drop'
[15:14:11.113] [bmv2] [D] [thread 3495] [3.0] [cxt 0] Looking up key:

[15:14:11.113] [bmv2] [D] [thread 3495] [3.0] [cxt 0] Table 'tbl_drop': miss
[15:14:11.113] [bmv2] [D] [thread 3495] [3.0] [cxt 0] Action entry is MyIngress.drop - 
[15:14:11.113] [bmv2] [T] [thread 3495] [3.0] [cxt 0] Action MyIngress.drop
[15:14:11.113] [bmv2] [T] [thread 3495] [3.0] [cxt 0] source_routing.p4(109) Primitive mark_to_drop(standard_metadata)
[15:14:11.113] [bmv2] [D] [thread 3495] [3.0] [cxt 0] Pipeline 'ingress': end
[15:14:11.113] [bmv2] [D] [thread 3495] [3.0] [cxt 0] Egress port is 511
[15:14:11.113] [bmv2] [D] [thread 3495] [3.0] [cxt 0] Dropping packet at the end of ingress
[15:14:11.146] [bmv2] [D] [thread 3495] [4.0] [cxt 0] Processing packet received on port 2
[15:14:11.146] [bmv2] [D] [thread 3495] [4.0] [cxt 0] Parser 'parser': start
[15:14:11.146] [bmv2] [D] [thread 3495] [4.0] [cxt 0] Parser 'parser' entering state 'start'
[15:14:11.146] [bmv2] [D] [thread 3495] [4.0] [cxt 0] Extracting header 'ethernet'
[15:14:11.146] [bmv2] [D] [thread 3495] [4.0] [cxt 0] Parser state 'start': key is 86dd
[15:14:11.146] [bmv2] [T] [thread 3495] [4.0] [cxt 0] Bytes parsed: 14
[15:14:11.146] [bmv2] [D] [thread 3495] [4.0] [cxt 0] Parser 'parser': end
[15:14:11.146] [bmv2] [D] [thread 3495] [4.0] [cxt 0] Pipeline 'ingress': start
[15:14:11.146] [bmv2] [T] [thread 3495] [4.0] [cxt 0] source_routing.p4(126) Condition "hdr.srcRoutes[0].isValid()" (node_2) is false
[15:14:11.146] [bmv2] [T] [thread 3495] [4.0] [cxt 0] Applying table 'tbl_drop'
[15:14:11.146] [bmv2] [D] [thread 3495] [4.0] [cxt 0] Looking up key:

[15:14:11.146] [bmv2] [D] [thread 3495] [4.0] [cxt 0] Table 'tbl_drop': miss
[15:14:11.146] [bmv2] [D] [thread 3495] [4.0] [cxt 0] Action entry is MyIngress.drop - 
[15:14:11.146] [bmv2] [T] [thread 3495] [4.0] [cxt 0] Action MyIngress.drop
[15:14:11.146] [bmv2] [T] [thread 3495] [4.0] [cxt 0] source_routing.p4(109) Primitive mark_to_drop(standard_metadata)
[15:14:11.146] [bmv2] [D] [thread 3495] [4.0] [cxt 0] Pipeline 'ingress': end
[15:14:11.146] [bmv2] [D] [thread 3495] [4.0] [cxt 0] Egress port is 511
[15:14:11.146] [bmv2] [D] [thread 3495] [4.0] [cxt 0] Dropping packet at the end of ingress
[15:14:11.177] [bmv2] [D] [thread 3495] [5.0] [cxt 0] Processing packet received on port 1
[15:14:11.177] [bmv2] [D] [thread 3495] [5.0] [cxt 0] Parser 'parser': start
[15:14:11.177] [bmv2] [D] [thread 3495] [5.0] [cxt 0] Parser 'parser' entering state 'start'
[15:14:11.177] [bmv2] [D] [thread 3495] [5.0] [cxt 0] Extracting header 'ethernet'
[15:14:11.177] [bmv2] [D] [thread 3495] [5.0] [cxt 0] Parser state 'start': key is 86dd
[15:14:11.177] [bmv2] [T] [thread 3495] [5.0] [cxt 0] Bytes parsed: 14
[15:14:11.177] [bmv2] [D] [thread 3495] [5.0] [cxt 0] Parser 'parser': end
[15:14:11.177] [bmv2] [D] [thread 3495] [5.0] [cxt 0] Pipeline 'ingress': start
[15:14:11.177] [bmv2] [T] [thread 3495] [5.0] [cxt 0] source_routing.p4(126) Condition "hdr.srcRoutes[0].isValid()" (node_2) is false
[15:14:11.177] [bmv2] [T] [thread 3495] [5.0] [cxt 0] Applying table 'tbl_drop'
[15:14:11.177] [bmv2] [D] [thread 3495] [5.0] [cxt 0] Looking up key:

[15:14:11.177] [bmv2] [D] [thread 3495] [5.0] [cxt 0] Table 'tbl_drop': miss
[15:14:11.177] [bmv2] [D] [thread 3495] [5.0] [cxt 0] Action entry is MyIngress.drop - 
[15:14:11.177] [bmv2] [T] [thread 3495] [5.0] [cxt 0] Action MyIngress.drop
[15:14:11.177] [bmv2] [T] [thread 3495] [5.0] [cxt 0] source_routing.p4(109) Primitive mark_to_drop(standard_metadata)
[15:14:11.177] [bmv2] [D] [thread 3495] [5.0] [cxt 0] Pipeline 'ingress': end
[15:14:11.177] [bmv2] [D] [thread 3495] [5.0] [cxt 0] Egress port is 511
[15:14:11.177] [bmv2] [D] [thread 3495] [5.0] [cxt 0] Dropping packet at the end of ingress
[15:14:11.273] [bmv2] [D] [thread 3495] [6.0] [cxt 0] Processing packet received on port 3
[15:14:11.273] [bmv2] [D] [thread 3495] [6.0] [cxt 0] Parser 'parser': start
[15:14:11.273] [bmv2] [D] [thread 3495] [6.0] [cxt 0] Parser 'parser' entering state 'start'
[15:14:11.273] [bmv2] [D] [thread 3495] [6.0] [cxt 0] Extracting header 'ethernet'
[15:14:11.273] [bmv2] [D] [thread 3495] [6.0] [cxt 0] Parser state 'start': key is 86dd
[15:14:11.273] [bmv2] [T] [thread 3495] [6.0] [cxt 0] Bytes parsed: 14
[15:14:11.273] [bmv2] [D] [thread 3495] [6.0] [cxt 0] Parser 'parser': end
[15:14:11.273] [bmv2] [D] [thread 3495] [6.0] [cxt 0] Pipeline 'ingress': start
[15:14:11.273] [bmv2] [T] [thread 3495] [6.0] [cxt 0] source_routing.p4(126) Condition "hdr.srcRoutes[0].isValid()" (node_2) is false
[15:14:11.273] [bmv2] [T] [thread 3495] [6.0] [cxt 0] Applying table 'tbl_drop'
[15:14:11.273] [bmv2] [D] [thread 3495] [6.0] [cxt 0] Looking up key:

[15:14:11.273] [bmv2] [D] [thread 3495] [6.0] [cxt 0] Table 'tbl_drop': miss
[15:14:11.273] [bmv2] [D] [thread 3495] [6.0] [cxt 0] Action entry is MyIngress.drop - 
[15:14:11.273] [bmv2] [T] [thread 3495] [6.0] [cxt 0] Action MyIngress.drop
[15:14:11.273] [bmv2] [T] [thread 3495] [6.0] [cxt 0] source_routing.p4(109) Primitive mark_to_drop(standard_metadata)
[15:14:11.273] [bmv2] [D] [thread 3495] [6.0] [cxt 0] Pipeline 'ingress': end
[15:14:11.273] [bmv2] [D] [thread 3495] [6.0] [cxt 0] Egress port is 511
[15:14:11.273] [bmv2] [D] [thread 3495] [6.0] [cxt 0] Dropping packet at the end of ingress
[15:14:11.467] [bmv2] [D] [thread 3495] [7.0] [cxt 0] Processing packet received on port 3
[15:14:11.467] [bmv2] [D] [thread 3495] [7.0] [cxt 0] Parser 'parser': start
[15:14:11.467] [bmv2] [D] [thread 3495] [7.0] [cxt 0] Parser 'parser' entering state 'start'
[15:14:11.467] [bmv2] [D] [thread 3495] [7.0] [cxt 0] Extracting header 'ethernet'
[15:14:11.467] [bmv2] [D] [thread 3495] [7.0] [cxt 0] Parser state 'start': key is 86dd
[15:14:11.467] [bmv2] [T] [thread 3495] [7.0] [cxt 0] Bytes parsed: 14
[15:14:11.467] [bmv2] [D] [thread 3495] [7.0] [cxt 0] Parser 'parser': end
[15:14:11.467] [bmv2] [D] [thread 3495] [7.0] [cxt 0] Pipeline 'ingress': start
[15:14:11.467] [bmv2] [T] [thread 3495] [7.0] [cxt 0] source_routing.p4(126) Condition "hdr.srcRoutes[0].isValid()" (node_2) is false
[15:14:11.467] [bmv2] [T] [thread 3495] [7.0] [cxt 0] Applying table 'tbl_drop'
[15:14:11.467] [bmv2] [D] [thread 3495] [7.0] [cxt 0] Looking up key:

[15:14:11.467] [bmv2] [D] [thread 3495] [7.0] [cxt 0] Table 'tbl_drop': miss
[15:14:11.467] [bmv2] [D] [thread 3495] [7.0] [cxt 0] Action entry is MyIngress.drop - 
[15:14:11.467] [bmv2] [T] [thread 3495] [7.0] [cxt 0] Action MyIngress.drop
[15:14:11.467] [bmv2] [T] [thread 3495] [7.0] [cxt 0] source_routing.p4(109) Primitive mark_to_drop(standard_metadata)
[15:14:11.467] [bmv2] [D] [thread 3495] [7.0] [cxt 0] Pipeline 'ingress': end
[15:14:11.467] [bmv2] [D] [thread 3495] [7.0] [cxt 0] Egress port is 511
[15:14:11.467] [bmv2] [D] [thread 3495] [7.0] [cxt 0] Dropping packet at the end of ingress
[15:14:11.467] [bmv2] [D] [thread 3495] [8.0] [cxt 0] Processing packet received on port 3
[15:14:11.467] [bmv2] [D] [thread 3495] [8.0] [cxt 0] Parser 'parser': start
[15:14:11.467] [bmv2] [D] [thread 3495] [8.0] [cxt 0] Parser 'parser' entering state 'start'
[15:14:11.467] [bmv2] [D] [thread 3495] [8.0] [cxt 0] Extracting header 'ethernet'
[15:14:11.467] [bmv2] [D] [thread 3495] [8.0] [cxt 0] Parser state 'start': key is 86dd
[15:14:11.467] [bmv2] [T] [thread 3495] [8.0] [cxt 0] Bytes parsed: 14
[15:14:11.467] [bmv2] [D] [thread 3495] [8.0] [cxt 0] Parser 'parser': end
[15:14:11.467] [bmv2] [D] [thread 3495] [8.0] [cxt 0] Pipeline 'ingress': start
[15:14:11.467] [bmv2] [T] [thread 3495] [8.0] [cxt 0] source_routing.p4(126) Condition "hdr.srcRoutes[0].isValid()" (node_2) is false
[15:14:11.467] [bmv2] [T] [thread 3495] [8.0] [cxt 0] Applying table 'tbl_drop'
[15:14:11.467] [bmv2] [D] [thread 3495] [8.0] [cxt 0] Looking up key:

[15:14:11.467] [bmv2] [D] [thread 3495] [8.0] [cxt 0] Table 'tbl_drop': miss
[15:14:11.467] [bmv2] [D] [thread 3495] [8.0] [cxt 0] Action entry is MyIngress.drop - 
[15:14:11.467] [bmv2] [T] [thread 3495] [8.0] [cxt 0] Action MyIngress.drop
[15:14:11.467] [bmv2] [T] [thread 3495] [8.0] [cxt 0] source_routing.p4(109) Primitive mark_to_drop(standard_metadata)
[15:14:11.467] [bmv2] [D] [thread 3495] [8.0] [cxt 0] Pipeline 'ingress': end
[15:14:11.467] [bmv2] [D] [thread 3495] [8.0] [cxt 0] Egress port is 511
[15:14:11.467] [bmv2] [D] [thread 3495] [8.0] [cxt 0] Dropping packet at the end of ingress
[15:14:11.818] [bmv2] [D] [thread 3495] [9.0] [cxt 0] Processing packet received on port 3
[15:14:11.818] [bmv2] [D] [thread 3495] [9.0] [cxt 0] Parser 'parser': start
[15:14:11.818] [bmv2] [D] [thread 3495] [9.0] [cxt 0] Parser 'parser' entering state 'start'
[15:14:11.818] [bmv2] [D] [thread 3495] [9.0] [cxt 0] Extracting header 'ethernet'
[15:14:11.818] [bmv2] [D] [thread 3495] [9.0] [cxt 0] Parser state 'start': key is 86dd
[15:14:11.818] [bmv2] [T] [thread 3495] [9.0] [cxt 0] Bytes parsed: 14
[15:14:11.818] [bmv2] [D] [thread 3495] [9.0] [cxt 0] Parser 'parser': end
[15:14:11.818] [bmv2] [D] [thread 3495] [9.0] [cxt 0] Pipeline 'ingress': start
[15:14:11.818] [bmv2] [T] [thread 3495] [9.0] [cxt 0] source_routing.p4(126) Condition "hdr.srcRoutes[0].isValid()" (node_2) is false
[15:14:11.818] [bmv2] [T] [thread 3495] [9.0] [cxt 0] Applying table 'tbl_drop'
[15:14:11.818] [bmv2] [D] [thread 3495] [9.0] [cxt 0] Looking up key:

[15:14:11.818] [bmv2] [D] [thread 3495] [9.0] [cxt 0] Table 'tbl_drop': miss
[15:14:11.818] [bmv2] [D] [thread 3495] [9.0] [cxt 0] Action entry is MyIngress.drop - 
[15:14:11.818] [bmv2] [T] [thread 3495] [9.0] [cxt 0] Action MyIngress.drop
[15:14:11.818] [bmv2] [T] [thread 3495] [9.0] [cxt 0] source_routing.p4(109) Primitive mark_to_drop(standard_metadata)
[15:14:11.818] [bmv2] [D] [thread 3495] [9.0] [cxt 0] Pipeline 'ingress': end
[15:14:11.818] [bmv2] [D] [thread 3495] [9.0] [cxt 0] Egress port is 511
[15:14:11.818] [bmv2] [D] [thread 3495] [9.0] [cxt 0] Dropping packet at the end of ingress
[15:14:11.818] [bmv2] [D] [thread 3495] [10.0] [cxt 0] Processing packet received on port 3
[15:14:11.818] [bmv2] [D] [thread 3495] [10.0] [cxt 0] Parser 'parser': start
[15:14:11.818] [bmv2] [D] [thread 3495] [10.0] [cxt 0] Parser 'parser' entering state 'start'
[15:14:11.818] [bmv2] [D] [thread 3495] [10.0] [cxt 0] Extracting header 'ethernet'
[15:14:11.818] [bmv2] [D] [thread 3495] [10.0] [cxt 0] Parser state 'start': key is 86dd
[15:14:11.818] [bmv2] [T] [thread 3495] [10.0] [cxt 0] Bytes parsed: 14
[15:14:11.818] [bmv2] [D] [thread 3495] [10.0] [cxt 0] Parser 'parser': end
[15:14:11.818] [bmv2] [D] [thread 3495] [10.0] [cxt 0] Pipeline 'ingress': start
[15:14:11.818] [bmv2] [T] [thread 3495] [10.0] [cxt 0] source_routing.p4(126) Condition "hdr.srcRoutes[0].isValid()" (node_2) is false
[15:14:11.818] [bmv2] [T] [thread 3495] [10.0] [cxt 0] Applying table 'tbl_drop'
[15:14:11.818] [bmv2] [D] [thread 3495] [10.0] [cxt 0] Looking up key:

[15:14:11.818] [bmv2] [D] [thread 3495] [10.0] [cxt 0] Table 'tbl_drop': miss
[15:14:11.818] [bmv2] [D] [thread 3495] [10.0] [cxt 0] Action entry is MyIngress.drop - 
[15:14:11.818] [bmv2] [T] [thread 3495] [10.0] [cxt 0] Action MyIngress.drop
[15:14:11.818] [bmv2] [T] [thread 3495] [10.0] [cxt 0] source_routing.p4(109) Primitive mark_to_drop(standard_metadata)
[15:14:11.818] [bmv2] [D] [thread 3495] [10.0] [cxt 0] Pipeline 'ingress': end
[15:14:11.818] [bmv2] [D] [thread 3495] [10.0] [cxt 0] Egress port is 511
[15:14:11.818] [bmv2] [D] [thread 3495] [10.0] [cxt 0] Dropping packet at the end of ingress
[15:14:11.883] [bmv2] [D] [thread 3495] [11.0] [cxt 0] Processing packet received on port 3
[15:14:11.883] [bmv2] [D] [thread 3495] [11.0] [cxt 0] Parser 'parser': start
[15:14:11.883] [bmv2] [D] [thread 3495] [11.0] [cxt 0] Parser 'parser' entering state 'start'
[15:14:11.883] [bmv2] [D] [thread 3495] [11.0] [cxt 0] Extracting header 'ethernet'
[15:14:11.883] [bmv2] [D] [thread 3495] [11.0] [cxt 0] Parser state 'start': key is 86dd
[15:14:11.883] [bmv2] [T] [thread 3495] [11.0] [cxt 0] Bytes parsed: 14
[15:14:11.883] [bmv2] [D] [thread 3495] [11.0] [cxt 0] Parser 'parser': end
[15:14:11.883] [bmv2] [D] [thread 3495] [11.0] [cxt 0] Pipeline 'ingress': start
[15:14:11.883] [bmv2] [T] [thread 3495] [11.0] [cxt 0] source_routing.p4(126) Condition "hdr.srcRoutes[0].isValid()" (node_2) is false
[15:14:11.883] [bmv2] [T] [thread 3495] [11.0] [cxt 0] Applying table 'tbl_drop'
[15:14:11.883] [bmv2] [D] [thread 3495] [11.0] [cxt 0] Looking up key:

[15:14:11.883] [bmv2] [D] [thread 3495] [11.0] [cxt 0] Table 'tbl_drop': miss
[15:14:11.883] [bmv2] [D] [thread 3495] [11.0] [cxt 0] Action entry is MyIngress.drop - 
[15:14:11.883] [bmv2] [T] [thread 3495] [11.0] [cxt 0] Action MyIngress.drop
[15:14:11.883] [bmv2] [T] [thread 3495] [11.0] [cxt 0] source_routing.p4(109) Primitive mark_to_drop(standard_metadata)
[15:14:11.883] [bmv2] [D] [thread 3495] [11.0] [cxt 0] Pipeline 'ingress': end
[15:14:11.883] [bmv2] [D] [thread 3495] [11.0] [cxt 0] Egress port is 511
[15:14:11.883] [bmv2] [D] [thread 3495] [11.0] [cxt 0] Dropping packet at the end of ingress
[15:14:11.913] [bmv2] [D] [thread 3495] [12.0] [cxt 0] Processing packet received on port 2
[15:14:11.913] [bmv2] [D] [thread 3495] [12.0] [cxt 0] Parser 'parser': start
[15:14:11.913] [bmv2] [D] [thread 3495] [12.0] [cxt 0] Parser 'parser' entering state 'start'
[15:14:11.913] [bmv2] [D] [thread 3495] [12.0] [cxt 0] Extracting header 'ethernet'
[15:14:11.913] [bmv2] [D] [thread 3495] [12.0] [cxt 0] Parser state 'start': key is 86dd
[15:14:11.913] [bmv2] [T] [thread 3495] [12.0] [cxt 0] Bytes parsed: 14
[15:14:11.913] [bmv2] [D] [thread 3495] [12.0] [cxt 0] Parser 'parser': end
[15:14:11.913] [bmv2] [D] [thread 3495] [12.0] [cxt 0] Pipeline 'ingress': start
[15:14:11.913] [bmv2] [T] [thread 3495] [12.0] [cxt 0] source_routing.p4(126) Condition "hdr.srcRoutes[0].isValid()" (node_2) is false
[15:14:11.913] [bmv2] [T] [thread 3495] [12.0] [cxt 0] Applying table 'tbl_drop'
[15:14:11.913] [bmv2] [D] [thread 3495] [12.0] [cxt 0] Looking up key:

[15:14:11.913] [bmv2] [D] [thread 3495] [12.0] [cxt 0] Table 'tbl_drop': miss
[15:14:11.913] [bmv2] [D] [thread 3495] [12.0] [cxt 0] Action entry is MyIngress.drop - 
[15:14:11.913] [bmv2] [T] [thread 3495] [12.0] [cxt 0] Action MyIngress.drop
[15:14:11.913] [bmv2] [T] [thread 3495] [12.0] [cxt 0] source_routing.p4(109) Primitive mark_to_drop(standard_metadata)
[15:14:11.913] [bmv2] [D] [thread 3495] [12.0] [cxt 0] Pipeline 'ingress': end
[15:14:11.913] [bmv2] [D] [thread 3495] [12.0] [cxt 0] Egress port is 511
[15:14:11.913] [bmv2] [D] [thread 3495] [12.0] [cxt 0] Dropping packet at the end of ingress
[15:14:11.913] [bmv2] [D] [thread 3495] [13.0] [cxt 0] Processing packet received on port 2
[15:14:11.913] [bmv2] [D] [thread 3495] [13.0] [cxt 0] Parser 'parser': start
[15:14:11.913] [bmv2] [D] [thread 3495] [13.0] [cxt 0] Parser 'parser' entering state 'start'
[15:14:11.913] [bmv2] [D] [thread 3495] [13.0] [cxt 0] Extracting header 'ethernet'
[15:14:11.913] [bmv2] [D] [thread 3495] [13.0] [cxt 0] Parser state 'start': key is 86dd
[15:14:11.913] [bmv2] [T] [thread 3495] [13.0] [cxt 0] Bytes parsed: 14
[15:14:11.913] [bmv2] [D] [thread 3495] [13.0] [cxt 0] Parser 'parser': end
[15:14:11.913] [bmv2] [D] [thread 3495] [13.0] [cxt 0] Pipeline 'ingress': start
[15:14:11.913] [bmv2] [T] [thread 3495] [13.0] [cxt 0] source_routing.p4(126) Condition "hdr.srcRoutes[0].isValid()" (node_2) is false
[15:14:11.913] [bmv2] [T] [thread 3495] [13.0] [cxt 0] Applying table 'tbl_drop'
[15:14:11.913] [bmv2] [D] [thread 3495] [13.0] [cxt 0] Looking up key:

[15:14:11.913] [bmv2] [D] [thread 3495] [13.0] [cxt 0] Table 'tbl_drop': miss
[15:14:11.913] [bmv2] [D] [thread 3495] [13.0] [cxt 0] Action entry is MyIngress.drop - 
[15:14:11.913] [bmv2] [T] [thread 3495] [13.0] [cxt 0] Action MyIngress.drop
[15:14:11.913] [bmv2] [T] [thread 3495] [13.0] [cxt 0] source_routing.p4(109) Primitive mark_to_drop(standard_metadata)
[15:14:11.913] [bmv2] [D] [thread 3495] [13.0] [cxt 0] Pipeline 'ingress': end
[15:14:11.913] [bmv2] [D] [thread 3495] [13.0] [cxt 0] Egress port is 511
[15:14:11.913] [bmv2] [D] [thread 3495] [13.0] [cxt 0] Dropping packet at the end of ingress
[15:14:11.937] [bmv2] [D] [thread 3495] [14.0] [cxt 0] Processing packet received on port 3
[15:14:11.937] [bmv2] [D] [thread 3495] [14.0] [cxt 0] Parser 'parser': start
[15:14:11.937] [bmv2] [D] [thread 3495] [14.0] [cxt 0] Parser 'parser' entering state 'start'
[15:14:11.937] [bmv2] [D] [thread 3495] [14.0] [cxt 0] Extracting header 'ethernet'
[15:14:11.937] [bmv2] [D] [thread 3495] [14.0] [cxt 0] Parser state 'start': key is 86dd
[15:14:11.937] [bmv2] [T] [thread 3495] [14.0] [cxt 0] Bytes parsed: 14
[15:14:11.937] [bmv2] [D] [thread 3495] [14.0] [cxt 0] Parser 'parser': end
[15:14:11.937] [bmv2] [D] [thread 3495] [14.0] [cxt 0] Pipeline 'ingress': start
[15:14:11.937] [bmv2] [T] [thread 3495] [14.0] [cxt 0] source_routing.p4(126) Condition "hdr.srcRoutes[0].isValid()" (node_2) is false
[15:14:11.937] [bmv2] [T] [thread 3495] [14.0] [cxt 0] Applying table 'tbl_drop'
[15:14:11.937] [bmv2] [D] [thread 3495] [14.0] [cxt 0] Looking up key:

[15:14:11.937] [bmv2] [D] [thread 3495] [14.0] [cxt 0] Table 'tbl_drop': miss
[15:14:11.937] [bmv2] [D] [thread 3495] [14.0] [cxt 0] Action entry is MyIngress.drop - 
[15:14:11.937] [bmv2] [T] [thread 3495] [14.0] [cxt 0] Action MyIngress.drop
[15:14:11.937] [bmv2] [T] [thread 3495] [14.0] [cxt 0] source_routing.p4(109) Primitive mark_to_drop(standard_metadata)
[15:14:11.937] [bmv2] [D] [thread 3495] [14.0] [cxt 0] Pipeline 'ingress': end
[15:14:11.937] [bmv2] [D] [thread 3495] [14.0] [cxt 0] Egress port is 511
[15:14:11.937] [bmv2] [D] [thread 3495] [14.0] [cxt 0] Dropping packet at the end of ingress
[15:14:12.139] [bmv2] [D] [thread 3495] [15.0] [cxt 0] Processing packet received on port 2
[15:14:12.139] [bmv2] [D] [thread 3495] [15.0] [cxt 0] Parser 'parser': start
[15:14:12.139] [bmv2] [D] [thread 3495] [15.0] [cxt 0] Parser 'parser' entering state 'start'
[15:14:12.139] [bmv2] [D] [thread 3495] [15.0] [cxt 0] Extracting header 'ethernet'
[15:14:12.139] [bmv2] [D] [thread 3495] [15.0] [cxt 0] Parser state 'start': key is 86dd
[15:14:12.139] [bmv2] [T] [thread 3495] [15.0] [cxt 0] Bytes parsed: 14
[15:14:12.139] [bmv2] [D] [thread 3495] [15.0] [cxt 0] Parser 'parser': end
[15:14:12.139] [bmv2] [D] [thread 3495] [15.0] [cxt 0] Pipeline 'ingress': start
[15:14:12.139] [bmv2] [T] [thread 3495] [15.0] [cxt 0] source_routing.p4(126) Condition "hdr.srcRoutes[0].isValid()" (node_2) is false
[15:14:12.139] [bmv2] [T] [thread 3495] [15.0] [cxt 0] Applying table 'tbl_drop'
[15:14:12.139] [bmv2] [D] [thread 3495] [15.0] [cxt 0] Looking up key:

[15:14:12.139] [bmv2] [D] [thread 3495] [15.0] [cxt 0] Table 'tbl_drop': miss
[15:14:12.139] [bmv2] [D] [thread 3495] [15.0] [cxt 0] Action entry is MyIngress.drop - 
[15:14:12.139] [bmv2] [T] [thread 3495] [15.0] [cxt 0] Action MyIngress.drop
[15:14:12.139] [bmv2] [T] [thread 3495] [15.0] [cxt 0] source_routing.p4(109) Primitive mark_to_drop(standard_metadata)
[15:14:12.139] [bmv2] [D] [thread 3495] [15.0] [cxt 0] Pipeline 'ingress': end
[15:14:12.139] [bmv2] [D] [thread 3495] [15.0] [cxt 0] Egress port is 511
[15:14:12.139] [bmv2] [D] [thread 3495] [15.0] [cxt 0] Dropping packet at the end of ingress
[15:14:12.139] [bmv2] [D] [thread 3495] [16.0] [cxt 0] Processing packet received on port 2
[15:14:12.139] [bmv2] [D] [thread 3495] [16.0] [cxt 0] Parser 'parser': start
[15:14:12.139] [bmv2] [D] [thread 3495] [16.0] [cxt 0] Parser 'parser' entering state 'start'
[15:14:12.139] [bmv2] [D] [thread 3495] [16.0] [cxt 0] Extracting header 'ethernet'
[15:14:12.139] [bmv2] [D] [thread 3495] [16.0] [cxt 0] Parser state 'start': key is 86dd
[15:14:12.139] [bmv2] [T] [thread 3495] [16.0] [cxt 0] Bytes parsed: 14
[15:14:12.139] [bmv2] [D] [thread 3495] [16.0] [cxt 0] Parser 'parser': end
[15:14:12.139] [bmv2] [D] [thread 3495] [16.0] [cxt 0] Pipeline 'ingress': start
[15:14:12.139] [bmv2] [T] [thread 3495] [16.0] [cxt 0] source_routing.p4(126) Condition "hdr.srcRoutes[0].isValid()" (node_2) is false
[15:14:12.139] [bmv2] [T] [thread 3495] [16.0] [cxt 0] Applying table 'tbl_drop'
[15:14:12.139] [bmv2] [D] [thread 3495] [16.0] [cxt 0] Looking up key:

[15:14:12.139] [bmv2] [D] [thread 3495] [16.0] [cxt 0] Table 'tbl_drop': miss
[15:14:12.139] [bmv2] [D] [thread 3495] [16.0] [cxt 0] Action entry is MyIngress.drop - 
[15:14:12.139] [bmv2] [T] [thread 3495] [16.0] [cxt 0] Action MyIngress.drop
[15:14:12.139] [bmv2] [T] [thread 3495] [16.0] [cxt 0] source_routing.p4(109) Primitive mark_to_drop(standard_metadata)
[15:14:12.139] [bmv2] [D] [thread 3495] [16.0] [cxt 0] Pipeline 'ingress': end
[15:14:12.139] [bmv2] [D] [thread 3495] [16.0] [cxt 0] Egress port is 511
[15:14:12.139] [bmv2] [D] [thread 3495] [16.0] [cxt 0] Dropping packet at the end of ingress
[15:14:12.201] [bmv2] [D] [thread 3495] [17.0] [cxt 0] Processing packet received on port 1
[15:14:12.201] [bmv2] [D] [thread 3495] [17.0] [cxt 0] Parser 'parser': start
[15:14:12.201] [bmv2] [D] [thread 3495] [17.0] [cxt 0] Parser 'parser' entering state 'start'
[15:14:12.201] [bmv2] [D] [thread 3495] [17.0] [cxt 0] Extracting header 'ethernet'
[15:14:12.201] [bmv2] [D] [thread 3495] [17.0] [cxt 0] Parser state 'start': key is 86dd
[15:14:12.201] [bmv2] [T] [thread 3495] [17.0] [cxt 0] Bytes parsed: 14
[15:14:12.201] [bmv2] [D] [thread 3495] [17.0] [cxt 0] Parser 'parser': end
[15:14:12.201] [bmv2] [D] [thread 3495] [17.0] [cxt 0] Pipeline 'ingress': start
[15:14:12.201] [bmv2] [T] [thread 3495] [17.0] [cxt 0] source_routing.p4(126) Condition "hdr.srcRoutes[0].isValid()" (node_2) is false
[15:14:12.201] [bmv2] [T] [thread 3495] [17.0] [cxt 0] Applying table 'tbl_drop'
[15:14:12.201] [bmv2] [D] [thread 3495] [17.0] [cxt 0] Looking up key:

[15:14:12.201] [bmv2] [D] [thread 3495] [17.0] [cxt 0] Table 'tbl_drop': miss
[15:14:12.201] [bmv2] [D] [thread 3495] [17.0] [cxt 0] Action entry is MyIngress.drop - 
[15:14:12.201] [bmv2] [T] [thread 3495] [17.0] [cxt 0] Action MyIngress.drop
[15:14:12.201] [bmv2] [T] [thread 3495] [17.0] [cxt 0] source_routing.p4(109) Primitive mark_to_drop(standard_metadata)
[15:14:12.201] [bmv2] [D] [thread 3495] [17.0] [cxt 0] Pipeline 'ingress': end
[15:14:12.201] [bmv2] [D] [thread 3495] [17.0] [cxt 0] Egress port is 511
[15:14:12.201] [bmv2] [D] [thread 3495] [17.0] [cxt 0] Dropping packet at the end of ingress
[15:14:12.201] [bmv2] [D] [thread 3495] [18.0] [cxt 0] Processing packet received on port 1
[15:14:12.201] [bmv2] [D] [thread 3495] [18.0] [cxt 0] Parser 'parser': start
[15:14:12.201] [bmv2] [D] [thread 3495] [18.0] [cxt 0] Parser 'parser' entering state 'start'
[15:14:12.201] [bmv2] [D] [thread 3495] [18.0] [cxt 0] Extracting header 'ethernet'
[15:14:12.201] [bmv2] [D] [thread 3495] [18.0] [cxt 0] Parser state 'start': key is 86dd
[15:14:12.201] [bmv2] [T] [thread 3495] [18.0] [cxt 0] Bytes parsed: 14
[15:14:12.201] [bmv2] [D] [thread 3495] [18.0] [cxt 0] Parser 'parser': end
[15:14:12.201] [bmv2] [D] [thread 3495] [18.0] [cxt 0] Pipeline 'ingress': start
[15:14:12.201] [bmv2] [T] [thread 3495] [18.0] [cxt 0] source_routing.p4(126) Condition "hdr.srcRoutes[0].isValid()" (node_2) is false
[15:14:12.201] [bmv2] [T] [thread 3495] [18.0] [cxt 0] Applying table 'tbl_drop'
[15:14:12.201] [bmv2] [D] [thread 3495] [18.0] [cxt 0] Looking up key:

[15:14:12.201] [bmv2] [D] [thread 3495] [18.0] [cxt 0] Table 'tbl_drop': miss
[15:14:12.201] [bmv2] [D] [thread 3495] [18.0] [cxt 0] Action entry is MyIngress.drop - 
[15:14:12.201] [bmv2] [T] [thread 3495] [18.0] [cxt 0] Action MyIngress.drop
[15:14:12.201] [bmv2] [T] [thread 3495] [18.0] [cxt 0] source_routing.p4(109) Primitive mark_to_drop(standard_metadata)
[15:14:12.201] [bmv2] [D] [thread 3495] [18.0] [cxt 0] Pipeline 'ingress': end
[15:14:12.201] [bmv2] [D] [thread 3495] [18.0] [cxt 0] Egress port is 511
[15:14:12.201] [bmv2] [D] [thread 3495] [18.0] [cxt 0] Dropping packet at the end of ingress
[15:14:12.309] [bmv2] [D] [thread 3495] [19.0] [cxt 0] Processing packet received on port 2
[15:14:12.309] [bmv2] [D] [thread 3495] [19.0] [cxt 0] Parser 'parser': start
[15:14:12.309] [bmv2] [D] [thread 3495] [19.0] [cxt 0] Parser 'parser' entering state 'start'
[15:14:12.309] [bmv2] [D] [thread 3495] [19.0] [cxt 0] Extracting header 'ethernet'
[15:14:12.309] [bmv2] [D] [thread 3495] [19.0] [cxt 0] Parser state 'start': key is 86dd
[15:14:12.309] [bmv2] [T] [thread 3495] [19.0] [cxt 0] Bytes parsed: 14
[15:14:12.309] [bmv2] [D] [thread 3495] [19.0] [cxt 0] Parser 'parser': end
[15:14:12.309] [bmv2] [D] [thread 3495] [19.0] [cxt 0] Pipeline 'ingress': start
[15:14:12.309] [bmv2] [T] [thread 3495] [19.0] [cxt 0] source_routing.p4(126) Condition "hdr.srcRoutes[0].isValid()" (node_2) is false
[15:14:12.309] [bmv2] [T] [thread 3495] [19.0] [cxt 0] Applying table 'tbl_drop'
[15:14:12.309] [bmv2] [D] [thread 3495] [19.0] [cxt 0] Looking up key:

[15:14:12.309] [bmv2] [D] [thread 3495] [19.0] [cxt 0] Table 'tbl_drop': miss
[15:14:12.309] [bmv2] [D] [thread 3495] [19.0] [cxt 0] Action entry is MyIngress.drop - 
[15:14:12.309] [bmv2] [T] [thread 3495] [19.0] [cxt 0] Action MyIngress.drop
[15:14:12.309] [bmv2] [T] [thread 3495] [19.0] [cxt 0] source_routing.p4(109) Primitive mark_to_drop(standard_metadata)
[15:14:12.309] [bmv2] [D] [thread 3495] [19.0] [cxt 0] Pipeline 'ingress': end
[15:14:12.309] [bmv2] [D] [thread 3495] [19.0] [cxt 0] Egress port is 511
[15:14:12.309] [bmv2] [D] [thread 3495] [19.0] [cxt 0] Dropping packet at the end of ingress
[15:14:12.649] [bmv2] [D] [thread 3495] [20.0] [cxt 0] Processing packet received on port 1
[15:14:12.649] [bmv2] [D] [thread 3495] [20.0] [cxt 0] Parser 'parser': start
[15:14:12.649] [bmv2] [D] [thread 3495] [20.0] [cxt 0] Parser 'parser' entering state 'start'
[15:14:12.649] [bmv2] [D] [thread 3495] [20.0] [cxt 0] Extracting header 'ethernet'
[15:14:12.649] [bmv2] [D] [thread 3495] [20.0] [cxt 0] Parser state 'start': key is 86dd
[15:14:12.649] [bmv2] [T] [thread 3495] [20.0] [cxt 0] Bytes parsed: 14
[15:14:12.649] [bmv2] [D] [thread 3495] [20.0] [cxt 0] Parser 'parser': end
[15:14:12.649] [bmv2] [D] [thread 3495] [20.0] [cxt 0] Pipeline 'ingress': start
[15:14:12.649] [bmv2] [T] [thread 3495] [20.0] [cxt 0] source_routing.p4(126) Condition "hdr.srcRoutes[0].isValid()" (node_2) is false
[15:14:12.649] [bmv2] [T] [thread 3495] [20.0] [cxt 0] Applying table 'tbl_drop'
[15:14:12.649] [bmv2] [D] [thread 3495] [20.0] [cxt 0] Looking up key:

[15:14:12.649] [bmv2] [D] [thread 3495] [20.0] [cxt 0] Table 'tbl_drop': miss
[15:14:12.649] [bmv2] [D] [thread 3495] [20.0] [cxt 0] Action entry is MyIngress.drop - 
[15:14:12.649] [bmv2] [T] [thread 3495] [20.0] [cxt 0] Action MyIngress.drop
[15:14:12.649] [bmv2] [T] [thread 3495] [20.0] [cxt 0] source_routing.p4(109) Primitive mark_to_drop(standard_metadata)
[15:14:12.649] [bmv2] [D] [thread 3495] [20.0] [cxt 0] Pipeline 'ingress': end
[15:14:12.649] [bmv2] [D] [thread 3495] [20.0] [cxt 0] Egress port is 511
[15:14:12.649] [bmv2] [D] [thread 3495] [20.0] [cxt 0] Dropping packet at the end of ingress
[15:14:12.937] [bmv2] [D] [thread 3495] [21.0] [cxt 0] Processing packet received on port 2
[15:14:12.937] [bmv2] [D] [thread 3495] [21.0] [cxt 0] Parser 'parser': start
[15:14:12.937] [bmv2] [D] [thread 3495] [21.0] [cxt 0] Parser 'parser' entering state 'start'
[15:14:12.937] [bmv2] [D] [thread 3495] [21.0] [cxt 0] Extracting header 'ethernet'
[15:14:12.937] [bmv2] [D] [thread 3495] [21.0] [cxt 0] Parser state 'start': key is 86dd
[15:14:12.937] [bmv2] [T] [thread 3495] [21.0] [cxt 0] Bytes parsed: 14
[15:14:12.937] [bmv2] [D] [thread 3495] [21.0] [cxt 0] Parser 'parser': end
[15:14:12.937] [bmv2] [D] [thread 3495] [21.0] [cxt 0] Pipeline 'ingress': start
[15:14:12.937] [bmv2] [T] [thread 3495] [21.0] [cxt 0] source_routing.p4(126) Condition "hdr.srcRoutes[0].isValid()" (node_2) is false
[15:14:12.937] [bmv2] [T] [thread 3495] [21.0] [cxt 0] Applying table 'tbl_drop'
[15:14:12.937] [bmv2] [D] [thread 3495] [21.0] [cxt 0] Looking up key:

[15:14:12.937] [bmv2] [D] [thread 3495] [21.0] [cxt 0] Table 'tbl_drop': miss
[15:14:12.937] [bmv2] [D] [thread 3495] [21.0] [cxt 0] Action entry is MyIngress.drop - 
[15:14:12.937] [bmv2] [T] [thread 3495] [21.0] [cxt 0] Action MyIngress.drop
[15:14:12.937] [bmv2] [T] [thread 3495] [21.0] [cxt 0] source_routing.p4(109) Primitive mark_to_drop(standard_metadata)
[15:14:12.937] [bmv2] [D] [thread 3495] [21.0] [cxt 0] Pipeline 'ingress': end
[15:14:12.937] [bmv2] [D] [thread 3495] [21.0] [cxt 0] Egress port is 511
[15:14:12.937] [bmv2] [D] [thread 3495] [21.0] [cxt 0] Dropping packet at the end of ingress
[15:14:12.998] [bmv2] [W] [thread 3549] [P4Runtime] p4::tmp::P4DeviceConfig is deprecated
[15:14:12.999] [bmv2] [D] [thread 3549] Set default default entry for table 'tbl_srcRoute_finish': MyIngress.srcRoute_finish - 
[15:14:12.999] [bmv2] [D] [thread 3549] Set default default entry for table 'tbl_srcRoute_nhop': MyIngress.srcRoute_nhop - 
[15:14:12.999] [bmv2] [D] [thread 3549] Set default default entry for table 'tbl_update_ttl': MyIngress.update_ttl - 
[15:14:12.999] [bmv2] [D] [thread 3549] Set default default entry for table 'tbl_drop': MyIngress.drop - 
[15:14:13.000] [bmv2] [D] [thread 3549] simple_switch target has been notified of a config swap
[15:14:15.625] [bmv2] [D] [thread 3495] [22.0] [cxt 0] Processing packet received on port 3
[15:14:15.625] [bmv2] [D] [thread 3495] [22.0] [cxt 0] Parser 'parser': start
[15:14:15.625] [bmv2] [D] [thread 3495] [22.0] [cxt 0] Parser 'parser' entering state 'start'
[15:14:15.625] [bmv2] [D] [thread 3495] [22.0] [cxt 0] Extracting header 'ethernet'
[15:14:15.625] [bmv2] [D] [thread 3495] [22.0] [cxt 0] Parser state 'start': key is 86dd
[15:14:15.625] [bmv2] [T] [thread 3495] [22.0] [cxt 0] Bytes parsed: 14
[15:14:15.625] [bmv2] [D] [thread 3495] [22.0] [cxt 0] Parser 'parser': end
[15:14:15.625] [bmv2] [D] [thread 3495] [22.0] [cxt 0] Pipeline 'ingress': start
[15:14:15.625] [bmv2] [T] [thread 3495] [22.0] [cxt 0] source_routing.p4(126) Condition "hdr.srcRoutes[0].isValid()" (node_2) is false
[15:14:15.625] [bmv2] [T] [thread 3495] [22.0] [cxt 0] Applying table 'tbl_drop'
[15:14:15.625] [bmv2] [D] [thread 3495] [22.0] [cxt 0] Looking up key:

[15:14:15.625] [bmv2] [D] [thread 3495] [22.0] [cxt 0] Table 'tbl_drop': miss
[15:14:15.625] [bmv2] [D] [thread 3495] [22.0] [cxt 0] Action entry is MyIngress.drop - 
[15:14:15.625] [bmv2] [T] [thread 3495] [22.0] [cxt 0] Action MyIngress.drop
[15:14:15.625] [bmv2] [T] [thread 3495] [22.0] [cxt 0] source_routing.p4(109) Primitive mark_to_drop(standard_metadata)
[15:14:15.625] [bmv2] [D] [thread 3495] [22.0] [cxt 0] Pipeline 'ingress': end
[15:14:15.625] [bmv2] [D] [thread 3495] [22.0] [cxt 0] Egress port is 511
[15:14:15.625] [bmv2] [D] [thread 3495] [22.0] [cxt 0] Dropping packet at the end of ingress
[15:14:15.625] [bmv2] [D] [thread 3495] [23.0] [cxt 0] Processing packet received on port 3
[15:14:15.625] [bmv2] [D] [thread 3495] [23.0] [cxt 0] Parser 'parser': start
[15:14:15.625] [bmv2] [D] [thread 3495] [23.0] [cxt 0] Parser 'parser' entering state 'start'
[15:14:15.625] [bmv2] [D] [thread 3495] [23.0] [cxt 0] Extracting header 'ethernet'
[15:14:15.625] [bmv2] [D] [thread 3495] [23.0] [cxt 0] Parser state 'start': key is 86dd
[15:14:15.625] [bmv2] [T] [thread 3495] [23.0] [cxt 0] Bytes parsed: 14
[15:14:15.625] [bmv2] [D] [thread 3495] [23.0] [cxt 0] Parser 'parser': end
[15:14:15.625] [bmv2] [D] [thread 3495] [23.0] [cxt 0] Pipeline 'ingress': start
[15:14:15.625] [bmv2] [T] [thread 3495] [23.0] [cxt 0] source_routing.p4(126) Condition "hdr.srcRoutes[0].isValid()" (node_2) is false
[15:14:15.625] [bmv2] [T] [thread 3495] [23.0] [cxt 0] Applying table 'tbl_drop'
[15:14:15.625] [bmv2] [D] [thread 3495] [23.0] [cxt 0] Looking up key:

[15:14:15.625] [bmv2] [D] [thread 3495] [23.0] [cxt 0] Table 'tbl_drop': miss
[15:14:15.625] [bmv2] [D] [thread 3495] [23.0] [cxt 0] Action entry is MyIngress.drop - 
[15:14:15.625] [bmv2] [T] [thread 3495] [23.0] [cxt 0] Action MyIngress.drop
[15:14:15.625] [bmv2] [T] [thread 3495] [23.0] [cxt 0] source_routing.p4(109) Primitive mark_to_drop(standard_metadata)
[15:14:15.625] [bmv2] [D] [thread 3495] [23.0] [cxt 0] Pipeline 'ingress': end
[15:14:15.625] [bmv2] [D] [thread 3495] [23.0] [cxt 0] Egress port is 511
[15:14:15.625] [bmv2] [D] [thread 3495] [23.0] [cxt 0] Dropping packet at the end of ingress
[15:14:15.881] [bmv2] [D] [thread 3495] [24.0] [cxt 0] Processing packet received on port 2
[15:14:15.881] [bmv2] [D] [thread 3495] [24.0] [cxt 0] Parser 'parser': start
[15:14:15.881] [bmv2] [D] [thread 3495] [24.0] [cxt 0] Parser 'parser' entering state 'start'
[15:14:15.881] [bmv2] [D] [thread 3495] [24.0] [cxt 0] Extracting header 'ethernet'
[15:14:15.881] [bmv2] [D] [thread 3495] [24.0] [cxt 0] Parser state 'start': key is 86dd
[15:14:15.881] [bmv2] [T] [thread 3495] [24.0] [cxt 0] Bytes parsed: 14
[15:14:15.881] [bmv2] [D] [thread 3495] [24.0] [cxt 0] Parser 'parser': end
[15:14:15.881] [bmv2] [D] [thread 3495] [24.0] [cxt 0] Pipeline 'ingress': start
[15:14:15.881] [bmv2] [T] [thread 3495] [24.0] [cxt 0] source_routing.p4(126) Condition "hdr.srcRoutes[0].isValid()" (node_2) is false
[15:14:15.881] [bmv2] [T] [thread 3495] [24.0] [cxt 0] Applying table 'tbl_drop'
[15:14:15.881] [bmv2] [D] [thread 3495] [24.0] [cxt 0] Looking up key:

[15:14:15.881] [bmv2] [D] [thread 3495] [24.0] [cxt 0] Table 'tbl_drop': miss
[15:14:15.881] [bmv2] [D] [thread 3495] [24.0] [cxt 0] Action entry is MyIngress.drop - 
[15:14:15.881] [bmv2] [T] [thread 3495] [24.0] [cxt 0] Action MyIngress.drop
[15:14:15.881] [bmv2] [T] [thread 3495] [24.0] [cxt 0] source_routing.p4(109) Primitive mark_to_drop(standard_metadata)
[15:14:15.881] [bmv2] [D] [thread 3495] [24.0] [cxt 0] Pipeline 'ingress': end
[15:14:15.881] [bmv2] [D] [thread 3495] [24.0] [cxt 0] Egress port is 511
[15:14:15.881] [bmv2] [D] [thread 3495] [24.0] [cxt 0] Dropping packet at the end of ingress
[15:14:16.137] [bmv2] [D] [thread 3495] [25.0] [cxt 0] Processing packet received on port 1
[15:14:16.137] [bmv2] [D] [thread 3495] [25.0] [cxt 0] Parser 'parser': start
[15:14:16.137] [bmv2] [D] [thread 3495] [25.0] [cxt 0] Parser 'parser' entering state 'start'
[15:14:16.137] [bmv2] [D] [thread 3495] [25.0] [cxt 0] Extracting header 'ethernet'
[15:14:16.137] [bmv2] [D] [thread 3495] [25.0] [cxt 0] Parser state 'start': key is 86dd
[15:14:16.137] [bmv2] [T] [thread 3495] [25.0] [cxt 0] Bytes parsed: 14
[15:14:16.137] [bmv2] [D] [thread 3495] [25.0] [cxt 0] Parser 'parser': end
[15:14:16.137] [bmv2] [D] [thread 3495] [25.0] [cxt 0] Pipeline 'ingress': start
[15:14:16.137] [bmv2] [T] [thread 3495] [25.0] [cxt 0] source_routing.p4(126) Condition "hdr.srcRoutes[0].isValid()" (node_2) is false
[15:14:16.137] [bmv2] [T] [thread 3495] [25.0] [cxt 0] Applying table 'tbl_drop'
[15:14:16.137] [bmv2] [D] [thread 3495] [25.0] [cxt 0] Looking up key:

[15:14:16.137] [bmv2] [D] [thread 3495] [25.0] [cxt 0] Table 'tbl_drop': miss
[15:14:16.137] [bmv2] [D] [thread 3495] [25.0] [cxt 0] Action entry is MyIngress.drop - 
[15:14:16.137] [bmv2] [T] [thread 3495] [25.0] [cxt 0] Action MyIngress.drop
[15:14:16.137] [bmv2] [T] [thread 3495] [25.0] [cxt 0] source_routing.p4(109) Primitive mark_to_drop(standard_metadata)
[15:14:16.137] [bmv2] [D] [thread 3495] [25.0] [cxt 0] Pipeline 'ingress': end
[15:14:16.137] [bmv2] [D] [thread 3495] [25.0] [cxt 0] Egress port is 511
[15:14:16.137] [bmv2] [D] [thread 3495] [25.0] [cxt 0] Dropping packet at the end of ingress
[15:14:16.137] [bmv2] [D] [thread 3495] [26.0] [cxt 0] Processing packet received on port 2
[15:14:16.137] [bmv2] [D] [thread 3495] [26.0] [cxt 0] Parser 'parser': start
[15:14:16.137] [bmv2] [D] [thread 3495] [26.0] [cxt 0] Parser 'parser' entering state 'start'
[15:14:16.137] [bmv2] [D] [thread 3495] [26.0] [cxt 0] Extracting header 'ethernet'
[15:14:16.137] [bmv2] [D] [thread 3495] [26.0] [cxt 0] Parser state 'start': key is 86dd
[15:14:16.137] [bmv2] [T] [thread 3495] [26.0] [cxt 0] Bytes parsed: 14
[15:14:16.137] [bmv2] [D] [thread 3495] [26.0] [cxt 0] Parser 'parser': end
[15:14:16.137] [bmv2] [D] [thread 3495] [26.0] [cxt 0] Pipeline 'ingress': start
[15:14:16.137] [bmv2] [T] [thread 3495] [26.0] [cxt 0] source_routing.p4(126) Condition "hdr.srcRoutes[0].isValid()" (node_2) is false
[15:14:16.137] [bmv2] [T] [thread 3495] [26.0] [cxt 0] Applying table 'tbl_drop'
[15:14:16.137] [bmv2] [D] [thread 3495] [26.0] [cxt 0] Looking up key:

[15:14:16.137] [bmv2] [D] [thread 3495] [26.0] [cxt 0] Table 'tbl_drop': miss
[15:14:16.137] [bmv2] [D] [thread 3495] [26.0] [cxt 0] Action entry is MyIngress.drop - 
[15:14:16.137] [bmv2] [T] [thread 3495] [26.0] [cxt 0] Action MyIngress.drop
[15:14:16.137] [bmv2] [T] [thread 3495] [26.0] [cxt 0] source_routing.p4(109) Primitive mark_to_drop(standard_metadata)
[15:14:16.137] [bmv2] [D] [thread 3495] [26.0] [cxt 0] Pipeline 'ingress': end
[15:14:16.137] [bmv2] [D] [thread 3495] [26.0] [cxt 0] Egress port is 511
[15:14:16.137] [bmv2] [D] [thread 3495] [26.0] [cxt 0] Dropping packet at the end of ingress
[15:14:23.561] [bmv2] [D] [thread 3495] [27.0] [cxt 0] Processing packet received on port 2
[15:14:23.561] [bmv2] [D] [thread 3495] [27.0] [cxt 0] Parser 'parser': start
[15:14:23.561] [bmv2] [D] [thread 3495] [27.0] [cxt 0] Parser 'parser' entering state 'start'
[15:14:23.561] [bmv2] [D] [thread 3495] [27.0] [cxt 0] Extracting header 'ethernet'
[15:14:23.561] [bmv2] [D] [thread 3495] [27.0] [cxt 0] Parser state 'start': key is 86dd
[15:14:23.561] [bmv2] [T] [thread 3495] [27.0] [cxt 0] Bytes parsed: 14
[15:14:23.561] [bmv2] [D] [thread 3495] [27.0] [cxt 0] Parser 'parser': end
[15:14:23.561] [bmv2] [D] [thread 3495] [27.0] [cxt 0] Pipeline 'ingress': start
[15:14:23.561] [bmv2] [T] [thread 3495] [27.0] [cxt 0] source_routing.p4(126) Condition "hdr.srcRoutes[0].isValid()" (node_2) is false
[15:14:23.561] [bmv2] [T] [thread 3495] [27.0] [cxt 0] Applying table 'tbl_drop'
[15:14:23.561] [bmv2] [D] [thread 3495] [27.0] [cxt 0] Looking up key:

[15:14:23.561] [bmv2] [D] [thread 3495] [27.0] [cxt 0] Table 'tbl_drop': miss
[15:14:23.561] [bmv2] [D] [thread 3495] [27.0] [cxt 0] Action entry is MyIngress.drop - 
[15:14:23.561] [bmv2] [T] [thread 3495] [27.0] [cxt 0] Action MyIngress.drop
[15:14:23.561] [bmv2] [T] [thread 3495] [27.0] [cxt 0] source_routing.p4(109) Primitive mark_to_drop(standard_metadata)
[15:14:23.561] [bmv2] [D] [thread 3495] [27.0] [cxt 0] Pipeline 'ingress': end
[15:14:23.561] [bmv2] [D] [thread 3495] [27.0] [cxt 0] Egress port is 511
[15:14:23.561] [bmv2] [D] [thread 3495] [27.0] [cxt 0] Dropping packet at the end of ingress
[15:14:23.561] [bmv2] [D] [thread 3495] [28.0] [cxt 0] Processing packet received on port 3
[15:14:23.561] [bmv2] [D] [thread 3495] [28.0] [cxt 0] Parser 'parser': start
[15:14:23.561] [bmv2] [D] [thread 3495] [28.0] [cxt 0] Parser 'parser' entering state 'start'
[15:14:23.561] [bmv2] [D] [thread 3495] [28.0] [cxt 0] Extracting header 'ethernet'
[15:14:23.561] [bmv2] [D] [thread 3495] [28.0] [cxt 0] Parser state 'start': key is 86dd
[15:14:23.561] [bmv2] [T] [thread 3495] [28.0] [cxt 0] Bytes parsed: 14
[15:14:23.561] [bmv2] [D] [thread 3495] [28.0] [cxt 0] Parser 'parser': end
[15:14:23.561] [bmv2] [D] [thread 3495] [28.0] [cxt 0] Pipeline 'ingress': start
[15:14:23.561] [bmv2] [T] [thread 3495] [28.0] [cxt 0] source_routing.p4(126) Condition "hdr.srcRoutes[0].isValid()" (node_2) is false
[15:14:23.561] [bmv2] [T] [thread 3495] [28.0] [cxt 0] Applying table 'tbl_drop'
[15:14:23.561] [bmv2] [D] [thread 3495] [28.0] [cxt 0] Looking up key:

[15:14:23.561] [bmv2] [D] [thread 3495] [28.0] [cxt 0] Table 'tbl_drop': miss
[15:14:23.561] [bmv2] [D] [thread 3495] [28.0] [cxt 0] Action entry is MyIngress.drop - 
[15:14:23.561] [bmv2] [T] [thread 3495] [28.0] [cxt 0] Action MyIngress.drop
[15:14:23.561] [bmv2] [T] [thread 3495] [28.0] [cxt 0] source_routing.p4(109) Primitive mark_to_drop(standard_metadata)
[15:14:23.561] [bmv2] [D] [thread 3495] [28.0] [cxt 0] Pipeline 'ingress': end
[15:14:23.561] [bmv2] [D] [thread 3495] [28.0] [cxt 0] Egress port is 511
[15:14:23.561] [bmv2] [D] [thread 3495] [28.0] [cxt 0] Dropping packet at the end of ingress
[15:14:23.816] [bmv2] [D] [thread 3495] [29.0] [cxt 0] Processing packet received on port 3
[15:14:23.816] [bmv2] [D] [thread 3495] [29.0] [cxt 0] Parser 'parser': start
[15:14:23.816] [bmv2] [D] [thread 3495] [29.0] [cxt 0] Parser 'parser' entering state 'start'
[15:14:23.816] [bmv2] [D] [thread 3495] [29.0] [cxt 0] Extracting header 'ethernet'
[15:14:23.816] [bmv2] [D] [thread 3495] [29.0] [cxt 0] Parser state 'start': key is 86dd
[15:14:23.816] [bmv2] [T] [thread 3495] [29.0] [cxt 0] Bytes parsed: 14
[15:14:23.816] [bmv2] [D] [thread 3495] [29.0] [cxt 0] Parser 'parser': end
[15:14:23.816] [bmv2] [D] [thread 3495] [29.0] [cxt 0] Pipeline 'ingress': start
[15:14:23.816] [bmv2] [T] [thread 3495] [29.0] [cxt 0] source_routing.p4(126) Condition "hdr.srcRoutes[0].isValid()" (node_2) is false
[15:14:23.816] [bmv2] [T] [thread 3495] [29.0] [cxt 0] Applying table 'tbl_drop'
[15:14:23.816] [bmv2] [D] [thread 3495] [29.0] [cxt 0] Looking up key:

[15:14:23.816] [bmv2] [D] [thread 3495] [29.0] [cxt 0] Table 'tbl_drop': miss
[15:14:23.816] [bmv2] [D] [thread 3495] [29.0] [cxt 0] Action entry is MyIngress.drop - 
[15:14:23.817] [bmv2] [T] [thread 3495] [29.0] [cxt 0] Action MyIngress.drop
[15:14:23.817] [bmv2] [T] [thread 3495] [29.0] [cxt 0] source_routing.p4(109) Primitive mark_to_drop(standard_metadata)
[15:14:23.817] [bmv2] [D] [thread 3495] [29.0] [cxt 0] Pipeline 'ingress': end
[15:14:23.817] [bmv2] [D] [thread 3495] [29.0] [cxt 0] Egress port is 511
[15:14:23.817] [bmv2] [D] [thread 3495] [29.0] [cxt 0] Dropping packet at the end of ingress
[15:14:24.077] [bmv2] [D] [thread 3495] [30.0] [cxt 0] Processing packet received on port 1
[15:14:24.077] [bmv2] [D] [thread 3495] [30.0] [cxt 0] Parser 'parser': start
[15:14:24.077] [bmv2] [D] [thread 3495] [30.0] [cxt 0] Parser 'parser' entering state 'start'
[15:14:24.077] [bmv2] [D] [thread 3495] [30.0] [cxt 0] Extracting header 'ethernet'
[15:14:24.077] [bmv2] [D] [thread 3495] [30.0] [cxt 0] Parser state 'start': key is 86dd
[15:14:24.077] [bmv2] [T] [thread 3495] [30.0] [cxt 0] Bytes parsed: 14
[15:14:24.077] [bmv2] [D] [thread 3495] [30.0] [cxt 0] Parser 'parser': end
[15:14:24.077] [bmv2] [D] [thread 3495] [30.0] [cxt 0] Pipeline 'ingress': start
[15:14:24.077] [bmv2] [T] [thread 3495] [30.0] [cxt 0] source_routing.p4(126) Condition "hdr.srcRoutes[0].isValid()" (node_2) is false
[15:14:24.077] [bmv2] [T] [thread 3495] [30.0] [cxt 0] Applying table 'tbl_drop'
[15:14:24.077] [bmv2] [D] [thread 3495] [30.0] [cxt 0] Looking up key:

[15:14:24.077] [bmv2] [D] [thread 3495] [30.0] [cxt 0] Table 'tbl_drop': miss
[15:14:24.077] [bmv2] [D] [thread 3495] [30.0] [cxt 0] Action entry is MyIngress.drop - 
[15:14:24.077] [bmv2] [T] [thread 3495] [30.0] [cxt 0] Action MyIngress.drop
[15:14:24.077] [bmv2] [T] [thread 3495] [30.0] [cxt 0] source_routing.p4(109) Primitive mark_to_drop(standard_metadata)
[15:14:24.077] [bmv2] [D] [thread 3495] [30.0] [cxt 0] Pipeline 'ingress': end
[15:14:24.077] [bmv2] [D] [thread 3495] [30.0] [cxt 0] Egress port is 511
[15:14:24.077] [bmv2] [D] [thread 3495] [30.0] [cxt 0] Dropping packet at the end of ingress
[15:14:24.588] [bmv2] [D] [thread 3495] [31.0] [cxt 0] Processing packet received on port 2
[15:14:24.588] [bmv2] [D] [thread 3495] [31.0] [cxt 0] Parser 'parser': start
[15:14:24.588] [bmv2] [D] [thread 3495] [31.0] [cxt 0] Parser 'parser' entering state 'start'
[15:14:24.588] [bmv2] [D] [thread 3495] [31.0] [cxt 0] Extracting header 'ethernet'
[15:14:24.588] [bmv2] [D] [thread 3495] [31.0] [cxt 0] Parser state 'start': key is 86dd
[15:14:24.588] [bmv2] [T] [thread 3495] [31.0] [cxt 0] Bytes parsed: 14
[15:14:24.588] [bmv2] [D] [thread 3495] [31.0] [cxt 0] Parser 'parser': end
[15:14:24.588] [bmv2] [D] [thread 3495] [31.0] [cxt 0] Pipeline 'ingress': start
[15:14:24.588] [bmv2] [T] [thread 3495] [31.0] [cxt 0] source_routing.p4(126) Condition "hdr.srcRoutes[0].isValid()" (node_2) is false
[15:14:24.588] [bmv2] [T] [thread 3495] [31.0] [cxt 0] Applying table 'tbl_drop'
[15:14:24.588] [bmv2] [D] [thread 3495] [31.0] [cxt 0] Looking up key:

[15:14:24.588] [bmv2] [D] [thread 3495] [31.0] [cxt 0] Table 'tbl_drop': miss
[15:14:24.588] [bmv2] [D] [thread 3495] [31.0] [cxt 0] Action entry is MyIngress.drop - 
[15:14:24.588] [bmv2] [T] [thread 3495] [31.0] [cxt 0] Action MyIngress.drop
[15:14:24.588] [bmv2] [T] [thread 3495] [31.0] [cxt 0] source_routing.p4(109) Primitive mark_to_drop(standard_metadata)
[15:14:24.588] [bmv2] [D] [thread 3495] [31.0] [cxt 0] Pipeline 'ingress': end
[15:14:24.588] [bmv2] [D] [thread 3495] [31.0] [cxt 0] Egress port is 511
[15:14:24.588] [bmv2] [D] [thread 3495] [31.0] [cxt 0] Dropping packet at the end of ingress
[15:14:39.177] [bmv2] [D] [thread 3495] [32.0] [cxt 0] Processing packet received on port 2
[15:14:39.177] [bmv2] [D] [thread 3495] [32.0] [cxt 0] Parser 'parser': start
[15:14:39.177] [bmv2] [D] [thread 3495] [32.0] [cxt 0] Parser 'parser' entering state 'start'
[15:14:39.177] [bmv2] [D] [thread 3495] [32.0] [cxt 0] Extracting header 'ethernet'
[15:14:39.177] [bmv2] [D] [thread 3495] [32.0] [cxt 0] Parser state 'start': key is 86dd
[15:14:39.177] [bmv2] [T] [thread 3495] [32.0] [cxt 0] Bytes parsed: 14
[15:14:39.177] [bmv2] [D] [thread 3495] [32.0] [cxt 0] Parser 'parser': end
[15:14:39.177] [bmv2] [D] [thread 3495] [32.0] [cxt 0] Pipeline 'ingress': start
[15:14:39.177] [bmv2] [T] [thread 3495] [32.0] [cxt 0] source_routing.p4(126) Condition "hdr.srcRoutes[0].isValid()" (node_2) is false
[15:14:39.177] [bmv2] [T] [thread 3495] [32.0] [cxt 0] Applying table 'tbl_drop'
[15:14:39.177] [bmv2] [D] [thread 3495] [32.0] [cxt 0] Looking up key:

[15:14:39.177] [bmv2] [D] [thread 3495] [32.0] [cxt 0] Table 'tbl_drop': miss
[15:14:39.177] [bmv2] [D] [thread 3495] [32.0] [cxt 0] Action entry is MyIngress.drop - 
[15:14:39.177] [bmv2] [T] [thread 3495] [32.0] [cxt 0] Action MyIngress.drop
[15:14:39.177] [bmv2] [T] [thread 3495] [32.0] [cxt 0] source_routing.p4(109) Primitive mark_to_drop(standard_metadata)
[15:14:39.177] [bmv2] [D] [thread 3495] [32.0] [cxt 0] Pipeline 'ingress': end
[15:14:39.177] [bmv2] [D] [thread 3495] [32.0] [cxt 0] Egress port is 511
[15:14:39.177] [bmv2] [D] [thread 3495] [32.0] [cxt 0] Dropping packet at the end of ingress
[15:14:39.177] [bmv2] [D] [thread 3495] [33.0] [cxt 0] Processing packet received on port 3
[15:14:39.177] [bmv2] [D] [thread 3495] [33.0] [cxt 0] Parser 'parser': start
[15:14:39.177] [bmv2] [D] [thread 3495] [33.0] [cxt 0] Parser 'parser' entering state 'start'
[15:14:39.177] [bmv2] [D] [thread 3495] [33.0] [cxt 0] Extracting header 'ethernet'
[15:14:39.177] [bmv2] [D] [thread 3495] [33.0] [cxt 0] Parser state 'start': key is 86dd
[15:14:39.177] [bmv2] [T] [thread 3495] [33.0] [cxt 0] Bytes parsed: 14
[15:14:39.177] [bmv2] [D] [thread 3495] [33.0] [cxt 0] Parser 'parser': end
[15:14:39.177] [bmv2] [D] [thread 3495] [33.0] [cxt 0] Pipeline 'ingress': start
[15:14:39.177] [bmv2] [T] [thread 3495] [33.0] [cxt 0] source_routing.p4(126) Condition "hdr.srcRoutes[0].isValid()" (node_2) is false
[15:14:39.177] [bmv2] [T] [thread 3495] [33.0] [cxt 0] Applying table 'tbl_drop'
[15:14:39.177] [bmv2] [D] [thread 3495] [33.0] [cxt 0] Looking up key:

[15:14:39.177] [bmv2] [D] [thread 3495] [33.0] [cxt 0] Table 'tbl_drop': miss
[15:14:39.177] [bmv2] [D] [thread 3495] [33.0] [cxt 0] Action entry is MyIngress.drop - 
[15:14:39.177] [bmv2] [T] [thread 3495] [33.0] [cxt 0] Action MyIngress.drop
[15:14:39.177] [bmv2] [T] [thread 3495] [33.0] [cxt 0] source_routing.p4(109) Primitive mark_to_drop(standard_metadata)
[15:14:39.177] [bmv2] [D] [thread 3495] [33.0] [cxt 0] Pipeline 'ingress': end
[15:14:39.177] [bmv2] [D] [thread 3495] [33.0] [cxt 0] Egress port is 511
[15:14:39.177] [bmv2] [D] [thread 3495] [33.0] [cxt 0] Dropping packet at the end of ingress
[15:14:39.945] [bmv2] [D] [thread 3495] [34.0] [cxt 0] Processing packet received on port 3
[15:14:39.945] [bmv2] [D] [thread 3495] [34.0] [cxt 0] Parser 'parser': start
[15:14:39.945] [bmv2] [D] [thread 3495] [34.0] [cxt 0] Parser 'parser' entering state 'start'
[15:14:39.945] [bmv2] [D] [thread 3495] [34.0] [cxt 0] Extracting header 'ethernet'
[15:14:39.945] [bmv2] [D] [thread 3495] [34.0] [cxt 0] Parser state 'start': key is 86dd
[15:14:39.945] [bmv2] [T] [thread 3495] [34.0] [cxt 0] Bytes parsed: 14
[15:14:39.945] [bmv2] [D] [thread 3495] [34.0] [cxt 0] Parser 'parser': end
[15:14:39.945] [bmv2] [D] [thread 3495] [34.0] [cxt 0] Pipeline 'ingress': start
[15:14:39.945] [bmv2] [T] [thread 3495] [34.0] [cxt 0] source_routing.p4(126) Condition "hdr.srcRoutes[0].isValid()" (node_2) is false
[15:14:39.945] [bmv2] [T] [thread 3495] [34.0] [cxt 0] Applying table 'tbl_drop'
[15:14:39.945] [bmv2] [D] [thread 3495] [34.0] [cxt 0] Looking up key:

[15:14:39.945] [bmv2] [D] [thread 3495] [34.0] [cxt 0] Table 'tbl_drop': miss
[15:14:39.945] [bmv2] [D] [thread 3495] [34.0] [cxt 0] Action entry is MyIngress.drop - 
[15:14:39.945] [bmv2] [T] [thread 3495] [34.0] [cxt 0] Action MyIngress.drop
[15:14:39.945] [bmv2] [T] [thread 3495] [34.0] [cxt 0] source_routing.p4(109) Primitive mark_to_drop(standard_metadata)
[15:14:39.945] [bmv2] [D] [thread 3495] [34.0] [cxt 0] Pipeline 'ingress': end
[15:14:39.945] [bmv2] [D] [thread 3495] [34.0] [cxt 0] Egress port is 511
[15:14:39.945] [bmv2] [D] [thread 3495] [34.0] [cxt 0] Dropping packet at the end of ingress
[15:14:40.201] [bmv2] [D] [thread 3495] [35.0] [cxt 0] Processing packet received on port 1
[15:14:40.201] [bmv2] [D] [thread 3495] [35.0] [cxt 0] Parser 'parser': start
[15:14:40.201] [bmv2] [D] [thread 3495] [35.0] [cxt 0] Parser 'parser' entering state 'start'
[15:14:40.202] [bmv2] [D] [thread 3495] [35.0] [cxt 0] Extracting header 'ethernet'
[15:14:40.202] [bmv2] [D] [thread 3495] [35.0] [cxt 0] Parser state 'start': key is 86dd
[15:14:40.202] [bmv2] [T] [thread 3495] [35.0] [cxt 0] Bytes parsed: 14
[15:14:40.202] [bmv2] [D] [thread 3495] [35.0] [cxt 0] Parser 'parser': end
[15:14:40.202] [bmv2] [D] [thread 3495] [35.0] [cxt 0] Pipeline 'ingress': start
[15:14:40.202] [bmv2] [T] [thread 3495] [35.0] [cxt 0] source_routing.p4(126) Condition "hdr.srcRoutes[0].isValid()" (node_2) is false
[15:14:40.202] [bmv2] [T] [thread 3495] [35.0] [cxt 0] Applying table 'tbl_drop'
[15:14:40.202] [bmv2] [D] [thread 3495] [35.0] [cxt 0] Looking up key:

[15:14:40.202] [bmv2] [D] [thread 3495] [35.0] [cxt 0] Table 'tbl_drop': miss
[15:14:40.202] [bmv2] [D] [thread 3495] [35.0] [cxt 0] Action entry is MyIngress.drop - 
[15:14:40.202] [bmv2] [T] [thread 3495] [35.0] [cxt 0] Action MyIngress.drop
[15:14:40.202] [bmv2] [T] [thread 3495] [35.0] [cxt 0] source_routing.p4(109) Primitive mark_to_drop(standard_metadata)
[15:14:40.202] [bmv2] [D] [thread 3495] [35.0] [cxt 0] Pipeline 'ingress': end
[15:14:40.202] [bmv2] [D] [thread 3495] [35.0] [cxt 0] Egress port is 511
[15:14:40.202] [bmv2] [D] [thread 3495] [35.0] [cxt 0] Dropping packet at the end of ingress
[15:14:43.785] [bmv2] [D] [thread 3495] [36.0] [cxt 0] Processing packet received on port 2
[15:14:43.786] [bmv2] [D] [thread 3495] [36.0] [cxt 0] Parser 'parser': start
[15:14:43.786] [bmv2] [D] [thread 3495] [36.0] [cxt 0] Parser 'parser' entering state 'start'
[15:14:43.786] [bmv2] [D] [thread 3495] [36.0] [cxt 0] Extracting header 'ethernet'
[15:14:43.786] [bmv2] [D] [thread 3495] [36.0] [cxt 0] Parser state 'start': key is 86dd
[15:14:43.786] [bmv2] [T] [thread 3495] [36.0] [cxt 0] Bytes parsed: 14
[15:14:43.786] [bmv2] [D] [thread 3495] [36.0] [cxt 0] Parser 'parser': end
[15:14:43.786] [bmv2] [D] [thread 3495] [36.0] [cxt 0] Pipeline 'ingress': start
[15:14:43.786] [bmv2] [T] [thread 3495] [36.0] [cxt 0] source_routing.p4(126) Condition "hdr.srcRoutes[0].isValid()" (node_2) is false
[15:14:43.786] [bmv2] [T] [thread 3495] [36.0] [cxt 0] Applying table 'tbl_drop'
[15:14:43.786] [bmv2] [D] [thread 3495] [36.0] [cxt 0] Looking up key:

[15:14:43.786] [bmv2] [D] [thread 3495] [36.0] [cxt 0] Table 'tbl_drop': miss
[15:14:43.786] [bmv2] [D] [thread 3495] [36.0] [cxt 0] Action entry is MyIngress.drop - 
[15:14:43.786] [bmv2] [T] [thread 3495] [36.0] [cxt 0] Action MyIngress.drop
[15:14:43.786] [bmv2] [T] [thread 3495] [36.0] [cxt 0] source_routing.p4(109) Primitive mark_to_drop(standard_metadata)
[15:14:43.786] [bmv2] [D] [thread 3495] [36.0] [cxt 0] Pipeline 'ingress': end
[15:14:43.786] [bmv2] [D] [thread 3495] [36.0] [cxt 0] Egress port is 511
[15:14:43.786] [bmv2] [D] [thread 3495] [36.0] [cxt 0] Dropping packet at the end of ingress
[15:14:45.977] [bmv2] [D] [thread 3495] [37.0] [cxt 0] Processing packet received on port 1
[15:14:45.978] [bmv2] [D] [thread 3495] [37.0] [cxt 0] Parser 'parser': start
[15:14:45.978] [bmv2] [D] [thread 3495] [37.0] [cxt 0] Parser 'parser' entering state 'start'
[15:14:45.978] [bmv2] [D] [thread 3495] [37.0] [cxt 0] Extracting header 'ethernet'
[15:14:45.978] [bmv2] [D] [thread 3495] [37.0] [cxt 0] Parser state 'start': key is 1234
[15:14:45.978] [bmv2] [T] [thread 3495] [37.0] [cxt 0] Bytes parsed: 14
[15:14:45.978] [bmv2] [D] [thread 3495] [37.0] [cxt 0] Parser 'parser' entering state 'parse_srcRouting'
[15:14:45.978] [bmv2] [D] [thread 3495] [37.0] [cxt 0] Extracting to header stack 0, next header is 4
[15:14:45.978] [bmv2] [D] [thread 3495] [37.0] [cxt 0] Parser state 'parse_srcRouting': key is 00
[15:14:45.978] [bmv2] [T] [thread 3495] [37.0] [cxt 0] Bytes parsed: 16
[15:14:45.978] [bmv2] [D] [thread 3495] [37.0] [cxt 0] Parser 'parser' entering state 'parse_srcRouting'
[15:14:45.978] [bmv2] [D] [thread 3495] [37.0] [cxt 0] Extracting to header stack 0, next header is 5
[15:14:45.978] [bmv2] [D] [thread 3495] [37.0] [cxt 0] Parser state 'parse_srcRouting': key is 00
[15:14:45.978] [bmv2] [T] [thread 3495] [37.0] [cxt 0] Bytes parsed: 18
[15:14:45.978] [bmv2] [D] [thread 3495] [37.0] [cxt 0] Parser 'parser' entering state 'parse_srcRouting'
[15:14:45.978] [bmv2] [D] [thread 3495] [37.0] [cxt 0] Extracting to header stack 0, next header is 6
[15:14:45.978] [bmv2] [D] [thread 3495] [37.0] [cxt 0] Parser state 'parse_srcRouting': key is 00
[15:14:45.978] [bmv2] [T] [thread 3495] [37.0] [cxt 0] Bytes parsed: 20
[15:14:45.978] [bmv2] [D] [thread 3495] [37.0] [cxt 0] Parser 'parser' entering state 'parse_srcRouting'
[15:14:45.978] [bmv2] [D] [thread 3495] [37.0] [cxt 0] Extracting to header stack 0, next header is 7
[15:14:45.978] [bmv2] [D] [thread 3495] [37.0] [cxt 0] Parser state 'parse_srcRouting': key is 00
[15:14:45.978] [bmv2] [T] [thread 3495] [37.0] [cxt 0] Bytes parsed: 22
[15:14:45.978] [bmv2] [D] [thread 3495] [37.0] [cxt 0] Parser 'parser' entering state 'parse_srcRouting'
[15:14:45.978] [bmv2] [D] [thread 3495] [37.0] [cxt 0] Extracting to header stack 0, next header is 8
[15:14:45.978] [bmv2] [D] [thread 3495] [37.0] [cxt 0] Parser state 'parse_srcRouting': key is 01
[15:14:45.978] [bmv2] [T] [thread 3495] [37.0] [cxt 0] Bytes parsed: 24
[15:14:45.978] [bmv2] [D] [thread 3495] [37.0] [cxt 0] Parser 'parser' entering state 'parse_ipv4'
[15:14:45.978] [bmv2] [D] [thread 3495] [37.0] [cxt 0] Extracting header 'ipv4'
[15:14:45.978] [bmv2] [D] [thread 3495] [37.0] [cxt 0] Parser state 'parse_ipv4' has no switch, going to default next state
[15:14:45.978] [bmv2] [T] [thread 3495] [37.0] [cxt 0] Bytes parsed: 44
[15:14:45.978] [bmv2] [D] [thread 3495] [37.0] [cxt 0] Parser 'parser': end
[15:14:45.978] [bmv2] [D] [thread 3495] [37.0] [cxt 0] Pipeline 'ingress': start
[15:14:45.978] [bmv2] [T] [thread 3495] [37.0] [cxt 0] source_routing.p4(126) Condition "hdr.srcRoutes[0].isValid()" (node_2) is true
[15:14:45.978] [bmv2] [T] [thread 3495] [37.0] [cxt 0] source_routing.p4(127) Condition "hdr.srcRoutes[0].bos == 1" (node_3) is false
[15:14:45.978] [bmv2] [T] [thread 3495] [37.0] [cxt 0] Applying table 'tbl_srcRoute_nhop'
[15:14:45.978] [bmv2] [D] [thread 3495] [37.0] [cxt 0] Looking up key:

[15:14:45.978] [bmv2] [D] [thread 3495] [37.0] [cxt 0] Table 'tbl_srcRoute_nhop': miss
[15:14:45.978] [bmv2] [D] [thread 3495] [37.0] [cxt 0] Action entry is MyIngress.srcRoute_nhop - 
[15:14:45.978] [bmv2] [T] [thread 3495] [37.0] [cxt 0] Action MyIngress.srcRoute_nhop
[15:14:45.978] [bmv2] [T] [thread 3495] [37.0] [cxt 0] source_routing.p4(113) Primitive standard_metadata.egress_spec = (bit<9>)hdr.srcRoutes[0].port
[15:14:45.978] [bmv2] [T] [thread 3495] [37.0] [cxt 0] source_routing.p4(114) Primitive hdr.srcRoutes.pop_front(1)
[15:14:45.978] [bmv2] [T] [thread 3495] [37.0] [cxt 0] source_routing.p4(131) Condition "hdr.ipv4.isValid()" (node_6) is true
[15:14:45.978] [bmv2] [T] [thread 3495] [37.0] [cxt 0] Applying table 'tbl_update_ttl'
[15:14:45.978] [bmv2] [D] [thread 3495] [37.0] [cxt 0] Looking up key:

[15:14:45.978] [bmv2] [D] [thread 3495] [37.0] [cxt 0] Table 'tbl_update_ttl': miss
[15:14:45.978] [bmv2] [D] [thread 3495] [37.0] [cxt 0] Action entry is MyIngress.update_ttl - 
[15:14:45.978] [bmv2] [T] [thread 3495] [37.0] [cxt 0] Action MyIngress.update_ttl
[15:14:45.978] [bmv2] [T] [thread 3495] [37.0] [cxt 0] source_routing.p4(122) Primitive hdr.ipv4.ttl = hdr.ipv4.ttl - 1
[15:14:45.978] [bmv2] [D] [thread 3495] [37.0] [cxt 0] Pipeline 'ingress': end
[15:14:45.978] [bmv2] [D] [thread 3495] [37.0] [cxt 0] Egress port is 2
[15:14:45.978] [bmv2] [D] [thread 3498] [37.0] [cxt 0] Pipeline 'egress': start
[15:14:45.978] [bmv2] [D] [thread 3498] [37.0] [cxt 0] Pipeline 'egress': end
[15:14:45.978] [bmv2] [D] [thread 3498] [37.0] [cxt 0] Deparser 'deparser': start
[15:14:45.978] [bmv2] [D] [thread 3498] [37.0] [cxt 0] Deparsing header 'ethernet'
[15:14:45.978] [bmv2] [D] [thread 3498] [37.0] [cxt 0] Deparsing header 'srcRoutes[0]'
[15:14:45.978] [bmv2] [D] [thread 3498] [37.0] [cxt 0] Deparsing header 'srcRoutes[1]'
[15:14:45.978] [bmv2] [D] [thread 3498] [37.0] [cxt 0] Deparsing header 'srcRoutes[2]'
[15:14:45.978] [bmv2] [D] [thread 3498] [37.0] [cxt 0] Deparsing header 'srcRoutes[3]'
[15:14:45.978] [bmv2] [D] [thread 3498] [37.0] [cxt 0] Deparsing header 'ipv4'
[15:14:45.978] [bmv2] [D] [thread 3498] [37.0] [cxt 0] Deparser 'deparser': end
[15:14:45.978] [bmv2] [D] [thread 3500] [37.0] [cxt 0] Transmitting packet of size 50 out of port 2
[15:14:45.979] [bmv2] [D] [thread 3495] [38.0] [cxt 0] Processing packet received on port 3
[15:14:45.979] [bmv2] [D] [thread 3495] [38.0] [cxt 0] Parser 'parser': start
[15:14:45.979] [bmv2] [D] [thread 3495] [38.0] [cxt 0] Parser 'parser' entering state 'start'
[15:14:45.979] [bmv2] [D] [thread 3495] [38.0] [cxt 0] Extracting header 'ethernet'
[15:14:45.979] [bmv2] [D] [thread 3495] [38.0] [cxt 0] Parser state 'start': key is 1234
[15:14:45.979] [bmv2] [T] [thread 3495] [38.0] [cxt 0] Bytes parsed: 14
[15:14:45.979] [bmv2] [D] [thread 3495] [38.0] [cxt 0] Parser 'parser' entering state 'parse_srcRouting'
[15:14:45.979] [bmv2] [D] [thread 3495] [38.0] [cxt 0] Extracting to header stack 0, next header is 4
[15:14:45.979] [bmv2] [D] [thread 3495] [38.0] [cxt 0] Parser state 'parse_srcRouting': key is 00
[15:14:45.979] [bmv2] [T] [thread 3495] [38.0] [cxt 0] Bytes parsed: 16
[15:14:45.979] [bmv2] [D] [thread 3495] [38.0] [cxt 0] Parser 'parser' entering state 'parse_srcRouting'
[15:14:45.979] [bmv2] [D] [thread 3495] [38.0] [cxt 0] Extracting to header stack 0, next header is 5
[15:14:45.979] [bmv2] [D] [thread 3495] [38.0] [cxt 0] Parser state 'parse_srcRouting': key is 01
[15:14:45.979] [bmv2] [T] [thread 3495] [38.0] [cxt 0] Bytes parsed: 18
[15:14:45.979] [bmv2] [D] [thread 3495] [38.0] [cxt 0] Parser 'parser' entering state 'parse_ipv4'
[15:14:45.979] [bmv2] [D] [thread 3495] [38.0] [cxt 0] Extracting header 'ipv4'
[15:14:45.979] [bmv2] [D] [thread 3495] [38.0] [cxt 0] Parser state 'parse_ipv4' has no switch, going to default next state
[15:14:45.979] [bmv2] [T] [thread 3495] [38.0] [cxt 0] Bytes parsed: 38
[15:14:45.979] [bmv2] [D] [thread 3495] [38.0] [cxt 0] Parser 'parser': end
[15:14:45.979] [bmv2] [D] [thread 3495] [38.0] [cxt 0] Pipeline 'ingress': start
[15:14:45.979] [bmv2] [T] [thread 3495] [38.0] [cxt 0] source_routing.p4(126) Condition "hdr.srcRoutes[0].isValid()" (node_2) is true
[15:14:45.979] [bmv2] [T] [thread 3495] [38.0] [cxt 0] source_routing.p4(127) Condition "hdr.srcRoutes[0].bos == 1" (node_3) is false
[15:14:45.979] [bmv2] [T] [thread 3495] [38.0] [cxt 0] Applying table 'tbl_srcRoute_nhop'
[15:14:45.979] [bmv2] [D] [thread 3495] [38.0] [cxt 0] Looking up key:

[15:14:45.979] [bmv2] [D] [thread 3495] [38.0] [cxt 0] Table 'tbl_srcRoute_nhop': miss
[15:14:45.979] [bmv2] [D] [thread 3495] [38.0] [cxt 0] Action entry is MyIngress.srcRoute_nhop - 
[15:14:45.979] [bmv2] [T] [thread 3495] [38.0] [cxt 0] Action MyIngress.srcRoute_nhop
[15:14:45.979] [bmv2] [T] [thread 3495] [38.0] [cxt 0] source_routing.p4(113) Primitive standard_metadata.egress_spec = (bit<9>)hdr.srcRoutes[0].port
[15:14:45.979] [bmv2] [T] [thread 3495] [38.0] [cxt 0] source_routing.p4(114) Primitive hdr.srcRoutes.pop_front(1)
[15:14:45.979] [bmv2] [T] [thread 3495] [38.0] [cxt 0] source_routing.p4(131) Condition "hdr.ipv4.isValid()" (node_6) is true
[15:14:45.979] [bmv2] [T] [thread 3495] [38.0] [cxt 0] Applying table 'tbl_update_ttl'
[15:14:45.979] [bmv2] [D] [thread 3495] [38.0] [cxt 0] Looking up key:

[15:14:45.979] [bmv2] [D] [thread 3495] [38.0] [cxt 0] Table 'tbl_update_ttl': miss
[15:14:45.979] [bmv2] [D] [thread 3495] [38.0] [cxt 0] Action entry is MyIngress.update_ttl - 
[15:14:45.979] [bmv2] [T] [thread 3495] [38.0] [cxt 0] Action MyIngress.update_ttl
[15:14:45.979] [bmv2] [T] [thread 3495] [38.0] [cxt 0] source_routing.p4(122) Primitive hdr.ipv4.ttl = hdr.ipv4.ttl - 1
[15:14:45.979] [bmv2] [D] [thread 3495] [38.0] [cxt 0] Pipeline 'ingress': end
[15:14:45.979] [bmv2] [D] [thread 3495] [38.0] [cxt 0] Egress port is 2
[15:14:45.979] [bmv2] [D] [thread 3498] [38.0] [cxt 0] Pipeline 'egress': start
[15:14:45.980] [bmv2] [D] [thread 3498] [38.0] [cxt 0] Pipeline 'egress': end
[15:14:45.980] [bmv2] [D] [thread 3498] [38.0] [cxt 0] Deparser 'deparser': start
[15:14:45.980] [bmv2] [D] [thread 3498] [38.0] [cxt 0] Deparsing header 'ethernet'
[15:14:45.980] [bmv2] [D] [thread 3498] [38.0] [cxt 0] Deparsing header 'srcRoutes[0]'
[15:14:45.980] [bmv2] [D] [thread 3498] [38.0] [cxt 0] Deparsing header 'ipv4'
[15:14:45.980] [bmv2] [D] [thread 3498] [38.0] [cxt 0] Deparser 'deparser': end
[15:14:45.980] [bmv2] [D] [thread 3500] [38.0] [cxt 0] Transmitting packet of size 44 out of port 2
[15:15:12.457] [bmv2] [D] [thread 3495] [39.0] [cxt 0] Processing packet received on port 1
[15:15:12.458] [bmv2] [D] [thread 3495] [39.0] [cxt 0] Parser 'parser': start
[15:15:12.458] [bmv2] [D] [thread 3495] [39.0] [cxt 0] Parser 'parser' entering state 'start'
[15:15:12.458] [bmv2] [D] [thread 3495] [39.0] [cxt 0] Extracting header 'ethernet'
[15:15:12.458] [bmv2] [D] [thread 3495] [39.0] [cxt 0] Parser state 'start': key is 86dd
[15:15:12.458] [bmv2] [T] [thread 3495] [39.0] [cxt 0] Bytes parsed: 14
[15:15:12.458] [bmv2] [D] [thread 3495] [39.0] [cxt 0] Parser 'parser': end
[15:15:12.458] [bmv2] [D] [thread 3495] [39.0] [cxt 0] Pipeline 'ingress': start
[15:15:12.458] [bmv2] [T] [thread 3495] [39.0] [cxt 0] source_routing.p4(126) Condition "hdr.srcRoutes[0].isValid()" (node_2) is false
[15:15:12.458] [bmv2] [T] [thread 3495] [39.0] [cxt 0] Applying table 'tbl_drop'
[15:15:12.458] [bmv2] [D] [thread 3495] [39.0] [cxt 0] Looking up key:

[15:15:12.458] [bmv2] [D] [thread 3495] [39.0] [cxt 0] Table 'tbl_drop': miss
[15:15:12.458] [bmv2] [D] [thread 3495] [39.0] [cxt 0] Action entry is MyIngress.drop - 
[15:15:12.458] [bmv2] [T] [thread 3495] [39.0] [cxt 0] Action MyIngress.drop
[15:15:12.458] [bmv2] [T] [thread 3495] [39.0] [cxt 0] source_routing.p4(109) Primitive mark_to_drop(standard_metadata)
[15:15:12.458] [bmv2] [D] [thread 3495] [39.0] [cxt 0] Pipeline 'ingress': end
[15:15:12.458] [bmv2] [D] [thread 3495] [39.0] [cxt 0] Egress port is 511
[15:15:12.458] [bmv2] [D] [thread 3495] [39.0] [cxt 0] Dropping packet at the end of ingress
[15:15:12.458] [bmv2] [D] [thread 3495] [40.0] [cxt 0] Processing packet received on port 2
[15:15:12.458] [bmv2] [D] [thread 3495] [40.0] [cxt 0] Parser 'parser': start
[15:15:12.458] [bmv2] [D] [thread 3495] [40.0] [cxt 0] Parser 'parser' entering state 'start'
[15:15:12.458] [bmv2] [D] [thread 3495] [40.0] [cxt 0] Extracting header 'ethernet'
[15:15:12.458] [bmv2] [D] [thread 3495] [40.0] [cxt 0] Parser state 'start': key is 86dd
[15:15:12.458] [bmv2] [T] [thread 3495] [40.0] [cxt 0] Bytes parsed: 14
[15:15:12.458] [bmv2] [D] [thread 3495] [40.0] [cxt 0] Parser 'parser': end
[15:15:12.458] [bmv2] [D] [thread 3495] [40.0] [cxt 0] Pipeline 'ingress': start
[15:15:12.458] [bmv2] [T] [thread 3495] [40.0] [cxt 0] source_routing.p4(126) Condition "hdr.srcRoutes[0].isValid()" (node_2) is false
[15:15:12.458] [bmv2] [T] [thread 3495] [40.0] [cxt 0] Applying table 'tbl_drop'
[15:15:12.458] [bmv2] [D] [thread 3495] [40.0] [cxt 0] Looking up key:

[15:15:12.458] [bmv2] [D] [thread 3495] [40.0] [cxt 0] Table 'tbl_drop': miss
[15:15:12.458] [bmv2] [D] [thread 3495] [40.0] [cxt 0] Action entry is MyIngress.drop - 
[15:15:12.458] [bmv2] [T] [thread 3495] [40.0] [cxt 0] Action MyIngress.drop
[15:15:12.458] [bmv2] [T] [thread 3495] [40.0] [cxt 0] source_routing.p4(109) Primitive mark_to_drop(standard_metadata)
[15:15:12.458] [bmv2] [D] [thread 3495] [40.0] [cxt 0] Pipeline 'ingress': end
[15:15:12.458] [bmv2] [D] [thread 3495] [40.0] [cxt 0] Egress port is 511
[15:15:12.458] [bmv2] [D] [thread 3495] [40.0] [cxt 0] Dropping packet at the end of ingress
[15:15:12.458] [bmv2] [D] [thread 3495] [41.0] [cxt 0] Processing packet received on port 3
[15:15:12.458] [bmv2] [D] [thread 3495] [41.0] [cxt 0] Parser 'parser': start
[15:15:12.458] [bmv2] [D] [thread 3495] [41.0] [cxt 0] Parser 'parser' entering state 'start'
[15:15:12.458] [bmv2] [D] [thread 3495] [41.0] [cxt 0] Extracting header 'ethernet'
[15:15:12.458] [bmv2] [D] [thread 3495] [41.0] [cxt 0] Parser state 'start': key is 86dd
[15:15:12.458] [bmv2] [T] [thread 3495] [41.0] [cxt 0] Bytes parsed: 14
[15:15:12.458] [bmv2] [D] [thread 3495] [41.0] [cxt 0] Parser 'parser': end
[15:15:12.458] [bmv2] [D] [thread 3495] [41.0] [cxt 0] Pipeline 'ingress': start
[15:15:12.458] [bmv2] [T] [thread 3495] [41.0] [cxt 0] source_routing.p4(126) Condition "hdr.srcRoutes[0].isValid()" (node_2) is false
[15:15:12.458] [bmv2] [T] [thread 3495] [41.0] [cxt 0] Applying table 'tbl_drop'
[15:15:12.458] [bmv2] [D] [thread 3495] [41.0] [cxt 0] Looking up key:

[15:15:12.458] [bmv2] [D] [thread 3495] [41.0] [cxt 0] Table 'tbl_drop': miss
[15:15:12.458] [bmv2] [D] [thread 3495] [41.0] [cxt 0] Action entry is MyIngress.drop - 
[15:15:12.458] [bmv2] [T] [thread 3495] [41.0] [cxt 0] Action MyIngress.drop
[15:15:12.458] [bmv2] [T] [thread 3495] [41.0] [cxt 0] source_routing.p4(109) Primitive mark_to_drop(standard_metadata)
[15:15:12.458] [bmv2] [D] [thread 3495] [41.0] [cxt 0] Pipeline 'ingress': end
[15:15:12.458] [bmv2] [D] [thread 3495] [41.0] [cxt 0] Egress port is 511
[15:15:12.458] [bmv2] [D] [thread 3495] [41.0] [cxt 0] Dropping packet at the end of ingress
[15:15:12.458] [bmv2] [D] [thread 3495] [42.0] [cxt 0] Processing packet received on port 3
[15:15:12.458] [bmv2] [D] [thread 3495] [42.0] [cxt 0] Parser 'parser': start
[15:15:12.458] [bmv2] [D] [thread 3495] [42.0] [cxt 0] Parser 'parser' entering state 'start'
[15:15:12.458] [bmv2] [D] [thread 3495] [42.0] [cxt 0] Extracting header 'ethernet'
[15:15:12.458] [bmv2] [D] [thread 3495] [42.0] [cxt 0] Parser state 'start': key is 86dd
[15:15:12.458] [bmv2] [T] [thread 3495] [42.0] [cxt 0] Bytes parsed: 14
[15:15:12.458] [bmv2] [D] [thread 3495] [42.0] [cxt 0] Parser 'parser': end
[15:15:12.458] [bmv2] [D] [thread 3495] [42.0] [cxt 0] Pipeline 'ingress': start
[15:15:12.458] [bmv2] [T] [thread 3495] [42.0] [cxt 0] source_routing.p4(126) Condition "hdr.srcRoutes[0].isValid()" (node_2) is false
[15:15:12.458] [bmv2] [T] [thread 3495] [42.0] [cxt 0] Applying table 'tbl_drop'
[15:15:12.458] [bmv2] [D] [thread 3495] [42.0] [cxt 0] Looking up key:

[15:15:12.458] [bmv2] [D] [thread 3495] [42.0] [cxt 0] Table 'tbl_drop': miss
[15:15:12.458] [bmv2] [D] [thread 3495] [42.0] [cxt 0] Action entry is MyIngress.drop - 
[15:15:12.458] [bmv2] [T] [thread 3495] [42.0] [cxt 0] Action MyIngress.drop
[15:15:12.458] [bmv2] [T] [thread 3495] [42.0] [cxt 0] source_routing.p4(109) Primitive mark_to_drop(standard_metadata)
[15:15:12.458] [bmv2] [D] [thread 3495] [42.0] [cxt 0] Pipeline 'ingress': end
[15:15:12.458] [bmv2] [D] [thread 3495] [42.0] [cxt 0] Egress port is 511
[15:15:12.458] [bmv2] [D] [thread 3495] [42.0] [cxt 0] Dropping packet at the end of ingress
[15:15:20.649] [bmv2] [D] [thread 3495] [43.0] [cxt 0] Processing packet received on port 2
[15:15:20.649] [bmv2] [D] [thread 3495] [43.0] [cxt 0] Parser 'parser': start
[15:15:20.649] [bmv2] [D] [thread 3495] [43.0] [cxt 0] Parser 'parser' entering state 'start'
[15:15:20.649] [bmv2] [D] [thread 3495] [43.0] [cxt 0] Extracting header 'ethernet'
[15:15:20.649] [bmv2] [D] [thread 3495] [43.0] [cxt 0] Parser state 'start': key is 86dd
[15:15:20.649] [bmv2] [T] [thread 3495] [43.0] [cxt 0] Bytes parsed: 14
[15:15:20.649] [bmv2] [D] [thread 3495] [43.0] [cxt 0] Parser 'parser': end
[15:15:20.649] [bmv2] [D] [thread 3495] [43.0] [cxt 0] Pipeline 'ingress': start
[15:15:20.649] [bmv2] [T] [thread 3495] [43.0] [cxt 0] source_routing.p4(126) Condition "hdr.srcRoutes[0].isValid()" (node_2) is false
[15:15:20.649] [bmv2] [T] [thread 3495] [43.0] [cxt 0] Applying table 'tbl_drop'
[15:15:20.649] [bmv2] [D] [thread 3495] [43.0] [cxt 0] Looking up key:

[15:15:20.649] [bmv2] [D] [thread 3495] [43.0] [cxt 0] Table 'tbl_drop': miss
[15:15:20.649] [bmv2] [D] [thread 3495] [43.0] [cxt 0] Action entry is MyIngress.drop - 
[15:15:20.649] [bmv2] [T] [thread 3495] [43.0] [cxt 0] Action MyIngress.drop
[15:15:20.649] [bmv2] [T] [thread 3495] [43.0] [cxt 0] source_routing.p4(109) Primitive mark_to_drop(standard_metadata)
[15:15:20.649] [bmv2] [D] [thread 3495] [43.0] [cxt 0] Pipeline 'ingress': end
[15:15:20.649] [bmv2] [D] [thread 3495] [43.0] [cxt 0] Egress port is 511
[15:15:20.649] [bmv2] [D] [thread 3495] [43.0] [cxt 0] Dropping packet at the end of ingress
[15:16:13.897] [bmv2] [D] [thread 3495] [44.0] [cxt 0] Processing packet received on port 3
[15:16:13.897] [bmv2] [D] [thread 3495] [44.0] [cxt 0] Parser 'parser': start
[15:16:13.897] [bmv2] [D] [thread 3495] [44.0] [cxt 0] Parser 'parser' entering state 'start'
[15:16:13.897] [bmv2] [D] [thread 3495] [44.0] [cxt 0] Extracting header 'ethernet'
[15:16:13.897] [bmv2] [D] [thread 3495] [44.0] [cxt 0] Parser state 'start': key is 86dd
[15:16:13.897] [bmv2] [T] [thread 3495] [44.0] [cxt 0] Bytes parsed: 14
[15:16:13.897] [bmv2] [D] [thread 3495] [44.0] [cxt 0] Parser 'parser': end
[15:16:13.897] [bmv2] [D] [thread 3495] [44.0] [cxt 0] Pipeline 'ingress': start
[15:16:13.897] [bmv2] [T] [thread 3495] [44.0] [cxt 0] source_routing.p4(126) Condition "hdr.srcRoutes[0].isValid()" (node_2) is false
[15:16:13.897] [bmv2] [T] [thread 3495] [44.0] [cxt 0] Applying table 'tbl_drop'
[15:16:13.897] [bmv2] [D] [thread 3495] [44.0] [cxt 0] Looking up key:

[15:16:13.897] [bmv2] [D] [thread 3495] [44.0] [cxt 0] Table 'tbl_drop': miss
[15:16:13.897] [bmv2] [D] [thread 3495] [44.0] [cxt 0] Action entry is MyIngress.drop - 
[15:16:13.897] [bmv2] [T] [thread 3495] [44.0] [cxt 0] Action MyIngress.drop
[15:16:13.897] [bmv2] [T] [thread 3495] [44.0] [cxt 0] source_routing.p4(109) Primitive mark_to_drop(standard_metadata)
[15:16:13.897] [bmv2] [D] [thread 3495] [44.0] [cxt 0] Pipeline 'ingress': end
[15:16:13.897] [bmv2] [D] [thread 3495] [44.0] [cxt 0] Egress port is 511
[15:16:13.897] [bmv2] [D] [thread 3495] [44.0] [cxt 0] Dropping packet at the end of ingress
[15:16:17.993] [bmv2] [D] [thread 3495] [45.0] [cxt 0] Processing packet received on port 3
[15:16:17.993] [bmv2] [D] [thread 3495] [45.0] [cxt 0] Parser 'parser': start
[15:16:17.993] [bmv2] [D] [thread 3495] [45.0] [cxt 0] Parser 'parser' entering state 'start'
[15:16:17.993] [bmv2] [D] [thread 3495] [45.0] [cxt 0] Extracting header 'ethernet'
[15:16:17.993] [bmv2] [D] [thread 3495] [45.0] [cxt 0] Parser state 'start': key is 86dd
[15:16:17.993] [bmv2] [T] [thread 3495] [45.0] [cxt 0] Bytes parsed: 14
[15:16:17.993] [bmv2] [D] [thread 3495] [45.0] [cxt 0] Parser 'parser': end
[15:16:17.993] [bmv2] [D] [thread 3495] [45.0] [cxt 0] Pipeline 'ingress': start
[15:16:17.993] [bmv2] [T] [thread 3495] [45.0] [cxt 0] source_routing.p4(126) Condition "hdr.srcRoutes[0].isValid()" (node_2) is false
[15:16:17.993] [bmv2] [T] [thread 3495] [45.0] [cxt 0] Applying table 'tbl_drop'
[15:16:17.993] [bmv2] [D] [thread 3495] [45.0] [cxt 0] Looking up key:

[15:16:17.993] [bmv2] [D] [thread 3495] [45.0] [cxt 0] Table 'tbl_drop': miss
[15:16:17.993] [bmv2] [D] [thread 3495] [45.0] [cxt 0] Action entry is MyIngress.drop - 
[15:16:17.993] [bmv2] [T] [thread 3495] [45.0] [cxt 0] Action MyIngress.drop
[15:16:17.993] [bmv2] [T] [thread 3495] [45.0] [cxt 0] source_routing.p4(109) Primitive mark_to_drop(standard_metadata)
[15:16:17.993] [bmv2] [D] [thread 3495] [45.0] [cxt 0] Pipeline 'ingress': end
[15:16:17.993] [bmv2] [D] [thread 3495] [45.0] [cxt 0] Egress port is 511
[15:16:17.993] [bmv2] [D] [thread 3495] [45.0] [cxt 0] Dropping packet at the end of ingress
[15:16:20.041] [bmv2] [D] [thread 3495] [46.0] [cxt 0] Processing packet received on port 1
[15:16:20.041] [bmv2] [D] [thread 3495] [46.0] [cxt 0] Parser 'parser': start
[15:16:20.041] [bmv2] [D] [thread 3495] [46.0] [cxt 0] Parser 'parser' entering state 'start'
[15:16:20.041] [bmv2] [D] [thread 3495] [46.0] [cxt 0] Extracting header 'ethernet'
[15:16:20.041] [bmv2] [D] [thread 3495] [46.0] [cxt 0] Parser state 'start': key is 86dd
[15:16:20.041] [bmv2] [T] [thread 3495] [46.0] [cxt 0] Bytes parsed: 14
[15:16:20.041] [bmv2] [D] [thread 3495] [46.0] [cxt 0] Parser 'parser': end
[15:16:20.041] [bmv2] [D] [thread 3495] [46.0] [cxt 0] Pipeline 'ingress': start
[15:16:20.041] [bmv2] [T] [thread 3495] [46.0] [cxt 0] source_routing.p4(126) Condition "hdr.srcRoutes[0].isValid()" (node_2) is false
[15:16:20.041] [bmv2] [T] [thread 3495] [46.0] [cxt 0] Applying table 'tbl_drop'
[15:16:20.041] [bmv2] [D] [thread 3495] [46.0] [cxt 0] Looking up key:

[15:16:20.041] [bmv2] [D] [thread 3495] [46.0] [cxt 0] Table 'tbl_drop': miss
[15:16:20.041] [bmv2] [D] [thread 3495] [46.0] [cxt 0] Action entry is MyIngress.drop - 
[15:16:20.041] [bmv2] [T] [thread 3495] [46.0] [cxt 0] Action MyIngress.drop
[15:16:20.041] [bmv2] [T] [thread 3495] [46.0] [cxt 0] source_routing.p4(109) Primitive mark_to_drop(standard_metadata)
[15:16:20.041] [bmv2] [D] [thread 3495] [46.0] [cxt 0] Pipeline 'ingress': end
[15:16:20.041] [bmv2] [D] [thread 3495] [46.0] [cxt 0] Egress port is 511
[15:16:20.041] [bmv2] [D] [thread 3495] [46.0] [cxt 0] Dropping packet at the end of ingress
[15:16:20.041] [bmv2] [D] [thread 3495] [47.0] [cxt 0] Processing packet received on port 2
[15:16:20.041] [bmv2] [D] [thread 3495] [47.0] [cxt 0] Parser 'parser': start
[15:16:20.041] [bmv2] [D] [thread 3495] [47.0] [cxt 0] Parser 'parser' entering state 'start'
[15:16:20.041] [bmv2] [D] [thread 3495] [47.0] [cxt 0] Extracting header 'ethernet'
[15:16:20.041] [bmv2] [D] [thread 3495] [47.0] [cxt 0] Parser state 'start': key is 86dd
[15:16:20.041] [bmv2] [T] [thread 3495] [47.0] [cxt 0] Bytes parsed: 14
[15:16:20.041] [bmv2] [D] [thread 3495] [47.0] [cxt 0] Parser 'parser': end
[15:16:20.041] [bmv2] [D] [thread 3495] [47.0] [cxt 0] Pipeline 'ingress': start
[15:16:20.041] [bmv2] [T] [thread 3495] [47.0] [cxt 0] source_routing.p4(126) Condition "hdr.srcRoutes[0].isValid()" (node_2) is false
[15:16:20.041] [bmv2] [T] [thread 3495] [47.0] [cxt 0] Applying table 'tbl_drop'
[15:16:20.041] [bmv2] [D] [thread 3495] [47.0] [cxt 0] Looking up key:

[15:16:20.041] [bmv2] [D] [thread 3495] [47.0] [cxt 0] Table 'tbl_drop': miss
[15:16:20.041] [bmv2] [D] [thread 3495] [47.0] [cxt 0] Action entry is MyIngress.drop - 
[15:16:20.041] [bmv2] [T] [thread 3495] [47.0] [cxt 0] Action MyIngress.drop
[15:16:20.041] [bmv2] [T] [thread 3495] [47.0] [cxt 0] source_routing.p4(109) Primitive mark_to_drop(standard_metadata)
[15:16:20.041] [bmv2] [D] [thread 3495] [47.0] [cxt 0] Pipeline 'ingress': end
[15:16:20.041] [bmv2] [D] [thread 3495] [47.0] [cxt 0] Egress port is 511
[15:16:20.041] [bmv2] [D] [thread 3495] [47.0] [cxt 0] Dropping packet at the end of ingress
[15:16:34.380] [bmv2] [D] [thread 3495] [48.0] [cxt 0] Processing packet received on port 2
[15:16:34.380] [bmv2] [D] [thread 3495] [48.0] [cxt 0] Parser 'parser': start
[15:16:34.380] [bmv2] [D] [thread 3495] [48.0] [cxt 0] Parser 'parser' entering state 'start'
[15:16:34.380] [bmv2] [D] [thread 3495] [48.0] [cxt 0] Extracting header 'ethernet'
[15:16:34.380] [bmv2] [D] [thread 3495] [48.0] [cxt 0] Parser state 'start': key is 86dd
[15:16:34.380] [bmv2] [T] [thread 3495] [48.0] [cxt 0] Bytes parsed: 14
[15:16:34.380] [bmv2] [D] [thread 3495] [48.0] [cxt 0] Parser 'parser': end
[15:16:34.380] [bmv2] [D] [thread 3495] [48.0] [cxt 0] Pipeline 'ingress': start
[15:16:34.381] [bmv2] [T] [thread 3495] [48.0] [cxt 0] source_routing.p4(126) Condition "hdr.srcRoutes[0].isValid()" (node_2) is false
[15:16:34.381] [bmv2] [T] [thread 3495] [48.0] [cxt 0] Applying table 'tbl_drop'
[15:16:34.381] [bmv2] [D] [thread 3495] [48.0] [cxt 0] Looking up key:

[15:16:34.381] [bmv2] [D] [thread 3495] [48.0] [cxt 0] Table 'tbl_drop': miss
[15:16:34.381] [bmv2] [D] [thread 3495] [48.0] [cxt 0] Action entry is MyIngress.drop - 
[15:16:34.381] [bmv2] [T] [thread 3495] [48.0] [cxt 0] Action MyIngress.drop
[15:16:34.381] [bmv2] [T] [thread 3495] [48.0] [cxt 0] source_routing.p4(109) Primitive mark_to_drop(standard_metadata)
[15:16:34.381] [bmv2] [D] [thread 3495] [48.0] [cxt 0] Pipeline 'ingress': end
[15:16:34.381] [bmv2] [D] [thread 3495] [48.0] [cxt 0] Egress port is 511
[15:16:34.381] [bmv2] [D] [thread 3495] [48.0] [cxt 0] Dropping packet at the end of ingress
[15:18:22.921] [bmv2] [D] [thread 3495] [49.0] [cxt 0] Processing packet received on port 3
[15:18:22.921] [bmv2] [D] [thread 3495] [49.0] [cxt 0] Parser 'parser': start
[15:18:22.921] [bmv2] [D] [thread 3495] [49.0] [cxt 0] Parser 'parser' entering state 'start'
[15:18:22.921] [bmv2] [D] [thread 3495] [49.0] [cxt 0] Extracting header 'ethernet'
[15:18:22.921] [bmv2] [D] [thread 3495] [49.0] [cxt 0] Parser state 'start': key is 86dd
[15:18:22.921] [bmv2] [T] [thread 3495] [49.0] [cxt 0] Bytes parsed: 14
[15:18:22.921] [bmv2] [D] [thread 3495] [49.0] [cxt 0] Parser 'parser': end
[15:18:22.921] [bmv2] [D] [thread 3495] [49.0] [cxt 0] Pipeline 'ingress': start
[15:18:22.921] [bmv2] [T] [thread 3495] [49.0] [cxt 0] source_routing.p4(126) Condition "hdr.srcRoutes[0].isValid()" (node_2) is false
[15:18:22.921] [bmv2] [T] [thread 3495] [49.0] [cxt 0] Applying table 'tbl_drop'
[15:18:22.921] [bmv2] [D] [thread 3495] [49.0] [cxt 0] Looking up key:

[15:18:22.921] [bmv2] [D] [thread 3495] [49.0] [cxt 0] Table 'tbl_drop': miss
[15:18:22.921] [bmv2] [D] [thread 3495] [49.0] [cxt 0] Action entry is MyIngress.drop - 
[15:18:22.921] [bmv2] [T] [thread 3495] [49.0] [cxt 0] Action MyIngress.drop
[15:18:22.921] [bmv2] [T] [thread 3495] [49.0] [cxt 0] source_routing.p4(109) Primitive mark_to_drop(standard_metadata)
[15:18:22.921] [bmv2] [D] [thread 3495] [49.0] [cxt 0] Pipeline 'ingress': end
[15:18:22.921] [bmv2] [D] [thread 3495] [49.0] [cxt 0] Egress port is 511
[15:18:22.921] [bmv2] [D] [thread 3495] [49.0] [cxt 0] Dropping packet at the end of ingress
[15:18:27.017] [bmv2] [D] [thread 3495] [50.0] [cxt 0] Processing packet received on port 2
[15:18:27.017] [bmv2] [D] [thread 3495] [50.0] [cxt 0] Parser 'parser': start
[15:18:27.017] [bmv2] [D] [thread 3495] [50.0] [cxt 0] Parser 'parser' entering state 'start'
[15:18:27.017] [bmv2] [D] [thread 3495] [50.0] [cxt 0] Extracting header 'ethernet'
[15:18:27.017] [bmv2] [D] [thread 3495] [50.0] [cxt 0] Parser state 'start': key is 86dd
[15:18:27.017] [bmv2] [T] [thread 3495] [50.0] [cxt 0] Bytes parsed: 14
[15:18:27.017] [bmv2] [D] [thread 3495] [50.0] [cxt 0] Parser 'parser': end
[15:18:27.017] [bmv2] [D] [thread 3495] [50.0] [cxt 0] Pipeline 'ingress': start
[15:18:27.017] [bmv2] [T] [thread 3495] [50.0] [cxt 0] source_routing.p4(126) Condition "hdr.srcRoutes[0].isValid()" (node_2) is false
[15:18:27.017] [bmv2] [T] [thread 3495] [50.0] [cxt 0] Applying table 'tbl_drop'
[15:18:27.017] [bmv2] [D] [thread 3495] [50.0] [cxt 0] Looking up key:

[15:18:27.017] [bmv2] [D] [thread 3495] [50.0] [cxt 0] Table 'tbl_drop': miss
[15:18:27.017] [bmv2] [D] [thread 3495] [50.0] [cxt 0] Action entry is MyIngress.drop - 
[15:18:27.017] [bmv2] [T] [thread 3495] [50.0] [cxt 0] Action MyIngress.drop
[15:18:27.017] [bmv2] [T] [thread 3495] [50.0] [cxt 0] source_routing.p4(109) Primitive mark_to_drop(standard_metadata)
[15:18:27.018] [bmv2] [D] [thread 3495] [50.0] [cxt 0] Pipeline 'ingress': end
[15:18:27.018] [bmv2] [D] [thread 3495] [50.0] [cxt 0] Egress port is 511
[15:18:27.018] [bmv2] [D] [thread 3495] [50.0] [cxt 0] Dropping packet at the end of ingress
[15:18:27.018] [bmv2] [D] [thread 3495] [51.0] [cxt 0] Processing packet received on port 3
[15:18:27.018] [bmv2] [D] [thread 3495] [51.0] [cxt 0] Parser 'parser': start
[15:18:27.018] [bmv2] [D] [thread 3495] [51.0] [cxt 0] Parser 'parser' entering state 'start'
[15:18:27.018] [bmv2] [D] [thread 3495] [51.0] [cxt 0] Extracting header 'ethernet'
[15:18:27.018] [bmv2] [D] [thread 3495] [51.0] [cxt 0] Parser state 'start': key is 86dd
[15:18:27.018] [bmv2] [T] [thread 3495] [51.0] [cxt 0] Bytes parsed: 14
[15:18:27.018] [bmv2] [D] [thread 3495] [51.0] [cxt 0] Parser 'parser': end
[15:18:27.018] [bmv2] [D] [thread 3495] [51.0] [cxt 0] Pipeline 'ingress': start
[15:18:27.018] [bmv2] [T] [thread 3495] [51.0] [cxt 0] source_routing.p4(126) Condition "hdr.srcRoutes[0].isValid()" (node_2) is false
[15:18:27.018] [bmv2] [T] [thread 3495] [51.0] [cxt 0] Applying table 'tbl_drop'
[15:18:27.018] [bmv2] [D] [thread 3495] [51.0] [cxt 0] Looking up key:

[15:18:27.018] [bmv2] [D] [thread 3495] [51.0] [cxt 0] Table 'tbl_drop': miss
[15:18:27.018] [bmv2] [D] [thread 3495] [51.0] [cxt 0] Action entry is MyIngress.drop - 
[15:18:27.018] [bmv2] [T] [thread 3495] [51.0] [cxt 0] Action MyIngress.drop
[15:18:27.018] [bmv2] [T] [thread 3495] [51.0] [cxt 0] source_routing.p4(109) Primitive mark_to_drop(standard_metadata)
[15:18:27.018] [bmv2] [D] [thread 3495] [51.0] [cxt 0] Pipeline 'ingress': end
[15:18:27.018] [bmv2] [D] [thread 3495] [51.0] [cxt 0] Egress port is 511
[15:18:27.018] [bmv2] [D] [thread 3495] [51.0] [cxt 0] Dropping packet at the end of ingress
[15:18:29.065] [bmv2] [D] [thread 3495] [52.0] [cxt 0] Processing packet received on port 1
[15:18:29.065] [bmv2] [D] [thread 3495] [52.0] [cxt 0] Parser 'parser': start
[15:18:29.065] [bmv2] [D] [thread 3495] [52.0] [cxt 0] Parser 'parser' entering state 'start'
[15:18:29.065] [bmv2] [D] [thread 3495] [52.0] [cxt 0] Extracting header 'ethernet'
[15:18:29.065] [bmv2] [D] [thread 3495] [52.0] [cxt 0] Parser state 'start': key is 86dd
[15:18:29.065] [bmv2] [T] [thread 3495] [52.0] [cxt 0] Bytes parsed: 14
[15:18:29.065] [bmv2] [D] [thread 3495] [52.0] [cxt 0] Parser 'parser': end
[15:18:29.065] [bmv2] [D] [thread 3495] [52.0] [cxt 0] Pipeline 'ingress': start
[15:18:29.065] [bmv2] [T] [thread 3495] [52.0] [cxt 0] source_routing.p4(126) Condition "hdr.srcRoutes[0].isValid()" (node_2) is false
[15:18:29.065] [bmv2] [T] [thread 3495] [52.0] [cxt 0] Applying table 'tbl_drop'
[15:18:29.065] [bmv2] [D] [thread 3495] [52.0] [cxt 0] Looking up key:

[15:18:29.065] [bmv2] [D] [thread 3495] [52.0] [cxt 0] Table 'tbl_drop': miss
[15:18:29.065] [bmv2] [D] [thread 3495] [52.0] [cxt 0] Action entry is MyIngress.drop - 
[15:18:29.065] [bmv2] [T] [thread 3495] [52.0] [cxt 0] Action MyIngress.drop
[15:18:29.065] [bmv2] [T] [thread 3495] [52.0] [cxt 0] source_routing.p4(109) Primitive mark_to_drop(standard_metadata)
[15:18:29.065] [bmv2] [D] [thread 3495] [52.0] [cxt 0] Pipeline 'ingress': end
[15:18:29.065] [bmv2] [D] [thread 3495] [52.0] [cxt 0] Egress port is 511
[15:18:29.065] [bmv2] [D] [thread 3495] [52.0] [cxt 0] Dropping packet at the end of ingress
