Calling target program-options parser
[15:14:10.965] [bmv2] [D] [thread 3502] Set default default entry for table 'tbl_srcRoute_finish': MyIngress.srcRoute_finish - 
[15:14:10.965] [bmv2] [D] [thread 3502] Set default default entry for table 'tbl_srcRoute_nhop': MyIngress.srcRoute_nhop - 
[15:14:10.965] [bmv2] [D] [thread 3502] Set default default entry for table 'tbl_update_ttl': MyIngress.update_ttl - 
[15:14:10.965] [bmv2] [D] [thread 3502] Set default default entry for table 'tbl_drop': MyIngress.drop - 
Adding interface s2-eth1 as port 1
[15:14:10.965] [bmv2] [D] [thread 3502] Adding interface s2-eth1 as port 1
Adding interface s2-eth2 as port 2
[15:14:10.993] [bmv2] [D] [thread 3502] Adding interface s2-eth2 as port 2
Adding interface s2-eth3 as port 3
[15:14:11.029] [bmv2] [D] [thread 3502] Adding interface s2-eth3 as port 3
Server listening on 0.0.0.0:50052
[15:14:11.066] [bmv2] [I] [thread 3502] Starting Thrift server on port 9091
[15:14:11.066] [bmv2] [I] [thread 3502] Thrift server was started
[15:14:11.113] [bmv2] [D] [thread 3512] [0.0] [cxt 0] Processing packet received on port 2
[15:14:11.113] [bmv2] [D] [thread 3512] [0.0] [cxt 0] Parser 'parser': start
[15:14:11.113] [bmv2] [D] [thread 3512] [0.0] [cxt 0] Parser 'parser' entering state 'start'
[15:14:11.113] [bmv2] [D] [thread 3512] [0.0] [cxt 0] Extracting header 'ethernet'
[15:14:11.113] [bmv2] [D] [thread 3512] [0.0] [cxt 0] Parser state 'start': key is 86dd
[15:14:11.113] [bmv2] [T] [thread 3512] [0.0] [cxt 0] Bytes parsed: 14
[15:14:11.113] [bmv2] [D] [thread 3512] [0.0] [cxt 0] Parser 'parser': end
[15:14:11.113] [bmv2] [D] [thread 3512] [0.0] [cxt 0] Pipeline 'ingress': start
[15:14:11.113] [bmv2] [T] [thread 3512] [0.0] [cxt 0] source_routing.p4(126) Condition "hdr.srcRoutes[0].isValid()" (node_2) is false
[15:14:11.113] [bmv2] [T] [thread 3512] [0.0] [cxt 0] Applying table 'tbl_drop'
[15:14:11.113] [bmv2] [D] [thread 3512] [0.0] [cxt 0] Looking up key:

[15:14:11.113] [bmv2] [D] [thread 3512] [0.0] [cxt 0] Table 'tbl_drop': miss
[15:14:11.113] [bmv2] [D] [thread 3512] [0.0] [cxt 0] Action entry is MyIngress.drop - 
[15:14:11.113] [bmv2] [T] [thread 3512] [0.0] [cxt 0] Action MyIngress.drop
[15:14:11.113] [bmv2] [T] [thread 3512] [0.0] [cxt 0] source_routing.p4(109) Primitive mark_to_drop(standard_metadata)
[15:14:11.113] [bmv2] [D] [thread 3512] [0.0] [cxt 0] Pipeline 'ingress': end
[15:14:11.113] [bmv2] [D] [thread 3512] [0.0] [cxt 0] Egress port is 511
[15:14:11.113] [bmv2] [D] [thread 3512] [0.0] [cxt 0] Dropping packet at the end of ingress
[15:14:11.145] [bmv2] [D] [thread 3512] [1.0] [cxt 0] Processing packet received on port 2
[15:14:11.145] [bmv2] [D] [thread 3512] [1.0] [cxt 0] Parser 'parser': start
[15:14:11.145] [bmv2] [D] [thread 3512] [1.0] [cxt 0] Parser 'parser' entering state 'start'
[15:14:11.145] [bmv2] [D] [thread 3512] [1.0] [cxt 0] Extracting header 'ethernet'
[15:14:11.145] [bmv2] [D] [thread 3512] [1.0] [cxt 0] Parser state 'start': key is 86dd
[15:14:11.145] [bmv2] [T] [thread 3512] [1.0] [cxt 0] Bytes parsed: 14
[15:14:11.145] [bmv2] [D] [thread 3512] [1.0] [cxt 0] Parser 'parser': end
[15:14:11.145] [bmv2] [D] [thread 3512] [1.0] [cxt 0] Pipeline 'ingress': start
[15:14:11.145] [bmv2] [T] [thread 3512] [1.0] [cxt 0] source_routing.p4(126) Condition "hdr.srcRoutes[0].isValid()" (node_2) is false
[15:14:11.145] [bmv2] [T] [thread 3512] [1.0] [cxt 0] Applying table 'tbl_drop'
[15:14:11.145] [bmv2] [D] [thread 3512] [1.0] [cxt 0] Looking up key:

[15:14:11.145] [bmv2] [D] [thread 3512] [1.0] [cxt 0] Table 'tbl_drop': miss
[15:14:11.145] [bmv2] [D] [thread 3512] [1.0] [cxt 0] Action entry is MyIngress.drop - 
[15:14:11.145] [bmv2] [T] [thread 3512] [1.0] [cxt 0] Action MyIngress.drop
[15:14:11.145] [bmv2] [T] [thread 3512] [1.0] [cxt 0] source_routing.p4(109) Primitive mark_to_drop(standard_metadata)
[15:14:11.145] [bmv2] [D] [thread 3512] [1.0] [cxt 0] Pipeline 'ingress': end
[15:14:11.145] [bmv2] [D] [thread 3512] [1.0] [cxt 0] Egress port is 511
[15:14:11.145] [bmv2] [D] [thread 3512] [1.0] [cxt 0] Dropping packet at the end of ingress
[15:14:11.177] [bmv2] [D] [thread 3512] [2.0] [cxt 0] Processing packet received on port 3
[15:14:11.177] [bmv2] [D] [thread 3512] [2.0] [cxt 0] Parser 'parser': start
[15:14:11.177] [bmv2] [D] [thread 3512] [2.0] [cxt 0] Parser 'parser' entering state 'start'
[15:14:11.177] [bmv2] [D] [thread 3512] [2.0] [cxt 0] Extracting header 'ethernet'
[15:14:11.177] [bmv2] [D] [thread 3512] [2.0] [cxt 0] Parser state 'start': key is 86dd
[15:14:11.177] [bmv2] [T] [thread 3512] [2.0] [cxt 0] Bytes parsed: 14
[15:14:11.177] [bmv2] [D] [thread 3512] [2.0] [cxt 0] Parser 'parser': end
[15:14:11.177] [bmv2] [D] [thread 3512] [2.0] [cxt 0] Pipeline 'ingress': start
[15:14:11.177] [bmv2] [T] [thread 3512] [2.0] [cxt 0] source_routing.p4(126) Condition "hdr.srcRoutes[0].isValid()" (node_2) is false
[15:14:11.177] [bmv2] [T] [thread 3512] [2.0] [cxt 0] Applying table 'tbl_drop'
[15:14:11.177] [bmv2] [D] [thread 3512] [2.0] [cxt 0] Looking up key:

[15:14:11.177] [bmv2] [D] [thread 3512] [2.0] [cxt 0] Table 'tbl_drop': miss
[15:14:11.177] [bmv2] [D] [thread 3512] [2.0] [cxt 0] Action entry is MyIngress.drop - 
[15:14:11.177] [bmv2] [T] [thread 3512] [2.0] [cxt 0] Action MyIngress.drop
[15:14:11.177] [bmv2] [T] [thread 3512] [2.0] [cxt 0] source_routing.p4(109) Primitive mark_to_drop(standard_metadata)
[15:14:11.177] [bmv2] [D] [thread 3512] [2.0] [cxt 0] Pipeline 'ingress': end
[15:14:11.177] [bmv2] [D] [thread 3512] [2.0] [cxt 0] Egress port is 511
[15:14:11.177] [bmv2] [D] [thread 3512] [2.0] [cxt 0] Dropping packet at the end of ingress
[15:14:11.177] [bmv2] [D] [thread 3512] [3.0] [cxt 0] Processing packet received on port 3
[15:14:11.177] [bmv2] [D] [thread 3512] [3.0] [cxt 0] Parser 'parser': start
[15:14:11.177] [bmv2] [D] [thread 3512] [3.0] [cxt 0] Parser 'parser' entering state 'start'
[15:14:11.177] [bmv2] [D] [thread 3512] [3.0] [cxt 0] Extracting header 'ethernet'
[15:14:11.177] [bmv2] [D] [thread 3512] [3.0] [cxt 0] Parser state 'start': key is 86dd
[15:14:11.177] [bmv2] [T] [thread 3512] [3.0] [cxt 0] Bytes parsed: 14
[15:14:11.177] [bmv2] [D] [thread 3512] [3.0] [cxt 0] Parser 'parser': end
[15:14:11.177] [bmv2] [D] [thread 3512] [3.0] [cxt 0] Pipeline 'ingress': start
[15:14:11.177] [bmv2] [T] [thread 3512] [3.0] [cxt 0] source_routing.p4(126) Condition "hdr.srcRoutes[0].isValid()" (node_2) is false
[15:14:11.177] [bmv2] [T] [thread 3512] [3.0] [cxt 0] Applying table 'tbl_drop'
[15:14:11.177] [bmv2] [D] [thread 3512] [3.0] [cxt 0] Looking up key:

[15:14:11.177] [bmv2] [D] [thread 3512] [3.0] [cxt 0] Table 'tbl_drop': miss
[15:14:11.177] [bmv2] [D] [thread 3512] [3.0] [cxt 0] Action entry is MyIngress.drop - 
[15:14:11.177] [bmv2] [T] [thread 3512] [3.0] [cxt 0] Action MyIngress.drop
[15:14:11.177] [bmv2] [T] [thread 3512] [3.0] [cxt 0] source_routing.p4(109) Primitive mark_to_drop(standard_metadata)
[15:14:11.177] [bmv2] [D] [thread 3512] [3.0] [cxt 0] Pipeline 'ingress': end
[15:14:11.177] [bmv2] [D] [thread 3512] [3.0] [cxt 0] Egress port is 511
[15:14:11.177] [bmv2] [D] [thread 3512] [3.0] [cxt 0] Dropping packet at the end of ingress
[15:14:11.241] [bmv2] [D] [thread 3512] [4.0] [cxt 0] Processing packet received on port 3
[15:14:11.241] [bmv2] [D] [thread 3512] [4.0] [cxt 0] Parser 'parser': start
[15:14:11.241] [bmv2] [D] [thread 3512] [4.0] [cxt 0] Parser 'parser' entering state 'start'
[15:14:11.241] [bmv2] [D] [thread 3512] [4.0] [cxt 0] Extracting header 'ethernet'
[15:14:11.241] [bmv2] [D] [thread 3512] [4.0] [cxt 0] Parser state 'start': key is 86dd
[15:14:11.241] [bmv2] [T] [thread 3512] [4.0] [cxt 0] Bytes parsed: 14
[15:14:11.241] [bmv2] [D] [thread 3512] [4.0] [cxt 0] Parser 'parser': end
[15:14:11.241] [bmv2] [D] [thread 3512] [4.0] [cxt 0] Pipeline 'ingress': start
[15:14:11.241] [bmv2] [T] [thread 3512] [4.0] [cxt 0] source_routing.p4(126) Condition "hdr.srcRoutes[0].isValid()" (node_2) is false
[15:14:11.241] [bmv2] [T] [thread 3512] [4.0] [cxt 0] Applying table 'tbl_drop'
[15:14:11.241] [bmv2] [D] [thread 3512] [4.0] [cxt 0] Looking up key:

[15:14:11.241] [bmv2] [D] [thread 3512] [4.0] [cxt 0] Table 'tbl_drop': miss
[15:14:11.241] [bmv2] [D] [thread 3512] [4.0] [cxt 0] Action entry is MyIngress.drop - 
[15:14:11.241] [bmv2] [T] [thread 3512] [4.0] [cxt 0] Action MyIngress.drop
[15:14:11.241] [bmv2] [T] [thread 3512] [4.0] [cxt 0] source_routing.p4(109) Primitive mark_to_drop(standard_metadata)
[15:14:11.241] [bmv2] [D] [thread 3512] [4.0] [cxt 0] Pipeline 'ingress': end
[15:14:11.241] [bmv2] [D] [thread 3512] [4.0] [cxt 0] Egress port is 511
[15:14:11.241] [bmv2] [D] [thread 3512] [4.0] [cxt 0] Dropping packet at the end of ingress
[15:14:11.369] [bmv2] [D] [thread 3512] [5.0] [cxt 0] Processing packet received on port 1
[15:14:11.369] [bmv2] [D] [thread 3512] [5.0] [cxt 0] Parser 'parser': start
[15:14:11.370] [bmv2] [D] [thread 3512] [5.0] [cxt 0] Parser 'parser' entering state 'start'
[15:14:11.370] [bmv2] [D] [thread 3512] [5.0] [cxt 0] Extracting header 'ethernet'
[15:14:11.370] [bmv2] [D] [thread 3512] [5.0] [cxt 0] Parser state 'start': key is 86dd
[15:14:11.370] [bmv2] [T] [thread 3512] [5.0] [cxt 0] Bytes parsed: 14
[15:14:11.370] [bmv2] [D] [thread 3512] [5.0] [cxt 0] Parser 'parser': end
[15:14:11.370] [bmv2] [D] [thread 3512] [5.0] [cxt 0] Pipeline 'ingress': start
[15:14:11.370] [bmv2] [T] [thread 3512] [5.0] [cxt 0] source_routing.p4(126) Condition "hdr.srcRoutes[0].isValid()" (node_2) is false
[15:14:11.370] [bmv2] [T] [thread 3512] [5.0] [cxt 0] Applying table 'tbl_drop'
[15:14:11.370] [bmv2] [D] [thread 3512] [5.0] [cxt 0] Looking up key:

[15:14:11.370] [bmv2] [D] [thread 3512] [5.0] [cxt 0] Table 'tbl_drop': miss
[15:14:11.370] [bmv2] [D] [thread 3512] [5.0] [cxt 0] Action entry is MyIngress.drop - 
[15:14:11.370] [bmv2] [T] [thread 3512] [5.0] [cxt 0] Action MyIngress.drop
[15:14:11.370] [bmv2] [T] [thread 3512] [5.0] [cxt 0] source_routing.p4(109) Primitive mark_to_drop(standard_metadata)
[15:14:11.370] [bmv2] [D] [thread 3512] [5.0] [cxt 0] Pipeline 'ingress': end
[15:14:11.370] [bmv2] [D] [thread 3512] [5.0] [cxt 0] Egress port is 511
[15:14:11.370] [bmv2] [D] [thread 3512] [5.0] [cxt 0] Dropping packet at the end of ingress
[15:14:11.370] [bmv2] [D] [thread 3512] [6.0] [cxt 0] Processing packet received on port 1
[15:14:11.370] [bmv2] [D] [thread 3512] [6.0] [cxt 0] Parser 'parser': start
[15:14:11.370] [bmv2] [D] [thread 3512] [6.0] [cxt 0] Parser 'parser' entering state 'start'
[15:14:11.370] [bmv2] [D] [thread 3512] [6.0] [cxt 0] Extracting header 'ethernet'
[15:14:11.370] [bmv2] [D] [thread 3512] [6.0] [cxt 0] Parser state 'start': key is 86dd
[15:14:11.370] [bmv2] [T] [thread 3512] [6.0] [cxt 0] Bytes parsed: 14
[15:14:11.370] [bmv2] [D] [thread 3512] [6.0] [cxt 0] Parser 'parser': end
[15:14:11.370] [bmv2] [D] [thread 3512] [6.0] [cxt 0] Pipeline 'ingress': start
[15:14:11.370] [bmv2] [T] [thread 3512] [6.0] [cxt 0] source_routing.p4(126) Condition "hdr.srcRoutes[0].isValid()" (node_2) is false
[15:14:11.370] [bmv2] [T] [thread 3512] [6.0] [cxt 0] Applying table 'tbl_drop'
[15:14:11.370] [bmv2] [D] [thread 3512] [6.0] [cxt 0] Looking up key:

[15:14:11.370] [bmv2] [D] [thread 3512] [6.0] [cxt 0] Table 'tbl_drop': miss
[15:14:11.370] [bmv2] [D] [thread 3512] [6.0] [cxt 0] Action entry is MyIngress.drop - 
[15:14:11.370] [bmv2] [T] [thread 3512] [6.0] [cxt 0] Action MyIngress.drop
[15:14:11.370] [bmv2] [T] [thread 3512] [6.0] [cxt 0] source_routing.p4(109) Primitive mark_to_drop(standard_metadata)
[15:14:11.370] [bmv2] [D] [thread 3512] [6.0] [cxt 0] Pipeline 'ingress': end
[15:14:11.370] [bmv2] [D] [thread 3512] [6.0] [cxt 0] Egress port is 511
[15:14:11.370] [bmv2] [D] [thread 3512] [6.0] [cxt 0] Dropping packet at the end of ingress
[15:14:11.849] [bmv2] [D] [thread 3512] [7.0] [cxt 0] Processing packet received on port 1
[15:14:11.849] [bmv2] [D] [thread 3512] [7.0] [cxt 0] Parser 'parser': start
[15:14:11.849] [bmv2] [D] [thread 3512] [7.0] [cxt 0] Parser 'parser' entering state 'start'
[15:14:11.849] [bmv2] [D] [thread 3512] [7.0] [cxt 0] Extracting header 'ethernet'
[15:14:11.849] [bmv2] [D] [thread 3512] [7.0] [cxt 0] Parser state 'start': key is 86dd
[15:14:11.849] [bmv2] [T] [thread 3512] [7.0] [cxt 0] Bytes parsed: 14
[15:14:11.849] [bmv2] [D] [thread 3512] [7.0] [cxt 0] Parser 'parser': end
[15:14:11.849] [bmv2] [D] [thread 3512] [7.0] [cxt 0] Pipeline 'ingress': start
[15:14:11.849] [bmv2] [T] [thread 3512] [7.0] [cxt 0] source_routing.p4(126) Condition "hdr.srcRoutes[0].isValid()" (node_2) is false
[15:14:11.849] [bmv2] [T] [thread 3512] [7.0] [cxt 0] Applying table 'tbl_drop'
[15:14:11.849] [bmv2] [D] [thread 3512] [7.0] [cxt 0] Looking up key:

[15:14:11.849] [bmv2] [D] [thread 3512] [7.0] [cxt 0] Table 'tbl_drop': miss
[15:14:11.849] [bmv2] [D] [thread 3512] [7.0] [cxt 0] Action entry is MyIngress.drop - 
[15:14:11.849] [bmv2] [T] [thread 3512] [7.0] [cxt 0] Action MyIngress.drop
[15:14:11.849] [bmv2] [T] [thread 3512] [7.0] [cxt 0] source_routing.p4(109) Primitive mark_to_drop(standard_metadata)
[15:14:11.849] [bmv2] [D] [thread 3512] [7.0] [cxt 0] Pipeline 'ingress': end
[15:14:11.849] [bmv2] [D] [thread 3512] [7.0] [cxt 0] Egress port is 511
[15:14:11.849] [bmv2] [D] [thread 3512] [7.0] [cxt 0] Dropping packet at the end of ingress
[15:14:11.915] [bmv2] [D] [thread 3512] [8.0] [cxt 0] Processing packet received on port 2
[15:14:11.915] [bmv2] [D] [thread 3512] [8.0] [cxt 0] Parser 'parser': start
[15:14:11.915] [bmv2] [D] [thread 3512] [8.0] [cxt 0] Parser 'parser' entering state 'start'
[15:14:11.915] [bmv2] [D] [thread 3512] [8.0] [cxt 0] Extracting header 'ethernet'
[15:14:11.915] [bmv2] [D] [thread 3512] [8.0] [cxt 0] Parser state 'start': key is 86dd
[15:14:11.915] [bmv2] [T] [thread 3512] [8.0] [cxt 0] Bytes parsed: 14
[15:14:11.915] [bmv2] [D] [thread 3512] [8.0] [cxt 0] Parser 'parser': end
[15:14:11.915] [bmv2] [D] [thread 3512] [8.0] [cxt 0] Pipeline 'ingress': start
[15:14:11.915] [bmv2] [T] [thread 3512] [8.0] [cxt 0] source_routing.p4(126) Condition "hdr.srcRoutes[0].isValid()" (node_2) is false
[15:14:11.915] [bmv2] [T] [thread 3512] [8.0] [cxt 0] Applying table 'tbl_drop'
[15:14:11.915] [bmv2] [D] [thread 3512] [8.0] [cxt 0] Looking up key:

[15:14:11.915] [bmv2] [D] [thread 3512] [8.0] [cxt 0] Table 'tbl_drop': miss
[15:14:11.915] [bmv2] [D] [thread 3512] [8.0] [cxt 0] Action entry is MyIngress.drop - 
[15:14:11.915] [bmv2] [T] [thread 3512] [8.0] [cxt 0] Action MyIngress.drop
[15:14:11.915] [bmv2] [T] [thread 3512] [8.0] [cxt 0] source_routing.p4(109) Primitive mark_to_drop(standard_metadata)
[15:14:11.915] [bmv2] [D] [thread 3512] [8.0] [cxt 0] Pipeline 'ingress': end
[15:14:11.915] [bmv2] [D] [thread 3512] [8.0] [cxt 0] Egress port is 511
[15:14:11.915] [bmv2] [D] [thread 3512] [8.0] [cxt 0] Dropping packet at the end of ingress
[15:14:11.915] [bmv2] [D] [thread 3512] [9.0] [cxt 0] Processing packet received on port 2
[15:14:11.915] [bmv2] [D] [thread 3512] [9.0] [cxt 0] Parser 'parser': start
[15:14:11.915] [bmv2] [D] [thread 3512] [9.0] [cxt 0] Parser 'parser' entering state 'start'
[15:14:11.915] [bmv2] [D] [thread 3512] [9.0] [cxt 0] Extracting header 'ethernet'
[15:14:11.915] [bmv2] [D] [thread 3512] [9.0] [cxt 0] Parser state 'start': key is 86dd
[15:14:11.915] [bmv2] [T] [thread 3512] [9.0] [cxt 0] Bytes parsed: 14
[15:14:11.915] [bmv2] [D] [thread 3512] [9.0] [cxt 0] Parser 'parser': end
[15:14:11.915] [bmv2] [D] [thread 3512] [9.0] [cxt 0] Pipeline 'ingress': start
[15:14:11.915] [bmv2] [T] [thread 3512] [9.0] [cxt 0] source_routing.p4(126) Condition "hdr.srcRoutes[0].isValid()" (node_2) is false
[15:14:11.915] [bmv2] [T] [thread 3512] [9.0] [cxt 0] Applying table 'tbl_drop'
[15:14:11.915] [bmv2] [D] [thread 3512] [9.0] [cxt 0] Looking up key:

[15:14:11.915] [bmv2] [D] [thread 3512] [9.0] [cxt 0] Table 'tbl_drop': miss
[15:14:11.915] [bmv2] [D] [thread 3512] [9.0] [cxt 0] Action entry is MyIngress.drop - 
[15:14:11.915] [bmv2] [T] [thread 3512] [9.0] [cxt 0] Action MyIngress.drop
[15:14:11.915] [bmv2] [T] [thread 3512] [9.0] [cxt 0] source_routing.p4(109) Primitive mark_to_drop(standard_metadata)
[15:14:11.915] [bmv2] [D] [thread 3512] [9.0] [cxt 0] Pipeline 'ingress': end
[15:14:11.915] [bmv2] [D] [thread 3512] [9.0] [cxt 0] Egress port is 511
[15:14:11.915] [bmv2] [D] [thread 3512] [9.0] [cxt 0] Dropping packet at the end of ingress
[15:14:11.945] [bmv2] [D] [thread 3512] [10.0] [cxt 0] Processing packet received on port 3
[15:14:11.945] [bmv2] [D] [thread 3512] [10.0] [cxt 0] Parser 'parser': start
[15:14:11.945] [bmv2] [D] [thread 3512] [10.0] [cxt 0] Parser 'parser' entering state 'start'
[15:14:11.945] [bmv2] [D] [thread 3512] [10.0] [cxt 0] Extracting header 'ethernet'
[15:14:11.945] [bmv2] [D] [thread 3512] [10.0] [cxt 0] Parser state 'start': key is 86dd
[15:14:11.945] [bmv2] [T] [thread 3512] [10.0] [cxt 0] Bytes parsed: 14
[15:14:11.945] [bmv2] [D] [thread 3512] [10.0] [cxt 0] Parser 'parser': end
[15:14:11.945] [bmv2] [D] [thread 3512] [10.0] [cxt 0] Pipeline 'ingress': start
[15:14:11.945] [bmv2] [T] [thread 3512] [10.0] [cxt 0] source_routing.p4(126) Condition "hdr.srcRoutes[0].isValid()" (node_2) is false
[15:14:11.945] [bmv2] [T] [thread 3512] [10.0] [cxt 0] Applying table 'tbl_drop'
[15:14:11.945] [bmv2] [D] [thread 3512] [10.0] [cxt 0] Looking up key:

[15:14:11.945] [bmv2] [D] [thread 3512] [10.0] [cxt 0] Table 'tbl_drop': miss
[15:14:11.945] [bmv2] [D] [thread 3512] [10.0] [cxt 0] Action entry is MyIngress.drop - 
[15:14:11.945] [bmv2] [T] [thread 3512] [10.0] [cxt 0] Action MyIngress.drop
[15:14:11.945] [bmv2] [T] [thread 3512] [10.0] [cxt 0] source_routing.p4(109) Primitive mark_to_drop(standard_metadata)
[15:14:11.945] [bmv2] [D] [thread 3512] [10.0] [cxt 0] Pipeline 'ingress': end
[15:14:11.945] [bmv2] [D] [thread 3512] [10.0] [cxt 0] Egress port is 511
[15:14:11.945] [bmv2] [D] [thread 3512] [10.0] [cxt 0] Dropping packet at the end of ingress
[15:14:11.945] [bmv2] [D] [thread 3512] [11.0] [cxt 0] Processing packet received on port 3
[15:14:11.945] [bmv2] [D] [thread 3512] [11.0] [cxt 0] Parser 'parser': start
[15:14:11.945] [bmv2] [D] [thread 3512] [11.0] [cxt 0] Parser 'parser' entering state 'start'
[15:14:11.945] [bmv2] [D] [thread 3512] [11.0] [cxt 0] Extracting header 'ethernet'
[15:14:11.945] [bmv2] [D] [thread 3512] [11.0] [cxt 0] Parser state 'start': key is 86dd
[15:14:11.945] [bmv2] [T] [thread 3512] [11.0] [cxt 0] Bytes parsed: 14
[15:14:11.945] [bmv2] [D] [thread 3512] [11.0] [cxt 0] Parser 'parser': end
[15:14:11.945] [bmv2] [D] [thread 3512] [11.0] [cxt 0] Pipeline 'ingress': start
[15:14:11.945] [bmv2] [T] [thread 3512] [11.0] [cxt 0] source_routing.p4(126) Condition "hdr.srcRoutes[0].isValid()" (node_2) is false
[15:14:11.945] [bmv2] [T] [thread 3512] [11.0] [cxt 0] Applying table 'tbl_drop'
[15:14:11.945] [bmv2] [D] [thread 3512] [11.0] [cxt 0] Looking up key:

[15:14:11.945] [bmv2] [D] [thread 3512] [11.0] [cxt 0] Table 'tbl_drop': miss
[15:14:11.945] [bmv2] [D] [thread 3512] [11.0] [cxt 0] Action entry is MyIngress.drop - 
[15:14:11.945] [bmv2] [T] [thread 3512] [11.0] [cxt 0] Action MyIngress.drop
[15:14:11.945] [bmv2] [T] [thread 3512] [11.0] [cxt 0] source_routing.p4(109) Primitive mark_to_drop(standard_metadata)
[15:14:11.945] [bmv2] [D] [thread 3512] [11.0] [cxt 0] Pipeline 'ingress': end
[15:14:11.945] [bmv2] [D] [thread 3512] [11.0] [cxt 0] Egress port is 511
[15:14:11.946] [bmv2] [D] [thread 3512] [11.0] [cxt 0] Dropping packet at the end of ingress
[15:14:12.137] [bmv2] [D] [thread 3512] [12.0] [cxt 0] Processing packet received on port 2
[15:14:12.137] [bmv2] [D] [thread 3512] [12.0] [cxt 0] Parser 'parser': start
[15:14:12.137] [bmv2] [D] [thread 3512] [12.0] [cxt 0] Parser 'parser' entering state 'start'
[15:14:12.137] [bmv2] [D] [thread 3512] [12.0] [cxt 0] Extracting header 'ethernet'
[15:14:12.137] [bmv2] [D] [thread 3512] [12.0] [cxt 0] Parser state 'start': key is 86dd
[15:14:12.137] [bmv2] [T] [thread 3512] [12.0] [cxt 0] Bytes parsed: 14
[15:14:12.137] [bmv2] [D] [thread 3512] [12.0] [cxt 0] Parser 'parser': end
[15:14:12.137] [bmv2] [D] [thread 3512] [12.0] [cxt 0] Pipeline 'ingress': start
[15:14:12.137] [bmv2] [T] [thread 3512] [12.0] [cxt 0] source_routing.p4(126) Condition "hdr.srcRoutes[0].isValid()" (node_2) is false
[15:14:12.137] [bmv2] [T] [thread 3512] [12.0] [cxt 0] Applying table 'tbl_drop'
[15:14:12.137] [bmv2] [D] [thread 3512] [12.0] [cxt 0] Looking up key:

[15:14:12.137] [bmv2] [D] [thread 3512] [12.0] [cxt 0] Table 'tbl_drop': miss
[15:14:12.137] [bmv2] [D] [thread 3512] [12.0] [cxt 0] Action entry is MyIngress.drop - 
[15:14:12.137] [bmv2] [T] [thread 3512] [12.0] [cxt 0] Action MyIngress.drop
[15:14:12.137] [bmv2] [T] [thread 3512] [12.0] [cxt 0] source_routing.p4(109) Primitive mark_to_drop(standard_metadata)
[15:14:12.137] [bmv2] [D] [thread 3512] [12.0] [cxt 0] Pipeline 'ingress': end
[15:14:12.137] [bmv2] [D] [thread 3512] [12.0] [cxt 0] Egress port is 511
[15:14:12.137] [bmv2] [D] [thread 3512] [12.0] [cxt 0] Dropping packet at the end of ingress
[15:14:12.137] [bmv2] [D] [thread 3512] [13.0] [cxt 0] Processing packet received on port 2
[15:14:12.137] [bmv2] [D] [thread 3512] [13.0] [cxt 0] Parser 'parser': start
[15:14:12.137] [bmv2] [D] [thread 3512] [13.0] [cxt 0] Parser 'parser' entering state 'start'
[15:14:12.137] [bmv2] [D] [thread 3512] [13.0] [cxt 0] Extracting header 'ethernet'
[15:14:12.137] [bmv2] [D] [thread 3512] [13.0] [cxt 0] Parser state 'start': key is 86dd
[15:14:12.137] [bmv2] [T] [thread 3512] [13.0] [cxt 0] Bytes parsed: 14
[15:14:12.137] [bmv2] [D] [thread 3512] [13.0] [cxt 0] Parser 'parser': end
[15:14:12.137] [bmv2] [D] [thread 3512] [13.0] [cxt 0] Pipeline 'ingress': start
[15:14:12.137] [bmv2] [T] [thread 3512] [13.0] [cxt 0] source_routing.p4(126) Condition "hdr.srcRoutes[0].isValid()" (node_2) is false
[15:14:12.137] [bmv2] [T] [thread 3512] [13.0] [cxt 0] Applying table 'tbl_drop'
[15:14:12.137] [bmv2] [D] [thread 3512] [13.0] [cxt 0] Looking up key:

[15:14:12.137] [bmv2] [D] [thread 3512] [13.0] [cxt 0] Table 'tbl_drop': miss
[15:14:12.137] [bmv2] [D] [thread 3512] [13.0] [cxt 0] Action entry is MyIngress.drop - 
[15:14:12.137] [bmv2] [T] [thread 3512] [13.0] [cxt 0] Action MyIngress.drop
[15:14:12.137] [bmv2] [T] [thread 3512] [13.0] [cxt 0] source_routing.p4(109) Primitive mark_to_drop(standard_metadata)
[15:14:12.137] [bmv2] [D] [thread 3512] [13.0] [cxt 0] Pipeline 'ingress': end
[15:14:12.137] [bmv2] [D] [thread 3512] [13.0] [cxt 0] Egress port is 511
[15:14:12.137] [bmv2] [D] [thread 3512] [13.0] [cxt 0] Dropping packet at the end of ingress
[15:14:12.265] [bmv2] [D] [thread 3512] [14.0] [cxt 0] Processing packet received on port 3
[15:14:12.265] [bmv2] [D] [thread 3512] [14.0] [cxt 0] Parser 'parser': start
[15:14:12.265] [bmv2] [D] [thread 3512] [14.0] [cxt 0] Parser 'parser' entering state 'start'
[15:14:12.265] [bmv2] [D] [thread 3512] [14.0] [cxt 0] Extracting header 'ethernet'
[15:14:12.265] [bmv2] [D] [thread 3512] [14.0] [cxt 0] Parser state 'start': key is 86dd
[15:14:12.265] [bmv2] [T] [thread 3512] [14.0] [cxt 0] Bytes parsed: 14
[15:14:12.265] [bmv2] [D] [thread 3512] [14.0] [cxt 0] Parser 'parser': end
[15:14:12.265] [bmv2] [D] [thread 3512] [14.0] [cxt 0] Pipeline 'ingress': start
[15:14:12.265] [bmv2] [T] [thread 3512] [14.0] [cxt 0] source_routing.p4(126) Condition "hdr.srcRoutes[0].isValid()" (node_2) is false
[15:14:12.265] [bmv2] [T] [thread 3512] [14.0] [cxt 0] Applying table 'tbl_drop'
[15:14:12.265] [bmv2] [D] [thread 3512] [14.0] [cxt 0] Looking up key:

[15:14:12.265] [bmv2] [D] [thread 3512] [14.0] [cxt 0] Table 'tbl_drop': miss
[15:14:12.265] [bmv2] [D] [thread 3512] [14.0] [cxt 0] Action entry is MyIngress.drop - 
[15:14:12.265] [bmv2] [T] [thread 3512] [14.0] [cxt 0] Action MyIngress.drop
[15:14:12.265] [bmv2] [T] [thread 3512] [14.0] [cxt 0] source_routing.p4(109) Primitive mark_to_drop(standard_metadata)
[15:14:12.265] [bmv2] [D] [thread 3512] [14.0] [cxt 0] Pipeline 'ingress': end
[15:14:12.265] [bmv2] [D] [thread 3512] [14.0] [cxt 0] Egress port is 511
[15:14:12.265] [bmv2] [D] [thread 3512] [14.0] [cxt 0] Dropping packet at the end of ingress
[15:14:12.265] [bmv2] [D] [thread 3512] [15.0] [cxt 0] Processing packet received on port 3
[15:14:12.265] [bmv2] [D] [thread 3512] [15.0] [cxt 0] Parser 'parser': start
[15:14:12.265] [bmv2] [D] [thread 3512] [15.0] [cxt 0] Parser 'parser' entering state 'start'
[15:14:12.265] [bmv2] [D] [thread 3512] [15.0] [cxt 0] Extracting header 'ethernet'
[15:14:12.265] [bmv2] [D] [thread 3512] [15.0] [cxt 0] Parser state 'start': key is 86dd
[15:14:12.265] [bmv2] [T] [thread 3512] [15.0] [cxt 0] Bytes parsed: 14
[15:14:12.265] [bmv2] [D] [thread 3512] [15.0] [cxt 0] Parser 'parser': end
[15:14:12.265] [bmv2] [D] [thread 3512] [15.0] [cxt 0] Pipeline 'ingress': start
[15:14:12.265] [bmv2] [T] [thread 3512] [15.0] [cxt 0] source_routing.p4(126) Condition "hdr.srcRoutes[0].isValid()" (node_2) is false
[15:14:12.265] [bmv2] [T] [thread 3512] [15.0] [cxt 0] Applying table 'tbl_drop'
[15:14:12.265] [bmv2] [D] [thread 3512] [15.0] [cxt 0] Looking up key:

[15:14:12.265] [bmv2] [D] [thread 3512] [15.0] [cxt 0] Table 'tbl_drop': miss
[15:14:12.265] [bmv2] [D] [thread 3512] [15.0] [cxt 0] Action entry is MyIngress.drop - 
[15:14:12.265] [bmv2] [T] [thread 3512] [15.0] [cxt 0] Action MyIngress.drop
[15:14:12.265] [bmv2] [T] [thread 3512] [15.0] [cxt 0] source_routing.p4(109) Primitive mark_to_drop(standard_metadata)
[15:14:12.265] [bmv2] [D] [thread 3512] [15.0] [cxt 0] Pipeline 'ingress': end
[15:14:12.265] [bmv2] [D] [thread 3512] [15.0] [cxt 0] Egress port is 511
[15:14:12.265] [bmv2] [D] [thread 3512] [15.0] [cxt 0] Dropping packet at the end of ingress
[15:14:12.309] [bmv2] [D] [thread 3512] [16.0] [cxt 0] Processing packet received on port 2
[15:14:12.309] [bmv2] [D] [thread 3512] [16.0] [cxt 0] Parser 'parser': start
[15:14:12.309] [bmv2] [D] [thread 3512] [16.0] [cxt 0] Parser 'parser' entering state 'start'
[15:14:12.309] [bmv2] [D] [thread 3512] [16.0] [cxt 0] Extracting header 'ethernet'
[15:14:12.309] [bmv2] [D] [thread 3512] [16.0] [cxt 0] Parser state 'start': key is 86dd
[15:14:12.309] [bmv2] [T] [thread 3512] [16.0] [cxt 0] Bytes parsed: 14
[15:14:12.309] [bmv2] [D] [thread 3512] [16.0] [cxt 0] Parser 'parser': end
[15:14:12.309] [bmv2] [D] [thread 3512] [16.0] [cxt 0] Pipeline 'ingress': start
[15:14:12.309] [bmv2] [T] [thread 3512] [16.0] [cxt 0] source_routing.p4(126) Condition "hdr.srcRoutes[0].isValid()" (node_2) is false
[15:14:12.309] [bmv2] [T] [thread 3512] [16.0] [cxt 0] Applying table 'tbl_drop'
[15:14:12.309] [bmv2] [D] [thread 3512] [16.0] [cxt 0] Looking up key:

[15:14:12.309] [bmv2] [D] [thread 3512] [16.0] [cxt 0] Table 'tbl_drop': miss
[15:14:12.309] [bmv2] [D] [thread 3512] [16.0] [cxt 0] Action entry is MyIngress.drop - 
[15:14:12.309] [bmv2] [T] [thread 3512] [16.0] [cxt 0] Action MyIngress.drop
[15:14:12.309] [bmv2] [T] [thread 3512] [16.0] [cxt 0] source_routing.p4(109) Primitive mark_to_drop(standard_metadata)
[15:14:12.309] [bmv2] [D] [thread 3512] [16.0] [cxt 0] Pipeline 'ingress': end
[15:14:12.309] [bmv2] [D] [thread 3512] [16.0] [cxt 0] Egress port is 511
[15:14:12.309] [bmv2] [D] [thread 3512] [16.0] [cxt 0] Dropping packet at the end of ingress
[15:14:12.457] [bmv2] [D] [thread 3512] [17.0] [cxt 0] Processing packet received on port 3
[15:14:12.457] [bmv2] [D] [thread 3512] [17.0] [cxt 0] Parser 'parser': start
[15:14:12.457] [bmv2] [D] [thread 3512] [17.0] [cxt 0] Parser 'parser' entering state 'start'
[15:14:12.457] [bmv2] [D] [thread 3512] [17.0] [cxt 0] Extracting header 'ethernet'
[15:14:12.457] [bmv2] [D] [thread 3512] [17.0] [cxt 0] Parser state 'start': key is 86dd
[15:14:12.457] [bmv2] [T] [thread 3512] [17.0] [cxt 0] Bytes parsed: 14
[15:14:12.457] [bmv2] [D] [thread 3512] [17.0] [cxt 0] Parser 'parser': end
[15:14:12.457] [bmv2] [D] [thread 3512] [17.0] [cxt 0] Pipeline 'ingress': start
[15:14:12.457] [bmv2] [T] [thread 3512] [17.0] [cxt 0] source_routing.p4(126) Condition "hdr.srcRoutes[0].isValid()" (node_2) is false
[15:14:12.457] [bmv2] [T] [thread 3512] [17.0] [cxt 0] Applying table 'tbl_drop'
[15:14:12.457] [bmv2] [D] [thread 3512] [17.0] [cxt 0] Looking up key:

[15:14:12.457] [bmv2] [D] [thread 3512] [17.0] [cxt 0] Table 'tbl_drop': miss
[15:14:12.457] [bmv2] [D] [thread 3512] [17.0] [cxt 0] Action entry is MyIngress.drop - 
[15:14:12.457] [bmv2] [T] [thread 3512] [17.0] [cxt 0] Action MyIngress.drop
[15:14:12.457] [bmv2] [T] [thread 3512] [17.0] [cxt 0] source_routing.p4(109) Primitive mark_to_drop(standard_metadata)
[15:14:12.457] [bmv2] [D] [thread 3512] [17.0] [cxt 0] Pipeline 'ingress': end
[15:14:12.457] [bmv2] [D] [thread 3512] [17.0] [cxt 0] Egress port is 511
[15:14:12.457] [bmv2] [D] [thread 3512] [17.0] [cxt 0] Dropping packet at the end of ingress
[15:14:12.485] [bmv2] [D] [thread 3512] [18.0] [cxt 0] Processing packet received on port 3
[15:14:12.485] [bmv2] [D] [thread 3512] [18.0] [cxt 0] Parser 'parser': start
[15:14:12.485] [bmv2] [D] [thread 3512] [18.0] [cxt 0] Parser 'parser' entering state 'start'
[15:14:12.485] [bmv2] [D] [thread 3512] [18.0] [cxt 0] Extracting header 'ethernet'
[15:14:12.485] [bmv2] [D] [thread 3512] [18.0] [cxt 0] Parser state 'start': key is 86dd
[15:14:12.485] [bmv2] [T] [thread 3512] [18.0] [cxt 0] Bytes parsed: 14
[15:14:12.485] [bmv2] [D] [thread 3512] [18.0] [cxt 0] Parser 'parser': end
[15:14:12.485] [bmv2] [D] [thread 3512] [18.0] [cxt 0] Pipeline 'ingress': start
[15:14:12.485] [bmv2] [T] [thread 3512] [18.0] [cxt 0] source_routing.p4(126) Condition "hdr.srcRoutes[0].isValid()" (node_2) is false
[15:14:12.485] [bmv2] [T] [thread 3512] [18.0] [cxt 0] Applying table 'tbl_drop'
[15:14:12.485] [bmv2] [D] [thread 3512] [18.0] [cxt 0] Looking up key:

[15:14:12.485] [bmv2] [D] [thread 3512] [18.0] [cxt 0] Table 'tbl_drop': miss
[15:14:12.485] [bmv2] [D] [thread 3512] [18.0] [cxt 0] Action entry is MyIngress.drop - 
[15:14:12.485] [bmv2] [T] [thread 3512] [18.0] [cxt 0] Action MyIngress.drop
[15:14:12.485] [bmv2] [T] [thread 3512] [18.0] [cxt 0] source_routing.p4(109) Primitive mark_to_drop(standard_metadata)
[15:14:12.485] [bmv2] [D] [thread 3512] [18.0] [cxt 0] Pipeline 'ingress': end
[15:14:12.485] [bmv2] [D] [thread 3512] [18.0] [cxt 0] Egress port is 511
[15:14:12.485] [bmv2] [D] [thread 3512] [18.0] [cxt 0] Dropping packet at the end of ingress
[15:14:12.937] [bmv2] [D] [thread 3512] [19.0] [cxt 0] Processing packet received on port 2
[15:14:12.937] [bmv2] [D] [thread 3512] [19.0] [cxt 0] Parser 'parser': start
[15:14:12.937] [bmv2] [D] [thread 3512] [19.0] [cxt 0] Parser 'parser' entering state 'start'
[15:14:12.937] [bmv2] [D] [thread 3512] [19.0] [cxt 0] Extracting header 'ethernet'
[15:14:12.937] [bmv2] [D] [thread 3512] [19.0] [cxt 0] Parser state 'start': key is 86dd
[15:14:12.937] [bmv2] [T] [thread 3512] [19.0] [cxt 0] Bytes parsed: 14
[15:14:12.937] [bmv2] [D] [thread 3512] [19.0] [cxt 0] Parser 'parser': end
[15:14:12.937] [bmv2] [D] [thread 3512] [19.0] [cxt 0] Pipeline 'ingress': start
[15:14:12.937] [bmv2] [T] [thread 3512] [19.0] [cxt 0] source_routing.p4(126) Condition "hdr.srcRoutes[0].isValid()" (node_2) is false
[15:14:12.937] [bmv2] [T] [thread 3512] [19.0] [cxt 0] Applying table 'tbl_drop'
[15:14:12.937] [bmv2] [D] [thread 3512] [19.0] [cxt 0] Looking up key:

[15:14:12.937] [bmv2] [D] [thread 3512] [19.0] [cxt 0] Table 'tbl_drop': miss
[15:14:12.937] [bmv2] [D] [thread 3512] [19.0] [cxt 0] Action entry is MyIngress.drop - 
[15:14:12.937] [bmv2] [T] [thread 3512] [19.0] [cxt 0] Action MyIngress.drop
[15:14:12.937] [bmv2] [T] [thread 3512] [19.0] [cxt 0] source_routing.p4(109) Primitive mark_to_drop(standard_metadata)
[15:14:12.937] [bmv2] [D] [thread 3512] [19.0] [cxt 0] Pipeline 'ingress': end
[15:14:12.937] [bmv2] [D] [thread 3512] [19.0] [cxt 0] Egress port is 511
[15:14:12.937] [bmv2] [D] [thread 3512] [19.0] [cxt 0] Dropping packet at the end of ingress
[15:14:13.002] [bmv2] [W] [thread 3557] [P4Runtime] p4::tmp::P4DeviceConfig is deprecated
[15:14:13.002] [bmv2] [D] [thread 3557] Set default default entry for table 'tbl_srcRoute_finish': MyIngress.srcRoute_finish - 
[15:14:13.002] [bmv2] [D] [thread 3557] Set default default entry for table 'tbl_srcRoute_nhop': MyIngress.srcRoute_nhop - 
[15:14:13.002] [bmv2] [D] [thread 3557] Set default default entry for table 'tbl_update_ttl': MyIngress.update_ttl - 
[15:14:13.002] [bmv2] [D] [thread 3557] Set default default entry for table 'tbl_drop': MyIngress.drop - 
[15:14:13.003] [bmv2] [D] [thread 3557] simple_switch target has been notified of a config swap
[15:14:15.369] [bmv2] [D] [thread 3512] [20.0] [cxt 0] Processing packet received on port 1
[15:14:15.371] [bmv2] [D] [thread 3512] [20.0] [cxt 0] Parser 'parser': start
[15:14:15.371] [bmv2] [D] [thread 3512] [20.0] [cxt 0] Parser 'parser' entering state 'start'
[15:14:15.371] [bmv2] [D] [thread 3512] [20.0] [cxt 0] Extracting header 'ethernet'
[15:14:15.372] [bmv2] [D] [thread 3512] [20.0] [cxt 0] Parser state 'start': key is 86dd
[15:14:15.372] [bmv2] [T] [thread 3512] [20.0] [cxt 0] Bytes parsed: 14
[15:14:15.372] [bmv2] [D] [thread 3512] [20.0] [cxt 0] Parser 'parser': end
[15:14:15.372] [bmv2] [D] [thread 3512] [20.0] [cxt 0] Pipeline 'ingress': start
[15:14:15.372] [bmv2] [T] [thread 3512] [20.0] [cxt 0] source_routing.p4(126) Condition "hdr.srcRoutes[0].isValid()" (node_2) is false
[15:14:15.372] [bmv2] [T] [thread 3512] [20.0] [cxt 0] Applying table 'tbl_drop'
[15:14:15.372] [bmv2] [D] [thread 3512] [20.0] [cxt 0] Looking up key:

[15:14:15.372] [bmv2] [D] [thread 3512] [20.0] [cxt 0] Table 'tbl_drop': miss
[15:14:15.372] [bmv2] [D] [thread 3512] [20.0] [cxt 0] Action entry is MyIngress.drop - 
[15:14:15.372] [bmv2] [T] [thread 3512] [20.0] [cxt 0] Action MyIngress.drop
[15:14:15.372] [bmv2] [T] [thread 3512] [20.0] [cxt 0] source_routing.p4(109) Primitive mark_to_drop(standard_metadata)
[15:14:15.372] [bmv2] [D] [thread 3512] [20.0] [cxt 0] Pipeline 'ingress': end
[15:14:15.372] [bmv2] [D] [thread 3512] [20.0] [cxt 0] Egress port is 511
[15:14:15.372] [bmv2] [D] [thread 3512] [20.0] [cxt 0] Dropping packet at the end of ingress
[15:14:15.625] [bmv2] [D] [thread 3512] [21.0] [cxt 0] Processing packet received on port 3
[15:14:15.625] [bmv2] [D] [thread 3512] [21.0] [cxt 0] Parser 'parser': start
[15:14:15.625] [bmv2] [D] [thread 3512] [21.0] [cxt 0] Parser 'parser' entering state 'start'
[15:14:15.625] [bmv2] [D] [thread 3512] [21.0] [cxt 0] Extracting header 'ethernet'
[15:14:15.625] [bmv2] [D] [thread 3512] [21.0] [cxt 0] Parser state 'start': key is 86dd
[15:14:15.625] [bmv2] [T] [thread 3512] [21.0] [cxt 0] Bytes parsed: 14
[15:14:15.625] [bmv2] [D] [thread 3512] [21.0] [cxt 0] Parser 'parser': end
[15:14:15.625] [bmv2] [D] [thread 3512] [21.0] [cxt 0] Pipeline 'ingress': start
[15:14:15.625] [bmv2] [T] [thread 3512] [21.0] [cxt 0] source_routing.p4(126) Condition "hdr.srcRoutes[0].isValid()" (node_2) is false
[15:14:15.625] [bmv2] [T] [thread 3512] [21.0] [cxt 0] Applying table 'tbl_drop'
[15:14:15.625] [bmv2] [D] [thread 3512] [21.0] [cxt 0] Looking up key:

[15:14:15.625] [bmv2] [D] [thread 3512] [21.0] [cxt 0] Table 'tbl_drop': miss
[15:14:15.625] [bmv2] [D] [thread 3512] [21.0] [cxt 0] Action entry is MyIngress.drop - 
[15:14:15.625] [bmv2] [T] [thread 3512] [21.0] [cxt 0] Action MyIngress.drop
[15:14:15.625] [bmv2] [T] [thread 3512] [21.0] [cxt 0] source_routing.p4(109) Primitive mark_to_drop(standard_metadata)
[15:14:15.625] [bmv2] [D] [thread 3512] [21.0] [cxt 0] Pipeline 'ingress': end
[15:14:15.625] [bmv2] [D] [thread 3512] [21.0] [cxt 0] Egress port is 511
[15:14:15.625] [bmv2] [D] [thread 3512] [21.0] [cxt 0] Dropping packet at the end of ingress
[15:14:15.881] [bmv2] [D] [thread 3512] [22.0] [cxt 0] Processing packet received on port 2
[15:14:15.881] [bmv2] [D] [thread 3512] [22.0] [cxt 0] Parser 'parser': start
[15:14:15.881] [bmv2] [D] [thread 3512] [22.0] [cxt 0] Parser 'parser' entering state 'start'
[15:14:15.881] [bmv2] [D] [thread 3512] [22.0] [cxt 0] Extracting header 'ethernet'
[15:14:15.881] [bmv2] [D] [thread 3512] [22.0] [cxt 0] Parser state 'start': key is 86dd
[15:14:15.881] [bmv2] [T] [thread 3512] [22.0] [cxt 0] Bytes parsed: 14
[15:14:15.881] [bmv2] [D] [thread 3512] [22.0] [cxt 0] Parser 'parser': end
[15:14:15.881] [bmv2] [D] [thread 3512] [22.0] [cxt 0] Pipeline 'ingress': start
[15:14:15.881] [bmv2] [T] [thread 3512] [22.0] [cxt 0] source_routing.p4(126) Condition "hdr.srcRoutes[0].isValid()" (node_2) is false
[15:14:15.881] [bmv2] [T] [thread 3512] [22.0] [cxt 0] Applying table 'tbl_drop'
[15:14:15.881] [bmv2] [D] [thread 3512] [22.0] [cxt 0] Looking up key:

[15:14:15.881] [bmv2] [D] [thread 3512] [22.0] [cxt 0] Table 'tbl_drop': miss
[15:14:15.881] [bmv2] [D] [thread 3512] [22.0] [cxt 0] Action entry is MyIngress.drop - 
[15:14:15.881] [bmv2] [T] [thread 3512] [22.0] [cxt 0] Action MyIngress.drop
[15:14:15.881] [bmv2] [T] [thread 3512] [22.0] [cxt 0] source_routing.p4(109) Primitive mark_to_drop(standard_metadata)
[15:14:15.881] [bmv2] [D] [thread 3512] [22.0] [cxt 0] Pipeline 'ingress': end
[15:14:15.881] [bmv2] [D] [thread 3512] [22.0] [cxt 0] Egress port is 511
[15:14:15.881] [bmv2] [D] [thread 3512] [22.0] [cxt 0] Dropping packet at the end of ingress
[15:14:16.137] [bmv2] [D] [thread 3512] [23.0] [cxt 0] Processing packet received on port 2
[15:14:16.137] [bmv2] [D] [thread 3512] [23.0] [cxt 0] Parser 'parser': start
[15:14:16.137] [bmv2] [D] [thread 3512] [23.0] [cxt 0] Parser 'parser' entering state 'start'
[15:14:16.137] [bmv2] [D] [thread 3512] [23.0] [cxt 0] Extracting header 'ethernet'
[15:14:16.137] [bmv2] [D] [thread 3512] [23.0] [cxt 0] Parser state 'start': key is 86dd
[15:14:16.137] [bmv2] [T] [thread 3512] [23.0] [cxt 0] Bytes parsed: 14
[15:14:16.137] [bmv2] [D] [thread 3512] [23.0] [cxt 0] Parser 'parser': end
[15:14:16.137] [bmv2] [D] [thread 3512] [23.0] [cxt 0] Pipeline 'ingress': start
[15:14:16.137] [bmv2] [T] [thread 3512] [23.0] [cxt 0] source_routing.p4(126) Condition "hdr.srcRoutes[0].isValid()" (node_2) is false
[15:14:16.137] [bmv2] [T] [thread 3512] [23.0] [cxt 0] Applying table 'tbl_drop'
[15:14:16.137] [bmv2] [D] [thread 3512] [23.0] [cxt 0] Looking up key:

[15:14:16.137] [bmv2] [D] [thread 3512] [23.0] [cxt 0] Table 'tbl_drop': miss
[15:14:16.137] [bmv2] [D] [thread 3512] [23.0] [cxt 0] Action entry is MyIngress.drop - 
[15:14:16.137] [bmv2] [T] [thread 3512] [23.0] [cxt 0] Action MyIngress.drop
[15:14:16.137] [bmv2] [T] [thread 3512] [23.0] [cxt 0] source_routing.p4(109) Primitive mark_to_drop(standard_metadata)
[15:14:16.137] [bmv2] [D] [thread 3512] [23.0] [cxt 0] Pipeline 'ingress': end
[15:14:16.137] [bmv2] [D] [thread 3512] [23.0] [cxt 0] Egress port is 511
[15:14:16.137] [bmv2] [D] [thread 3512] [23.0] [cxt 0] Dropping packet at the end of ingress
[15:14:16.396] [bmv2] [D] [thread 3512] [24.0] [cxt 0] Processing packet received on port 3
[15:14:16.396] [bmv2] [D] [thread 3512] [24.0] [cxt 0] Parser 'parser': start
[15:14:16.396] [bmv2] [D] [thread 3512] [24.0] [cxt 0] Parser 'parser' entering state 'start'
[15:14:16.396] [bmv2] [D] [thread 3512] [24.0] [cxt 0] Extracting header 'ethernet'
[15:14:16.396] [bmv2] [D] [thread 3512] [24.0] [cxt 0] Parser state 'start': key is 86dd
[15:14:16.396] [bmv2] [T] [thread 3512] [24.0] [cxt 0] Bytes parsed: 14
[15:14:16.396] [bmv2] [D] [thread 3512] [24.0] [cxt 0] Parser 'parser': end
[15:14:16.396] [bmv2] [D] [thread 3512] [24.0] [cxt 0] Pipeline 'ingress': start
[15:14:16.396] [bmv2] [T] [thread 3512] [24.0] [cxt 0] source_routing.p4(126) Condition "hdr.srcRoutes[0].isValid()" (node_2) is false
[15:14:16.396] [bmv2] [T] [thread 3512] [24.0] [cxt 0] Applying table 'tbl_drop'
[15:14:16.396] [bmv2] [D] [thread 3512] [24.0] [cxt 0] Looking up key:

[15:14:16.396] [bmv2] [D] [thread 3512] [24.0] [cxt 0] Table 'tbl_drop': miss
[15:14:16.396] [bmv2] [D] [thread 3512] [24.0] [cxt 0] Action entry is MyIngress.drop - 
[15:14:16.396] [bmv2] [T] [thread 3512] [24.0] [cxt 0] Action MyIngress.drop
[15:14:16.396] [bmv2] [T] [thread 3512] [24.0] [cxt 0] source_routing.p4(109) Primitive mark_to_drop(standard_metadata)
[15:14:16.396] [bmv2] [D] [thread 3512] [24.0] [cxt 0] Pipeline 'ingress': end
[15:14:16.396] [bmv2] [D] [thread 3512] [24.0] [cxt 0] Egress port is 511
[15:14:16.396] [bmv2] [D] [thread 3512] [24.0] [cxt 0] Dropping packet at the end of ingress
[15:14:23.049] [bmv2] [D] [thread 3512] [25.0] [cxt 0] Processing packet received on port 3
[15:14:23.049] [bmv2] [D] [thread 3512] [25.0] [cxt 0] Parser 'parser': start
[15:14:23.049] [bmv2] [D] [thread 3512] [25.0] [cxt 0] Parser 'parser' entering state 'start'
[15:14:23.049] [bmv2] [D] [thread 3512] [25.0] [cxt 0] Extracting header 'ethernet'
[15:14:23.049] [bmv2] [D] [thread 3512] [25.0] [cxt 0] Parser state 'start': key is 86dd
[15:14:23.049] [bmv2] [T] [thread 3512] [25.0] [cxt 0] Bytes parsed: 14
[15:14:23.049] [bmv2] [D] [thread 3512] [25.0] [cxt 0] Parser 'parser': end
[15:14:23.049] [bmv2] [D] [thread 3512] [25.0] [cxt 0] Pipeline 'ingress': start
[15:14:23.049] [bmv2] [T] [thread 3512] [25.0] [cxt 0] source_routing.p4(126) Condition "hdr.srcRoutes[0].isValid()" (node_2) is false
[15:14:23.049] [bmv2] [T] [thread 3512] [25.0] [cxt 0] Applying table 'tbl_drop'
[15:14:23.049] [bmv2] [D] [thread 3512] [25.0] [cxt 0] Looking up key:

[15:14:23.049] [bmv2] [D] [thread 3512] [25.0] [cxt 0] Table 'tbl_drop': miss
[15:14:23.049] [bmv2] [D] [thread 3512] [25.0] [cxt 0] Action entry is MyIngress.drop - 
[15:14:23.049] [bmv2] [T] [thread 3512] [25.0] [cxt 0] Action MyIngress.drop
[15:14:23.049] [bmv2] [T] [thread 3512] [25.0] [cxt 0] source_routing.p4(109) Primitive mark_to_drop(standard_metadata)
[15:14:23.049] [bmv2] [D] [thread 3512] [25.0] [cxt 0] Pipeline 'ingress': end
[15:14:23.049] [bmv2] [D] [thread 3512] [25.0] [cxt 0] Egress port is 511
[15:14:23.049] [bmv2] [D] [thread 3512] [25.0] [cxt 0] Dropping packet at the end of ingress
[15:14:23.561] [bmv2] [D] [thread 3512] [26.0] [cxt 0] Processing packet received on port 1
[15:14:23.561] [bmv2] [D] [thread 3512] [26.0] [cxt 0] Parser 'parser': start
[15:14:23.561] [bmv2] [D] [thread 3512] [26.0] [cxt 0] Parser 'parser' entering state 'start'
[15:14:23.561] [bmv2] [D] [thread 3512] [26.0] [cxt 0] Extracting header 'ethernet'
[15:14:23.561] [bmv2] [D] [thread 3512] [26.0] [cxt 0] Parser state 'start': key is 86dd
[15:14:23.561] [bmv2] [T] [thread 3512] [26.0] [cxt 0] Bytes parsed: 14
[15:14:23.561] [bmv2] [D] [thread 3512] [26.0] [cxt 0] Parser 'parser': end
[15:14:23.561] [bmv2] [D] [thread 3512] [26.0] [cxt 0] Pipeline 'ingress': start
[15:14:23.561] [bmv2] [T] [thread 3512] [26.0] [cxt 0] source_routing.p4(126) Condition "hdr.srcRoutes[0].isValid()" (node_2) is false
[15:14:23.561] [bmv2] [T] [thread 3512] [26.0] [cxt 0] Applying table 'tbl_drop'
[15:14:23.561] [bmv2] [D] [thread 3512] [26.0] [cxt 0] Looking up key:

[15:14:23.561] [bmv2] [D] [thread 3512] [26.0] [cxt 0] Table 'tbl_drop': miss
[15:14:23.561] [bmv2] [D] [thread 3512] [26.0] [cxt 0] Action entry is MyIngress.drop - 
[15:14:23.561] [bmv2] [T] [thread 3512] [26.0] [cxt 0] Action MyIngress.drop
[15:14:23.561] [bmv2] [T] [thread 3512] [26.0] [cxt 0] source_routing.p4(109) Primitive mark_to_drop(standard_metadata)
[15:14:23.561] [bmv2] [D] [thread 3512] [26.0] [cxt 0] Pipeline 'ingress': end
[15:14:23.561] [bmv2] [D] [thread 3512] [26.0] [cxt 0] Egress port is 511
[15:14:23.561] [bmv2] [D] [thread 3512] [26.0] [cxt 0] Dropping packet at the end of ingress
[15:14:23.561] [bmv2] [D] [thread 3512] [27.0] [cxt 0] Processing packet received on port 2
[15:14:23.561] [bmv2] [D] [thread 3512] [27.0] [cxt 0] Parser 'parser': start
[15:14:23.561] [bmv2] [D] [thread 3512] [27.0] [cxt 0] Parser 'parser' entering state 'start'
[15:14:23.561] [bmv2] [D] [thread 3512] [27.0] [cxt 0] Extracting header 'ethernet'
[15:14:23.561] [bmv2] [D] [thread 3512] [27.0] [cxt 0] Parser state 'start': key is 86dd
[15:14:23.561] [bmv2] [T] [thread 3512] [27.0] [cxt 0] Bytes parsed: 14
[15:14:23.561] [bmv2] [D] [thread 3512] [27.0] [cxt 0] Parser 'parser': end
[15:14:23.561] [bmv2] [D] [thread 3512] [27.0] [cxt 0] Pipeline 'ingress': start
[15:14:23.561] [bmv2] [T] [thread 3512] [27.0] [cxt 0] source_routing.p4(126) Condition "hdr.srcRoutes[0].isValid()" (node_2) is false
[15:14:23.561] [bmv2] [T] [thread 3512] [27.0] [cxt 0] Applying table 'tbl_drop'
[15:14:23.561] [bmv2] [D] [thread 3512] [27.0] [cxt 0] Looking up key:

[15:14:23.561] [bmv2] [D] [thread 3512] [27.0] [cxt 0] Table 'tbl_drop': miss
[15:14:23.561] [bmv2] [D] [thread 3512] [27.0] [cxt 0] Action entry is MyIngress.drop - 
[15:14:23.561] [bmv2] [T] [thread 3512] [27.0] [cxt 0] Action MyIngress.drop
[15:14:23.561] [bmv2] [T] [thread 3512] [27.0] [cxt 0] source_routing.p4(109) Primitive mark_to_drop(standard_metadata)
[15:14:23.561] [bmv2] [D] [thread 3512] [27.0] [cxt 0] Pipeline 'ingress': end
[15:14:23.561] [bmv2] [D] [thread 3512] [27.0] [cxt 0] Egress port is 511
[15:14:23.561] [bmv2] [D] [thread 3512] [27.0] [cxt 0] Dropping packet at the end of ingress
[15:14:24.586] [bmv2] [D] [thread 3512] [28.0] [cxt 0] Processing packet received on port 2
[15:14:24.586] [bmv2] [D] [thread 3512] [28.0] [cxt 0] Parser 'parser': start
[15:14:24.586] [bmv2] [D] [thread 3512] [28.0] [cxt 0] Parser 'parser' entering state 'start'
[15:14:24.586] [bmv2] [D] [thread 3512] [28.0] [cxt 0] Extracting header 'ethernet'
[15:14:24.586] [bmv2] [D] [thread 3512] [28.0] [cxt 0] Parser state 'start': key is 86dd
[15:14:24.586] [bmv2] [T] [thread 3512] [28.0] [cxt 0] Bytes parsed: 14
[15:14:24.586] [bmv2] [D] [thread 3512] [28.0] [cxt 0] Parser 'parser': end
[15:14:24.586] [bmv2] [D] [thread 3512] [28.0] [cxt 0] Pipeline 'ingress': start
[15:14:24.586] [bmv2] [T] [thread 3512] [28.0] [cxt 0] source_routing.p4(126) Condition "hdr.srcRoutes[0].isValid()" (node_2) is false
[15:14:24.586] [bmv2] [T] [thread 3512] [28.0] [cxt 0] Applying table 'tbl_drop'
[15:14:24.586] [bmv2] [D] [thread 3512] [28.0] [cxt 0] Looking up key:

[15:14:24.586] [bmv2] [D] [thread 3512] [28.0] [cxt 0] Table 'tbl_drop': miss
[15:14:24.586] [bmv2] [D] [thread 3512] [28.0] [cxt 0] Action entry is MyIngress.drop - 
[15:14:24.586] [bmv2] [T] [thread 3512] [28.0] [cxt 0] Action MyIngress.drop
[15:14:24.586] [bmv2] [T] [thread 3512] [28.0] [cxt 0] source_routing.p4(109) Primitive mark_to_drop(standard_metadata)
[15:14:24.586] [bmv2] [D] [thread 3512] [28.0] [cxt 0] Pipeline 'ingress': end
[15:14:24.586] [bmv2] [D] [thread 3512] [28.0] [cxt 0] Egress port is 511
[15:14:24.586] [bmv2] [D] [thread 3512] [28.0] [cxt 0] Dropping packet at the end of ingress
[15:14:24.841] [bmv2] [D] [thread 3512] [29.0] [cxt 0] Processing packet received on port 3
[15:14:24.841] [bmv2] [D] [thread 3512] [29.0] [cxt 0] Parser 'parser': start
[15:14:24.841] [bmv2] [D] [thread 3512] [29.0] [cxt 0] Parser 'parser' entering state 'start'
[15:14:24.841] [bmv2] [D] [thread 3512] [29.0] [cxt 0] Extracting header 'ethernet'
[15:14:24.841] [bmv2] [D] [thread 3512] [29.0] [cxt 0] Parser state 'start': key is 86dd
[15:14:24.841] [bmv2] [T] [thread 3512] [29.0] [cxt 0] Bytes parsed: 14
[15:14:24.841] [bmv2] [D] [thread 3512] [29.0] [cxt 0] Parser 'parser': end
[15:14:24.841] [bmv2] [D] [thread 3512] [29.0] [cxt 0] Pipeline 'ingress': start
[15:14:24.841] [bmv2] [T] [thread 3512] [29.0] [cxt 0] source_routing.p4(126) Condition "hdr.srcRoutes[0].isValid()" (node_2) is false
[15:14:24.841] [bmv2] [T] [thread 3512] [29.0] [cxt 0] Applying table 'tbl_drop'
[15:14:24.841] [bmv2] [D] [thread 3512] [29.0] [cxt 0] Looking up key:

[15:14:24.841] [bmv2] [D] [thread 3512] [29.0] [cxt 0] Table 'tbl_drop': miss
[15:14:24.841] [bmv2] [D] [thread 3512] [29.0] [cxt 0] Action entry is MyIngress.drop - 
[15:14:24.841] [bmv2] [T] [thread 3512] [29.0] [cxt 0] Action MyIngress.drop
[15:14:24.841] [bmv2] [T] [thread 3512] [29.0] [cxt 0] source_routing.p4(109) Primitive mark_to_drop(standard_metadata)
[15:14:24.841] [bmv2] [D] [thread 3512] [29.0] [cxt 0] Pipeline 'ingress': end
[15:14:24.841] [bmv2] [D] [thread 3512] [29.0] [cxt 0] Egress port is 511
[15:14:24.841] [bmv2] [D] [thread 3512] [29.0] [cxt 0] Dropping packet at the end of ingress
[15:14:37.897] [bmv2] [D] [thread 3512] [30.0] [cxt 0] Processing packet received on port 3
[15:14:37.897] [bmv2] [D] [thread 3512] [30.0] [cxt 0] Parser 'parser': start
[15:14:37.897] [bmv2] [D] [thread 3512] [30.0] [cxt 0] Parser 'parser' entering state 'start'
[15:14:37.897] [bmv2] [D] [thread 3512] [30.0] [cxt 0] Extracting header 'ethernet'
[15:14:37.897] [bmv2] [D] [thread 3512] [30.0] [cxt 0] Parser state 'start': key is 86dd
[15:14:37.897] [bmv2] [T] [thread 3512] [30.0] [cxt 0] Bytes parsed: 14
[15:14:37.897] [bmv2] [D] [thread 3512] [30.0] [cxt 0] Parser 'parser': end
[15:14:37.897] [bmv2] [D] [thread 3512] [30.0] [cxt 0] Pipeline 'ingress': start
[15:14:37.897] [bmv2] [T] [thread 3512] [30.0] [cxt 0] source_routing.p4(126) Condition "hdr.srcRoutes[0].isValid()" (node_2) is false
[15:14:37.897] [bmv2] [T] [thread 3512] [30.0] [cxt 0] Applying table 'tbl_drop'
[15:14:37.897] [bmv2] [D] [thread 3512] [30.0] [cxt 0] Looking up key:

[15:14:37.897] [bmv2] [D] [thread 3512] [30.0] [cxt 0] Table 'tbl_drop': miss
[15:14:37.897] [bmv2] [D] [thread 3512] [30.0] [cxt 0] Action entry is MyIngress.drop - 
[15:14:37.897] [bmv2] [T] [thread 3512] [30.0] [cxt 0] Action MyIngress.drop
[15:14:37.897] [bmv2] [T] [thread 3512] [30.0] [cxt 0] source_routing.p4(109) Primitive mark_to_drop(standard_metadata)
[15:14:37.897] [bmv2] [D] [thread 3512] [30.0] [cxt 0] Pipeline 'ingress': end
[15:14:37.897] [bmv2] [D] [thread 3512] [30.0] [cxt 0] Egress port is 511
[15:14:37.897] [bmv2] [D] [thread 3512] [30.0] [cxt 0] Dropping packet at the end of ingress
[15:14:39.177] [bmv2] [D] [thread 3512] [31.0] [cxt 0] Processing packet received on port 2
[15:14:39.177] [bmv2] [D] [thread 3512] [31.0] [cxt 0] Parser 'parser': start
[15:14:39.177] [bmv2] [D] [thread 3512] [31.0] [cxt 0] Parser 'parser' entering state 'start'
[15:14:39.177] [bmv2] [D] [thread 3512] [31.0] [cxt 0] Extracting header 'ethernet'
[15:14:39.177] [bmv2] [D] [thread 3512] [31.0] [cxt 0] Parser state 'start': key is 86dd
[15:14:39.177] [bmv2] [T] [thread 3512] [31.0] [cxt 0] Bytes parsed: 14
[15:14:39.177] [bmv2] [D] [thread 3512] [31.0] [cxt 0] Parser 'parser': end
[15:14:39.177] [bmv2] [D] [thread 3512] [31.0] [cxt 0] Pipeline 'ingress': start
[15:14:39.177] [bmv2] [T] [thread 3512] [31.0] [cxt 0] source_routing.p4(126) Condition "hdr.srcRoutes[0].isValid()" (node_2) is false
[15:14:39.177] [bmv2] [T] [thread 3512] [31.0] [cxt 0] Applying table 'tbl_drop'
[15:14:39.177] [bmv2] [D] [thread 3512] [31.0] [cxt 0] Looking up key:

[15:14:39.177] [bmv2] [D] [thread 3512] [31.0] [cxt 0] Table 'tbl_drop': miss
[15:14:39.177] [bmv2] [D] [thread 3512] [31.0] [cxt 0] Action entry is MyIngress.drop - 
[15:14:39.177] [bmv2] [T] [thread 3512] [31.0] [cxt 0] Action MyIngress.drop
[15:14:39.177] [bmv2] [T] [thread 3512] [31.0] [cxt 0] source_routing.p4(109) Primitive mark_to_drop(standard_metadata)
[15:14:39.177] [bmv2] [D] [thread 3512] [31.0] [cxt 0] Pipeline 'ingress': end
[15:14:39.177] [bmv2] [D] [thread 3512] [31.0] [cxt 0] Egress port is 511
[15:14:39.177] [bmv2] [D] [thread 3512] [31.0] [cxt 0] Dropping packet at the end of ingress
[15:14:39.432] [bmv2] [D] [thread 3512] [32.0] [cxt 0] Processing packet received on port 1
[15:14:39.433] [bmv2] [D] [thread 3512] [32.0] [cxt 0] Parser 'parser': start
[15:14:39.433] [bmv2] [D] [thread 3512] [32.0] [cxt 0] Parser 'parser' entering state 'start'
[15:14:39.433] [bmv2] [D] [thread 3512] [32.0] [cxt 0] Extracting header 'ethernet'
[15:14:39.433] [bmv2] [D] [thread 3512] [32.0] [cxt 0] Parser state 'start': key is 86dd
[15:14:39.433] [bmv2] [T] [thread 3512] [32.0] [cxt 0] Bytes parsed: 14
[15:14:39.433] [bmv2] [D] [thread 3512] [32.0] [cxt 0] Parser 'parser': end
[15:14:39.433] [bmv2] [D] [thread 3512] [32.0] [cxt 0] Pipeline 'ingress': start
[15:14:39.433] [bmv2] [T] [thread 3512] [32.0] [cxt 0] source_routing.p4(126) Condition "hdr.srcRoutes[0].isValid()" (node_2) is false
[15:14:39.433] [bmv2] [T] [thread 3512] [32.0] [cxt 0] Applying table 'tbl_drop'
[15:14:39.433] [bmv2] [D] [thread 3512] [32.0] [cxt 0] Looking up key:

[15:14:39.433] [bmv2] [D] [thread 3512] [32.0] [cxt 0] Table 'tbl_drop': miss
[15:14:39.433] [bmv2] [D] [thread 3512] [32.0] [cxt 0] Action entry is MyIngress.drop - 
[15:14:39.433] [bmv2] [T] [thread 3512] [32.0] [cxt 0] Action MyIngress.drop
[15:14:39.433] [bmv2] [T] [thread 3512] [32.0] [cxt 0] source_routing.p4(109) Primitive mark_to_drop(standard_metadata)
[15:14:39.433] [bmv2] [D] [thread 3512] [32.0] [cxt 0] Pipeline 'ingress': end
[15:14:39.433] [bmv2] [D] [thread 3512] [32.0] [cxt 0] Egress port is 511
[15:14:39.433] [bmv2] [D] [thread 3512] [32.0] [cxt 0] Dropping packet at the end of ingress
[15:14:43.785] [bmv2] [D] [thread 3512] [33.0] [cxt 0] Processing packet received on port 2
[15:14:43.785] [bmv2] [D] [thread 3512] [33.0] [cxt 0] Parser 'parser': start
[15:14:43.785] [bmv2] [D] [thread 3512] [33.0] [cxt 0] Parser 'parser' entering state 'start'
[15:14:43.785] [bmv2] [D] [thread 3512] [33.0] [cxt 0] Extracting header 'ethernet'
[15:14:43.785] [bmv2] [D] [thread 3512] [33.0] [cxt 0] Parser state 'start': key is 86dd
[15:14:43.785] [bmv2] [T] [thread 3512] [33.0] [cxt 0] Bytes parsed: 14
[15:14:43.785] [bmv2] [D] [thread 3512] [33.0] [cxt 0] Parser 'parser': end
[15:14:43.786] [bmv2] [D] [thread 3512] [33.0] [cxt 0] Pipeline 'ingress': start
[15:14:43.786] [bmv2] [T] [thread 3512] [33.0] [cxt 0] source_routing.p4(126) Condition "hdr.srcRoutes[0].isValid()" (node_2) is false
[15:14:43.786] [bmv2] [T] [thread 3512] [33.0] [cxt 0] Applying table 'tbl_drop'
[15:14:43.786] [bmv2] [D] [thread 3512] [33.0] [cxt 0] Looking up key:

[15:14:43.786] [bmv2] [D] [thread 3512] [33.0] [cxt 0] Table 'tbl_drop': miss
[15:14:43.786] [bmv2] [D] [thread 3512] [33.0] [cxt 0] Action entry is MyIngress.drop - 
[15:14:43.786] [bmv2] [T] [thread 3512] [33.0] [cxt 0] Action MyIngress.drop
[15:14:43.786] [bmv2] [T] [thread 3512] [33.0] [cxt 0] source_routing.p4(109) Primitive mark_to_drop(standard_metadata)
[15:14:43.786] [bmv2] [D] [thread 3512] [33.0] [cxt 0] Pipeline 'ingress': end
[15:14:43.786] [bmv2] [D] [thread 3512] [33.0] [cxt 0] Egress port is 511
[15:14:43.786] [bmv2] [D] [thread 3512] [33.0] [cxt 0] Dropping packet at the end of ingress
[15:14:43.786] [bmv2] [D] [thread 3512] [34.0] [cxt 0] Processing packet received on port 3
[15:14:43.786] [bmv2] [D] [thread 3512] [34.0] [cxt 0] Parser 'parser': start
[15:14:43.786] [bmv2] [D] [thread 3512] [34.0] [cxt 0] Parser 'parser' entering state 'start'
[15:14:43.786] [bmv2] [D] [thread 3512] [34.0] [cxt 0] Extracting header 'ethernet'
[15:14:43.786] [bmv2] [D] [thread 3512] [34.0] [cxt 0] Parser state 'start': key is 86dd
[15:14:43.786] [bmv2] [T] [thread 3512] [34.0] [cxt 0] Bytes parsed: 14
[15:14:43.786] [bmv2] [D] [thread 3512] [34.0] [cxt 0] Parser 'parser': end
[15:14:43.786] [bmv2] [D] [thread 3512] [34.0] [cxt 0] Pipeline 'ingress': start
[15:14:43.786] [bmv2] [T] [thread 3512] [34.0] [cxt 0] source_routing.p4(126) Condition "hdr.srcRoutes[0].isValid()" (node_2) is false
[15:14:43.786] [bmv2] [T] [thread 3512] [34.0] [cxt 0] Applying table 'tbl_drop'
[15:14:43.786] [bmv2] [D] [thread 3512] [34.0] [cxt 0] Looking up key:

[15:14:43.786] [bmv2] [D] [thread 3512] [34.0] [cxt 0] Table 'tbl_drop': miss
[15:14:43.786] [bmv2] [D] [thread 3512] [34.0] [cxt 0] Action entry is MyIngress.drop - 
[15:14:43.786] [bmv2] [T] [thread 3512] [34.0] [cxt 0] Action MyIngress.drop
[15:14:43.786] [bmv2] [T] [thread 3512] [34.0] [cxt 0] source_routing.p4(109) Primitive mark_to_drop(standard_metadata)
[15:14:43.786] [bmv2] [D] [thread 3512] [34.0] [cxt 0] Pipeline 'ingress': end
[15:14:43.786] [bmv2] [D] [thread 3512] [34.0] [cxt 0] Egress port is 511
[15:14:43.786] [bmv2] [D] [thread 3512] [34.0] [cxt 0] Dropping packet at the end of ingress
[15:14:45.978] [bmv2] [D] [thread 3512] [35.0] [cxt 0] Processing packet received on port 2
[15:14:45.978] [bmv2] [D] [thread 3512] [35.0] [cxt 0] Parser 'parser': start
[15:14:45.978] [bmv2] [D] [thread 3512] [35.0] [cxt 0] Parser 'parser' entering state 'start'
[15:14:45.978] [bmv2] [D] [thread 3512] [35.0] [cxt 0] Extracting header 'ethernet'
[15:14:45.978] [bmv2] [D] [thread 3512] [35.0] [cxt 0] Parser state 'start': key is 1234
[15:14:45.978] [bmv2] [T] [thread 3512] [35.0] [cxt 0] Bytes parsed: 14
[15:14:45.978] [bmv2] [D] [thread 3512] [35.0] [cxt 0] Parser 'parser' entering state 'parse_srcRouting'
[15:14:45.978] [bmv2] [D] [thread 3512] [35.0] [cxt 0] Extracting to header stack 0, next header is 4
[15:14:45.978] [bmv2] [D] [thread 3512] [35.0] [cxt 0] Parser state 'parse_srcRouting': key is 00
[15:14:45.978] [bmv2] [T] [thread 3512] [35.0] [cxt 0] Bytes parsed: 16
[15:14:45.978] [bmv2] [D] [thread 3512] [35.0] [cxt 0] Parser 'parser' entering state 'parse_srcRouting'
[15:14:45.978] [bmv2] [D] [thread 3512] [35.0] [cxt 0] Extracting to header stack 0, next header is 5
[15:14:45.978] [bmv2] [D] [thread 3512] [35.0] [cxt 0] Parser state 'parse_srcRouting': key is 00
[15:14:45.978] [bmv2] [T] [thread 3512] [35.0] [cxt 0] Bytes parsed: 18
[15:14:45.978] [bmv2] [D] [thread 3512] [35.0] [cxt 0] Parser 'parser' entering state 'parse_srcRouting'
[15:14:45.978] [bmv2] [D] [thread 3512] [35.0] [cxt 0] Extracting to header stack 0, next header is 6
[15:14:45.978] [bmv2] [D] [thread 3512] [35.0] [cxt 0] Parser state 'parse_srcRouting': key is 00
[15:14:45.978] [bmv2] [T] [thread 3512] [35.0] [cxt 0] Bytes parsed: 20
[15:14:45.978] [bmv2] [D] [thread 3512] [35.0] [cxt 0] Parser 'parser' entering state 'parse_srcRouting'
[15:14:45.978] [bmv2] [D] [thread 3512] [35.0] [cxt 0] Extracting to header stack 0, next header is 7
[15:14:45.978] [bmv2] [D] [thread 3512] [35.0] [cxt 0] Parser state 'parse_srcRouting': key is 01
[15:14:45.978] [bmv2] [T] [thread 3512] [35.0] [cxt 0] Bytes parsed: 22
[15:14:45.978] [bmv2] [D] [thread 3512] [35.0] [cxt 0] Parser 'parser' entering state 'parse_ipv4'
[15:14:45.978] [bmv2] [D] [thread 3512] [35.0] [cxt 0] Extracting header 'ipv4'
[15:14:45.978] [bmv2] [D] [thread 3512] [35.0] [cxt 0] Parser state 'parse_ipv4' has no switch, going to default next state
[15:14:45.978] [bmv2] [T] [thread 3512] [35.0] [cxt 0] Bytes parsed: 42
[15:14:45.978] [bmv2] [D] [thread 3512] [35.0] [cxt 0] Parser 'parser': end
[15:14:45.978] [bmv2] [D] [thread 3512] [35.0] [cxt 0] Pipeline 'ingress': start
[15:14:45.978] [bmv2] [T] [thread 3512] [35.0] [cxt 0] source_routing.p4(126) Condition "hdr.srcRoutes[0].isValid()" (node_2) is true
[15:14:45.978] [bmv2] [T] [thread 3512] [35.0] [cxt 0] source_routing.p4(127) Condition "hdr.srcRoutes[0].bos == 1" (node_3) is false
[15:14:45.978] [bmv2] [T] [thread 3512] [35.0] [cxt 0] Applying table 'tbl_srcRoute_nhop'
[15:14:45.978] [bmv2] [D] [thread 3512] [35.0] [cxt 0] Looking up key:

[15:14:45.978] [bmv2] [D] [thread 3512] [35.0] [cxt 0] Table 'tbl_srcRoute_nhop': miss
[15:14:45.978] [bmv2] [D] [thread 3512] [35.0] [cxt 0] Action entry is MyIngress.srcRoute_nhop - 
[15:14:45.978] [bmv2] [T] [thread 3512] [35.0] [cxt 0] Action MyIngress.srcRoute_nhop
[15:14:45.978] [bmv2] [T] [thread 3512] [35.0] [cxt 0] source_routing.p4(113) Primitive standard_metadata.egress_spec = (bit<9>)hdr.srcRoutes[0].port
[15:14:45.978] [bmv2] [T] [thread 3512] [35.0] [cxt 0] source_routing.p4(114) Primitive hdr.srcRoutes.pop_front(1)
[15:14:45.978] [bmv2] [T] [thread 3512] [35.0] [cxt 0] source_routing.p4(131) Condition "hdr.ipv4.isValid()" (node_6) is true
[15:14:45.978] [bmv2] [T] [thread 3512] [35.0] [cxt 0] Applying table 'tbl_update_ttl'
[15:14:45.978] [bmv2] [D] [thread 3512] [35.0] [cxt 0] Looking up key:

[15:14:45.978] [bmv2] [D] [thread 3512] [35.0] [cxt 0] Table 'tbl_update_ttl': miss
[15:14:45.978] [bmv2] [D] [thread 3512] [35.0] [cxt 0] Action entry is MyIngress.update_ttl - 
[15:14:45.978] [bmv2] [T] [thread 3512] [35.0] [cxt 0] Action MyIngress.update_ttl
[15:14:45.978] [bmv2] [T] [thread 3512] [35.0] [cxt 0] source_routing.p4(122) Primitive hdr.ipv4.ttl = hdr.ipv4.ttl - 1
[15:14:45.978] [bmv2] [D] [thread 3512] [35.0] [cxt 0] Pipeline 'ingress': end
[15:14:45.978] [bmv2] [D] [thread 3512] [35.0] [cxt 0] Egress port is 3
[15:14:45.978] [bmv2] [D] [thread 3516] [35.0] [cxt 0] Pipeline 'egress': start
[15:14:45.978] [bmv2] [D] [thread 3516] [35.0] [cxt 0] Pipeline 'egress': end
[15:14:45.978] [bmv2] [D] [thread 3516] [35.0] [cxt 0] Deparser 'deparser': start
[15:14:45.978] [bmv2] [D] [thread 3516] [35.0] [cxt 0] Deparsing header 'ethernet'
[15:14:45.978] [bmv2] [D] [thread 3516] [35.0] [cxt 0] Deparsing header 'srcRoutes[0]'
[15:14:45.978] [bmv2] [D] [thread 3516] [35.0] [cxt 0] Deparsing header 'srcRoutes[1]'
[15:14:45.978] [bmv2] [D] [thread 3516] [35.0] [cxt 0] Deparsing header 'srcRoutes[2]'
[15:14:45.978] [bmv2] [D] [thread 3516] [35.0] [cxt 0] Deparsing header 'ipv4'
[15:14:45.978] [bmv2] [D] [thread 3516] [35.0] [cxt 0] Deparser 'deparser': end
[15:14:45.978] [bmv2] [D] [thread 3517] [35.0] [cxt 0] Transmitting packet of size 48 out of port 3
[15:14:45.980] [bmv2] [D] [thread 3512] [36.0] [cxt 0] Processing packet received on port 2
[15:14:45.980] [bmv2] [D] [thread 3512] [36.0] [cxt 0] Parser 'parser': start
[15:14:45.980] [bmv2] [D] [thread 3512] [36.0] [cxt 0] Parser 'parser' entering state 'start'
[15:14:45.980] [bmv2] [D] [thread 3512] [36.0] [cxt 0] Extracting header 'ethernet'
[15:14:45.980] [bmv2] [D] [thread 3512] [36.0] [cxt 0] Parser state 'start': key is 1234
[15:14:45.980] [bmv2] [T] [thread 3512] [36.0] [cxt 0] Bytes parsed: 14
[15:14:45.980] [bmv2] [D] [thread 3512] [36.0] [cxt 0] Parser 'parser' entering state 'parse_srcRouting'
[15:14:45.980] [bmv2] [D] [thread 3512] [36.0] [cxt 0] Extracting to header stack 0, next header is 4
[15:14:45.980] [bmv2] [D] [thread 3512] [36.0] [cxt 0] Parser state 'parse_srcRouting': key is 01
[15:14:45.980] [bmv2] [T] [thread 3512] [36.0] [cxt 0] Bytes parsed: 16
[15:14:45.980] [bmv2] [D] [thread 3512] [36.0] [cxt 0] Parser 'parser' entering state 'parse_ipv4'
[15:14:45.980] [bmv2] [D] [thread 3512] [36.0] [cxt 0] Extracting header 'ipv4'
[15:14:45.980] [bmv2] [D] [thread 3512] [36.0] [cxt 0] Parser state 'parse_ipv4' has no switch, going to default next state
[15:14:45.980] [bmv2] [T] [thread 3512] [36.0] [cxt 0] Bytes parsed: 36
[15:14:45.980] [bmv2] [D] [thread 3512] [36.0] [cxt 0] Parser 'parser': end
[15:14:45.980] [bmv2] [D] [thread 3512] [36.0] [cxt 0] Pipeline 'ingress': start
[15:14:45.980] [bmv2] [T] [thread 3512] [36.0] [cxt 0] source_routing.p4(126) Condition "hdr.srcRoutes[0].isValid()" (node_2) is true
[15:14:45.980] [bmv2] [T] [thread 3512] [36.0] [cxt 0] source_routing.p4(127) Condition "hdr.srcRoutes[0].bos == 1" (node_3) is true
[15:14:45.980] [bmv2] [T] [thread 3512] [36.0] [cxt 0] Applying table 'tbl_srcRoute_finish'
[15:14:45.980] [bmv2] [D] [thread 3512] [36.0] [cxt 0] Looking up key:

[15:14:45.980] [bmv2] [D] [thread 3512] [36.0] [cxt 0] Table 'tbl_srcRoute_finish': miss
[15:14:45.980] [bmv2] [D] [thread 3512] [36.0] [cxt 0] Action entry is MyIngress.srcRoute_finish - 
[15:14:45.980] [bmv2] [T] [thread 3512] [36.0] [cxt 0] Action MyIngress.srcRoute_finish
[15:14:45.980] [bmv2] [T] [thread 3512] [36.0] [cxt 0] source_routing.p4(5) Primitive 0x800; ...
[15:14:45.980] [bmv2] [T] [thread 3512] [36.0] [cxt 0] Applying table 'tbl_srcRoute_nhop'
[15:14:45.980] [bmv2] [D] [thread 3512] [36.0] [cxt 0] Looking up key:

[15:14:45.980] [bmv2] [D] [thread 3512] [36.0] [cxt 0] Table 'tbl_srcRoute_nhop': miss
[15:14:45.980] [bmv2] [D] [thread 3512] [36.0] [cxt 0] Action entry is MyIngress.srcRoute_nhop - 
[15:14:45.980] [bmv2] [T] [thread 3512] [36.0] [cxt 0] Action MyIngress.srcRoute_nhop
[15:14:45.980] [bmv2] [T] [thread 3512] [36.0] [cxt 0] source_routing.p4(113) Primitive standard_metadata.egress_spec = (bit<9>)hdr.srcRoutes[0].port
[15:14:45.980] [bmv2] [T] [thread 3512] [36.0] [cxt 0] source_routing.p4(114) Primitive hdr.srcRoutes.pop_front(1)
[15:14:45.980] [bmv2] [T] [thread 3512] [36.0] [cxt 0] source_routing.p4(131) Condition "hdr.ipv4.isValid()" (node_6) is true
[15:14:45.980] [bmv2] [T] [thread 3512] [36.0] [cxt 0] Applying table 'tbl_update_ttl'
[15:14:45.980] [bmv2] [D] [thread 3512] [36.0] [cxt 0] Looking up key:

[15:14:45.980] [bmv2] [D] [thread 3512] [36.0] [cxt 0] Table 'tbl_update_ttl': miss
[15:14:45.980] [bmv2] [D] [thread 3512] [36.0] [cxt 0] Action entry is MyIngress.update_ttl - 
[15:14:45.980] [bmv2] [T] [thread 3512] [36.0] [cxt 0] Action MyIngress.update_ttl
[15:14:45.980] [bmv2] [T] [thread 3512] [36.0] [cxt 0] source_routing.p4(122) Primitive hdr.ipv4.ttl = hdr.ipv4.ttl - 1
[15:14:45.980] [bmv2] [D] [thread 3512] [36.0] [cxt 0] Pipeline 'ingress': end
[15:14:45.980] [bmv2] [D] [thread 3512] [36.0] [cxt 0] Egress port is 1
[15:14:45.980] [bmv2] [D] [thread 3514] [36.0] [cxt 0] Pipeline 'egress': start
[15:14:45.980] [bmv2] [D] [thread 3514] [36.0] [cxt 0] Pipeline 'egress': end
[15:14:45.980] [bmv2] [D] [thread 3514] [36.0] [cxt 0] Deparser 'deparser': start
[15:14:45.980] [bmv2] [D] [thread 3514] [36.0] [cxt 0] Deparsing header 'ethernet'
[15:14:45.980] [bmv2] [D] [thread 3514] [36.0] [cxt 0] Deparsing header 'ipv4'
[15:14:45.980] [bmv2] [D] [thread 3514] [36.0] [cxt 0] Deparser 'deparser': end
[15:14:45.980] [bmv2] [D] [thread 3517] [36.0] [cxt 0] Transmitting packet of size 42 out of port 1
[15:15:06.313] [bmv2] [D] [thread 3512] [37.0] [cxt 0] Processing packet received on port 3
[15:15:06.313] [bmv2] [D] [thread 3512] [37.0] [cxt 0] Parser 'parser': start
[15:15:06.313] [bmv2] [D] [thread 3512] [37.0] [cxt 0] Parser 'parser' entering state 'start'
[15:15:06.313] [bmv2] [D] [thread 3512] [37.0] [cxt 0] Extracting header 'ethernet'
[15:15:06.313] [bmv2] [D] [thread 3512] [37.0] [cxt 0] Parser state 'start': key is 86dd
[15:15:06.313] [bmv2] [T] [thread 3512] [37.0] [cxt 0] Bytes parsed: 14
[15:15:06.313] [bmv2] [D] [thread 3512] [37.0] [cxt 0] Parser 'parser': end
[15:15:06.313] [bmv2] [D] [thread 3512] [37.0] [cxt 0] Pipeline 'ingress': start
[15:15:06.313] [bmv2] [T] [thread 3512] [37.0] [cxt 0] source_routing.p4(126) Condition "hdr.srcRoutes[0].isValid()" (node_2) is false
[15:15:06.313] [bmv2] [T] [thread 3512] [37.0] [cxt 0] Applying table 'tbl_drop'
[15:15:06.313] [bmv2] [D] [thread 3512] [37.0] [cxt 0] Looking up key:

[15:15:06.313] [bmv2] [D] [thread 3512] [37.0] [cxt 0] Table 'tbl_drop': miss
[15:15:06.313] [bmv2] [D] [thread 3512] [37.0] [cxt 0] Action entry is MyIngress.drop - 
[15:15:06.313] [bmv2] [T] [thread 3512] [37.0] [cxt 0] Action MyIngress.drop
[15:15:06.313] [bmv2] [T] [thread 3512] [37.0] [cxt 0] source_routing.p4(109) Primitive mark_to_drop(standard_metadata)
[15:15:06.313] [bmv2] [D] [thread 3512] [37.0] [cxt 0] Pipeline 'ingress': end
[15:15:06.313] [bmv2] [D] [thread 3512] [37.0] [cxt 0] Egress port is 511
[15:15:06.313] [bmv2] [D] [thread 3512] [37.0] [cxt 0] Dropping packet at the end of ingress
[15:15:12.457] [bmv2] [D] [thread 3512] [38.0] [cxt 0] Processing packet received on port 1
[15:15:12.457] [bmv2] [D] [thread 3512] [38.0] [cxt 0] Parser 'parser': start
[15:15:12.457] [bmv2] [D] [thread 3512] [38.0] [cxt 0] Parser 'parser' entering state 'start'
[15:15:12.457] [bmv2] [D] [thread 3512] [38.0] [cxt 0] Extracting header 'ethernet'
[15:15:12.457] [bmv2] [D] [thread 3512] [38.0] [cxt 0] Parser state 'start': key is 86dd
[15:15:12.457] [bmv2] [T] [thread 3512] [38.0] [cxt 0] Bytes parsed: 14
[15:15:12.457] [bmv2] [D] [thread 3512] [38.0] [cxt 0] Parser 'parser': end
[15:15:12.457] [bmv2] [D] [thread 3512] [38.0] [cxt 0] Pipeline 'ingress': start
[15:15:12.457] [bmv2] [T] [thread 3512] [38.0] [cxt 0] source_routing.p4(126) Condition "hdr.srcRoutes[0].isValid()" (node_2) is false
[15:15:12.457] [bmv2] [T] [thread 3512] [38.0] [cxt 0] Applying table 'tbl_drop'
[15:15:12.457] [bmv2] [D] [thread 3512] [38.0] [cxt 0] Looking up key:

[15:15:12.457] [bmv2] [D] [thread 3512] [38.0] [cxt 0] Table 'tbl_drop': miss
[15:15:12.457] [bmv2] [D] [thread 3512] [38.0] [cxt 0] Action entry is MyIngress.drop - 
[15:15:12.457] [bmv2] [T] [thread 3512] [38.0] [cxt 0] Action MyIngress.drop
[15:15:12.457] [bmv2] [T] [thread 3512] [38.0] [cxt 0] source_routing.p4(109) Primitive mark_to_drop(standard_metadata)
[15:15:12.457] [bmv2] [D] [thread 3512] [38.0] [cxt 0] Pipeline 'ingress': end
[15:15:12.457] [bmv2] [D] [thread 3512] [38.0] [cxt 0] Egress port is 511
[15:15:12.457] [bmv2] [D] [thread 3512] [38.0] [cxt 0] Dropping packet at the end of ingress
[15:15:12.457] [bmv2] [D] [thread 3512] [39.0] [cxt 0] Processing packet received on port 2
[15:15:12.457] [bmv2] [D] [thread 3512] [39.0] [cxt 0] Parser 'parser': start
[15:15:12.457] [bmv2] [D] [thread 3512] [39.0] [cxt 0] Parser 'parser' entering state 'start'
[15:15:12.457] [bmv2] [D] [thread 3512] [39.0] [cxt 0] Extracting header 'ethernet'
[15:15:12.457] [bmv2] [D] [thread 3512] [39.0] [cxt 0] Parser state 'start': key is 86dd
[15:15:12.457] [bmv2] [T] [thread 3512] [39.0] [cxt 0] Bytes parsed: 14
[15:15:12.457] [bmv2] [D] [thread 3512] [39.0] [cxt 0] Parser 'parser': end
[15:15:12.457] [bmv2] [D] [thread 3512] [39.0] [cxt 0] Pipeline 'ingress': start
[15:15:12.457] [bmv2] [T] [thread 3512] [39.0] [cxt 0] source_routing.p4(126) Condition "hdr.srcRoutes[0].isValid()" (node_2) is false
[15:15:12.457] [bmv2] [T] [thread 3512] [39.0] [cxt 0] Applying table 'tbl_drop'
[15:15:12.457] [bmv2] [D] [thread 3512] [39.0] [cxt 0] Looking up key:

[15:15:12.457] [bmv2] [D] [thread 3512] [39.0] [cxt 0] Table 'tbl_drop': miss
[15:15:12.457] [bmv2] [D] [thread 3512] [39.0] [cxt 0] Action entry is MyIngress.drop - 
[15:15:12.457] [bmv2] [T] [thread 3512] [39.0] [cxt 0] Action MyIngress.drop
[15:15:12.457] [bmv2] [T] [thread 3512] [39.0] [cxt 0] source_routing.p4(109) Primitive mark_to_drop(standard_metadata)
[15:15:12.457] [bmv2] [D] [thread 3512] [39.0] [cxt 0] Pipeline 'ingress': end
[15:15:12.457] [bmv2] [D] [thread 3512] [39.0] [cxt 0] Egress port is 511
[15:15:12.457] [bmv2] [D] [thread 3512] [39.0] [cxt 0] Dropping packet at the end of ingress
[15:15:18.601] [bmv2] [D] [thread 3512] [40.0] [cxt 0] Processing packet received on port 3
[15:15:18.601] [bmv2] [D] [thread 3512] [40.0] [cxt 0] Parser 'parser': start
[15:15:18.601] [bmv2] [D] [thread 3512] [40.0] [cxt 0] Parser 'parser' entering state 'start'
[15:15:18.601] [bmv2] [D] [thread 3512] [40.0] [cxt 0] Extracting header 'ethernet'
[15:15:18.601] [bmv2] [D] [thread 3512] [40.0] [cxt 0] Parser state 'start': key is 86dd
[15:15:18.601] [bmv2] [T] [thread 3512] [40.0] [cxt 0] Bytes parsed: 14
[15:15:18.601] [bmv2] [D] [thread 3512] [40.0] [cxt 0] Parser 'parser': end
[15:15:18.601] [bmv2] [D] [thread 3512] [40.0] [cxt 0] Pipeline 'ingress': start
[15:15:18.601] [bmv2] [T] [thread 3512] [40.0] [cxt 0] source_routing.p4(126) Condition "hdr.srcRoutes[0].isValid()" (node_2) is false
[15:15:18.601] [bmv2] [T] [thread 3512] [40.0] [cxt 0] Applying table 'tbl_drop'
[15:15:18.601] [bmv2] [D] [thread 3512] [40.0] [cxt 0] Looking up key:

[15:15:18.601] [bmv2] [D] [thread 3512] [40.0] [cxt 0] Table 'tbl_drop': miss
[15:15:18.601] [bmv2] [D] [thread 3512] [40.0] [cxt 0] Action entry is MyIngress.drop - 
[15:15:18.601] [bmv2] [T] [thread 3512] [40.0] [cxt 0] Action MyIngress.drop
[15:15:18.601] [bmv2] [T] [thread 3512] [40.0] [cxt 0] source_routing.p4(109) Primitive mark_to_drop(standard_metadata)
[15:15:18.601] [bmv2] [D] [thread 3512] [40.0] [cxt 0] Pipeline 'ingress': end
[15:15:18.601] [bmv2] [D] [thread 3512] [40.0] [cxt 0] Egress port is 511
[15:15:18.601] [bmv2] [D] [thread 3512] [40.0] [cxt 0] Dropping packet at the end of ingress
[15:15:20.649] [bmv2] [D] [thread 3512] [41.0] [cxt 0] Processing packet received on port 2
[15:15:20.649] [bmv2] [D] [thread 3512] [41.0] [cxt 0] Parser 'parser': start
[15:15:20.649] [bmv2] [D] [thread 3512] [41.0] [cxt 0] Parser 'parser' entering state 'start'
[15:15:20.649] [bmv2] [D] [thread 3512] [41.0] [cxt 0] Extracting header 'ethernet'
[15:15:20.649] [bmv2] [D] [thread 3512] [41.0] [cxt 0] Parser state 'start': key is 86dd
[15:15:20.649] [bmv2] [T] [thread 3512] [41.0] [cxt 0] Bytes parsed: 14
[15:15:20.649] [bmv2] [D] [thread 3512] [41.0] [cxt 0] Parser 'parser': end
[15:15:20.649] [bmv2] [D] [thread 3512] [41.0] [cxt 0] Pipeline 'ingress': start
[15:15:20.649] [bmv2] [T] [thread 3512] [41.0] [cxt 0] source_routing.p4(126) Condition "hdr.srcRoutes[0].isValid()" (node_2) is false
[15:15:20.649] [bmv2] [T] [thread 3512] [41.0] [cxt 0] Applying table 'tbl_drop'
[15:15:20.649] [bmv2] [D] [thread 3512] [41.0] [cxt 0] Looking up key:

[15:15:20.649] [bmv2] [D] [thread 3512] [41.0] [cxt 0] Table 'tbl_drop': miss
[15:15:20.649] [bmv2] [D] [thread 3512] [41.0] [cxt 0] Action entry is MyIngress.drop - 
[15:15:20.649] [bmv2] [T] [thread 3512] [41.0] [cxt 0] Action MyIngress.drop
[15:15:20.649] [bmv2] [T] [thread 3512] [41.0] [cxt 0] source_routing.p4(109) Primitive mark_to_drop(standard_metadata)
[15:15:20.649] [bmv2] [D] [thread 3512] [41.0] [cxt 0] Pipeline 'ingress': end
[15:15:20.649] [bmv2] [D] [thread 3512] [41.0] [cxt 0] Egress port is 511
[15:15:20.649] [bmv2] [D] [thread 3512] [41.0] [cxt 0] Dropping packet at the end of ingress
[15:16:05.705] [bmv2] [D] [thread 3512] [42.0] [cxt 0] Processing packet received on port 3
[15:16:05.705] [bmv2] [D] [thread 3512] [42.0] [cxt 0] Parser 'parser': start
[15:16:05.705] [bmv2] [D] [thread 3512] [42.0] [cxt 0] Parser 'parser' entering state 'start'
[15:16:05.705] [bmv2] [D] [thread 3512] [42.0] [cxt 0] Extracting header 'ethernet'
[15:16:05.705] [bmv2] [D] [thread 3512] [42.0] [cxt 0] Parser state 'start': key is 86dd
[15:16:05.705] [bmv2] [T] [thread 3512] [42.0] [cxt 0] Bytes parsed: 14
[15:16:05.705] [bmv2] [D] [thread 3512] [42.0] [cxt 0] Parser 'parser': end
[15:16:05.705] [bmv2] [D] [thread 3512] [42.0] [cxt 0] Pipeline 'ingress': start
[15:16:05.705] [bmv2] [T] [thread 3512] [42.0] [cxt 0] source_routing.p4(126) Condition "hdr.srcRoutes[0].isValid()" (node_2) is false
[15:16:05.705] [bmv2] [T] [thread 3512] [42.0] [cxt 0] Applying table 'tbl_drop'
[15:16:05.705] [bmv2] [D] [thread 3512] [42.0] [cxt 0] Looking up key:

[15:16:05.705] [bmv2] [D] [thread 3512] [42.0] [cxt 0] Table 'tbl_drop': miss
[15:16:05.705] [bmv2] [D] [thread 3512] [42.0] [cxt 0] Action entry is MyIngress.drop - 
[15:16:05.705] [bmv2] [T] [thread 3512] [42.0] [cxt 0] Action MyIngress.drop
[15:16:05.705] [bmv2] [T] [thread 3512] [42.0] [cxt 0] source_routing.p4(109) Primitive mark_to_drop(standard_metadata)
[15:16:05.705] [bmv2] [D] [thread 3512] [42.0] [cxt 0] Pipeline 'ingress': end
[15:16:05.705] [bmv2] [D] [thread 3512] [42.0] [cxt 0] Egress port is 511
[15:16:05.705] [bmv2] [D] [thread 3512] [42.0] [cxt 0] Dropping packet at the end of ingress
[15:16:20.041] [bmv2] [D] [thread 3512] [43.0] [cxt 0] Processing packet received on port 1
[15:16:20.041] [bmv2] [D] [thread 3512] [43.0] [cxt 0] Parser 'parser': start
[15:16:20.041] [bmv2] [D] [thread 3512] [43.0] [cxt 0] Parser 'parser' entering state 'start'
[15:16:20.041] [bmv2] [D] [thread 3512] [43.0] [cxt 0] Extracting header 'ethernet'
[15:16:20.041] [bmv2] [D] [thread 3512] [43.0] [cxt 0] Parser state 'start': key is 86dd
[15:16:20.041] [bmv2] [T] [thread 3512] [43.0] [cxt 0] Bytes parsed: 14
[15:16:20.041] [bmv2] [D] [thread 3512] [43.0] [cxt 0] Parser 'parser': end
[15:16:20.041] [bmv2] [D] [thread 3512] [43.0] [cxt 0] Pipeline 'ingress': start
[15:16:20.041] [bmv2] [T] [thread 3512] [43.0] [cxt 0] source_routing.p4(126) Condition "hdr.srcRoutes[0].isValid()" (node_2) is false
[15:16:20.041] [bmv2] [T] [thread 3512] [43.0] [cxt 0] Applying table 'tbl_drop'
[15:16:20.041] [bmv2] [D] [thread 3512] [43.0] [cxt 0] Looking up key:

[15:16:20.041] [bmv2] [D] [thread 3512] [43.0] [cxt 0] Table 'tbl_drop': miss
[15:16:20.041] [bmv2] [D] [thread 3512] [43.0] [cxt 0] Action entry is MyIngress.drop - 
[15:16:20.041] [bmv2] [T] [thread 3512] [43.0] [cxt 0] Action MyIngress.drop
[15:16:20.041] [bmv2] [T] [thread 3512] [43.0] [cxt 0] source_routing.p4(109) Primitive mark_to_drop(standard_metadata)
[15:16:20.041] [bmv2] [D] [thread 3512] [43.0] [cxt 0] Pipeline 'ingress': end
[15:16:20.041] [bmv2] [D] [thread 3512] [43.0] [cxt 0] Egress port is 511
[15:16:20.041] [bmv2] [D] [thread 3512] [43.0] [cxt 0] Dropping packet at the end of ingress
[15:16:20.041] [bmv2] [D] [thread 3512] [44.0] [cxt 0] Processing packet received on port 2
[15:16:20.041] [bmv2] [D] [thread 3512] [44.0] [cxt 0] Parser 'parser': start
[15:16:20.041] [bmv2] [D] [thread 3512] [44.0] [cxt 0] Parser 'parser' entering state 'start'
[15:16:20.041] [bmv2] [D] [thread 3512] [44.0] [cxt 0] Extracting header 'ethernet'
[15:16:20.041] [bmv2] [D] [thread 3512] [44.0] [cxt 0] Parser state 'start': key is 86dd
[15:16:20.041] [bmv2] [T] [thread 3512] [44.0] [cxt 0] Bytes parsed: 14
[15:16:20.041] [bmv2] [D] [thread 3512] [44.0] [cxt 0] Parser 'parser': end
[15:16:20.041] [bmv2] [D] [thread 3512] [44.0] [cxt 0] Pipeline 'ingress': start
[15:16:20.041] [bmv2] [T] [thread 3512] [44.0] [cxt 0] source_routing.p4(126) Condition "hdr.srcRoutes[0].isValid()" (node_2) is false
[15:16:20.041] [bmv2] [T] [thread 3512] [44.0] [cxt 0] Applying table 'tbl_drop'
[15:16:20.041] [bmv2] [D] [thread 3512] [44.0] [cxt 0] Looking up key:

[15:16:20.041] [bmv2] [D] [thread 3512] [44.0] [cxt 0] Table 'tbl_drop': miss
[15:16:20.041] [bmv2] [D] [thread 3512] [44.0] [cxt 0] Action entry is MyIngress.drop - 
[15:16:20.041] [bmv2] [T] [thread 3512] [44.0] [cxt 0] Action MyIngress.drop
[15:16:20.041] [bmv2] [T] [thread 3512] [44.0] [cxt 0] source_routing.p4(109) Primitive mark_to_drop(standard_metadata)
[15:16:20.041] [bmv2] [D] [thread 3512] [44.0] [cxt 0] Pipeline 'ingress': end
[15:16:20.041] [bmv2] [D] [thread 3512] [44.0] [cxt 0] Egress port is 511
[15:16:20.041] [bmv2] [D] [thread 3512] [44.0] [cxt 0] Dropping packet at the end of ingress
[15:16:26.185] [bmv2] [D] [thread 3512] [45.0] [cxt 0] Processing packet received on port 3
[15:16:26.185] [bmv2] [D] [thread 3512] [45.0] [cxt 0] Parser 'parser': start
[15:16:26.185] [bmv2] [D] [thread 3512] [45.0] [cxt 0] Parser 'parser' entering state 'start'
[15:16:26.185] [bmv2] [D] [thread 3512] [45.0] [cxt 0] Extracting header 'ethernet'
[15:16:26.185] [bmv2] [D] [thread 3512] [45.0] [cxt 0] Parser state 'start': key is 86dd
[15:16:26.185] [bmv2] [T] [thread 3512] [45.0] [cxt 0] Bytes parsed: 14
[15:16:26.185] [bmv2] [D] [thread 3512] [45.0] [cxt 0] Parser 'parser': end
[15:16:26.185] [bmv2] [D] [thread 3512] [45.0] [cxt 0] Pipeline 'ingress': start
[15:16:26.185] [bmv2] [T] [thread 3512] [45.0] [cxt 0] source_routing.p4(126) Condition "hdr.srcRoutes[0].isValid()" (node_2) is false
[15:16:26.185] [bmv2] [T] [thread 3512] [45.0] [cxt 0] Applying table 'tbl_drop'
[15:16:26.185] [bmv2] [D] [thread 3512] [45.0] [cxt 0] Looking up key:

[15:16:26.185] [bmv2] [D] [thread 3512] [45.0] [cxt 0] Table 'tbl_drop': miss
[15:16:26.185] [bmv2] [D] [thread 3512] [45.0] [cxt 0] Action entry is MyIngress.drop - 
[15:16:26.185] [bmv2] [T] [thread 3512] [45.0] [cxt 0] Action MyIngress.drop
[15:16:26.185] [bmv2] [T] [thread 3512] [45.0] [cxt 0] source_routing.p4(109) Primitive mark_to_drop(standard_metadata)
[15:16:26.185] [bmv2] [D] [thread 3512] [45.0] [cxt 0] Pipeline 'ingress': end
[15:16:26.185] [bmv2] [D] [thread 3512] [45.0] [cxt 0] Egress port is 511
[15:16:26.185] [bmv2] [D] [thread 3512] [45.0] [cxt 0] Dropping packet at the end of ingress
[15:16:34.381] [bmv2] [D] [thread 3512] [46.0] [cxt 0] Processing packet received on port 2
[15:16:34.381] [bmv2] [D] [thread 3512] [46.0] [cxt 0] Parser 'parser': start
[15:16:34.381] [bmv2] [D] [thread 3512] [46.0] [cxt 0] Parser 'parser' entering state 'start'
[15:16:34.381] [bmv2] [D] [thread 3512] [46.0] [cxt 0] Extracting header 'ethernet'
[15:16:34.381] [bmv2] [D] [thread 3512] [46.0] [cxt 0] Parser state 'start': key is 86dd
[15:16:34.381] [bmv2] [T] [thread 3512] [46.0] [cxt 0] Bytes parsed: 14
[15:16:34.381] [bmv2] [D] [thread 3512] [46.0] [cxt 0] Parser 'parser': end
[15:16:34.381] [bmv2] [D] [thread 3512] [46.0] [cxt 0] Pipeline 'ingress': start
[15:16:34.381] [bmv2] [T] [thread 3512] [46.0] [cxt 0] source_routing.p4(126) Condition "hdr.srcRoutes[0].isValid()" (node_2) is false
[15:16:34.381] [bmv2] [T] [thread 3512] [46.0] [cxt 0] Applying table 'tbl_drop'
[15:16:34.381] [bmv2] [D] [thread 3512] [46.0] [cxt 0] Looking up key:

[15:16:34.381] [bmv2] [D] [thread 3512] [46.0] [cxt 0] Table 'tbl_drop': miss
[15:16:34.381] [bmv2] [D] [thread 3512] [46.0] [cxt 0] Action entry is MyIngress.drop - 
[15:16:34.381] [bmv2] [T] [thread 3512] [46.0] [cxt 0] Action MyIngress.drop
[15:16:34.381] [bmv2] [T] [thread 3512] [46.0] [cxt 0] source_routing.p4(109) Primitive mark_to_drop(standard_metadata)
[15:16:34.381] [bmv2] [D] [thread 3512] [46.0] [cxt 0] Pipeline 'ingress': end
[15:16:34.381] [bmv2] [D] [thread 3512] [46.0] [cxt 0] Egress port is 511
[15:16:34.381] [bmv2] [D] [thread 3512] [46.0] [cxt 0] Dropping packet at the end of ingress
[15:17:56.297] [bmv2] [D] [thread 3512] [47.0] [cxt 0] Processing packet received on port 3
[15:17:56.297] [bmv2] [D] [thread 3512] [47.0] [cxt 0] Parser 'parser': start
[15:17:56.297] [bmv2] [D] [thread 3512] [47.0] [cxt 0] Parser 'parser' entering state 'start'
[15:17:56.297] [bmv2] [D] [thread 3512] [47.0] [cxt 0] Extracting header 'ethernet'
[15:17:56.297] [bmv2] [D] [thread 3512] [47.0] [cxt 0] Parser state 'start': key is 86dd
[15:17:56.297] [bmv2] [T] [thread 3512] [47.0] [cxt 0] Bytes parsed: 14
[15:17:56.297] [bmv2] [D] [thread 3512] [47.0] [cxt 0] Parser 'parser': end
[15:17:56.297] [bmv2] [D] [thread 3512] [47.0] [cxt 0] Pipeline 'ingress': start
[15:17:56.297] [bmv2] [T] [thread 3512] [47.0] [cxt 0] source_routing.p4(126) Condition "hdr.srcRoutes[0].isValid()" (node_2) is false
[15:17:56.297] [bmv2] [T] [thread 3512] [47.0] [cxt 0] Applying table 'tbl_drop'
[15:17:56.297] [bmv2] [D] [thread 3512] [47.0] [cxt 0] Looking up key:

[15:17:56.297] [bmv2] [D] [thread 3512] [47.0] [cxt 0] Table 'tbl_drop': miss
[15:17:56.297] [bmv2] [D] [thread 3512] [47.0] [cxt 0] Action entry is MyIngress.drop - 
[15:17:56.297] [bmv2] [T] [thread 3512] [47.0] [cxt 0] Action MyIngress.drop
[15:17:56.297] [bmv2] [T] [thread 3512] [47.0] [cxt 0] source_routing.p4(109) Primitive mark_to_drop(standard_metadata)
[15:17:56.297] [bmv2] [D] [thread 3512] [47.0] [cxt 0] Pipeline 'ingress': end
[15:17:56.297] [bmv2] [D] [thread 3512] [47.0] [cxt 0] Egress port is 511
[15:17:56.297] [bmv2] [D] [thread 3512] [47.0] [cxt 0] Dropping packet at the end of ingress
[15:18:27.017] [bmv2] [D] [thread 3512] [48.0] [cxt 0] Processing packet received on port 2
[15:18:27.017] [bmv2] [D] [thread 3512] [48.0] [cxt 0] Parser 'parser': start
[15:18:27.017] [bmv2] [D] [thread 3512] [48.0] [cxt 0] Parser 'parser' entering state 'start'
[15:18:27.017] [bmv2] [D] [thread 3512] [48.0] [cxt 0] Extracting header 'ethernet'
[15:18:27.017] [bmv2] [D] [thread 3512] [48.0] [cxt 0] Parser state 'start': key is 86dd
[15:18:27.017] [bmv2] [T] [thread 3512] [48.0] [cxt 0] Bytes parsed: 14
[15:18:27.017] [bmv2] [D] [thread 3512] [48.0] [cxt 0] Parser 'parser': end
[15:18:27.017] [bmv2] [D] [thread 3512] [48.0] [cxt 0] Pipeline 'ingress': start
[15:18:27.017] [bmv2] [T] [thread 3512] [48.0] [cxt 0] source_routing.p4(126) Condition "hdr.srcRoutes[0].isValid()" (node_2) is false
[15:18:27.017] [bmv2] [T] [thread 3512] [48.0] [cxt 0] Applying table 'tbl_drop'
[15:18:27.017] [bmv2] [D] [thread 3512] [48.0] [cxt 0] Looking up key:

[15:18:27.017] [bmv2] [D] [thread 3512] [48.0] [cxt 0] Table 'tbl_drop': miss
[15:18:27.017] [bmv2] [D] [thread 3512] [48.0] [cxt 0] Action entry is MyIngress.drop - 
[15:18:27.017] [bmv2] [T] [thread 3512] [48.0] [cxt 0] Action MyIngress.drop
[15:18:27.017] [bmv2] [T] [thread 3512] [48.0] [cxt 0] source_routing.p4(109) Primitive mark_to_drop(standard_metadata)
[15:18:27.017] [bmv2] [D] [thread 3512] [48.0] [cxt 0] Pipeline 'ingress': end
[15:18:27.017] [bmv2] [D] [thread 3512] [48.0] [cxt 0] Egress port is 511
[15:18:27.017] [bmv2] [D] [thread 3512] [48.0] [cxt 0] Dropping packet at the end of ingress
[15:18:35.209] [bmv2] [D] [thread 3512] [49.0] [cxt 0] Processing packet received on port 3
[15:18:35.209] [bmv2] [D] [thread 3512] [49.0] [cxt 0] Parser 'parser': start
[15:18:35.209] [bmv2] [D] [thread 3512] [49.0] [cxt 0] Parser 'parser' entering state 'start'
[15:18:35.209] [bmv2] [D] [thread 3512] [49.0] [cxt 0] Extracting header 'ethernet'
[15:18:35.209] [bmv2] [D] [thread 3512] [49.0] [cxt 0] Parser state 'start': key is 86dd
[15:18:35.209] [bmv2] [T] [thread 3512] [49.0] [cxt 0] Bytes parsed: 14
[15:18:35.209] [bmv2] [D] [thread 3512] [49.0] [cxt 0] Parser 'parser': end
[15:18:35.209] [bmv2] [D] [thread 3512] [49.0] [cxt 0] Pipeline 'ingress': start
[15:18:35.209] [bmv2] [T] [thread 3512] [49.0] [cxt 0] source_routing.p4(126) Condition "hdr.srcRoutes[0].isValid()" (node_2) is false
[15:18:35.209] [bmv2] [T] [thread 3512] [49.0] [cxt 0] Applying table 'tbl_drop'
[15:18:35.209] [bmv2] [D] [thread 3512] [49.0] [cxt 0] Looking up key:

[15:18:35.209] [bmv2] [D] [thread 3512] [49.0] [cxt 0] Table 'tbl_drop': miss
[15:18:35.209] [bmv2] [D] [thread 3512] [49.0] [cxt 0] Action entry is MyIngress.drop - 
[15:18:35.209] [bmv2] [T] [thread 3512] [49.0] [cxt 0] Action MyIngress.drop
[15:18:35.209] [bmv2] [T] [thread 3512] [49.0] [cxt 0] source_routing.p4(109) Primitive mark_to_drop(standard_metadata)
[15:18:35.209] [bmv2] [D] [thread 3512] [49.0] [cxt 0] Pipeline 'ingress': end
[15:18:35.209] [bmv2] [D] [thread 3512] [49.0] [cxt 0] Egress port is 511
[15:18:35.209] [bmv2] [D] [thread 3512] [49.0] [cxt 0] Dropping packet at the end of ingress
[15:18:51.593] [bmv2] [D] [thread 3512] [50.0] [cxt 0] Processing packet received on port 1
[15:18:51.593] [bmv2] [D] [thread 3512] [50.0] [cxt 0] Parser 'parser': start
[15:18:51.593] [bmv2] [D] [thread 3512] [50.0] [cxt 0] Parser 'parser' entering state 'start'
[15:18:51.593] [bmv2] [D] [thread 3512] [50.0] [cxt 0] Extracting header 'ethernet'
[15:18:51.593] [bmv2] [D] [thread 3512] [50.0] [cxt 0] Parser state 'start': key is 86dd
[15:18:51.593] [bmv2] [T] [thread 3512] [50.0] [cxt 0] Bytes parsed: 14
[15:18:51.593] [bmv2] [D] [thread 3512] [50.0] [cxt 0] Parser 'parser': end
[15:18:51.593] [bmv2] [D] [thread 3512] [50.0] [cxt 0] Pipeline 'ingress': start
[15:18:51.593] [bmv2] [T] [thread 3512] [50.0] [cxt 0] source_routing.p4(126) Condition "hdr.srcRoutes[0].isValid()" (node_2) is false
[15:18:51.593] [bmv2] [T] [thread 3512] [50.0] [cxt 0] Applying table 'tbl_drop'
[15:18:51.593] [bmv2] [D] [thread 3512] [50.0] [cxt 0] Looking up key:

[15:18:51.593] [bmv2] [D] [thread 3512] [50.0] [cxt 0] Table 'tbl_drop': miss
[15:18:51.593] [bmv2] [D] [thread 3512] [50.0] [cxt 0] Action entry is MyIngress.drop - 
[15:18:51.593] [bmv2] [T] [thread 3512] [50.0] [cxt 0] Action MyIngress.drop
[15:18:51.593] [bmv2] [T] [thread 3512] [50.0] [cxt 0] source_routing.p4(109) Primitive mark_to_drop(standard_metadata)
[15:18:51.593] [bmv2] [D] [thread 3512] [50.0] [cxt 0] Pipeline 'ingress': end
[15:18:51.593] [bmv2] [D] [thread 3512] [50.0] [cxt 0] Egress port is 511
[15:18:51.593] [bmv2] [D] [thread 3512] [50.0] [cxt 0] Dropping packet at the end of ingress
open: No such file or directory
