Calling target program-options parser
[15:14:11.478] [bmv2] [D] [thread 3521] Set default default entry for table 'tbl_srcRoute_finish': MyIngress.srcRoute_finish - 
[15:14:11.478] [bmv2] [D] [thread 3521] Set default default entry for table 'tbl_srcRoute_nhop': MyIngress.srcRoute_nhop - 
[15:14:11.478] [bmv2] [D] [thread 3521] Set default default entry for table 'tbl_update_ttl': MyIngress.update_ttl - 
[15:14:11.478] [bmv2] [D] [thread 3521] Set default default entry for table 'tbl_drop': MyIngress.drop - 
Adding interface s3-eth1 as port 1
[15:14:11.478] [bmv2] [D] [thread 3521] Adding interface s3-eth1 as port 1
Adding interface s3-eth2 as port 2
[15:14:11.517] [bmv2] [D] [thread 3521] Adding interface s3-eth2 as port 2
Adding interface s3-eth3 as port 3
[15:14:11.565] [bmv2] [D] [thread 3521] Adding interface s3-eth3 as port 3
Server listening on 0.0.0.0:50053
[15:14:11.614] [bmv2] [I] [thread 3521] Starting Thrift server on port 9092
[15:14:11.614] [bmv2] [I] [thread 3521] Thrift server was started
[15:14:11.819] [bmv2] [D] [thread 3531] [0.0] [cxt 0] Processing packet received on port 2
[15:14:11.819] [bmv2] [D] [thread 3531] [0.0] [cxt 0] Parser 'parser': start
[15:14:11.819] [bmv2] [D] [thread 3531] [0.0] [cxt 0] Parser 'parser' entering state 'start'
[15:14:11.819] [bmv2] [D] [thread 3531] [0.0] [cxt 0] Extracting header 'ethernet'
[15:14:11.819] [bmv2] [D] [thread 3531] [0.0] [cxt 0] Parser state 'start': key is 86dd
[15:14:11.819] [bmv2] [T] [thread 3531] [0.0] [cxt 0] Bytes parsed: 14
[15:14:11.819] [bmv2] [D] [thread 3531] [0.0] [cxt 0] Parser 'parser': end
[15:14:11.819] [bmv2] [D] [thread 3531] [0.0] [cxt 0] Pipeline 'ingress': start
[15:14:11.819] [bmv2] [T] [thread 3531] [0.0] [cxt 0] source_routing.p4(126) Condition "hdr.srcRoutes[0].isValid()" (node_2) is false
[15:14:11.819] [bmv2] [T] [thread 3531] [0.0] [cxt 0] Applying table 'tbl_drop'
[15:14:11.819] [bmv2] [D] [thread 3531] [0.0] [cxt 0] Looking up key:

[15:14:11.819] [bmv2] [D] [thread 3531] [0.0] [cxt 0] Table 'tbl_drop': miss
[15:14:11.819] [bmv2] [D] [thread 3531] [0.0] [cxt 0] Action entry is MyIngress.drop - 
[15:14:11.819] [bmv2] [T] [thread 3531] [0.0] [cxt 0] Action MyIngress.drop
[15:14:11.819] [bmv2] [T] [thread 3531] [0.0] [cxt 0] source_routing.p4(109) Primitive mark_to_drop(standard_metadata)
[15:14:11.819] [bmv2] [D] [thread 3531] [0.0] [cxt 0] Pipeline 'ingress': end
[15:14:11.819] [bmv2] [D] [thread 3531] [0.0] [cxt 0] Egress port is 511
[15:14:11.819] [bmv2] [D] [thread 3531] [0.0] [cxt 0] Dropping packet at the end of ingress
[15:14:11.819] [bmv2] [D] [thread 3531] [1.0] [cxt 0] Processing packet received on port 2
[15:14:11.819] [bmv2] [D] [thread 3531] [1.0] [cxt 0] Parser 'parser': start
[15:14:11.819] [bmv2] [D] [thread 3531] [1.0] [cxt 0] Parser 'parser' entering state 'start'
[15:14:11.819] [bmv2] [D] [thread 3531] [1.0] [cxt 0] Extracting header 'ethernet'
[15:14:11.819] [bmv2] [D] [thread 3531] [1.0] [cxt 0] Parser state 'start': key is 86dd
[15:14:11.819] [bmv2] [T] [thread 3531] [1.0] [cxt 0] Bytes parsed: 14
[15:14:11.819] [bmv2] [D] [thread 3531] [1.0] [cxt 0] Parser 'parser': end
[15:14:11.819] [bmv2] [D] [thread 3531] [1.0] [cxt 0] Pipeline 'ingress': start
[15:14:11.819] [bmv2] [T] [thread 3531] [1.0] [cxt 0] source_routing.p4(126) Condition "hdr.srcRoutes[0].isValid()" (node_2) is false
[15:14:11.819] [bmv2] [T] [thread 3531] [1.0] [cxt 0] Applying table 'tbl_drop'
[15:14:11.819] [bmv2] [D] [thread 3531] [1.0] [cxt 0] Looking up key:

[15:14:11.819] [bmv2] [D] [thread 3531] [1.0] [cxt 0] Table 'tbl_drop': miss
[15:14:11.819] [bmv2] [D] [thread 3531] [1.0] [cxt 0] Action entry is MyIngress.drop - 
[15:14:11.819] [bmv2] [T] [thread 3531] [1.0] [cxt 0] Action MyIngress.drop
[15:14:11.819] [bmv2] [T] [thread 3531] [1.0] [cxt 0] source_routing.p4(109) Primitive mark_to_drop(standard_metadata)
[15:14:11.819] [bmv2] [D] [thread 3531] [1.0] [cxt 0] Pipeline 'ingress': end
[15:14:11.819] [bmv2] [D] [thread 3531] [1.0] [cxt 0] Egress port is 511
[15:14:11.819] [bmv2] [D] [thread 3531] [1.0] [cxt 0] Dropping packet at the end of ingress
[15:14:11.883] [bmv2] [D] [thread 3531] [2.0] [cxt 0] Processing packet received on port 1
[15:14:11.883] [bmv2] [D] [thread 3531] [2.0] [cxt 0] Parser 'parser': start
[15:14:11.883] [bmv2] [D] [thread 3531] [2.0] [cxt 0] Parser 'parser' entering state 'start'
[15:14:11.883] [bmv2] [D] [thread 3531] [2.0] [cxt 0] Extracting header 'ethernet'
[15:14:11.883] [bmv2] [D] [thread 3531] [2.0] [cxt 0] Parser state 'start': key is 86dd
[15:14:11.883] [bmv2] [T] [thread 3531] [2.0] [cxt 0] Bytes parsed: 14
[15:14:11.883] [bmv2] [D] [thread 3531] [2.0] [cxt 0] Parser 'parser': end
[15:14:11.883] [bmv2] [D] [thread 3531] [2.0] [cxt 0] Pipeline 'ingress': start
[15:14:11.883] [bmv2] [T] [thread 3531] [2.0] [cxt 0] source_routing.p4(126) Condition "hdr.srcRoutes[0].isValid()" (node_2) is false
[15:14:11.883] [bmv2] [T] [thread 3531] [2.0] [cxt 0] Applying table 'tbl_drop'
[15:14:11.883] [bmv2] [D] [thread 3531] [2.0] [cxt 0] Looking up key:

[15:14:11.883] [bmv2] [D] [thread 3531] [2.0] [cxt 0] Table 'tbl_drop': miss
[15:14:11.883] [bmv2] [D] [thread 3531] [2.0] [cxt 0] Action entry is MyIngress.drop - 
[15:14:11.883] [bmv2] [T] [thread 3531] [2.0] [cxt 0] Action MyIngress.drop
[15:14:11.883] [bmv2] [T] [thread 3531] [2.0] [cxt 0] source_routing.p4(109) Primitive mark_to_drop(standard_metadata)
[15:14:11.883] [bmv2] [D] [thread 3531] [2.0] [cxt 0] Pipeline 'ingress': end
[15:14:11.883] [bmv2] [D] [thread 3531] [2.0] [cxt 0] Egress port is 511
[15:14:11.883] [bmv2] [D] [thread 3531] [2.0] [cxt 0] Dropping packet at the end of ingress
[15:14:11.883] [bmv2] [D] [thread 3531] [3.0] [cxt 0] Processing packet received on port 2
[15:14:11.883] [bmv2] [D] [thread 3531] [3.0] [cxt 0] Parser 'parser': start
[15:14:11.883] [bmv2] [D] [thread 3531] [3.0] [cxt 0] Parser 'parser' entering state 'start'
[15:14:11.883] [bmv2] [D] [thread 3531] [3.0] [cxt 0] Extracting header 'ethernet'
[15:14:11.883] [bmv2] [D] [thread 3531] [3.0] [cxt 0] Parser state 'start': key is 86dd
[15:14:11.883] [bmv2] [T] [thread 3531] [3.0] [cxt 0] Bytes parsed: 14
[15:14:11.883] [bmv2] [D] [thread 3531] [3.0] [cxt 0] Parser 'parser': end
[15:14:11.883] [bmv2] [D] [thread 3531] [3.0] [cxt 0] Pipeline 'ingress': start
[15:14:11.883] [bmv2] [T] [thread 3531] [3.0] [cxt 0] source_routing.p4(126) Condition "hdr.srcRoutes[0].isValid()" (node_2) is false
[15:14:11.883] [bmv2] [T] [thread 3531] [3.0] [cxt 0] Applying table 'tbl_drop'
[15:14:11.883] [bmv2] [D] [thread 3531] [3.0] [cxt 0] Looking up key:

[15:14:11.883] [bmv2] [D] [thread 3531] [3.0] [cxt 0] Table 'tbl_drop': miss
[15:14:11.883] [bmv2] [D] [thread 3531] [3.0] [cxt 0] Action entry is MyIngress.drop - 
[15:14:11.883] [bmv2] [T] [thread 3531] [3.0] [cxt 0] Action MyIngress.drop
[15:14:11.883] [bmv2] [T] [thread 3531] [3.0] [cxt 0] source_routing.p4(109) Primitive mark_to_drop(standard_metadata)
[15:14:11.883] [bmv2] [D] [thread 3531] [3.0] [cxt 0] Pipeline 'ingress': end
[15:14:11.883] [bmv2] [D] [thread 3531] [3.0] [cxt 0] Egress port is 511
[15:14:11.883] [bmv2] [D] [thread 3531] [3.0] [cxt 0] Dropping packet at the end of ingress
[15:14:11.883] [bmv2] [D] [thread 3531] [4.0] [cxt 0] Processing packet received on port 1
[15:14:11.883] [bmv2] [D] [thread 3531] [4.0] [cxt 0] Parser 'parser': start
[15:14:11.883] [bmv2] [D] [thread 3531] [4.0] [cxt 0] Parser 'parser' entering state 'start'
[15:14:11.883] [bmv2] [D] [thread 3531] [4.0] [cxt 0] Extracting header 'ethernet'
[15:14:11.883] [bmv2] [D] [thread 3531] [4.0] [cxt 0] Parser state 'start': key is 86dd
[15:14:11.883] [bmv2] [T] [thread 3531] [4.0] [cxt 0] Bytes parsed: 14
[15:14:11.883] [bmv2] [D] [thread 3531] [4.0] [cxt 0] Parser 'parser': end
[15:14:11.883] [bmv2] [D] [thread 3531] [4.0] [cxt 0] Pipeline 'ingress': start
[15:14:11.883] [bmv2] [T] [thread 3531] [4.0] [cxt 0] source_routing.p4(126) Condition "hdr.srcRoutes[0].isValid()" (node_2) is false
[15:14:11.883] [bmv2] [T] [thread 3531] [4.0] [cxt 0] Applying table 'tbl_drop'
[15:14:11.883] [bmv2] [D] [thread 3531] [4.0] [cxt 0] Looking up key:

[15:14:11.883] [bmv2] [D] [thread 3531] [4.0] [cxt 0] Table 'tbl_drop': miss
[15:14:11.883] [bmv2] [D] [thread 3531] [4.0] [cxt 0] Action entry is MyIngress.drop - 
[15:14:11.883] [bmv2] [T] [thread 3531] [4.0] [cxt 0] Action MyIngress.drop
[15:14:11.883] [bmv2] [T] [thread 3531] [4.0] [cxt 0] source_routing.p4(109) Primitive mark_to_drop(standard_metadata)
[15:14:11.883] [bmv2] [D] [thread 3531] [4.0] [cxt 0] Pipeline 'ingress': end
[15:14:11.883] [bmv2] [D] [thread 3531] [4.0] [cxt 0] Egress port is 511
[15:14:11.883] [bmv2] [D] [thread 3531] [4.0] [cxt 0] Dropping packet at the end of ingress
[15:14:11.901] [bmv2] [D] [thread 3531] [5.0] [cxt 0] Processing packet received on port 1
[15:14:11.901] [bmv2] [D] [thread 3531] [5.0] [cxt 0] Parser 'parser': start
[15:14:11.901] [bmv2] [D] [thread 3531] [5.0] [cxt 0] Parser 'parser' entering state 'start'
[15:14:11.901] [bmv2] [D] [thread 3531] [5.0] [cxt 0] Extracting header 'ethernet'
[15:14:11.901] [bmv2] [D] [thread 3531] [5.0] [cxt 0] Parser state 'start': key is 86dd
[15:14:11.901] [bmv2] [T] [thread 3531] [5.0] [cxt 0] Bytes parsed: 14
[15:14:11.901] [bmv2] [D] [thread 3531] [5.0] [cxt 0] Parser 'parser': end
[15:14:11.901] [bmv2] [D] [thread 3531] [5.0] [cxt 0] Pipeline 'ingress': start
[15:14:11.901] [bmv2] [T] [thread 3531] [5.0] [cxt 0] source_routing.p4(126) Condition "hdr.srcRoutes[0].isValid()" (node_2) is false
[15:14:11.901] [bmv2] [T] [thread 3531] [5.0] [cxt 0] Applying table 'tbl_drop'
[15:14:11.901] [bmv2] [D] [thread 3531] [5.0] [cxt 0] Looking up key:

[15:14:11.901] [bmv2] [D] [thread 3531] [5.0] [cxt 0] Table 'tbl_drop': miss
[15:14:11.901] [bmv2] [D] [thread 3531] [5.0] [cxt 0] Action entry is MyIngress.drop - 
[15:14:11.901] [bmv2] [T] [thread 3531] [5.0] [cxt 0] Action MyIngress.drop
[15:14:11.901] [bmv2] [T] [thread 3531] [5.0] [cxt 0] source_routing.p4(109) Primitive mark_to_drop(standard_metadata)
[15:14:11.901] [bmv2] [D] [thread 3531] [5.0] [cxt 0] Pipeline 'ingress': end
[15:14:11.902] [bmv2] [D] [thread 3531] [5.0] [cxt 0] Egress port is 511
[15:14:11.902] [bmv2] [D] [thread 3531] [5.0] [cxt 0] Dropping packet at the end of ingress
[15:14:11.937] [bmv2] [D] [thread 3531] [6.0] [cxt 0] Processing packet received on port 2
[15:14:11.937] [bmv2] [D] [thread 3531] [6.0] [cxt 0] Parser 'parser': start
[15:14:11.937] [bmv2] [D] [thread 3531] [6.0] [cxt 0] Parser 'parser' entering state 'start'
[15:14:11.937] [bmv2] [D] [thread 3531] [6.0] [cxt 0] Extracting header 'ethernet'
[15:14:11.937] [bmv2] [D] [thread 3531] [6.0] [cxt 0] Parser state 'start': key is 86dd
[15:14:11.937] [bmv2] [T] [thread 3531] [6.0] [cxt 0] Bytes parsed: 14
[15:14:11.937] [bmv2] [D] [thread 3531] [6.0] [cxt 0] Parser 'parser': end
[15:14:11.937] [bmv2] [D] [thread 3531] [6.0] [cxt 0] Pipeline 'ingress': start
[15:14:11.937] [bmv2] [T] [thread 3531] [6.0] [cxt 0] source_routing.p4(126) Condition "hdr.srcRoutes[0].isValid()" (node_2) is false
[15:14:11.937] [bmv2] [T] [thread 3531] [6.0] [cxt 0] Applying table 'tbl_drop'
[15:14:11.937] [bmv2] [D] [thread 3531] [6.0] [cxt 0] Looking up key:

[15:14:11.937] [bmv2] [D] [thread 3531] [6.0] [cxt 0] Table 'tbl_drop': miss
[15:14:11.937] [bmv2] [D] [thread 3531] [6.0] [cxt 0] Action entry is MyIngress.drop - 
[15:14:11.937] [bmv2] [T] [thread 3531] [6.0] [cxt 0] Action MyIngress.drop
[15:14:11.937] [bmv2] [T] [thread 3531] [6.0] [cxt 0] source_routing.p4(109) Primitive mark_to_drop(standard_metadata)
[15:14:11.937] [bmv2] [D] [thread 3531] [6.0] [cxt 0] Pipeline 'ingress': end
[15:14:11.937] [bmv2] [D] [thread 3531] [6.0] [cxt 0] Egress port is 511
[15:14:11.937] [bmv2] [D] [thread 3531] [6.0] [cxt 0] Dropping packet at the end of ingress
[15:14:11.946] [bmv2] [D] [thread 3531] [7.0] [cxt 0] Processing packet received on port 3
[15:14:11.946] [bmv2] [D] [thread 3531] [7.0] [cxt 0] Parser 'parser': start
[15:14:11.946] [bmv2] [D] [thread 3531] [7.0] [cxt 0] Parser 'parser' entering state 'start'
[15:14:11.946] [bmv2] [D] [thread 3531] [7.0] [cxt 0] Extracting header 'ethernet'
[15:14:11.946] [bmv2] [D] [thread 3531] [7.0] [cxt 0] Parser state 'start': key is 86dd
[15:14:11.946] [bmv2] [T] [thread 3531] [7.0] [cxt 0] Bytes parsed: 14
[15:14:11.946] [bmv2] [D] [thread 3531] [7.0] [cxt 0] Parser 'parser': end
[15:14:11.946] [bmv2] [D] [thread 3531] [7.0] [cxt 0] Pipeline 'ingress': start
[15:14:11.946] [bmv2] [T] [thread 3531] [7.0] [cxt 0] source_routing.p4(126) Condition "hdr.srcRoutes[0].isValid()" (node_2) is false
[15:14:11.946] [bmv2] [T] [thread 3531] [7.0] [cxt 0] Applying table 'tbl_drop'
[15:14:11.946] [bmv2] [D] [thread 3531] [7.0] [cxt 0] Looking up key:

[15:14:11.946] [bmv2] [D] [thread 3531] [7.0] [cxt 0] Table 'tbl_drop': miss
[15:14:11.946] [bmv2] [D] [thread 3531] [7.0] [cxt 0] Action entry is MyIngress.drop - 
[15:14:11.946] [bmv2] [T] [thread 3531] [7.0] [cxt 0] Action MyIngress.drop
[15:14:11.946] [bmv2] [T] [thread 3531] [7.0] [cxt 0] source_routing.p4(109) Primitive mark_to_drop(standard_metadata)
[15:14:11.946] [bmv2] [D] [thread 3531] [7.0] [cxt 0] Pipeline 'ingress': end
[15:14:11.946] [bmv2] [D] [thread 3531] [7.0] [cxt 0] Egress port is 511
[15:14:11.946] [bmv2] [D] [thread 3531] [7.0] [cxt 0] Dropping packet at the end of ingress
[15:14:11.946] [bmv2] [D] [thread 3531] [8.0] [cxt 0] Processing packet received on port 3
[15:14:11.946] [bmv2] [D] [thread 3531] [8.0] [cxt 0] Parser 'parser': start
[15:14:11.946] [bmv2] [D] [thread 3531] [8.0] [cxt 0] Parser 'parser' entering state 'start'
[15:14:11.946] [bmv2] [D] [thread 3531] [8.0] [cxt 0] Extracting header 'ethernet'
[15:14:11.946] [bmv2] [D] [thread 3531] [8.0] [cxt 0] Parser state 'start': key is 86dd
[15:14:11.946] [bmv2] [T] [thread 3531] [8.0] [cxt 0] Bytes parsed: 14
[15:14:11.946] [bmv2] [D] [thread 3531] [8.0] [cxt 0] Parser 'parser': end
[15:14:11.946] [bmv2] [D] [thread 3531] [8.0] [cxt 0] Pipeline 'ingress': start
[15:14:11.946] [bmv2] [T] [thread 3531] [8.0] [cxt 0] source_routing.p4(126) Condition "hdr.srcRoutes[0].isValid()" (node_2) is false
[15:14:11.946] [bmv2] [T] [thread 3531] [8.0] [cxt 0] Applying table 'tbl_drop'
[15:14:11.946] [bmv2] [D] [thread 3531] [8.0] [cxt 0] Looking up key:

[15:14:11.946] [bmv2] [D] [thread 3531] [8.0] [cxt 0] Table 'tbl_drop': miss
[15:14:11.946] [bmv2] [D] [thread 3531] [8.0] [cxt 0] Action entry is MyIngress.drop - 
[15:14:11.946] [bmv2] [T] [thread 3531] [8.0] [cxt 0] Action MyIngress.drop
[15:14:11.946] [bmv2] [T] [thread 3531] [8.0] [cxt 0] source_routing.p4(109) Primitive mark_to_drop(standard_metadata)
[15:14:11.946] [bmv2] [D] [thread 3531] [8.0] [cxt 0] Pipeline 'ingress': end
[15:14:11.946] [bmv2] [D] [thread 3531] [8.0] [cxt 0] Egress port is 511
[15:14:11.946] [bmv2] [D] [thread 3531] [8.0] [cxt 0] Dropping packet at the end of ingress
[15:14:12.265] [bmv2] [D] [thread 3531] [9.0] [cxt 0] Processing packet received on port 3
[15:14:12.265] [bmv2] [D] [thread 3531] [9.0] [cxt 0] Parser 'parser': start
[15:14:12.265] [bmv2] [D] [thread 3531] [9.0] [cxt 0] Parser 'parser' entering state 'start'
[15:14:12.265] [bmv2] [D] [thread 3531] [9.0] [cxt 0] Extracting header 'ethernet'
[15:14:12.265] [bmv2] [D] [thread 3531] [9.0] [cxt 0] Parser state 'start': key is 86dd
[15:14:12.265] [bmv2] [T] [thread 3531] [9.0] [cxt 0] Bytes parsed: 14
[15:14:12.265] [bmv2] [D] [thread 3531] [9.0] [cxt 0] Parser 'parser': end
[15:14:12.265] [bmv2] [D] [thread 3531] [9.0] [cxt 0] Pipeline 'ingress': start
[15:14:12.265] [bmv2] [T] [thread 3531] [9.0] [cxt 0] source_routing.p4(126) Condition "hdr.srcRoutes[0].isValid()" (node_2) is false
[15:14:12.265] [bmv2] [T] [thread 3531] [9.0] [cxt 0] Applying table 'tbl_drop'
[15:14:12.265] [bmv2] [D] [thread 3531] [9.0] [cxt 0] Looking up key:

[15:14:12.265] [bmv2] [D] [thread 3531] [9.0] [cxt 0] Table 'tbl_drop': miss
[15:14:12.265] [bmv2] [D] [thread 3531] [9.0] [cxt 0] Action entry is MyIngress.drop - 
[15:14:12.265] [bmv2] [T] [thread 3531] [9.0] [cxt 0] Action MyIngress.drop
[15:14:12.265] [bmv2] [T] [thread 3531] [9.0] [cxt 0] source_routing.p4(109) Primitive mark_to_drop(standard_metadata)
[15:14:12.265] [bmv2] [D] [thread 3531] [9.0] [cxt 0] Pipeline 'ingress': end
[15:14:12.265] [bmv2] [D] [thread 3531] [9.0] [cxt 0] Egress port is 511
[15:14:12.265] [bmv2] [D] [thread 3531] [9.0] [cxt 0] Dropping packet at the end of ingress
[15:14:12.265] [bmv2] [D] [thread 3531] [10.0] [cxt 0] Processing packet received on port 3
[15:14:12.265] [bmv2] [D] [thread 3531] [10.0] [cxt 0] Parser 'parser': start
[15:14:12.265] [bmv2] [D] [thread 3531] [10.0] [cxt 0] Parser 'parser' entering state 'start'
[15:14:12.265] [bmv2] [D] [thread 3531] [10.0] [cxt 0] Extracting header 'ethernet'
[15:14:12.265] [bmv2] [D] [thread 3531] [10.0] [cxt 0] Parser state 'start': key is 86dd
[15:14:12.265] [bmv2] [T] [thread 3531] [10.0] [cxt 0] Bytes parsed: 14
[15:14:12.265] [bmv2] [D] [thread 3531] [10.0] [cxt 0] Parser 'parser': end
[15:14:12.266] [bmv2] [D] [thread 3531] [10.0] [cxt 0] Pipeline 'ingress': start
[15:14:12.266] [bmv2] [T] [thread 3531] [10.0] [cxt 0] source_routing.p4(126) Condition "hdr.srcRoutes[0].isValid()" (node_2) is false
[15:14:12.266] [bmv2] [T] [thread 3531] [10.0] [cxt 0] Applying table 'tbl_drop'
[15:14:12.266] [bmv2] [D] [thread 3531] [10.0] [cxt 0] Looking up key:

[15:14:12.266] [bmv2] [D] [thread 3531] [10.0] [cxt 0] Table 'tbl_drop': miss
[15:14:12.266] [bmv2] [D] [thread 3531] [10.0] [cxt 0] Action entry is MyIngress.drop - 
[15:14:12.266] [bmv2] [T] [thread 3531] [10.0] [cxt 0] Action MyIngress.drop
[15:14:12.266] [bmv2] [T] [thread 3531] [10.0] [cxt 0] source_routing.p4(109) Primitive mark_to_drop(standard_metadata)
[15:14:12.266] [bmv2] [D] [thread 3531] [10.0] [cxt 0] Pipeline 'ingress': end
[15:14:12.266] [bmv2] [D] [thread 3531] [10.0] [cxt 0] Egress port is 511
[15:14:12.266] [bmv2] [D] [thread 3531] [10.0] [cxt 0] Dropping packet at the end of ingress
[15:14:12.457] [bmv2] [D] [thread 3531] [11.0] [cxt 0] Processing packet received on port 3
[15:14:12.457] [bmv2] [D] [thread 3531] [11.0] [cxt 0] Parser 'parser': start
[15:14:12.457] [bmv2] [D] [thread 3531] [11.0] [cxt 0] Parser 'parser' entering state 'start'
[15:14:12.457] [bmv2] [D] [thread 3531] [11.0] [cxt 0] Extracting header 'ethernet'
[15:14:12.457] [bmv2] [D] [thread 3531] [11.0] [cxt 0] Parser state 'start': key is 86dd
[15:14:12.457] [bmv2] [T] [thread 3531] [11.0] [cxt 0] Bytes parsed: 14
[15:14:12.457] [bmv2] [D] [thread 3531] [11.0] [cxt 0] Parser 'parser': end
[15:14:12.457] [bmv2] [D] [thread 3531] [11.0] [cxt 0] Pipeline 'ingress': start
[15:14:12.457] [bmv2] [T] [thread 3531] [11.0] [cxt 0] source_routing.p4(126) Condition "hdr.srcRoutes[0].isValid()" (node_2) is false
[15:14:12.457] [bmv2] [T] [thread 3531] [11.0] [cxt 0] Applying table 'tbl_drop'
[15:14:12.457] [bmv2] [D] [thread 3531] [11.0] [cxt 0] Looking up key:

[15:14:12.457] [bmv2] [D] [thread 3531] [11.0] [cxt 0] Table 'tbl_drop': miss
[15:14:12.457] [bmv2] [D] [thread 3531] [11.0] [cxt 0] Action entry is MyIngress.drop - 
[15:14:12.457] [bmv2] [T] [thread 3531] [11.0] [cxt 0] Action MyIngress.drop
[15:14:12.457] [bmv2] [T] [thread 3531] [11.0] [cxt 0] source_routing.p4(109) Primitive mark_to_drop(standard_metadata)
[15:14:12.457] [bmv2] [D] [thread 3531] [11.0] [cxt 0] Pipeline 'ingress': end
[15:14:12.457] [bmv2] [D] [thread 3531] [11.0] [cxt 0] Egress port is 511
[15:14:12.457] [bmv2] [D] [thread 3531] [11.0] [cxt 0] Dropping packet at the end of ingress
[15:14:12.485] [bmv2] [D] [thread 3531] [12.0] [cxt 0] Processing packet received on port 3
[15:14:12.485] [bmv2] [D] [thread 3531] [12.0] [cxt 0] Parser 'parser': start
[15:14:12.485] [bmv2] [D] [thread 3531] [12.0] [cxt 0] Parser 'parser' entering state 'start'
[15:14:12.485] [bmv2] [D] [thread 3531] [12.0] [cxt 0] Extracting header 'ethernet'
[15:14:12.485] [bmv2] [D] [thread 3531] [12.0] [cxt 0] Parser state 'start': key is 86dd
[15:14:12.485] [bmv2] [T] [thread 3531] [12.0] [cxt 0] Bytes parsed: 14
[15:14:12.485] [bmv2] [D] [thread 3531] [12.0] [cxt 0] Parser 'parser': end
[15:14:12.485] [bmv2] [D] [thread 3531] [12.0] [cxt 0] Pipeline 'ingress': start
[15:14:12.485] [bmv2] [T] [thread 3531] [12.0] [cxt 0] source_routing.p4(126) Condition "hdr.srcRoutes[0].isValid()" (node_2) is false
[15:14:12.485] [bmv2] [T] [thread 3531] [12.0] [cxt 0] Applying table 'tbl_drop'
[15:14:12.485] [bmv2] [D] [thread 3531] [12.0] [cxt 0] Looking up key:

[15:14:12.485] [bmv2] [D] [thread 3531] [12.0] [cxt 0] Table 'tbl_drop': miss
[15:14:12.485] [bmv2] [D] [thread 3531] [12.0] [cxt 0] Action entry is MyIngress.drop - 
[15:14:12.485] [bmv2] [T] [thread 3531] [12.0] [cxt 0] Action MyIngress.drop
[15:14:12.485] [bmv2] [T] [thread 3531] [12.0] [cxt 0] source_routing.p4(109) Primitive mark_to_drop(standard_metadata)
[15:14:12.485] [bmv2] [D] [thread 3531] [12.0] [cxt 0] Pipeline 'ingress': end
[15:14:12.485] [bmv2] [D] [thread 3531] [12.0] [cxt 0] Egress port is 511
[15:14:12.485] [bmv2] [D] [thread 3531] [12.0] [cxt 0] Dropping packet at the end of ingress
[15:14:13.005] [bmv2] [W] [thread 3565] [P4Runtime] p4::tmp::P4DeviceConfig is deprecated
[15:14:13.006] [bmv2] [D] [thread 3565] Set default default entry for table 'tbl_srcRoute_finish': MyIngress.srcRoute_finish - 
[15:14:13.006] [bmv2] [D] [thread 3565] Set default default entry for table 'tbl_srcRoute_nhop': MyIngress.srcRoute_nhop - 
[15:14:13.006] [bmv2] [D] [thread 3565] Set default default entry for table 'tbl_update_ttl': MyIngress.update_ttl - 
[15:14:13.006] [bmv2] [D] [thread 3565] Set default default entry for table 'tbl_drop': MyIngress.drop - 
[15:14:13.007] [bmv2] [D] [thread 3565] simple_switch target has been notified of a config swap
[15:14:15.625] [bmv2] [D] [thread 3531] [13.0] [cxt 0] Processing packet received on port 2
[15:14:15.625] [bmv2] [D] [thread 3531] [13.0] [cxt 0] Parser 'parser': start
[15:14:15.625] [bmv2] [D] [thread 3531] [13.0] [cxt 0] Parser 'parser' entering state 'start'
[15:14:15.625] [bmv2] [D] [thread 3531] [13.0] [cxt 0] Extracting header 'ethernet'
[15:14:15.625] [bmv2] [D] [thread 3531] [13.0] [cxt 0] Parser state 'start': key is 86dd
[15:14:15.625] [bmv2] [T] [thread 3531] [13.0] [cxt 0] Bytes parsed: 14
[15:14:15.625] [bmv2] [D] [thread 3531] [13.0] [cxt 0] Parser 'parser': end
[15:14:15.625] [bmv2] [D] [thread 3531] [13.0] [cxt 0] Pipeline 'ingress': start
[15:14:15.625] [bmv2] [T] [thread 3531] [13.0] [cxt 0] source_routing.p4(126) Condition "hdr.srcRoutes[0].isValid()" (node_2) is false
[15:14:15.625] [bmv2] [T] [thread 3531] [13.0] [cxt 0] Applying table 'tbl_drop'
[15:14:15.625] [bmv2] [D] [thread 3531] [13.0] [cxt 0] Looking up key:

[15:14:15.625] [bmv2] [D] [thread 3531] [13.0] [cxt 0] Table 'tbl_drop': miss
[15:14:15.625] [bmv2] [D] [thread 3531] [13.0] [cxt 0] Action entry is MyIngress.drop - 
[15:14:15.625] [bmv2] [T] [thread 3531] [13.0] [cxt 0] Action MyIngress.drop
[15:14:15.625] [bmv2] [T] [thread 3531] [13.0] [cxt 0] source_routing.p4(109) Primitive mark_to_drop(standard_metadata)
[15:14:15.625] [bmv2] [D] [thread 3531] [13.0] [cxt 0] Pipeline 'ingress': end
[15:14:15.625] [bmv2] [D] [thread 3531] [13.0] [cxt 0] Egress port is 511
[15:14:15.625] [bmv2] [D] [thread 3531] [13.0] [cxt 0] Dropping packet at the end of ingress
[15:14:15.625] [bmv2] [D] [thread 3531] [14.0] [cxt 0] Processing packet received on port 3
[15:14:15.625] [bmv2] [D] [thread 3531] [14.0] [cxt 0] Parser 'parser': start
[15:14:15.625] [bmv2] [D] [thread 3531] [14.0] [cxt 0] Parser 'parser' entering state 'start'
[15:14:15.625] [bmv2] [D] [thread 3531] [14.0] [cxt 0] Extracting header 'ethernet'
[15:14:15.625] [bmv2] [D] [thread 3531] [14.0] [cxt 0] Parser state 'start': key is 86dd
[15:14:15.625] [bmv2] [T] [thread 3531] [14.0] [cxt 0] Bytes parsed: 14
[15:14:15.625] [bmv2] [D] [thread 3531] [14.0] [cxt 0] Parser 'parser': end
[15:14:15.625] [bmv2] [D] [thread 3531] [14.0] [cxt 0] Pipeline 'ingress': start
[15:14:15.625] [bmv2] [T] [thread 3531] [14.0] [cxt 0] source_routing.p4(126) Condition "hdr.srcRoutes[0].isValid()" (node_2) is false
[15:14:15.625] [bmv2] [T] [thread 3531] [14.0] [cxt 0] Applying table 'tbl_drop'
[15:14:15.625] [bmv2] [D] [thread 3531] [14.0] [cxt 0] Looking up key:

[15:14:15.625] [bmv2] [D] [thread 3531] [14.0] [cxt 0] Table 'tbl_drop': miss
[15:14:15.625] [bmv2] [D] [thread 3531] [14.0] [cxt 0] Action entry is MyIngress.drop - 
[15:14:15.625] [bmv2] [T] [thread 3531] [14.0] [cxt 0] Action MyIngress.drop
[15:14:15.625] [bmv2] [T] [thread 3531] [14.0] [cxt 0] source_routing.p4(109) Primitive mark_to_drop(standard_metadata)
[15:14:15.625] [bmv2] [D] [thread 3531] [14.0] [cxt 0] Pipeline 'ingress': end
[15:14:15.625] [bmv2] [D] [thread 3531] [14.0] [cxt 0] Egress port is 511
[15:14:15.625] [bmv2] [D] [thread 3531] [14.0] [cxt 0] Dropping packet at the end of ingress
[15:14:15.625] [bmv2] [D] [thread 3531] [15.0] [cxt 0] Processing packet received on port 2
[15:14:15.625] [bmv2] [D] [thread 3531] [15.0] [cxt 0] Parser 'parser': start
[15:14:15.625] [bmv2] [D] [thread 3531] [15.0] [cxt 0] Parser 'parser' entering state 'start'
[15:14:15.625] [bmv2] [D] [thread 3531] [15.0] [cxt 0] Extracting header 'ethernet'
[15:14:15.625] [bmv2] [D] [thread 3531] [15.0] [cxt 0] Parser state 'start': key is 86dd
[15:14:15.625] [bmv2] [T] [thread 3531] [15.0] [cxt 0] Bytes parsed: 14
[15:14:15.625] [bmv2] [D] [thread 3531] [15.0] [cxt 0] Parser 'parser': end
[15:14:15.625] [bmv2] [D] [thread 3531] [15.0] [cxt 0] Pipeline 'ingress': start
[15:14:15.625] [bmv2] [T] [thread 3531] [15.0] [cxt 0] source_routing.p4(126) Condition "hdr.srcRoutes[0].isValid()" (node_2) is false
[15:14:15.625] [bmv2] [T] [thread 3531] [15.0] [cxt 0] Applying table 'tbl_drop'
[15:14:15.625] [bmv2] [D] [thread 3531] [15.0] [cxt 0] Looking up key:

[15:14:15.625] [bmv2] [D] [thread 3531] [15.0] [cxt 0] Table 'tbl_drop': miss
[15:14:15.625] [bmv2] [D] [thread 3531] [15.0] [cxt 0] Action entry is MyIngress.drop - 
[15:14:15.625] [bmv2] [T] [thread 3531] [15.0] [cxt 0] Action MyIngress.drop
[15:14:15.625] [bmv2] [T] [thread 3531] [15.0] [cxt 0] source_routing.p4(109) Primitive mark_to_drop(standard_metadata)
[15:14:15.625] [bmv2] [D] [thread 3531] [15.0] [cxt 0] Pipeline 'ingress': end
[15:14:15.625] [bmv2] [D] [thread 3531] [15.0] [cxt 0] Egress port is 511
[15:14:15.625] [bmv2] [D] [thread 3531] [15.0] [cxt 0] Dropping packet at the end of ingress
[15:14:16.137] [bmv2] [D] [thread 3531] [16.0] [cxt 0] Processing packet received on port 1
[15:14:16.137] [bmv2] [D] [thread 3531] [16.0] [cxt 0] Parser 'parser': start
[15:14:16.137] [bmv2] [D] [thread 3531] [16.0] [cxt 0] Parser 'parser' entering state 'start'
[15:14:16.137] [bmv2] [D] [thread 3531] [16.0] [cxt 0] Extracting header 'ethernet'
[15:14:16.137] [bmv2] [D] [thread 3531] [16.0] [cxt 0] Parser state 'start': key is 86dd
[15:14:16.137] [bmv2] [T] [thread 3531] [16.0] [cxt 0] Bytes parsed: 14
[15:14:16.137] [bmv2] [D] [thread 3531] [16.0] [cxt 0] Parser 'parser': end
[15:14:16.137] [bmv2] [D] [thread 3531] [16.0] [cxt 0] Pipeline 'ingress': start
[15:14:16.137] [bmv2] [T] [thread 3531] [16.0] [cxt 0] source_routing.p4(126) Condition "hdr.srcRoutes[0].isValid()" (node_2) is false
[15:14:16.137] [bmv2] [T] [thread 3531] [16.0] [cxt 0] Applying table 'tbl_drop'
[15:14:16.137] [bmv2] [D] [thread 3531] [16.0] [cxt 0] Looking up key:

[15:14:16.137] [bmv2] [D] [thread 3531] [16.0] [cxt 0] Table 'tbl_drop': miss
[15:14:16.137] [bmv2] [D] [thread 3531] [16.0] [cxt 0] Action entry is MyIngress.drop - 
[15:14:16.137] [bmv2] [T] [thread 3531] [16.0] [cxt 0] Action MyIngress.drop
[15:14:16.137] [bmv2] [T] [thread 3531] [16.0] [cxt 0] source_routing.p4(109) Primitive mark_to_drop(standard_metadata)
[15:14:16.137] [bmv2] [D] [thread 3531] [16.0] [cxt 0] Pipeline 'ingress': end
[15:14:16.137] [bmv2] [D] [thread 3531] [16.0] [cxt 0] Egress port is 511
[15:14:16.137] [bmv2] [D] [thread 3531] [16.0] [cxt 0] Dropping packet at the end of ingress
[15:14:16.393] [bmv2] [D] [thread 3531] [17.0] [cxt 0] Processing packet received on port 3
[15:14:16.393] [bmv2] [D] [thread 3531] [17.0] [cxt 0] Parser 'parser': start
[15:14:16.393] [bmv2] [D] [thread 3531] [17.0] [cxt 0] Parser 'parser' entering state 'start'
[15:14:16.393] [bmv2] [D] [thread 3531] [17.0] [cxt 0] Extracting header 'ethernet'
[15:14:16.393] [bmv2] [D] [thread 3531] [17.0] [cxt 0] Parser state 'start': key is 86dd
[15:14:16.393] [bmv2] [T] [thread 3531] [17.0] [cxt 0] Bytes parsed: 14
[15:14:16.393] [bmv2] [D] [thread 3531] [17.0] [cxt 0] Parser 'parser': end
[15:14:16.393] [bmv2] [D] [thread 3531] [17.0] [cxt 0] Pipeline 'ingress': start
[15:14:16.393] [bmv2] [T] [thread 3531] [17.0] [cxt 0] source_routing.p4(126) Condition "hdr.srcRoutes[0].isValid()" (node_2) is false
[15:14:16.393] [bmv2] [T] [thread 3531] [17.0] [cxt 0] Applying table 'tbl_drop'
[15:14:16.394] [bmv2] [D] [thread 3531] [17.0] [cxt 0] Looking up key:

[15:14:16.394] [bmv2] [D] [thread 3531] [17.0] [cxt 0] Table 'tbl_drop': miss
[15:14:16.394] [bmv2] [D] [thread 3531] [17.0] [cxt 0] Action entry is MyIngress.drop - 
[15:14:16.394] [bmv2] [T] [thread 3531] [17.0] [cxt 0] Action MyIngress.drop
[15:14:16.394] [bmv2] [T] [thread 3531] [17.0] [cxt 0] source_routing.p4(109) Primitive mark_to_drop(standard_metadata)
[15:14:16.394] [bmv2] [D] [thread 3531] [17.0] [cxt 0] Pipeline 'ingress': end
[15:14:16.394] [bmv2] [D] [thread 3531] [17.0] [cxt 0] Egress port is 511
[15:14:16.394] [bmv2] [D] [thread 3531] [17.0] [cxt 0] Dropping packet at the end of ingress
[15:14:23.049] [bmv2] [D] [thread 3531] [18.0] [cxt 0] Processing packet received on port 3
[15:14:23.049] [bmv2] [D] [thread 3531] [18.0] [cxt 0] Parser 'parser': start
[15:14:23.049] [bmv2] [D] [thread 3531] [18.0] [cxt 0] Parser 'parser' entering state 'start'
[15:14:23.049] [bmv2] [D] [thread 3531] [18.0] [cxt 0] Extracting header 'ethernet'
[15:14:23.049] [bmv2] [D] [thread 3531] [18.0] [cxt 0] Parser state 'start': key is 86dd
[15:14:23.049] [bmv2] [T] [thread 3531] [18.0] [cxt 0] Bytes parsed: 14
[15:14:23.049] [bmv2] [D] [thread 3531] [18.0] [cxt 0] Parser 'parser': end
[15:14:23.049] [bmv2] [D] [thread 3531] [18.0] [cxt 0] Pipeline 'ingress': start
[15:14:23.049] [bmv2] [T] [thread 3531] [18.0] [cxt 0] source_routing.p4(126) Condition "hdr.srcRoutes[0].isValid()" (node_2) is false
[15:14:23.049] [bmv2] [T] [thread 3531] [18.0] [cxt 0] Applying table 'tbl_drop'
[15:14:23.049] [bmv2] [D] [thread 3531] [18.0] [cxt 0] Looking up key:

[15:14:23.049] [bmv2] [D] [thread 3531] [18.0] [cxt 0] Table 'tbl_drop': miss
[15:14:23.049] [bmv2] [D] [thread 3531] [18.0] [cxt 0] Action entry is MyIngress.drop - 
[15:14:23.049] [bmv2] [T] [thread 3531] [18.0] [cxt 0] Action MyIngress.drop
[15:14:23.049] [bmv2] [T] [thread 3531] [18.0] [cxt 0] source_routing.p4(109) Primitive mark_to_drop(standard_metadata)
[15:14:23.049] [bmv2] [D] [thread 3531] [18.0] [cxt 0] Pipeline 'ingress': end
[15:14:23.049] [bmv2] [D] [thread 3531] [18.0] [cxt 0] Egress port is 511
[15:14:23.049] [bmv2] [D] [thread 3531] [18.0] [cxt 0] Dropping packet at the end of ingress
[15:14:23.561] [bmv2] [D] [thread 3531] [19.0] [cxt 0] Processing packet received on port 2
[15:14:23.561] [bmv2] [D] [thread 3531] [19.0] [cxt 0] Parser 'parser': start
[15:14:23.561] [bmv2] [D] [thread 3531] [19.0] [cxt 0] Parser 'parser' entering state 'start'
[15:14:23.561] [bmv2] [D] [thread 3531] [19.0] [cxt 0] Extracting header 'ethernet'
[15:14:23.561] [bmv2] [D] [thread 3531] [19.0] [cxt 0] Parser state 'start': key is 86dd
[15:14:23.561] [bmv2] [T] [thread 3531] [19.0] [cxt 0] Bytes parsed: 14
[15:14:23.561] [bmv2] [D] [thread 3531] [19.0] [cxt 0] Parser 'parser': end
[15:14:23.561] [bmv2] [D] [thread 3531] [19.0] [cxt 0] Pipeline 'ingress': start
[15:14:23.561] [bmv2] [T] [thread 3531] [19.0] [cxt 0] source_routing.p4(126) Condition "hdr.srcRoutes[0].isValid()" (node_2) is false
[15:14:23.561] [bmv2] [T] [thread 3531] [19.0] [cxt 0] Applying table 'tbl_drop'
[15:14:23.561] [bmv2] [D] [thread 3531] [19.0] [cxt 0] Looking up key:

[15:14:23.561] [bmv2] [D] [thread 3531] [19.0] [cxt 0] Table 'tbl_drop': miss
[15:14:23.561] [bmv2] [D] [thread 3531] [19.0] [cxt 0] Action entry is MyIngress.drop - 
[15:14:23.561] [bmv2] [T] [thread 3531] [19.0] [cxt 0] Action MyIngress.drop
[15:14:23.561] [bmv2] [T] [thread 3531] [19.0] [cxt 0] source_routing.p4(109) Primitive mark_to_drop(standard_metadata)
[15:14:23.561] [bmv2] [D] [thread 3531] [19.0] [cxt 0] Pipeline 'ingress': end
[15:14:23.561] [bmv2] [D] [thread 3531] [19.0] [cxt 0] Egress port is 511
[15:14:23.561] [bmv2] [D] [thread 3531] [19.0] [cxt 0] Dropping packet at the end of ingress
[15:14:23.816] [bmv2] [D] [thread 3531] [20.0] [cxt 0] Processing packet received on port 2
[15:14:23.816] [bmv2] [D] [thread 3531] [20.0] [cxt 0] Parser 'parser': start
[15:14:23.816] [bmv2] [D] [thread 3531] [20.0] [cxt 0] Parser 'parser' entering state 'start'
[15:14:23.816] [bmv2] [D] [thread 3531] [20.0] [cxt 0] Extracting header 'ethernet'
[15:14:23.816] [bmv2] [D] [thread 3531] [20.0] [cxt 0] Parser state 'start': key is 86dd
[15:14:23.816] [bmv2] [T] [thread 3531] [20.0] [cxt 0] Bytes parsed: 14
[15:14:23.816] [bmv2] [D] [thread 3531] [20.0] [cxt 0] Parser 'parser': end
[15:14:23.816] [bmv2] [D] [thread 3531] [20.0] [cxt 0] Pipeline 'ingress': start
[15:14:23.816] [bmv2] [T] [thread 3531] [20.0] [cxt 0] source_routing.p4(126) Condition "hdr.srcRoutes[0].isValid()" (node_2) is false
[15:14:23.816] [bmv2] [T] [thread 3531] [20.0] [cxt 0] Applying table 'tbl_drop'
[15:14:23.816] [bmv2] [D] [thread 3531] [20.0] [cxt 0] Looking up key:

[15:14:23.816] [bmv2] [D] [thread 3531] [20.0] [cxt 0] Table 'tbl_drop': miss
[15:14:23.816] [bmv2] [D] [thread 3531] [20.0] [cxt 0] Action entry is MyIngress.drop - 
[15:14:23.816] [bmv2] [T] [thread 3531] [20.0] [cxt 0] Action MyIngress.drop
[15:14:23.816] [bmv2] [T] [thread 3531] [20.0] [cxt 0] source_routing.p4(109) Primitive mark_to_drop(standard_metadata)
[15:14:23.816] [bmv2] [D] [thread 3531] [20.0] [cxt 0] Pipeline 'ingress': end
[15:14:23.816] [bmv2] [D] [thread 3531] [20.0] [cxt 0] Egress port is 511
[15:14:23.816] [bmv2] [D] [thread 3531] [20.0] [cxt 0] Dropping packet at the end of ingress
[15:14:24.585] [bmv2] [D] [thread 3531] [21.0] [cxt 0] Processing packet received on port 1
[15:14:24.585] [bmv2] [D] [thread 3531] [21.0] [cxt 0] Parser 'parser': start
[15:14:24.585] [bmv2] [D] [thread 3531] [21.0] [cxt 0] Parser 'parser' entering state 'start'
[15:14:24.585] [bmv2] [D] [thread 3531] [21.0] [cxt 0] Extracting header 'ethernet'
[15:14:24.585] [bmv2] [D] [thread 3531] [21.0] [cxt 0] Parser state 'start': key is 86dd
[15:14:24.585] [bmv2] [T] [thread 3531] [21.0] [cxt 0] Bytes parsed: 14
[15:14:24.585] [bmv2] [D] [thread 3531] [21.0] [cxt 0] Parser 'parser': end
[15:14:24.585] [bmv2] [D] [thread 3531] [21.0] [cxt 0] Pipeline 'ingress': start
[15:14:24.585] [bmv2] [T] [thread 3531] [21.0] [cxt 0] source_routing.p4(126) Condition "hdr.srcRoutes[0].isValid()" (node_2) is false
[15:14:24.585] [bmv2] [T] [thread 3531] [21.0] [cxt 0] Applying table 'tbl_drop'
[15:14:24.585] [bmv2] [D] [thread 3531] [21.0] [cxt 0] Looking up key:

[15:14:24.585] [bmv2] [D] [thread 3531] [21.0] [cxt 0] Table 'tbl_drop': miss
[15:14:24.585] [bmv2] [D] [thread 3531] [21.0] [cxt 0] Action entry is MyIngress.drop - 
[15:14:24.585] [bmv2] [T] [thread 3531] [21.0] [cxt 0] Action MyIngress.drop
[15:14:24.585] [bmv2] [T] [thread 3531] [21.0] [cxt 0] source_routing.p4(109) Primitive mark_to_drop(standard_metadata)
[15:14:24.585] [bmv2] [D] [thread 3531] [21.0] [cxt 0] Pipeline 'ingress': end
[15:14:24.585] [bmv2] [D] [thread 3531] [21.0] [cxt 0] Egress port is 511
[15:14:24.585] [bmv2] [D] [thread 3531] [21.0] [cxt 0] Dropping packet at the end of ingress
[15:14:24.841] [bmv2] [D] [thread 3531] [22.0] [cxt 0] Processing packet received on port 3
[15:14:24.841] [bmv2] [D] [thread 3531] [22.0] [cxt 0] Parser 'parser': start
[15:14:24.841] [bmv2] [D] [thread 3531] [22.0] [cxt 0] Parser 'parser' entering state 'start'
[15:14:24.841] [bmv2] [D] [thread 3531] [22.0] [cxt 0] Extracting header 'ethernet'
[15:14:24.841] [bmv2] [D] [thread 3531] [22.0] [cxt 0] Parser state 'start': key is 86dd
[15:14:24.841] [bmv2] [T] [thread 3531] [22.0] [cxt 0] Bytes parsed: 14
[15:14:24.841] [bmv2] [D] [thread 3531] [22.0] [cxt 0] Parser 'parser': end
[15:14:24.841] [bmv2] [D] [thread 3531] [22.0] [cxt 0] Pipeline 'ingress': start
[15:14:24.841] [bmv2] [T] [thread 3531] [22.0] [cxt 0] source_routing.p4(126) Condition "hdr.srcRoutes[0].isValid()" (node_2) is false
[15:14:24.841] [bmv2] [T] [thread 3531] [22.0] [cxt 0] Applying table 'tbl_drop'
[15:14:24.841] [bmv2] [D] [thread 3531] [22.0] [cxt 0] Looking up key:

[15:14:24.841] [bmv2] [D] [thread 3531] [22.0] [cxt 0] Table 'tbl_drop': miss
[15:14:24.841] [bmv2] [D] [thread 3531] [22.0] [cxt 0] Action entry is MyIngress.drop - 
[15:14:24.841] [bmv2] [T] [thread 3531] [22.0] [cxt 0] Action MyIngress.drop
[15:14:24.841] [bmv2] [T] [thread 3531] [22.0] [cxt 0] source_routing.p4(109) Primitive mark_to_drop(standard_metadata)
[15:14:24.841] [bmv2] [D] [thread 3531] [22.0] [cxt 0] Pipeline 'ingress': end
[15:14:24.841] [bmv2] [D] [thread 3531] [22.0] [cxt 0] Egress port is 511
[15:14:24.841] [bmv2] [D] [thread 3531] [22.0] [cxt 0] Dropping packet at the end of ingress
[15:14:37.897] [bmv2] [D] [thread 3531] [23.0] [cxt 0] Processing packet received on port 3
[15:14:37.897] [bmv2] [D] [thread 3531] [23.0] [cxt 0] Parser 'parser': start
[15:14:37.897] [bmv2] [D] [thread 3531] [23.0] [cxt 0] Parser 'parser' entering state 'start'
[15:14:37.897] [bmv2] [D] [thread 3531] [23.0] [cxt 0] Extracting header 'ethernet'
[15:14:37.897] [bmv2] [D] [thread 3531] [23.0] [cxt 0] Parser state 'start': key is 86dd
[15:14:37.897] [bmv2] [T] [thread 3531] [23.0] [cxt 0] Bytes parsed: 14
[15:14:37.897] [bmv2] [D] [thread 3531] [23.0] [cxt 0] Parser 'parser': end
[15:14:37.897] [bmv2] [D] [thread 3531] [23.0] [cxt 0] Pipeline 'ingress': start
[15:14:37.897] [bmv2] [T] [thread 3531] [23.0] [cxt 0] source_routing.p4(126) Condition "hdr.srcRoutes[0].isValid()" (node_2) is false
[15:14:37.897] [bmv2] [T] [thread 3531] [23.0] [cxt 0] Applying table 'tbl_drop'
[15:14:37.897] [bmv2] [D] [thread 3531] [23.0] [cxt 0] Looking up key:

[15:14:37.897] [bmv2] [D] [thread 3531] [23.0] [cxt 0] Table 'tbl_drop': miss
[15:14:37.897] [bmv2] [D] [thread 3531] [23.0] [cxt 0] Action entry is MyIngress.drop - 
[15:14:37.897] [bmv2] [T] [thread 3531] [23.0] [cxt 0] Action MyIngress.drop
[15:14:37.897] [bmv2] [T] [thread 3531] [23.0] [cxt 0] source_routing.p4(109) Primitive mark_to_drop(standard_metadata)
[15:14:37.897] [bmv2] [D] [thread 3531] [23.0] [cxt 0] Pipeline 'ingress': end
[15:14:37.897] [bmv2] [D] [thread 3531] [23.0] [cxt 0] Egress port is 511
[15:14:37.897] [bmv2] [D] [thread 3531] [23.0] [cxt 0] Dropping packet at the end of ingress
[15:14:39.177] [bmv2] [D] [thread 3531] [24.0] [cxt 0] Processing packet received on port 2
[15:14:39.177] [bmv2] [D] [thread 3531] [24.0] [cxt 0] Parser 'parser': start
[15:14:39.177] [bmv2] [D] [thread 3531] [24.0] [cxt 0] Parser 'parser' entering state 'start'
[15:14:39.177] [bmv2] [D] [thread 3531] [24.0] [cxt 0] Extracting header 'ethernet'
[15:14:39.177] [bmv2] [D] [thread 3531] [24.0] [cxt 0] Parser state 'start': key is 86dd
[15:14:39.177] [bmv2] [T] [thread 3531] [24.0] [cxt 0] Bytes parsed: 14
[15:14:39.177] [bmv2] [D] [thread 3531] [24.0] [cxt 0] Parser 'parser': end
[15:14:39.177] [bmv2] [D] [thread 3531] [24.0] [cxt 0] Pipeline 'ingress': start
[15:14:39.177] [bmv2] [T] [thread 3531] [24.0] [cxt 0] source_routing.p4(126) Condition "hdr.srcRoutes[0].isValid()" (node_2) is false
[15:14:39.177] [bmv2] [T] [thread 3531] [24.0] [cxt 0] Applying table 'tbl_drop'
[15:14:39.177] [bmv2] [D] [thread 3531] [24.0] [cxt 0] Looking up key:

[15:14:39.177] [bmv2] [D] [thread 3531] [24.0] [cxt 0] Table 'tbl_drop': miss
[15:14:39.177] [bmv2] [D] [thread 3531] [24.0] [cxt 0] Action entry is MyIngress.drop - 
[15:14:39.177] [bmv2] [T] [thread 3531] [24.0] [cxt 0] Action MyIngress.drop
[15:14:39.177] [bmv2] [T] [thread 3531] [24.0] [cxt 0] source_routing.p4(109) Primitive mark_to_drop(standard_metadata)
[15:14:39.177] [bmv2] [D] [thread 3531] [24.0] [cxt 0] Pipeline 'ingress': end
[15:14:39.177] [bmv2] [D] [thread 3531] [24.0] [cxt 0] Egress port is 511
[15:14:39.177] [bmv2] [D] [thread 3531] [24.0] [cxt 0] Dropping packet at the end of ingress
[15:14:39.945] [bmv2] [D] [thread 3531] [25.0] [cxt 0] Processing packet received on port 2
[15:14:39.945] [bmv2] [D] [thread 3531] [25.0] [cxt 0] Parser 'parser': start
[15:14:39.945] [bmv2] [D] [thread 3531] [25.0] [cxt 0] Parser 'parser' entering state 'start'
[15:14:39.945] [bmv2] [D] [thread 3531] [25.0] [cxt 0] Extracting header 'ethernet'
[15:14:39.945] [bmv2] [D] [thread 3531] [25.0] [cxt 0] Parser state 'start': key is 86dd
[15:14:39.945] [bmv2] [T] [thread 3531] [25.0] [cxt 0] Bytes parsed: 14
[15:14:39.945] [bmv2] [D] [thread 3531] [25.0] [cxt 0] Parser 'parser': end
[15:14:39.945] [bmv2] [D] [thread 3531] [25.0] [cxt 0] Pipeline 'ingress': start
[15:14:39.945] [bmv2] [T] [thread 3531] [25.0] [cxt 0] source_routing.p4(126) Condition "hdr.srcRoutes[0].isValid()" (node_2) is false
[15:14:39.945] [bmv2] [T] [thread 3531] [25.0] [cxt 0] Applying table 'tbl_drop'
[15:14:39.945] [bmv2] [D] [thread 3531] [25.0] [cxt 0] Looking up key:

[15:14:39.945] [bmv2] [D] [thread 3531] [25.0] [cxt 0] Table 'tbl_drop': miss
[15:14:39.945] [bmv2] [D] [thread 3531] [25.0] [cxt 0] Action entry is MyIngress.drop - 
[15:14:39.945] [bmv2] [T] [thread 3531] [25.0] [cxt 0] Action MyIngress.drop
[15:14:39.945] [bmv2] [T] [thread 3531] [25.0] [cxt 0] source_routing.p4(109) Primitive mark_to_drop(standard_metadata)
[15:14:39.945] [bmv2] [D] [thread 3531] [25.0] [cxt 0] Pipeline 'ingress': end
[15:14:39.945] [bmv2] [D] [thread 3531] [25.0] [cxt 0] Egress port is 511
[15:14:39.945] [bmv2] [D] [thread 3531] [25.0] [cxt 0] Dropping packet at the end of ingress
[15:14:41.737] [bmv2] [D] [thread 3531] [26.0] [cxt 0] Processing packet received on port 1
[15:14:41.737] [bmv2] [D] [thread 3531] [26.0] [cxt 0] Parser 'parser': start
[15:14:41.737] [bmv2] [D] [thread 3531] [26.0] [cxt 0] Parser 'parser' entering state 'start'
[15:14:41.737] [bmv2] [D] [thread 3531] [26.0] [cxt 0] Extracting header 'ethernet'
[15:14:41.737] [bmv2] [D] [thread 3531] [26.0] [cxt 0] Parser state 'start': key is 86dd
[15:14:41.737] [bmv2] [T] [thread 3531] [26.0] [cxt 0] Bytes parsed: 14
[15:14:41.737] [bmv2] [D] [thread 3531] [26.0] [cxt 0] Parser 'parser': end
[15:14:41.737] [bmv2] [D] [thread 3531] [26.0] [cxt 0] Pipeline 'ingress': start
[15:14:41.737] [bmv2] [T] [thread 3531] [26.0] [cxt 0] source_routing.p4(126) Condition "hdr.srcRoutes[0].isValid()" (node_2) is false
[15:14:41.737] [bmv2] [T] [thread 3531] [26.0] [cxt 0] Applying table 'tbl_drop'
[15:14:41.737] [bmv2] [D] [thread 3531] [26.0] [cxt 0] Looking up key:

[15:14:41.737] [bmv2] [D] [thread 3531] [26.0] [cxt 0] Table 'tbl_drop': miss
[15:14:41.737] [bmv2] [D] [thread 3531] [26.0] [cxt 0] Action entry is MyIngress.drop - 
[15:14:41.737] [bmv2] [T] [thread 3531] [26.0] [cxt 0] Action MyIngress.drop
[15:14:41.737] [bmv2] [T] [thread 3531] [26.0] [cxt 0] source_routing.p4(109) Primitive mark_to_drop(standard_metadata)
[15:14:41.737] [bmv2] [D] [thread 3531] [26.0] [cxt 0] Pipeline 'ingress': end
[15:14:41.737] [bmv2] [D] [thread 3531] [26.0] [cxt 0] Egress port is 511
[15:14:41.737] [bmv2] [D] [thread 3531] [26.0] [cxt 0] Dropping packet at the end of ingress
[15:14:43.785] [bmv2] [D] [thread 3531] [27.0] [cxt 0] Processing packet received on port 3
[15:14:43.785] [bmv2] [D] [thread 3531] [27.0] [cxt 0] Parser 'parser': start
[15:14:43.785] [bmv2] [D] [thread 3531] [27.0] [cxt 0] Parser 'parser' entering state 'start'
[15:14:43.785] [bmv2] [D] [thread 3531] [27.0] [cxt 0] Extracting header 'ethernet'
[15:14:43.785] [bmv2] [D] [thread 3531] [27.0] [cxt 0] Parser state 'start': key is 86dd
[15:14:43.785] [bmv2] [T] [thread 3531] [27.0] [cxt 0] Bytes parsed: 14
[15:14:43.785] [bmv2] [D] [thread 3531] [27.0] [cxt 0] Parser 'parser': end
[15:14:43.785] [bmv2] [D] [thread 3531] [27.0] [cxt 0] Pipeline 'ingress': start
[15:14:43.785] [bmv2] [T] [thread 3531] [27.0] [cxt 0] source_routing.p4(126) Condition "hdr.srcRoutes[0].isValid()" (node_2) is false
[15:14:43.785] [bmv2] [T] [thread 3531] [27.0] [cxt 0] Applying table 'tbl_drop'
[15:14:43.785] [bmv2] [D] [thread 3531] [27.0] [cxt 0] Looking up key:

[15:14:43.785] [bmv2] [D] [thread 3531] [27.0] [cxt 0] Table 'tbl_drop': miss
[15:14:43.785] [bmv2] [D] [thread 3531] [27.0] [cxt 0] Action entry is MyIngress.drop - 
[15:14:43.785] [bmv2] [T] [thread 3531] [27.0] [cxt 0] Action MyIngress.drop
[15:14:43.785] [bmv2] [T] [thread 3531] [27.0] [cxt 0] source_routing.p4(109) Primitive mark_to_drop(standard_metadata)
[15:14:43.785] [bmv2] [D] [thread 3531] [27.0] [cxt 0] Pipeline 'ingress': end
[15:14:43.785] [bmv2] [D] [thread 3531] [27.0] [cxt 0] Egress port is 511
[15:14:43.785] [bmv2] [D] [thread 3531] [27.0] [cxt 0] Dropping packet at the end of ingress
[15:14:45.979] [bmv2] [D] [thread 3531] [28.0] [cxt 0] Processing packet received on port 3
[15:14:45.979] [bmv2] [D] [thread 3531] [28.0] [cxt 0] Parser 'parser': start
[15:14:45.979] [bmv2] [D] [thread 3531] [28.0] [cxt 0] Parser 'parser' entering state 'start'
[15:14:45.979] [bmv2] [D] [thread 3531] [28.0] [cxt 0] Extracting header 'ethernet'
[15:14:45.979] [bmv2] [D] [thread 3531] [28.0] [cxt 0] Parser state 'start': key is 1234
[15:14:45.979] [bmv2] [T] [thread 3531] [28.0] [cxt 0] Bytes parsed: 14
[15:14:45.979] [bmv2] [D] [thread 3531] [28.0] [cxt 0] Parser 'parser' entering state 'parse_srcRouting'
[15:14:45.979] [bmv2] [D] [thread 3531] [28.0] [cxt 0] Extracting to header stack 0, next header is 4
[15:14:45.979] [bmv2] [D] [thread 3531] [28.0] [cxt 0] Parser state 'parse_srcRouting': key is 00
[15:14:45.979] [bmv2] [T] [thread 3531] [28.0] [cxt 0] Bytes parsed: 16
[15:14:45.979] [bmv2] [D] [thread 3531] [28.0] [cxt 0] Parser 'parser' entering state 'parse_srcRouting'
[15:14:45.979] [bmv2] [D] [thread 3531] [28.0] [cxt 0] Extracting to header stack 0, next header is 5
[15:14:45.979] [bmv2] [D] [thread 3531] [28.0] [cxt 0] Parser state 'parse_srcRouting': key is 00
[15:14:45.979] [bmv2] [T] [thread 3531] [28.0] [cxt 0] Bytes parsed: 18
[15:14:45.979] [bmv2] [D] [thread 3531] [28.0] [cxt 0] Parser 'parser' entering state 'parse_srcRouting'
[15:14:45.979] [bmv2] [D] [thread 3531] [28.0] [cxt 0] Extracting to header stack 0, next header is 6
[15:14:45.979] [bmv2] [D] [thread 3531] [28.0] [cxt 0] Parser state 'parse_srcRouting': key is 01
[15:14:45.979] [bmv2] [T] [thread 3531] [28.0] [cxt 0] Bytes parsed: 20
[15:14:45.979] [bmv2] [D] [thread 3531] [28.0] [cxt 0] Parser 'parser' entering state 'parse_ipv4'
[15:14:45.979] [bmv2] [D] [thread 3531] [28.0] [cxt 0] Extracting header 'ipv4'
[15:14:45.979] [bmv2] [D] [thread 3531] [28.0] [cxt 0] Parser state 'parse_ipv4' has no switch, going to default next state
[15:14:45.979] [bmv2] [T] [thread 3531] [28.0] [cxt 0] Bytes parsed: 40
[15:14:45.979] [bmv2] [D] [thread 3531] [28.0] [cxt 0] Parser 'parser': end
[15:14:45.979] [bmv2] [D] [thread 3531] [28.0] [cxt 0] Pipeline 'ingress': start
[15:14:45.979] [bmv2] [T] [thread 3531] [28.0] [cxt 0] source_routing.p4(126) Condition "hdr.srcRoutes[0].isValid()" (node_2) is true
[15:14:45.979] [bmv2] [T] [thread 3531] [28.0] [cxt 0] source_routing.p4(127) Condition "hdr.srcRoutes[0].bos == 1" (node_3) is false
[15:14:45.979] [bmv2] [T] [thread 3531] [28.0] [cxt 0] Applying table 'tbl_srcRoute_nhop'
[15:14:45.979] [bmv2] [D] [thread 3531] [28.0] [cxt 0] Looking up key:

[15:14:45.979] [bmv2] [D] [thread 3531] [28.0] [cxt 0] Table 'tbl_srcRoute_nhop': miss
[15:14:45.979] [bmv2] [D] [thread 3531] [28.0] [cxt 0] Action entry is MyIngress.srcRoute_nhop - 
[15:14:45.979] [bmv2] [T] [thread 3531] [28.0] [cxt 0] Action MyIngress.srcRoute_nhop
[15:14:45.979] [bmv2] [T] [thread 3531] [28.0] [cxt 0] source_routing.p4(113) Primitive standard_metadata.egress_spec = (bit<9>)hdr.srcRoutes[0].port
[15:14:45.979] [bmv2] [T] [thread 3531] [28.0] [cxt 0] source_routing.p4(114) Primitive hdr.srcRoutes.pop_front(1)
[15:14:45.979] [bmv2] [T] [thread 3531] [28.0] [cxt 0] source_routing.p4(131) Condition "hdr.ipv4.isValid()" (node_6) is true
[15:14:45.979] [bmv2] [T] [thread 3531] [28.0] [cxt 0] Applying table 'tbl_update_ttl'
[15:14:45.979] [bmv2] [D] [thread 3531] [28.0] [cxt 0] Looking up key:

[15:14:45.979] [bmv2] [D] [thread 3531] [28.0] [cxt 0] Table 'tbl_update_ttl': miss
[15:14:45.979] [bmv2] [D] [thread 3531] [28.0] [cxt 0] Action entry is MyIngress.update_ttl - 
[15:14:45.979] [bmv2] [T] [thread 3531] [28.0] [cxt 0] Action MyIngress.update_ttl
[15:14:45.979] [bmv2] [T] [thread 3531] [28.0] [cxt 0] source_routing.p4(122) Primitive hdr.ipv4.ttl = hdr.ipv4.ttl - 1
[15:14:45.979] [bmv2] [D] [thread 3531] [28.0] [cxt 0] Pipeline 'ingress': end
[15:14:45.979] [bmv2] [D] [thread 3531] [28.0] [cxt 0] Egress port is 2
[15:14:45.979] [bmv2] [D] [thread 3534] [28.0] [cxt 0] Pipeline 'egress': start
[15:14:45.979] [bmv2] [D] [thread 3534] [28.0] [cxt 0] Pipeline 'egress': end
[15:14:45.979] [bmv2] [D] [thread 3534] [28.0] [cxt 0] Deparser 'deparser': start
[15:14:45.979] [bmv2] [D] [thread 3534] [28.0] [cxt 0] Deparsing header 'ethernet'
[15:14:45.979] [bmv2] [D] [thread 3534] [28.0] [cxt 0] Deparsing header 'srcRoutes[0]'
[15:14:45.979] [bmv2] [D] [thread 3534] [28.0] [cxt 0] Deparsing header 'srcRoutes[1]'
[15:14:45.979] [bmv2] [D] [thread 3534] [28.0] [cxt 0] Deparsing header 'ipv4'
[15:14:45.979] [bmv2] [D] [thread 3534] [28.0] [cxt 0] Deparser 'deparser': end
[15:14:45.979] [bmv2] [D] [thread 3536] [28.0] [cxt 0] Transmitting packet of size 46 out of port 2
[15:15:06.313] [bmv2] [D] [thread 3531] [29.0] [cxt 0] Processing packet received on port 3
[15:15:06.313] [bmv2] [D] [thread 3531] [29.0] [cxt 0] Parser 'parser': start
[15:15:06.313] [bmv2] [D] [thread 3531] [29.0] [cxt 0] Parser 'parser' entering state 'start'
[15:15:06.313] [bmv2] [D] [thread 3531] [29.0] [cxt 0] Extracting header 'ethernet'
[15:15:06.313] [bmv2] [D] [thread 3531] [29.0] [cxt 0] Parser state 'start': key is 86dd
[15:15:06.313] [bmv2] [T] [thread 3531] [29.0] [cxt 0] Bytes parsed: 14
[15:15:06.313] [bmv2] [D] [thread 3531] [29.0] [cxt 0] Parser 'parser': end
[15:15:06.313] [bmv2] [D] [thread 3531] [29.0] [cxt 0] Pipeline 'ingress': start
[15:15:06.313] [bmv2] [T] [thread 3531] [29.0] [cxt 0] source_routing.p4(126) Condition "hdr.srcRoutes[0].isValid()" (node_2) is false
[15:15:06.313] [bmv2] [T] [thread 3531] [29.0] [cxt 0] Applying table 'tbl_drop'
[15:15:06.313] [bmv2] [D] [thread 3531] [29.0] [cxt 0] Looking up key:

[15:15:06.313] [bmv2] [D] [thread 3531] [29.0] [cxt 0] Table 'tbl_drop': miss
[15:15:06.313] [bmv2] [D] [thread 3531] [29.0] [cxt 0] Action entry is MyIngress.drop - 
[15:15:06.313] [bmv2] [T] [thread 3531] [29.0] [cxt 0] Action MyIngress.drop
[15:15:06.313] [bmv2] [T] [thread 3531] [29.0] [cxt 0] source_routing.p4(109) Primitive mark_to_drop(standard_metadata)
[15:15:06.313] [bmv2] [D] [thread 3531] [29.0] [cxt 0] Pipeline 'ingress': end
[15:15:06.313] [bmv2] [D] [thread 3531] [29.0] [cxt 0] Egress port is 511
[15:15:06.313] [bmv2] [D] [thread 3531] [29.0] [cxt 0] Dropping packet at the end of ingress
[15:15:12.458] [bmv2] [D] [thread 3531] [30.0] [cxt 0] Processing packet received on port 2
[15:15:12.458] [bmv2] [D] [thread 3531] [30.0] [cxt 0] Parser 'parser': start
[15:15:12.458] [bmv2] [D] [thread 3531] [30.0] [cxt 0] Parser 'parser' entering state 'start'
[15:15:12.458] [bmv2] [D] [thread 3531] [30.0] [cxt 0] Extracting header 'ethernet'
[15:15:12.458] [bmv2] [D] [thread 3531] [30.0] [cxt 0] Parser state 'start': key is 86dd
[15:15:12.458] [bmv2] [T] [thread 3531] [30.0] [cxt 0] Bytes parsed: 14
[15:15:12.458] [bmv2] [D] [thread 3531] [30.0] [cxt 0] Parser 'parser': end
[15:15:12.458] [bmv2] [D] [thread 3531] [30.0] [cxt 0] Pipeline 'ingress': start
[15:15:12.458] [bmv2] [T] [thread 3531] [30.0] [cxt 0] source_routing.p4(126) Condition "hdr.srcRoutes[0].isValid()" (node_2) is false
[15:15:12.458] [bmv2] [T] [thread 3531] [30.0] [cxt 0] Applying table 'tbl_drop'
[15:15:12.458] [bmv2] [D] [thread 3531] [30.0] [cxt 0] Looking up key:

[15:15:12.458] [bmv2] [D] [thread 3531] [30.0] [cxt 0] Table 'tbl_drop': miss
[15:15:12.458] [bmv2] [D] [thread 3531] [30.0] [cxt 0] Action entry is MyIngress.drop - 
[15:15:12.458] [bmv2] [T] [thread 3531] [30.0] [cxt 0] Action MyIngress.drop
[15:15:12.458] [bmv2] [T] [thread 3531] [30.0] [cxt 0] source_routing.p4(109) Primitive mark_to_drop(standard_metadata)
[15:15:12.458] [bmv2] [D] [thread 3531] [30.0] [cxt 0] Pipeline 'ingress': end
[15:15:12.458] [bmv2] [D] [thread 3531] [30.0] [cxt 0] Egress port is 511
[15:15:12.458] [bmv2] [D] [thread 3531] [30.0] [cxt 0] Dropping packet at the end of ingress
[15:15:12.458] [bmv2] [D] [thread 3531] [31.0] [cxt 0] Processing packet received on port 2
[15:15:12.458] [bmv2] [D] [thread 3531] [31.0] [cxt 0] Parser 'parser': start
[15:15:12.458] [bmv2] [D] [thread 3531] [31.0] [cxt 0] Parser 'parser' entering state 'start'
[15:15:12.458] [bmv2] [D] [thread 3531] [31.0] [cxt 0] Extracting header 'ethernet'
[15:15:12.458] [bmv2] [D] [thread 3531] [31.0] [cxt 0] Parser state 'start': key is 86dd
[15:15:12.458] [bmv2] [T] [thread 3531] [31.0] [cxt 0] Bytes parsed: 14
[15:15:12.458] [bmv2] [D] [thread 3531] [31.0] [cxt 0] Parser 'parser': end
[15:15:12.458] [bmv2] [D] [thread 3531] [31.0] [cxt 0] Pipeline 'ingress': start
[15:15:12.458] [bmv2] [T] [thread 3531] [31.0] [cxt 0] source_routing.p4(126) Condition "hdr.srcRoutes[0].isValid()" (node_2) is false
[15:15:12.458] [bmv2] [T] [thread 3531] [31.0] [cxt 0] Applying table 'tbl_drop'
[15:15:12.458] [bmv2] [D] [thread 3531] [31.0] [cxt 0] Looking up key:

[15:15:12.459] [bmv2] [D] [thread 3531] [31.0] [cxt 0] Table 'tbl_drop': miss
[15:15:12.459] [bmv2] [D] [thread 3531] [31.0] [cxt 0] Action entry is MyIngress.drop - 
[15:15:12.459] [bmv2] [T] [thread 3531] [31.0] [cxt 0] Action MyIngress.drop
[15:15:12.459] [bmv2] [T] [thread 3531] [31.0] [cxt 0] source_routing.p4(109) Primitive mark_to_drop(standard_metadata)
[15:15:12.459] [bmv2] [D] [thread 3531] [31.0] [cxt 0] Pipeline 'ingress': end
[15:15:12.459] [bmv2] [D] [thread 3531] [31.0] [cxt 0] Egress port is 511
[15:15:12.459] [bmv2] [D] [thread 3531] [31.0] [cxt 0] Dropping packet at the end of ingress
[15:15:16.553] [bmv2] [D] [thread 3531] [32.0] [cxt 0] Processing packet received on port 1
[15:15:16.553] [bmv2] [D] [thread 3531] [32.0] [cxt 0] Parser 'parser': start
[15:15:16.553] [bmv2] [D] [thread 3531] [32.0] [cxt 0] Parser 'parser' entering state 'start'
[15:15:16.553] [bmv2] [D] [thread 3531] [32.0] [cxt 0] Extracting header 'ethernet'
[15:15:16.553] [bmv2] [D] [thread 3531] [32.0] [cxt 0] Parser state 'start': key is 86dd
[15:15:16.553] [bmv2] [T] [thread 3531] [32.0] [cxt 0] Bytes parsed: 14
[15:15:16.553] [bmv2] [D] [thread 3531] [32.0] [cxt 0] Parser 'parser': end
[15:15:16.553] [bmv2] [D] [thread 3531] [32.0] [cxt 0] Pipeline 'ingress': start
[15:15:16.553] [bmv2] [T] [thread 3531] [32.0] [cxt 0] source_routing.p4(126) Condition "hdr.srcRoutes[0].isValid()" (node_2) is false
[15:15:16.553] [bmv2] [T] [thread 3531] [32.0] [cxt 0] Applying table 'tbl_drop'
[15:15:16.553] [bmv2] [D] [thread 3531] [32.0] [cxt 0] Looking up key:

[15:15:16.553] [bmv2] [D] [thread 3531] [32.0] [cxt 0] Table 'tbl_drop': miss
[15:15:16.553] [bmv2] [D] [thread 3531] [32.0] [cxt 0] Action entry is MyIngress.drop - 
[15:15:16.553] [bmv2] [T] [thread 3531] [32.0] [cxt 0] Action MyIngress.drop
[15:15:16.553] [bmv2] [T] [thread 3531] [32.0] [cxt 0] source_routing.p4(109) Primitive mark_to_drop(standard_metadata)
[15:15:16.553] [bmv2] [D] [thread 3531] [32.0] [cxt 0] Pipeline 'ingress': end
[15:15:16.553] [bmv2] [D] [thread 3531] [32.0] [cxt 0] Egress port is 511
[15:15:16.553] [bmv2] [D] [thread 3531] [32.0] [cxt 0] Dropping packet at the end of ingress
[15:15:18.601] [bmv2] [D] [thread 3531] [33.0] [cxt 0] Processing packet received on port 3
[15:15:18.601] [bmv2] [D] [thread 3531] [33.0] [cxt 0] Parser 'parser': start
[15:15:18.601] [bmv2] [D] [thread 3531] [33.0] [cxt 0] Parser 'parser' entering state 'start'
[15:15:18.601] [bmv2] [D] [thread 3531] [33.0] [cxt 0] Extracting header 'ethernet'
[15:15:18.601] [bmv2] [D] [thread 3531] [33.0] [cxt 0] Parser state 'start': key is 86dd
[15:15:18.601] [bmv2] [T] [thread 3531] [33.0] [cxt 0] Bytes parsed: 14
[15:15:18.601] [bmv2] [D] [thread 3531] [33.0] [cxt 0] Parser 'parser': end
[15:15:18.601] [bmv2] [D] [thread 3531] [33.0] [cxt 0] Pipeline 'ingress': start
[15:15:18.601] [bmv2] [T] [thread 3531] [33.0] [cxt 0] source_routing.p4(126) Condition "hdr.srcRoutes[0].isValid()" (node_2) is false
[15:15:18.601] [bmv2] [T] [thread 3531] [33.0] [cxt 0] Applying table 'tbl_drop'
[15:15:18.601] [bmv2] [D] [thread 3531] [33.0] [cxt 0] Looking up key:

[15:15:18.601] [bmv2] [D] [thread 3531] [33.0] [cxt 0] Table 'tbl_drop': miss
[15:15:18.601] [bmv2] [D] [thread 3531] [33.0] [cxt 0] Action entry is MyIngress.drop - 
[15:15:18.601] [bmv2] [T] [thread 3531] [33.0] [cxt 0] Action MyIngress.drop
[15:15:18.601] [bmv2] [T] [thread 3531] [33.0] [cxt 0] source_routing.p4(109) Primitive mark_to_drop(standard_metadata)
[15:15:18.601] [bmv2] [D] [thread 3531] [33.0] [cxt 0] Pipeline 'ingress': end
[15:15:18.601] [bmv2] [D] [thread 3531] [33.0] [cxt 0] Egress port is 511
[15:15:18.601] [bmv2] [D] [thread 3531] [33.0] [cxt 0] Dropping packet at the end of ingress
[15:16:05.705] [bmv2] [D] [thread 3531] [34.0] [cxt 0] Processing packet received on port 3
[15:16:05.705] [bmv2] [D] [thread 3531] [34.0] [cxt 0] Parser 'parser': start
[15:16:05.705] [bmv2] [D] [thread 3531] [34.0] [cxt 0] Parser 'parser' entering state 'start'
[15:16:05.705] [bmv2] [D] [thread 3531] [34.0] [cxt 0] Extracting header 'ethernet'
[15:16:05.705] [bmv2] [D] [thread 3531] [34.0] [cxt 0] Parser state 'start': key is 86dd
[15:16:05.705] [bmv2] [T] [thread 3531] [34.0] [cxt 0] Bytes parsed: 14
[15:16:05.705] [bmv2] [D] [thread 3531] [34.0] [cxt 0] Parser 'parser': end
[15:16:05.705] [bmv2] [D] [thread 3531] [34.0] [cxt 0] Pipeline 'ingress': start
[15:16:05.705] [bmv2] [T] [thread 3531] [34.0] [cxt 0] source_routing.p4(126) Condition "hdr.srcRoutes[0].isValid()" (node_2) is false
[15:16:05.705] [bmv2] [T] [thread 3531] [34.0] [cxt 0] Applying table 'tbl_drop'
[15:16:05.705] [bmv2] [D] [thread 3531] [34.0] [cxt 0] Looking up key:

[15:16:05.705] [bmv2] [D] [thread 3531] [34.0] [cxt 0] Table 'tbl_drop': miss
[15:16:05.705] [bmv2] [D] [thread 3531] [34.0] [cxt 0] Action entry is MyIngress.drop - 
[15:16:05.705] [bmv2] [T] [thread 3531] [34.0] [cxt 0] Action MyIngress.drop
[15:16:05.705] [bmv2] [T] [thread 3531] [34.0] [cxt 0] source_routing.p4(109) Primitive mark_to_drop(standard_metadata)
[15:16:05.705] [bmv2] [D] [thread 3531] [34.0] [cxt 0] Pipeline 'ingress': end
[15:16:05.705] [bmv2] [D] [thread 3531] [34.0] [cxt 0] Egress port is 511
[15:16:05.705] [bmv2] [D] [thread 3531] [34.0] [cxt 0] Dropping packet at the end of ingress
[15:16:13.897] [bmv2] [D] [thread 3531] [35.0] [cxt 0] Processing packet received on port 2
[15:16:13.897] [bmv2] [D] [thread 3531] [35.0] [cxt 0] Parser 'parser': start
[15:16:13.897] [bmv2] [D] [thread 3531] [35.0] [cxt 0] Parser 'parser' entering state 'start'
[15:16:13.897] [bmv2] [D] [thread 3531] [35.0] [cxt 0] Extracting header 'ethernet'
[15:16:13.897] [bmv2] [D] [thread 3531] [35.0] [cxt 0] Parser state 'start': key is 86dd
[15:16:13.897] [bmv2] [T] [thread 3531] [35.0] [cxt 0] Bytes parsed: 14
[15:16:13.897] [bmv2] [D] [thread 3531] [35.0] [cxt 0] Parser 'parser': end
[15:16:13.897] [bmv2] [D] [thread 3531] [35.0] [cxt 0] Pipeline 'ingress': start
[15:16:13.897] [bmv2] [T] [thread 3531] [35.0] [cxt 0] source_routing.p4(126) Condition "hdr.srcRoutes[0].isValid()" (node_2) is false
[15:16:13.897] [bmv2] [T] [thread 3531] [35.0] [cxt 0] Applying table 'tbl_drop'
[15:16:13.897] [bmv2] [D] [thread 3531] [35.0] [cxt 0] Looking up key:

[15:16:13.897] [bmv2] [D] [thread 3531] [35.0] [cxt 0] Table 'tbl_drop': miss
[15:16:13.897] [bmv2] [D] [thread 3531] [35.0] [cxt 0] Action entry is MyIngress.drop - 
[15:16:13.897] [bmv2] [T] [thread 3531] [35.0] [cxt 0] Action MyIngress.drop
[15:16:13.897] [bmv2] [T] [thread 3531] [35.0] [cxt 0] source_routing.p4(109) Primitive mark_to_drop(standard_metadata)
[15:16:13.897] [bmv2] [D] [thread 3531] [35.0] [cxt 0] Pipeline 'ingress': end
[15:16:13.897] [bmv2] [D] [thread 3531] [35.0] [cxt 0] Egress port is 511
[15:16:13.897] [bmv2] [D] [thread 3531] [35.0] [cxt 0] Dropping packet at the end of ingress
[15:16:17.993] [bmv2] [D] [thread 3531] [36.0] [cxt 0] Processing packet received on port 2
[15:16:17.993] [bmv2] [D] [thread 3531] [36.0] [cxt 0] Parser 'parser': start
[15:16:17.993] [bmv2] [D] [thread 3531] [36.0] [cxt 0] Parser 'parser' entering state 'start'
[15:16:17.993] [bmv2] [D] [thread 3531] [36.0] [cxt 0] Extracting header 'ethernet'
[15:16:17.993] [bmv2] [D] [thread 3531] [36.0] [cxt 0] Parser state 'start': key is 86dd
[15:16:17.993] [bmv2] [T] [thread 3531] [36.0] [cxt 0] Bytes parsed: 14
[15:16:17.993] [bmv2] [D] [thread 3531] [36.0] [cxt 0] Parser 'parser': end
[15:16:17.993] [bmv2] [D] [thread 3531] [36.0] [cxt 0] Pipeline 'ingress': start
[15:16:17.993] [bmv2] [T] [thread 3531] [36.0] [cxt 0] source_routing.p4(126) Condition "hdr.srcRoutes[0].isValid()" (node_2) is false
[15:16:17.993] [bmv2] [T] [thread 3531] [36.0] [cxt 0] Applying table 'tbl_drop'
[15:16:17.993] [bmv2] [D] [thread 3531] [36.0] [cxt 0] Looking up key:

[15:16:17.993] [bmv2] [D] [thread 3531] [36.0] [cxt 0] Table 'tbl_drop': miss
[15:16:17.993] [bmv2] [D] [thread 3531] [36.0] [cxt 0] Action entry is MyIngress.drop - 
[15:16:17.993] [bmv2] [T] [thread 3531] [36.0] [cxt 0] Action MyIngress.drop
[15:16:17.993] [bmv2] [T] [thread 3531] [36.0] [cxt 0] source_routing.p4(109) Primitive mark_to_drop(standard_metadata)
[15:16:17.993] [bmv2] [D] [thread 3531] [36.0] [cxt 0] Pipeline 'ingress': end
[15:16:17.993] [bmv2] [D] [thread 3531] [36.0] [cxt 0] Egress port is 511
[15:16:17.993] [bmv2] [D] [thread 3531] [36.0] [cxt 0] Dropping packet at the end of ingress
[15:16:26.185] [bmv2] [D] [thread 3531] [37.0] [cxt 0] Processing packet received on port 3
[15:16:26.185] [bmv2] [D] [thread 3531] [37.0] [cxt 0] Parser 'parser': start
[15:16:26.185] [bmv2] [D] [thread 3531] [37.0] [cxt 0] Parser 'parser' entering state 'start'
[15:16:26.185] [bmv2] [D] [thread 3531] [37.0] [cxt 0] Extracting header 'ethernet'
[15:16:26.185] [bmv2] [D] [thread 3531] [37.0] [cxt 0] Parser state 'start': key is 86dd
[15:16:26.185] [bmv2] [T] [thread 3531] [37.0] [cxt 0] Bytes parsed: 14
[15:16:26.185] [bmv2] [D] [thread 3531] [37.0] [cxt 0] Parser 'parser': end
[15:16:26.185] [bmv2] [D] [thread 3531] [37.0] [cxt 0] Pipeline 'ingress': start
[15:16:26.185] [bmv2] [T] [thread 3531] [37.0] [cxt 0] source_routing.p4(126) Condition "hdr.srcRoutes[0].isValid()" (node_2) is false
[15:16:26.185] [bmv2] [T] [thread 3531] [37.0] [cxt 0] Applying table 'tbl_drop'
[15:16:26.185] [bmv2] [D] [thread 3531] [37.0] [cxt 0] Looking up key:

[15:16:26.185] [bmv2] [D] [thread 3531] [37.0] [cxt 0] Table 'tbl_drop': miss
[15:16:26.185] [bmv2] [D] [thread 3531] [37.0] [cxt 0] Action entry is MyIngress.drop - 
[15:16:26.185] [bmv2] [T] [thread 3531] [37.0] [cxt 0] Action MyIngress.drop
[15:16:26.185] [bmv2] [T] [thread 3531] [37.0] [cxt 0] source_routing.p4(109) Primitive mark_to_drop(standard_metadata)
[15:16:26.185] [bmv2] [D] [thread 3531] [37.0] [cxt 0] Pipeline 'ingress': end
[15:16:26.185] [bmv2] [D] [thread 3531] [37.0] [cxt 0] Egress port is 511
[15:16:26.185] [bmv2] [D] [thread 3531] [37.0] [cxt 0] Dropping packet at the end of ingress
[15:16:30.281] [bmv2] [D] [thread 3531] [38.0] [cxt 0] Processing packet received on port 1
[15:16:30.281] [bmv2] [D] [thread 3531] [38.0] [cxt 0] Parser 'parser': start
[15:16:30.281] [bmv2] [D] [thread 3531] [38.0] [cxt 0] Parser 'parser' entering state 'start'
[15:16:30.281] [bmv2] [D] [thread 3531] [38.0] [cxt 0] Extracting header 'ethernet'
[15:16:30.281] [bmv2] [D] [thread 3531] [38.0] [cxt 0] Parser state 'start': key is 86dd
[15:16:30.281] [bmv2] [T] [thread 3531] [38.0] [cxt 0] Bytes parsed: 14
[15:16:30.281] [bmv2] [D] [thread 3531] [38.0] [cxt 0] Parser 'parser': end
[15:16:30.281] [bmv2] [D] [thread 3531] [38.0] [cxt 0] Pipeline 'ingress': start
[15:16:30.281] [bmv2] [T] [thread 3531] [38.0] [cxt 0] source_routing.p4(126) Condition "hdr.srcRoutes[0].isValid()" (node_2) is false
[15:16:30.281] [bmv2] [T] [thread 3531] [38.0] [cxt 0] Applying table 'tbl_drop'
[15:16:30.281] [bmv2] [D] [thread 3531] [38.0] [cxt 0] Looking up key:

[15:16:30.281] [bmv2] [D] [thread 3531] [38.0] [cxt 0] Table 'tbl_drop': miss
[15:16:30.281] [bmv2] [D] [thread 3531] [38.0] [cxt 0] Action entry is MyIngress.drop - 
[15:16:30.281] [bmv2] [T] [thread 3531] [38.0] [cxt 0] Action MyIngress.drop
[15:16:30.281] [bmv2] [T] [thread 3531] [38.0] [cxt 0] source_routing.p4(109) Primitive mark_to_drop(standard_metadata)
[15:16:30.281] [bmv2] [D] [thread 3531] [38.0] [cxt 0] Pipeline 'ingress': end
[15:16:30.281] [bmv2] [D] [thread 3531] [38.0] [cxt 0] Egress port is 511
[15:16:30.281] [bmv2] [D] [thread 3531] [38.0] [cxt 0] Dropping packet at the end of ingress
[15:17:56.297] [bmv2] [D] [thread 3531] [39.0] [cxt 0] Processing packet received on port 3
[15:17:56.297] [bmv2] [D] [thread 3531] [39.0] [cxt 0] Parser 'parser': start
[15:17:56.297] [bmv2] [D] [thread 3531] [39.0] [cxt 0] Parser 'parser' entering state 'start'
[15:17:56.297] [bmv2] [D] [thread 3531] [39.0] [cxt 0] Extracting header 'ethernet'
[15:17:56.297] [bmv2] [D] [thread 3531] [39.0] [cxt 0] Parser state 'start': key is 86dd
[15:17:56.297] [bmv2] [T] [thread 3531] [39.0] [cxt 0] Bytes parsed: 14
[15:17:56.297] [bmv2] [D] [thread 3531] [39.0] [cxt 0] Parser 'parser': end
[15:17:56.297] [bmv2] [D] [thread 3531] [39.0] [cxt 0] Pipeline 'ingress': start
[15:17:56.297] [bmv2] [T] [thread 3531] [39.0] [cxt 0] source_routing.p4(126) Condition "hdr.srcRoutes[0].isValid()" (node_2) is false
[15:17:56.297] [bmv2] [T] [thread 3531] [39.0] [cxt 0] Applying table 'tbl_drop'
[15:17:56.297] [bmv2] [D] [thread 3531] [39.0] [cxt 0] Looking up key:

[15:17:56.297] [bmv2] [D] [thread 3531] [39.0] [cxt 0] Table 'tbl_drop': miss
[15:17:56.297] [bmv2] [D] [thread 3531] [39.0] [cxt 0] Action entry is MyIngress.drop - 
[15:17:56.297] [bmv2] [T] [thread 3531] [39.0] [cxt 0] Action MyIngress.drop
[15:17:56.297] [bmv2] [T] [thread 3531] [39.0] [cxt 0] source_routing.p4(109) Primitive mark_to_drop(standard_metadata)
[15:17:56.297] [bmv2] [D] [thread 3531] [39.0] [cxt 0] Pipeline 'ingress': end
[15:17:56.297] [bmv2] [D] [thread 3531] [39.0] [cxt 0] Egress port is 511
[15:17:56.297] [bmv2] [D] [thread 3531] [39.0] [cxt 0] Dropping packet at the end of ingress
[15:18:22.921] [bmv2] [D] [thread 3531] [40.0] [cxt 0] Processing packet received on port 2
[15:18:22.921] [bmv2] [D] [thread 3531] [40.0] [cxt 0] Parser 'parser': start
[15:18:22.921] [bmv2] [D] [thread 3531] [40.0] [cxt 0] Parser 'parser' entering state 'start'
[15:18:22.921] [bmv2] [D] [thread 3531] [40.0] [cxt 0] Extracting header 'ethernet'
[15:18:22.921] [bmv2] [D] [thread 3531] [40.0] [cxt 0] Parser state 'start': key is 86dd
[15:18:22.921] [bmv2] [T] [thread 3531] [40.0] [cxt 0] Bytes parsed: 14
[15:18:22.921] [bmv2] [D] [thread 3531] [40.0] [cxt 0] Parser 'parser': end
[15:18:22.921] [bmv2] [D] [thread 3531] [40.0] [cxt 0] Pipeline 'ingress': start
[15:18:22.921] [bmv2] [T] [thread 3531] [40.0] [cxt 0] source_routing.p4(126) Condition "hdr.srcRoutes[0].isValid()" (node_2) is false
[15:18:22.921] [bmv2] [T] [thread 3531] [40.0] [cxt 0] Applying table 'tbl_drop'
[15:18:22.921] [bmv2] [D] [thread 3531] [40.0] [cxt 0] Looking up key:

[15:18:22.921] [bmv2] [D] [thread 3531] [40.0] [cxt 0] Table 'tbl_drop': miss
[15:18:22.921] [bmv2] [D] [thread 3531] [40.0] [cxt 0] Action entry is MyIngress.drop - 
[15:18:22.921] [bmv2] [T] [thread 3531] [40.0] [cxt 0] Action MyIngress.drop
[15:18:22.921] [bmv2] [T] [thread 3531] [40.0] [cxt 0] source_routing.p4(109) Primitive mark_to_drop(standard_metadata)
[15:18:22.921] [bmv2] [D] [thread 3531] [40.0] [cxt 0] Pipeline 'ingress': end
[15:18:22.921] [bmv2] [D] [thread 3531] [40.0] [cxt 0] Egress port is 511
[15:18:22.921] [bmv2] [D] [thread 3531] [40.0] [cxt 0] Dropping packet at the end of ingress
[15:18:27.017] [bmv2] [D] [thread 3531] [41.0] [cxt 0] Processing packet received on port 2
[15:18:27.017] [bmv2] [D] [thread 3531] [41.0] [cxt 0] Parser 'parser': start
[15:18:27.017] [bmv2] [D] [thread 3531] [41.0] [cxt 0] Parser 'parser' entering state 'start'
[15:18:27.017] [bmv2] [D] [thread 3531] [41.0] [cxt 0] Extracting header 'ethernet'
[15:18:27.017] [bmv2] [D] [thread 3531] [41.0] [cxt 0] Parser state 'start': key is 86dd
[15:18:27.017] [bmv2] [T] [thread 3531] [41.0] [cxt 0] Bytes parsed: 14
[15:18:27.017] [bmv2] [D] [thread 3531] [41.0] [cxt 0] Parser 'parser': end
[15:18:27.017] [bmv2] [D] [thread 3531] [41.0] [cxt 0] Pipeline 'ingress': start
[15:18:27.017] [bmv2] [T] [thread 3531] [41.0] [cxt 0] source_routing.p4(126) Condition "hdr.srcRoutes[0].isValid()" (node_2) is false
[15:18:27.017] [bmv2] [T] [thread 3531] [41.0] [cxt 0] Applying table 'tbl_drop'
[15:18:27.017] [bmv2] [D] [thread 3531] [41.0] [cxt 0] Looking up key:

[15:18:27.017] [bmv2] [D] [thread 3531] [41.0] [cxt 0] Table 'tbl_drop': miss
[15:18:27.017] [bmv2] [D] [thread 3531] [41.0] [cxt 0] Action entry is MyIngress.drop - 
[15:18:27.017] [bmv2] [T] [thread 3531] [41.0] [cxt 0] Action MyIngress.drop
[15:18:27.017] [bmv2] [T] [thread 3531] [41.0] [cxt 0] source_routing.p4(109) Primitive mark_to_drop(standard_metadata)
[15:18:27.017] [bmv2] [D] [thread 3531] [41.0] [cxt 0] Pipeline 'ingress': end
[15:18:27.017] [bmv2] [D] [thread 3531] [41.0] [cxt 0] Egress port is 511
[15:18:27.017] [bmv2] [D] [thread 3531] [41.0] [cxt 0] Dropping packet at the end of ingress
[15:18:35.209] [bmv2] [D] [thread 3531] [42.0] [cxt 0] Processing packet received on port 3
[15:18:35.209] [bmv2] [D] [thread 3531] [42.0] [cxt 0] Parser 'parser': start
[15:18:35.209] [bmv2] [D] [thread 3531] [42.0] [cxt 0] Parser 'parser' entering state 'start'
[15:18:35.209] [bmv2] [D] [thread 3531] [42.0] [cxt 0] Extracting header 'ethernet'
[15:18:35.209] [bmv2] [D] [thread 3531] [42.0] [cxt 0] Parser state 'start': key is 86dd
[15:18:35.209] [bmv2] [T] [thread 3531] [42.0] [cxt 0] Bytes parsed: 14
[15:18:35.209] [bmv2] [D] [thread 3531] [42.0] [cxt 0] Parser 'parser': end
[15:18:35.209] [bmv2] [D] [thread 3531] [42.0] [cxt 0] Pipeline 'ingress': start
[15:18:35.209] [bmv2] [T] [thread 3531] [42.0] [cxt 0] source_routing.p4(126) Condition "hdr.srcRoutes[0].isValid()" (node_2) is false
[15:18:35.209] [bmv2] [T] [thread 3531] [42.0] [cxt 0] Applying table 'tbl_drop'
[15:18:35.209] [bmv2] [D] [thread 3531] [42.0] [cxt 0] Looking up key:

[15:18:35.209] [bmv2] [D] [thread 3531] [42.0] [cxt 0] Table 'tbl_drop': miss
[15:18:35.209] [bmv2] [D] [thread 3531] [42.0] [cxt 0] Action entry is MyIngress.drop - 
[15:18:35.209] [bmv2] [T] [thread 3531] [42.0] [cxt 0] Action MyIngress.drop
[15:18:35.209] [bmv2] [T] [thread 3531] [42.0] [cxt 0] source_routing.p4(109) Primitive mark_to_drop(standard_metadata)
[15:18:35.209] [bmv2] [D] [thread 3531] [42.0] [cxt 0] Pipeline 'ingress': end
[15:18:35.209] [bmv2] [D] [thread 3531] [42.0] [cxt 0] Egress port is 511
[15:18:35.209] [bmv2] [D] [thread 3531] [42.0] [cxt 0] Dropping packet at the end of ingress
open: No such file or directory
open: No such file or directory
open: No such file or directory
